[0.873s] Invoking command in '/home/mmliu/Documents/cmu/16450-Capstone/frisbee-software/build/fb_collector': CONDA_PROMPT_MODIFIER=(frisbee_env) PYTHONPATH=/home/mmliu/Documents/cmu/16450-Capstone/frisbee-software/build/fb_collector/prefix_override:/home/mmliu/miniconda3/envs/frisbee_env/lib/python3.10/site-packages/colcon_core/task/python/colcon_distutils_commands:/home/mmliu/Documents/cmu/16450-Capstone/frisbee-software/install/fb_collector/lib/python3.10/site-packages:${PYTHONPATH} /home/mmliu/miniconda3/envs/frisbee_env/bin/python3.10 -W ignore:setup.py install is deprecated -W ignore:easy_install command is deprecated setup.py develop --editable --build-directory /home/mmliu/Documents/cmu/16450-Capstone/frisbee-software/build/fb_collector/build --no-deps symlink_data
[1.040s] running develop
[1.137s] running egg_info
[1.151s] creating fb_collector.egg-info
[1.151s] writing fb_collector.egg-info/PKG-INFO
[1.151s] writing dependency_links to fb_collector.egg-info/dependency_links.txt
[1.151s] writing entry points to fb_collector.egg-info/entry_points.txt
[1.151s] writing requirements to fb_collector.egg-info/requires.txt
[1.151s] writing top-level names to fb_collector.egg-info/top_level.txt
[1.151s] writing manifest file 'fb_collector.egg-info/SOURCES.txt'
[1.165s] reading manifest file 'fb_collector.egg-info/SOURCES.txt'
[1.166s] writing manifest file 'fb_collector.egg-info/SOURCES.txt'
[1.176s] running build_ext
[1.176s] Creating /home/mmliu/Documents/cmu/16450-Capstone/frisbee-software/install/fb_collector/lib/python3.10/site-packages/fb-collector.egg-link (link to .)
[1.177s] Installing collector_node script to /home/mmliu/Documents/cmu/16450-Capstone/frisbee-software/install/fb_collector/lib/fb_collector
[1.177s] 
[1.177s] Installed /home/mmliu/Documents/cmu/16450-Capstone/frisbee-software/build/fb_collector
[1.177s] running symlink_data
[1.177s] creating /home/mmliu/Documents/cmu/16450-Capstone/frisbee-software/install/fb_collector/share/ament_index/resource_index/packages
[1.177s] symbolically linking /home/mmliu/Documents/cmu/16450-Capstone/frisbee-software/build/fb_collector/resource/fb_collector -> /home/mmliu/Documents/cmu/16450-Capstone/frisbee-software/install/fb_collector/share/ament_index/resource_index/packages
[1.177s] symbolically linking /home/mmliu/Documents/cmu/16450-Capstone/frisbee-software/build/fb_collector/package.xml -> /home/mmliu/Documents/cmu/16450-Capstone/frisbee-software/install/fb_collector/share/fb_collector
[1.217s] Invoked command in '/home/mmliu/Documents/cmu/16450-Capstone/frisbee-software/build/fb_collector' returned '0': CONDA_PROMPT_MODIFIER=(frisbee_env) PYTHONPATH=/home/mmliu/Documents/cmu/16450-Capstone/frisbee-software/build/fb_collector/prefix_override:/home/mmliu/miniconda3/envs/frisbee_env/lib/python3.10/site-packages/colcon_core/task/python/colcon_distutils_commands:/home/mmliu/Documents/cmu/16450-Capstone/frisbee-software/install/fb_collector/lib/python3.10/site-packages:${PYTHONPATH} /home/mmliu/miniconda3/envs/frisbee_env/bin/python3.10 -W ignore:setup.py install is deprecated -W ignore:easy_install command is deprecated setup.py develop --editable --build-directory /home/mmliu/Documents/cmu/16450-Capstone/frisbee-software/build/fb_collector/build --no-deps symlink_data
