[0.202s] Invoking command in '/ros2_ws/build/fb_bringup': PYTHONPATH=/ros2_ws/build/fb_bringup/prefix_override:/usr/lib/python3/dist-packages/colcon_core/task/python/colcon_distutils_commands:/ros2_ws/install/fb_bringup/lib/python3.10/site-packages:${PYTHONPATH} /usr/bin/python3 -W ignore:setup.py install is deprecated -W ignore:easy_install command is deprecated setup.py develop --editable --build-directory /ros2_ws/build/fb_bringup/build --no-deps symlink_data
[0.281s] running develop
[0.307s] running egg_info
[0.307s] creating fb_bringup.egg-info
[0.307s] writing fb_bringup.egg-info/PKG-INFO
[0.307s] writing dependency_links to fb_bringup.egg-info/dependency_links.txt
[0.308s] writing entry points to fb_bringup.egg-info/entry_points.txt
[0.308s] writing requirements to fb_bringup.egg-info/requires.txt
[0.308s] writing top-level names to fb_bringup.egg-info/top_level.txt
[0.308s] writing manifest file 'fb_bringup.egg-info/SOURCES.txt'
[0.308s] reading manifest file 'fb_bringup.egg-info/SOURCES.txt'
[0.308s] writing manifest file 'fb_bringup.egg-info/SOURCES.txt'
[0.309s] running build_ext
[0.309s] Creating /ros2_ws/install/fb_bringup/lib/python3.10/site-packages/fb-bringup.egg-link (link to .)
[0.309s] Installing arduino_bridge script to /ros2_ws/install/fb_bringup/lib/fb_bringup
[0.309s] 
[0.309s] Installed /ros2_ws/build/fb_bringup
[0.309s] running symlink_data
[0.309s] creating /ros2_ws/install/fb_bringup/share/ament_index
[0.309s] creating /ros2_ws/install/fb_bringup/share/ament_index/resource_index
[0.309s] creating /ros2_ws/install/fb_bringup/share/ament_index/resource_index/packages
[0.309s] symbolically linking /ros2_ws/build/fb_bringup/resource/fb_bringup -> /ros2_ws/install/fb_bringup/share/ament_index/resource_index/packages
[0.309s] symbolically linking /ros2_ws/build/fb_bringup/package.xml -> /ros2_ws/install/fb_bringup/share/fb_bringup
[0.309s] creating /ros2_ws/install/fb_bringup/share/fb_bringup/launch
[0.309s] symbolically linking /ros2_ws/build/fb_bringup/fb_bringup/launch/arduino_bridge.launch.py -> /ros2_ws/install/fb_bringup/share/fb_bringup/launch
[0.309s] symbolically linking /ros2_ws/build/fb_bringup/fb_bringup/launch/cameras.launch.py -> /ros2_ws/install/fb_bringup/share/fb_bringup/launch
[0.320s] Invoked command in '/ros2_ws/build/fb_bringup' returned '0': PYTHONPATH=/ros2_ws/build/fb_bringup/prefix_override:/usr/lib/python3/dist-packages/colcon_core/task/python/colcon_distutils_commands:/ros2_ws/install/fb_bringup/lib/python3.10/site-packages:${PYTHONPATH} /usr/bin/python3 -W ignore:setup.py install is deprecated -W ignore:easy_install command is deprecated setup.py develop --editable --build-directory /ros2_ws/build/fb_bringup/build --no-deps symlink_data
