Traceback (most recent call last):
  File "/ros2_ws/build/fb_drivers/setup.py", line 1, in <module>
    from setuptools import setup
  File "/usr/lib/python3/dist-packages/setuptools/__init__.py", line 16, in <module>
    import setuptools.version
  File "/usr/lib/python3/dist-packages/setuptools/version.py", line 1, in <module>
    import pkg_resources
  File "/usr/lib/python3/dist-packages/pkg_resources/__init__.py", line 33, in <module>
    import email.parser
  File "/usr/lib/python3.10/email/parser.py", line 12, in <module>
    from email.feedparser import FeedParser, BytesFeedParser
  File "/usr/lib/python3.10/email/feedparser.py", line 31, in <module>
    NLCRE = re.compile(r'\r\n|\r|\n')
  File "/usr/lib/python3.10/re.py", line 251, in compile
    return _compile(pattern, flags)
  File "/usr/lib/python3.10/re.py", line 303, in _compile
    p = sre_compile.compile(pattern, flags)
  File "/usr/lib/python3.10/sre_compile.py", line 792, in compile
    code = _code(p, flags)
  File "/usr/lib/python3.10/sre_compile.py", line 628, in _code
    _compile_info(code, p, flags)
  File "/usr/lib/python3.10/sre_compile.py", line 564, in _compile_info
    lo, hi = pattern.getwidth()
  File "/usr/lib/python3.10/sre_parse.py", line 186, in getwidth
    i = min(i, l)
KeyboardInterrupt
