[-1773002279189949696.000s] DEBUG:colcon:Command line arguments: ['/home/mmliu/miniconda3/bin/colcon', 'build', '--packages-select', 'fb_collector', '--symlink-install']
[-1773002279189949696.000s] DEBUG:colcon:Parsed command line arguments: Namespace(log_base=None, log_level=None, verb_name='build', build_base='build', install_base='install', merge_install=False, symlink_install=True, test_result_base=None, continue_on_error=False, executor='parallel', parallel_workers=24, event_handlers=None, ignore_user_meta=False, metas=['./colcon.meta'], base_paths=['.'], packages_ignore=None, packages_ignore_regex=None, paths=None, packages_up_to=None, packages_up_to_regex=None, packages_above=None, packages_above_and_dependencies=None, packages_above_depth=None, packages_select_by_dep=None, packages_skip_by_dep=None, packages_skip_up_to=None, packages_select_build_failed=False, packages_skip_build_finished=False, packages_select_test_failures=False, packages_skip_test_passed=False, packages_select=['fb_collector'], packages_skip=None, packages_select_regex=None, packages_skip_regex=None, packages_start=None, packages_end=None, cmake_args=None, cmake_target=None, cmake_target_skip_unavailable=False, cmake_clean_cache=False, cmake_clean_first=False, cmake_force_configure=False, ament_cmake_args=None, catkin_cmake_args=None, catkin_skip_building_tests=False, verb_parser=<colcon_defaults.argument_parser.defaults.DefaultArgumentsDecorator object at 0x773e23e74410>, verb_extension=<colcon_core.verb.build.BuildVerb object at 0x773e23fe2f90>, main=<bound method BuildVerb.main of <colcon_core.verb.build.BuildVerb object at 0x773e23fe2f90>>)
[-1773002279189949696.000s] Level 1:colcon.colcon_core.package_discovery:discover_packages(colcon_meta) check parameters
[-1773002279189949696.000s] Level 1:colcon.colcon_core.package_discovery:discover_packages(recursive) check parameters
[-1773002279189949696.000s] Level 1:colcon.colcon_core.package_discovery:discover_packages(ignore) check parameters
[-1773002279189949696.000s] Level 1:colcon.colcon_core.package_discovery:discover_packages(path) check parameters
[-1773002279189949696.000s] Level 1:colcon.colcon_core.package_discovery:discover_packages(colcon_meta) discover
[-1773002279189949696.000s] Level 1:colcon.colcon_core.package_discovery:discover_packages(recursive) discover
[-1773002279189949696.000s] INFO:colcon.colcon_core.package_discovery:Crawling recursively for packages in '/home/mmliu/Documents/cmu/16450-Capstone/frisbee-software'
[-1773002279189949696.000s] Level 1:colcon.colcon_core.package_identification:_identify(.) by extensions ['ignore', 'ignore_ament_install']
[-1773002279189949696.000s] Level 1:colcon.colcon_core.package_identification:_identify(.) by extension 'ignore'
[-1773002279189949696.000s] Level 1:colcon.colcon_core.package_identification:_identify(.) by extension 'ignore_ament_install'
[-1773002279189949696.000s] Level 1:colcon.colcon_core.package_identification:_identify(.) by extensions ['colcon_pkg']
[-1773002279189949696.000s] Level 1:colcon.colcon_core.package_identification:_identify(.) by extension 'colcon_pkg'
[-1773002279189949696.000s] Level 1:colcon.colcon_core.package_identification:_identify(.) by extensions ['colcon_meta']
[-1773002279189949696.000s] Level 1:colcon.colcon_core.package_identification:_identify(.) by extension 'colcon_meta'
[-1773002279189949696.000s] Level 1:colcon.colcon_core.package_identification:_identify(.) by extensions ['ros']
[-1773002279189949696.000s] Level 1:colcon.colcon_core.package_identification:_identify(.) by extension 'ros'
[-1773002279189949696.000s] Level 1:colcon.colcon_core.package_identification:_identify(.) by extensions ['cmake', 'python']
[-1773002279189949696.000s] Level 1:colcon.colcon_core.package_identification:_identify(.) by extension 'cmake'
[-1773002279189949696.000s] Level 1:colcon.colcon_core.package_identification:_identify(.) by extension 'python'
[-1773002279189949696.000s] Level 1:colcon.colcon_core.package_identification:_identify(.) by extensions ['python_setup_py']
[-1773002279189949696.000s] Level 1:colcon.colcon_core.package_identification:_identify(.) by extension 'python_setup_py'
[-1773002279189949696.000s] Level 1:colcon.colcon_core.package_identification:_identify(build) by extensions ['ignore', 'ignore_ament_install']
[-1773002279189949696.000s] Level 1:colcon.colcon_core.package_identification:_identify(build) by extension 'ignore'
[-1773002279189949696.000s] Level 1:colcon.colcon_core.package_identification:_identify(build) ignored
[-1773002279189949696.000s] Level 1:colcon.colcon_core.package_identification:_identify(install) by extensions ['ignore', 'ignore_ament_install']
[-1773002279189949696.000s] Level 1:colcon.colcon_core.package_identification:_identify(install) by extension 'ignore'
[-1773002279189949696.000s] Level 1:colcon.colcon_core.package_identification:_identify(install) ignored
[-1773002279189949696.000s] Level 1:colcon.colcon_core.package_identification:_identify(log) by extensions ['ignore', 'ignore_ament_install']
[-1773002279189949696.000s] Level 1:colcon.colcon_core.package_identification:_identify(log) by extension 'ignore'
[-1773002279189949696.000s] Level 1:colcon.colcon_core.package_identification:_identify(log) ignored
[-1773002279189949696.000s] Level 1:colcon.colcon_core.package_identification:_identify(scripts) by extensions ['ignore', 'ignore_ament_install']
[-1773002279189949696.000s] Level 1:colcon.colcon_core.package_identification:_identify(scripts) by extension 'ignore'
[-1773002279189949696.000s] Level 1:colcon.colcon_core.package_identification:_identify(scripts) by extension 'ignore_ament_install'
[-1773002279189949696.000s] Level 1:colcon.colcon_core.package_identification:_identify(scripts) by extensions ['colcon_pkg']
[-1773002279189949696.000s] Level 1:colcon.colcon_core.package_identification:_identify(scripts) by extension 'colcon_pkg'
[-1773002279189949696.000s] Level 1:colcon.colcon_core.package_identification:_identify(scripts) by extensions ['colcon_meta']
[-1773002279189949696.000s] Level 1:colcon.colcon_core.package_identification:_identify(scripts) by extension 'colcon_meta'
[-1773002279189949696.000s] Level 1:colcon.colcon_core.package_identification:_identify(scripts) by extensions ['ros']
[-1773002279189949696.000s] Level 1:colcon.colcon_core.package_identification:_identify(scripts) by extension 'ros'
[-1773002279189949696.000s] Level 1:colcon.colcon_core.package_identification:_identify(scripts) by extensions ['cmake', 'python']
[-1773002279189949696.000s] Level 1:colcon.colcon_core.package_identification:_identify(scripts) by extension 'cmake'
[-1773002279189949696.000s] Level 1:colcon.colcon_core.package_identification:_identify(scripts) by extension 'python'
[-1773002279189949696.000s] Level 1:colcon.colcon_core.package_identification:_identify(scripts) by extensions ['python_setup_py']
[-1773002279189949696.000s] Level 1:colcon.colcon_core.package_identification:_identify(scripts) by extension 'python_setup_py'
[-1773002279189949696.000s] Level 1:colcon.colcon_core.package_identification:_identify(scripts/laptop) by extensions ['ignore', 'ignore_ament_install']
[-1773002279189949696.000s] Level 1:colcon.colcon_core.package_identification:_identify(scripts/laptop) by extension 'ignore'
[-1773002279189949696.000s] Level 1:colcon.colcon_core.package_identification:_identify(scripts/laptop) by extension 'ignore_ament_install'
[-1773002279189949696.000s] Level 1:colcon.colcon_core.package_identification:_identify(scripts/laptop) by extensions ['colcon_pkg']
[-1773002279189949696.000s] Level 1:colcon.colcon_core.package_identification:_identify(scripts/laptop) by extension 'colcon_pkg'
[-1773002279189949696.000s] Level 1:colcon.colcon_core.package_identification:_identify(scripts/laptop) by extensions ['colcon_meta']
[-1773002279189949696.000s] Level 1:colcon.colcon_core.package_identification:_identify(scripts/laptop) by extension 'colcon_meta'
[-1773002279189949696.000s] Level 1:colcon.colcon_core.package_identification:_identify(scripts/laptop) by extensions ['ros']
[-1773002279189949696.000s] Level 1:colcon.colcon_core.package_identification:_identify(scripts/laptop) by extension 'ros'
[-1773002279189949696.000s] Level 1:colcon.colcon_core.package_identification:_identify(scripts/laptop) by extensions ['cmake', 'python']
[-1773002279189949696.000s] Level 1:colcon.colcon_core.package_identification:_identify(scripts/laptop) by extension 'cmake'
[-1773002279189949696.000s] Level 1:colcon.colcon_core.package_identification:_identify(scripts/laptop) by extension 'python'
[-1773002279189949696.000s] Level 1:colcon.colcon_core.package_identification:_identify(scripts/laptop) by extensions ['python_setup_py']
[-1773002279189949696.000s] Level 1:colcon.colcon_core.package_identification:_identify(scripts/laptop) by extension 'python_setup_py'
[-1773002279189949696.000s] Level 1:colcon.colcon_core.package_identification:_identify(scripts/robot) by extensions ['ignore', 'ignore_ament_install']
[-1773002279189949696.000s] Level 1:colcon.colcon_core.package_identification:_identify(scripts/robot) by extension 'ignore'
[-1773002279189949696.000s] Level 1:colcon.colcon_core.package_identification:_identify(scripts/robot) by extension 'ignore_ament_install'
[-1773002279189949696.000s] Level 1:colcon.colcon_core.package_identification:_identify(scripts/robot) by extensions ['colcon_pkg']
[-1773002279189949696.000s] Level 1:colcon.colcon_core.package_identification:_identify(scripts/robot) by extension 'colcon_pkg'
[-1773002279189949696.000s] Level 1:colcon.colcon_core.package_identification:_identify(scripts/robot) by extensions ['colcon_meta']
[-1773002279189949696.000s] Level 1:colcon.colcon_core.package_identification:_identify(scripts/robot) by extension 'colcon_meta'
[-1773002279189949696.000s] Level 1:colcon.colcon_core.package_identification:_identify(scripts/robot) by extensions ['ros']
[-1773002279189949696.000s] Level 1:colcon.colcon_core.package_identification:_identify(scripts/robot) by extension 'ros'
[-1773002279189949696.000s] Level 1:colcon.colcon_core.package_identification:_identify(scripts/robot) by extensions ['cmake', 'python']
[-1773002279189949696.000s] Level 1:colcon.colcon_core.package_identification:_identify(scripts/robot) by extension 'cmake'
[-1773002279189949696.000s] Level 1:colcon.colcon_core.package_identification:_identify(scripts/robot) by extension 'python'
[-1773002279189949696.000s] Level 1:colcon.colcon_core.package_identification:_identify(scripts/robot) by extensions ['python_setup_py']
[-1773002279189949696.000s] Level 1:colcon.colcon_core.package_identification:_identify(scripts/robot) by extension 'python_setup_py'
[-1773002279189949696.000s] Level 1:colcon.colcon_core.package_identification:_identify(src) by extensions ['ignore', 'ignore_ament_install']
[-1773002279189949696.000s] Level 1:colcon.colcon_core.package_identification:_identify(src) by extension 'ignore'
[-1773002279189949696.000s] Level 1:colcon.colcon_core.package_identification:_identify(src) by extension 'ignore_ament_install'
[-1773002279189949696.000s] Level 1:colcon.colcon_core.package_identification:_identify(src) by extensions ['colcon_pkg']
[-1773002279189949696.000s] Level 1:colcon.colcon_core.package_identification:_identify(src) by extension 'colcon_pkg'
[-1773002279189949696.000s] Level 1:colcon.colcon_core.package_identification:_identify(src) by extensions ['colcon_meta']
[-1773002279189949696.000s] Level 1:colcon.colcon_core.package_identification:_identify(src) by extension 'colcon_meta'
[-1773002279189949696.000s] Level 1:colcon.colcon_core.package_identification:_identify(src) by extensions ['ros']
[-1773002279189949696.000s] Level 1:colcon.colcon_core.package_identification:_identify(src) by extension 'ros'
[-1773002279189949696.000s] Level 1:colcon.colcon_core.package_identification:_identify(src) by extensions ['cmake', 'python']
[-1773002279189949696.000s] Level 1:colcon.colcon_core.package_identification:_identify(src) by extension 'cmake'
[-1773002279189949696.000s] Level 1:colcon.colcon_core.package_identification:_identify(src) by extension 'python'
[-1773002279189949696.000s] Level 1:colcon.colcon_core.package_identification:_identify(src) by extensions ['python_setup_py']
[-1773002279189949696.000s] Level 1:colcon.colcon_core.package_identification:_identify(src) by extension 'python_setup_py'
[-1773002279189949696.000s] Level 1:colcon.colcon_core.package_identification:_identify(src/fb_collector) by extensions ['ignore', 'ignore_ament_install']
[-1773002279189949696.000s] Level 1:colcon.colcon_core.package_identification:_identify(src/fb_collector) by extension 'ignore'
[-1773002279189949696.000s] Level 1:colcon.colcon_core.package_identification:_identify(src/fb_collector) by extension 'ignore_ament_install'
[-1773002279189949696.000s] Level 1:colcon.colcon_core.package_identification:_identify(src/fb_collector) by extensions ['colcon_pkg']
[-1773002279189949696.000s] Level 1:colcon.colcon_core.package_identification:_identify(src/fb_collector) by extension 'colcon_pkg'
[-1773002279189949696.000s] Level 1:colcon.colcon_core.package_identification:_identify(src/fb_collector) by extensions ['colcon_meta']
[-1773002279189949696.000s] Level 1:colcon.colcon_core.package_identification:_identify(src/fb_collector) by extension 'colcon_meta'
[-1773002279189949696.000s] Level 1:colcon.colcon_core.package_identification:_identify(src/fb_collector) by extensions ['ros']
[-1773002279189949696.000s] Level 1:colcon.colcon_core.package_identification:_identify(src/fb_collector) by extension 'ros'
[-1773002279189949696.000s] DEBUG:colcon.colcon_core.package_identification:Package 'src/fb_collector' with type 'ros.ament_python' and name 'fb_collector'
[-1773002279189949696.000s] Level 1:colcon.colcon_core.package_identification:_identify(src/fb_launcher) by extensions ['ignore', 'ignore_ament_install']
[-1773002279189949696.000s] Level 1:colcon.colcon_core.package_identification:_identify(src/fb_launcher) by extension 'ignore'
[-1773002279189949696.000s] Level 1:colcon.colcon_core.package_identification:_identify(src/fb_launcher) by extension 'ignore_ament_install'
[-1773002279189949696.000s] Level 1:colcon.colcon_core.package_identification:_identify(src/fb_launcher) by extensions ['colcon_pkg']
[-1773002279189949696.000s] Level 1:colcon.colcon_core.package_identification:_identify(src/fb_launcher) by extension 'colcon_pkg'
[-1773002279189949696.000s] Level 1:colcon.colcon_core.package_identification:_identify(src/fb_launcher) by extensions ['colcon_meta']
[-1773002279189949696.000s] Level 1:colcon.colcon_core.package_identification:_identify(src/fb_launcher) by extension 'colcon_meta'
[-1773002279189949696.000s] Level 1:colcon.colcon_core.package_identification:_identify(src/fb_launcher) by extensions ['ros']
[-1773002279189949696.000s] Level 1:colcon.colcon_core.package_identification:_identify(src/fb_launcher) by extension 'ros'
[-1773002279189949696.000s] DEBUG:colcon.colcon_core.package_identification:Package 'src/fb_launcher' with type 'ros.ament_python' and name 'fb_launcher'
[-1773002279189949696.000s] Level 1:colcon.colcon_core.package_identification:_identify(src/fb_mobility) by extensions ['ignore', 'ignore_ament_install']
[-1773002279189949696.000s] Level 1:colcon.colcon_core.package_identification:_identify(src/fb_mobility) by extension 'ignore'
[-1773002279189949696.000s] Level 1:colcon.colcon_core.package_identification:_identify(src/fb_mobility) by extension 'ignore_ament_install'
[-1773002279189949696.000s] Level 1:colcon.colcon_core.package_identification:_identify(src/fb_mobility) by extensions ['colcon_pkg']
[-1773002279189949696.000s] Level 1:colcon.colcon_core.package_identification:_identify(src/fb_mobility) by extension 'colcon_pkg'
[-1773002279189949696.000s] Level 1:colcon.colcon_core.package_identification:_identify(src/fb_mobility) by extensions ['colcon_meta']
[-1773002279189949696.000s] Level 1:colcon.colcon_core.package_identification:_identify(src/fb_mobility) by extension 'colcon_meta'
[-1773002279189949696.000s] Level 1:colcon.colcon_core.package_identification:_identify(src/fb_mobility) by extensions ['ros']
[-1773002279189949696.000s] Level 1:colcon.colcon_core.package_identification:_identify(src/fb_mobility) by extension 'ros'
[-1773002279189949696.000s] DEBUG:colcon.colcon_core.package_identification:Package 'src/fb_mobility' with type 'ros.ament_python' and name 'fb_mobility'
[-1773002279189949696.000s] Level 1:colcon.colcon_core.package_identification:_identify(src/fb_planning) by extensions ['ignore', 'ignore_ament_install']
[-1773002279189949696.000s] Level 1:colcon.colcon_core.package_identification:_identify(src/fb_planning) by extension 'ignore'
[-1773002279189949696.000s] Level 1:colcon.colcon_core.package_identification:_identify(src/fb_planning) by extension 'ignore_ament_install'
[-1773002279189949696.000s] Level 1:colcon.colcon_core.package_identification:_identify(src/fb_planning) by extensions ['colcon_pkg']
[-1773002279189949696.000s] Level 1:colcon.colcon_core.package_identification:_identify(src/fb_planning) by extension 'colcon_pkg'
[-1773002279189949696.000s] Level 1:colcon.colcon_core.package_identification:_identify(src/fb_planning) by extensions ['colcon_meta']
[-1773002279189949696.000s] Level 1:colcon.colcon_core.package_identification:_identify(src/fb_planning) by extension 'colcon_meta'
[-1773002279189949696.000s] Level 1:colcon.colcon_core.package_identification:_identify(src/fb_planning) by extensions ['ros']
[-1773002279189949696.000s] Level 1:colcon.colcon_core.package_identification:_identify(src/fb_planning) by extension 'ros'
[-1773002279189949696.000s] DEBUG:colcon.colcon_core.package_identification:Package 'src/fb_planning' with type 'ros.ament_python' and name 'fb_planning'
[-1773002279189949696.000s] Level 1:colcon.colcon_core.package_identification:_identify(src/fb_vision) by extensions ['ignore', 'ignore_ament_install']
[-1773002279189949696.000s] Level 1:colcon.colcon_core.package_identification:_identify(src/fb_vision) by extension 'ignore'
[-1773002279189949696.000s] Level 1:colcon.colcon_core.package_identification:_identify(src/fb_vision) by extension 'ignore_ament_install'
[-1773002279189949696.000s] Level 1:colcon.colcon_core.package_identification:_identify(src/fb_vision) by extensions ['colcon_pkg']
[-1773002279189949696.000s] Level 1:colcon.colcon_core.package_identification:_identify(src/fb_vision) by extension 'colcon_pkg'
[-1773002279189949696.000s] Level 1:colcon.colcon_core.package_identification:_identify(src/fb_vision) by extensions ['colcon_meta']
[-1773002279189949696.000s] Level 1:colcon.colcon_core.package_identification:_identify(src/fb_vision) by extension 'colcon_meta'
[-1773002279189949696.000s] Level 1:colcon.colcon_core.package_identification:_identify(src/fb_vision) by extensions ['ros']
[-1773002279189949696.000s] Level 1:colcon.colcon_core.package_identification:_identify(src/fb_vision) by extension 'ros'
[-1773002279189949696.000s] DEBUG:colcon.colcon_core.package_identification:Package 'src/fb_vision' with type 'ros.ament_python' and name 'fb_vision'
[-1773002279189949696.000s] Level 1:colcon.colcon_core.package_discovery:discover_packages(recursive) using defaults
[-1773002279189949696.000s] Level 1:colcon.colcon_core.package_discovery:discover_packages(ignore) discover
[-1773002279189949696.000s] Level 1:colcon.colcon_core.package_discovery:discover_packages(ignore) using defaults
[-1773002279189949696.000s] Level 1:colcon.colcon_core.package_discovery:discover_packages(path) discover
[-1773002279189949696.000s] Level 1:colcon.colcon_core.package_discovery:discover_packages(path) using defaults
[-1773002279189949696.000s] INFO:colcon.colcon_core.package_selection:Skipping not selected package 'fb_launcher' in 'src/fb_launcher'
[-1773002279189949696.000s] INFO:colcon.colcon_core.package_selection:Skipping not selected package 'fb_mobility' in 'src/fb_mobility'
[-1773002279189949696.000s] INFO:colcon.colcon_core.package_selection:Skipping not selected package 'fb_planning' in 'src/fb_planning'
[-1773002279189949696.000s] INFO:colcon.colcon_core.package_selection:Skipping not selected package 'fb_vision' in 'src/fb_vision'
[-1773002279189949696.000s] Level 5:colcon.colcon_core.verb:set package 'fb_collector' build argument 'cmake_args' from command line to 'None'
[-1773002279189949696.000s] Level 5:colcon.colcon_core.verb:set package 'fb_collector' build argument 'cmake_target' from command line to 'None'
[-1773002279189949696.000s] Level 5:colcon.colcon_core.verb:set package 'fb_collector' build argument 'cmake_target_skip_unavailable' from command line to 'False'
[-1773002279189949696.000s] Level 5:colcon.colcon_core.verb:set package 'fb_collector' build argument 'cmake_clean_cache' from command line to 'False'
[-1773002279189949696.000s] Level 5:colcon.colcon_core.verb:set package 'fb_collector' build argument 'cmake_clean_first' from command line to 'False'
[-1773002279189949696.000s] Level 5:colcon.colcon_core.verb:set package 'fb_collector' build argument 'cmake_force_configure' from command line to 'False'
[-1773002279189949696.000s] Level 5:colcon.colcon_core.verb:set package 'fb_collector' build argument 'ament_cmake_args' from command line to 'None'
[-1773002279189949696.000s] Level 5:colcon.colcon_core.verb:set package 'fb_collector' build argument 'catkin_cmake_args' from command line to 'None'
[-1773002279189949696.000s] Level 5:colcon.colcon_core.verb:set package 'fb_collector' build argument 'catkin_skip_building_tests' from command line to 'False'
[-1773002279189949696.000s] DEBUG:colcon.colcon_core.verb:Building package 'fb_collector' with the following arguments: {'ament_cmake_args': None, 'build_base': '/home/mmliu/Documents/cmu/16450-Capstone/frisbee-software/build/fb_collector', 'catkin_cmake_args': None, 'catkin_skip_building_tests': False, 'cmake_args': None, 'cmake_clean_cache': False, 'cmake_clean_first': False, 'cmake_force_configure': False, 'cmake_target': None, 'cmake_target_skip_unavailable': False, 'install_base': '/home/mmliu/Documents/cmu/16450-Capstone/frisbee-software/install/fb_collector', 'merge_install': False, 'path': '/home/mmliu/Documents/cmu/16450-Capstone/frisbee-software/src/fb_collector', 'symlink_install': True, 'test_result_base': None}
[-1773002279189949696.000s] INFO:colcon.colcon_core.executor:Executing jobs using 'parallel' executor
[-1773002279189949696.000s] DEBUG:colcon.colcon_parallel_executor.executor.parallel:run_until_complete
[-1773002279189949696.000s] INFO:colcon.colcon_ros.task.ament_python.build:Building ROS package in '/home/mmliu/Documents/cmu/16450-Capstone/frisbee-software/src/fb_collector' with build type 'ament_python'
[-1773002279189949696.000s] Level 1:colcon.colcon_core.shell:create_environment_hook('fb_collector', 'ament_prefix_path')
[-1773002279189949696.000s] INFO:colcon.colcon_core.plugin_system:Skipping extension 'colcon_core.shell.bat': Not used on non-Windows systems
[-1773002279189949696.000s] INFO:colcon.colcon_core.shell:Creating environment hook '/home/mmliu/Documents/cmu/16450-Capstone/frisbee-software/install/fb_collector/share/fb_collector/hook/ament_prefix_path.ps1'
[-1773002279189949696.000s] INFO:colcon.colcon_core.shell:Creating environment descriptor '/home/mmliu/Documents/cmu/16450-Capstone/frisbee-software/install/fb_collector/share/fb_collector/hook/ament_prefix_path.dsv'
[-1773002279189949696.000s] INFO:colcon.colcon_core.shell:Creating environment hook '/home/mmliu/Documents/cmu/16450-Capstone/frisbee-software/install/fb_collector/share/fb_collector/hook/ament_prefix_path.sh'
[-1773002279189949696.000s] INFO:colcon.colcon_core.shell:Skip shell extension 'powershell' for command environment: Not usable outside of PowerShell
[-1773002279189949696.000s] DEBUG:colcon.colcon_core.shell:Skip shell extension 'dsv' for command environment
[-1773002279189949696.000s] INFO:colcon.colcon_core.task.python.build:Building Python package in '/home/mmliu/Documents/cmu/16450-Capstone/frisbee-software/src/fb_collector'
[-1773002279189949696.000s] INFO:colcon.colcon_core.shell:Skip shell extension 'powershell' for command environment: Not usable outside of PowerShell
[-1773002279189949696.000s] DEBUG:colcon.colcon_core.shell:Skip shell extension 'dsv' for command environment
[-1773002279189949696.000s] DEBUG:colcon.colcon_core.event_handler.log_command:Invoking command in '/home/mmliu/Documents/cmu/16450-Capstone/frisbee-software/build/fb_collector': CONDA_PROMPT_MODIFIER=(base) PYTHONPATH=/home/mmliu/Documents/cmu/16450-Capstone/frisbee-software/build/fb_collector/prefix_override:/home/mmliu/miniconda3/lib/python3.13/site-packages/colcon_core/task/python/colcon_distutils_commands:/home/mmliu/Documents/cmu/16450-Capstone/frisbee-software/install/fb_collector/lib/python3.13/site-packages:${PYTHONPATH} /home/mmliu/miniconda3/bin/python3.13 -W ignore:setup.py install is deprecated -W ignore:easy_install command is deprecated setup.py develop --editable --build-directory /home/mmliu/Documents/cmu/16450-Capstone/frisbee-software/build/fb_collector/build --no-deps symlink_data
[-1773002279189949696.000s] Level 1:colcon.colcon_core.shell:create_environment_hook('fb_collector', 'pythonpath_develop')
[-1773002279189949696.000s] INFO:colcon.colcon_core.shell:Creating environment hook '/home/mmliu/Documents/cmu/16450-Capstone/frisbee-software/build/fb_collector/share/fb_collector/hook/pythonpath_develop.ps1'
[-1773002279189949696.000s] DEBUG:colcon.colcon_core.event_handler.log_command:Invoked command in '/home/mmliu/Documents/cmu/16450-Capstone/frisbee-software/build/fb_collector' returned '0': CONDA_PROMPT_MODIFIER=(base) PYTHONPATH=/home/mmliu/Documents/cmu/16450-Capstone/frisbee-software/build/fb_collector/prefix_override:/home/mmliu/miniconda3/lib/python3.13/site-packages/colcon_core/task/python/colcon_distutils_commands:/home/mmliu/Documents/cmu/16450-Capstone/frisbee-software/install/fb_collector/lib/python3.13/site-packages:${PYTHONPATH} /home/mmliu/miniconda3/bin/python3.13 -W ignore:setup.py install is deprecated -W ignore:easy_install command is deprecated setup.py develop --editable --build-directory /home/mmliu/Documents/cmu/16450-Capstone/frisbee-software/build/fb_collector/build --no-deps symlink_data
[-1773002279189949696.000s] INFO:colcon.colcon_core.shell:Creating environment descriptor '/home/mmliu/Documents/cmu/16450-Capstone/frisbee-software/build/fb_collector/share/fb_collector/hook/pythonpath_develop.dsv'
[-1773002279189949696.000s] INFO:colcon.colcon_core.shell:Creating environment hook '/home/mmliu/Documents/cmu/16450-Capstone/frisbee-software/build/fb_collector/share/fb_collector/hook/pythonpath_develop.sh'
[-1773002279189949696.000s] Level 1:colcon.colcon_core.environment:checking '/home/mmliu/Documents/cmu/16450-Capstone/frisbee-software/install/fb_collector' for CMake module files
[-1773002279189949696.000s] Level 1:colcon.colcon_core.environment:checking '/home/mmliu/Documents/cmu/16450-Capstone/frisbee-software/install/fb_collector' for CMake config files
[-1773002279189949696.000s] Level 1:colcon.colcon_core.environment:checking '/home/mmliu/Documents/cmu/16450-Capstone/frisbee-software/install/fb_collector/lib'
[-1773002279189949696.000s] Level 1:colcon.colcon_core.environment:checking '/home/mmliu/Documents/cmu/16450-Capstone/frisbee-software/install/fb_collector/bin'
[-1773002279189949696.000s] Level 1:colcon.colcon_core.environment:checking '/home/mmliu/Documents/cmu/16450-Capstone/frisbee-software/install/fb_collector/lib/pkgconfig/fb_collector.pc'
[-1773002279189949696.000s] Level 1:colcon.colcon_core.environment:checking '/home/mmliu/Documents/cmu/16450-Capstone/frisbee-software/install/fb_collector/lib/python3.13/site-packages'
[-1773002279189949696.000s] Level 1:colcon.colcon_core.shell:create_environment_hook('fb_collector', 'pythonpath')
[-1773002279189949696.000s] INFO:colcon.colcon_core.shell:Creating environment hook '/home/mmliu/Documents/cmu/16450-Capstone/frisbee-software/install/fb_collector/share/fb_collector/hook/pythonpath.ps1'
[-1773002279189949696.000s] INFO:colcon.colcon_core.shell:Creating environment descriptor '/home/mmliu/Documents/cmu/16450-Capstone/frisbee-software/install/fb_collector/share/fb_collector/hook/pythonpath.dsv'
[-1773002279189949696.000s] INFO:colcon.colcon_core.shell:Creating environment hook '/home/mmliu/Documents/cmu/16450-Capstone/frisbee-software/install/fb_collector/share/fb_collector/hook/pythonpath.sh'
[-1773002279189949696.000s] Level 1:colcon.colcon_core.environment:checking '/home/mmliu/Documents/cmu/16450-Capstone/frisbee-software/install/fb_collector/bin'
[-1773002279189949696.000s] Level 1:colcon.colcon_core.environment:create_environment_scripts_only(fb_collector)
[-1773002279189949696.000s] INFO:colcon.colcon_core.shell:Creating package script '/home/mmliu/Documents/cmu/16450-Capstone/frisbee-software/install/fb_collector/share/fb_collector/package.ps1'
[-1773002279189949696.000s] INFO:colcon.colcon_core.shell:Creating package descriptor '/home/mmliu/Documents/cmu/16450-Capstone/frisbee-software/install/fb_collector/share/fb_collector/package.dsv'
[-1773002279189949696.000s] INFO:colcon.colcon_core.shell:Creating package script '/home/mmliu/Documents/cmu/16450-Capstone/frisbee-software/install/fb_collector/share/fb_collector/package.sh'
[-1773002279189949696.000s] INFO:colcon.colcon_core.shell:Creating package script '/home/mmliu/Documents/cmu/16450-Capstone/frisbee-software/install/fb_collector/share/fb_collector/package.bash'
[-1773002279189949696.000s] INFO:colcon.colcon_core.shell:Creating package script '/home/mmliu/Documents/cmu/16450-Capstone/frisbee-software/install/fb_collector/share/fb_collector/package.zsh'
[-1773002279189949696.000s] Level 1:colcon.colcon_core.environment:create_file_with_runtime_dependencies(/home/mmliu/Documents/cmu/16450-Capstone/frisbee-software/install/fb_collector/share/colcon-core/packages/fb_collector)
[-1773002279189949696.000s] DEBUG:colcon.colcon_parallel_executor.executor.parallel:closing loop
[-1773002279189949696.000s] DEBUG:colcon.colcon_parallel_executor.executor.parallel:loop closed
[-1773002279189949696.000s] DEBUG:colcon.colcon_parallel_executor.executor.parallel:run_until_complete finished with '0'
[-1773002279189949696.000s] DEBUG:colcon.colcon_core.event_reactor:joining thread
[-1773002279189949696.000s] INFO:colcon.colcon_core.plugin_system:Skipping extension 'colcon_notification.desktop_notification.notify2': 'notify2' not found
[-1773002279189949696.000s] INFO:colcon.colcon_core.plugin_system:Skipping extension 'colcon_notification.desktop_notification.terminal_notifier': Not used on non-Darwin systems
[-1773002279189949696.000s] INFO:colcon.colcon_core.plugin_system:Skipping extension 'colcon_notification.desktop_notification.win32': Not used on non-Windows systems
[-1773002279189949696.000s] INFO:colcon.colcon_notification.desktop_notification:Sending desktop notification using 'notify_send'
[-1773002279189949696.000s] DEBUG:colcon.colcon_core.event_reactor:joined thread
[-1773002279189949696.000s] INFO:colcon.colcon_core.shell:Creating prefix script '/home/mmliu/Documents/cmu/16450-Capstone/frisbee-software/install/local_setup.ps1'
[-1773002279189949696.000s] INFO:colcon.colcon_core.shell:Creating prefix util module '/home/mmliu/Documents/cmu/16450-Capstone/frisbee-software/install/_local_setup_util_ps1.py'
[-1773002279189949696.000s] INFO:colcon.colcon_core.shell:Creating prefix chain script '/home/mmliu/Documents/cmu/16450-Capstone/frisbee-software/install/setup.ps1'
[-1773002279189949696.000s] INFO:colcon.colcon_core.shell:Creating prefix script '/home/mmliu/Documents/cmu/16450-Capstone/frisbee-software/install/local_setup.sh'
[-1773002279189949696.000s] INFO:colcon.colcon_core.shell:Creating prefix util module '/home/mmliu/Documents/cmu/16450-Capstone/frisbee-software/install/_local_setup_util_sh.py'
[-1773002279189949696.000s] INFO:colcon.colcon_core.shell:Creating prefix chain script '/home/mmliu/Documents/cmu/16450-Capstone/frisbee-software/install/setup.sh'
[-1773002279189949696.000s] INFO:colcon.colcon_core.shell:Creating prefix script '/home/mmliu/Documents/cmu/16450-Capstone/frisbee-software/install/local_setup.bash'
[-1773002279189949696.000s] INFO:colcon.colcon_core.shell:Creating prefix chain script '/home/mmliu/Documents/cmu/16450-Capstone/frisbee-software/install/setup.bash'
[-1773002279189949696.000s] INFO:colcon.colcon_core.shell:Creating prefix script '/home/mmliu/Documents/cmu/16450-Capstone/frisbee-software/install/local_setup.zsh'
[-1773002279189949696.000s] INFO:colcon.colcon_core.shell:Creating prefix chain script '/home/mmliu/Documents/cmu/16450-Capstone/frisbee-software/install/setup.zsh'
