running develop
running egg_info
creating fb_drivers.egg-info
writing fb_drivers.egg-info/PKG-INFO
writing dependency_links to fb_drivers.egg-info/dependency_links.txt
writing entry points to fb_drivers.egg-info/entry_points.txt
writing requirements to fb_drivers.egg-info/requires.txt
writing top-level names to fb_drivers.egg-info/top_level.txt
writing manifest file 'fb_drivers.egg-info/SOURCES.txt'
reading manifest file 'fb_drivers.egg-info/SOURCES.txt'
writing manifest file 'fb_drivers.egg-info/SOURCES.txt'
running build_ext
Creating /ros2_ws/install/fb_drivers/lib/python3.10/site-packages/fb-drivers.egg-link (link to .)
Installing arduino_bridge script to /ros2_ws/install/fb_drivers/lib/fb_drivers

Installed /ros2_ws/build/fb_drivers
running symlink_data
creating /ros2_ws/install/fb_drivers/share/ament_index
creating /ros2_ws/install/fb_drivers/share/ament_index/resource_index
creating /ros2_ws/install/fb_drivers/share/ament_index/resource_index/packages
symbolically linking /ros2_ws/build/fb_drivers/resource/fb_drivers -> /ros2_ws/install/fb_drivers/share/ament_index/resource_index/packages
symbolically linking /ros2_ws/build/fb_drivers/package.xml -> /ros2_ws/install/fb_drivers/share/fb_drivers
creating /ros2_ws/install/fb_drivers/share/fb_drivers/launch
