[0.235s] Invoking command in '/ros2_ws/build/fb_drivers': PYTHONPATH=/ros2_ws/build/fb_drivers/prefix_override:/usr/lib/python3/dist-packages/colcon_core/task/python/colcon_distutils_commands:/ros2_ws/install/fb_drivers/lib/python3.10/site-packages:${PYTHONPATH} /usr/bin/python3 -W ignore:setup.py install is deprecated -W ignore:easy_install command is deprecated setup.py develop --editable --build-directory /ros2_ws/build/fb_drivers/build --no-deps symlink_data
[0.331s] running develop
[0.367s] running egg_info
[0.367s] creating fb_drivers.egg-info
[0.367s] writing fb_drivers.egg-info/PKG-INFO
[0.367s] writing dependency_links to fb_drivers.egg-info/dependency_links.txt
[0.368s] writing entry points to fb_drivers.egg-info/entry_points.txt
[0.368s] writing requirements to fb_drivers.egg-info/requires.txt
[0.368s] writing top-level names to fb_drivers.egg-info/top_level.txt
[0.368s] writing manifest file 'fb_drivers.egg-info/SOURCES.txt'
[0.369s] reading manifest file 'fb_drivers.egg-info/SOURCES.txt'
[0.369s] writing manifest file 'fb_drivers.egg-info/SOURCES.txt'
[0.370s] running build_ext
[0.370s] Creating /ros2_ws/install/fb_drivers/lib/python3.10/site-packages/fb-drivers.egg-link (link to .)
[0.370s] Installing arduino_bridge script to /ros2_ws/install/fb_drivers/lib/fb_drivers
[0.370s] 
[0.370s] Installed /ros2_ws/build/fb_drivers
[0.370s] running symlink_data
[0.370s] creating /ros2_ws/install/fb_drivers/share/ament_index
[0.370s] creating /ros2_ws/install/fb_drivers/share/ament_index/resource_index
[0.370s] creating /ros2_ws/install/fb_drivers/share/ament_index/resource_index/packages
[0.371s] symbolically linking /ros2_ws/build/fb_drivers/resource/fb_drivers -> /ros2_ws/install/fb_drivers/share/ament_index/resource_index/packages
[0.371s] symbolically linking /ros2_ws/build/fb_drivers/package.xml -> /ros2_ws/install/fb_drivers/share/fb_drivers
[0.371s] creating /ros2_ws/install/fb_drivers/share/fb_drivers/launch
[0.383s] Invoked command in '/ros2_ws/build/fb_drivers' returned '0': PYTHONPATH=/ros2_ws/build/fb_drivers/prefix_override:/usr/lib/python3/dist-packages/colcon_core/task/python/colcon_distutils_commands:/ros2_ws/install/fb_drivers/lib/python3.10/site-packages:${PYTHONPATH} /usr/bin/python3 -W ignore:setup.py install is deprecated -W ignore:easy_install command is deprecated setup.py develop --editable --build-directory /ros2_ws/build/fb_drivers/build --no-deps symlink_data
