[0.312s] Invoking command in '/home/mmliu/Documents/cmu/16450-Capstone/frisbee-software/build/fb_mobility': CONDA_PROMPT_MODIFIER=(frisbee_env) PYTHONPATH=/home/mmliu/Documents/cmu/16450-Capstone/frisbee-software/build/fb_mobility/prefix_override:/home/mmliu/miniconda3/envs/frisbee_env/lib/python3.10/site-packages/colcon_core/task/python/colcon_distutils_commands:/home/mmliu/Documents/cmu/16450-Capstone/frisbee-software/install/fb_mobility/lib/python3.10/site-packages:${PYTHONPATH} /home/mmliu/miniconda3/envs/frisbee_env/bin/python3.10 -W ignore:setup.py install is deprecated -W ignore:easy_install command is deprecated setup.py develop --editable --build-directory /home/mmliu/Documents/cmu/16450-Capstone/frisbee-software/build/fb_mobility/build --no-deps symlink_data
[0.443s] running develop
[0.500s] running egg_info
[0.506s] creating fb_mobility.egg-info
[0.506s] writing fb_mobility.egg-info/PKG-INFO
[0.506s] writing dependency_links to fb_mobility.egg-info/dependency_links.txt
[0.507s] writing requirements to fb_mobility.egg-info/requires.txt
[0.507s] writing top-level names to fb_mobility.egg-info/top_level.txt
[0.507s] writing manifest file 'fb_mobility.egg-info/SOURCES.txt'
[0.519s] reading manifest file 'fb_mobility.egg-info/SOURCES.txt'
[0.521s] writing manifest file 'fb_mobility.egg-info/SOURCES.txt'
[0.528s] running build_ext
[0.529s] Creating /home/mmliu/Documents/cmu/16450-Capstone/frisbee-software/install/fb_mobility/lib/python3.10/site-packages/fb-mobility.egg-link (link to .)
[0.529s] 
[0.529s] Installed /home/mmliu/Documents/cmu/16450-Capstone/frisbee-software/build/fb_mobility
[0.529s] running symlink_data
[0.529s] creating /home/mmliu/Documents/cmu/16450-Capstone/frisbee-software/install/fb_mobility/share/ament_index/resource_index/packages
[0.529s] symbolically linking /home/mmliu/Documents/cmu/16450-Capstone/frisbee-software/build/fb_mobility/resource/fb_mobility -> /home/mmliu/Documents/cmu/16450-Capstone/frisbee-software/install/fb_mobility/share/ament_index/resource_index/packages
[0.529s] symbolically linking /home/mmliu/Documents/cmu/16450-Capstone/frisbee-software/build/fb_mobility/package.xml -> /home/mmliu/Documents/cmu/16450-Capstone/frisbee-software/install/fb_mobility/share/fb_mobility
[0.549s] Invoked command in '/home/mmliu/Documents/cmu/16450-Capstone/frisbee-software/build/fb_mobility' returned '0': CONDA_PROMPT_MODIFIER=(frisbee_env) PYTHONPATH=/home/mmliu/Documents/cmu/16450-Capstone/frisbee-software/build/fb_mobility/prefix_override:/home/mmliu/miniconda3/envs/frisbee_env/lib/python3.10/site-packages/colcon_core/task/python/colcon_distutils_commands:/home/mmliu/Documents/cmu/16450-Capstone/frisbee-software/install/fb_mobility/lib/python3.10/site-packages:${PYTHONPATH} /home/mmliu/miniconda3/envs/frisbee_env/bin/python3.10 -W ignore:setup.py install is deprecated -W ignore:easy_install command is deprecated setup.py develop --editable --build-directory /home/mmliu/Documents/cmu/16450-Capstone/frisbee-software/build/fb_mobility/build --no-deps symlink_data
