running develop
running egg_info
creating fb_vision.egg-info
writing fb_vision.egg-info/PKG-INFO
writing dependency_links to fb_vision.egg-info/dependency_links.txt
writing entry points to fb_vision.egg-info/entry_points.txt
writing requirements to fb_vision.egg-info/requires.txt
writing top-level names to fb_vision.egg-info/top_level.txt
writing manifest file 'fb_vision.egg-info/SOURCES.txt'
reading manifest file 'fb_vision.egg-info/SOURCES.txt'
writing manifest file 'fb_vision.egg-info/SOURCES.txt'
running build_ext
Creating /home/mmliu/Documents/cmu/16450-Capstone/frisbee-software/install/fb_vision/lib/python3.10/site-packages/fb-vision.egg-link (link to .)
Installing air_tracker_node script to /home/mmliu/Documents/cmu/16450-Capstone/frisbee-software/install/fb_vision/lib/fb_vision
Installing ground_tracker_node script to /home/mmliu/Documents/cmu/16450-Capstone/frisbee-software/install/fb_vision/lib/fb_vision

Installed /home/mmliu/Documents/cmu/16450-Capstone/frisbee-software/build/fb_vision
running symlink_data
creating /home/mmliu/Documents/cmu/16450-Capstone/frisbee-software/install/fb_vision/share/ament_index/resource_index/packages
symbolically linking /home/mmliu/Documents/cmu/16450-Capstone/frisbee-software/build/fb_vision/resource/fb_vision -> /home/mmliu/Documents/cmu/16450-Capstone/frisbee-software/install/fb_vision/share/ament_index/resource_index/packages
symbolically linking /home/mmliu/Documents/cmu/16450-Capstone/frisbee-software/build/fb_vision/package.xml -> /home/mmliu/Documents/cmu/16450-Capstone/frisbee-software/install/fb_vision/share/fb_vision
