[0.311s] Invoking command in '/home/mmliu/Documents/cmu/16450-Capstone/frisbee-software/build/fb_vision': CONDA_PROMPT_MODIFIER=(frisbee_env) PYTHONPATH=/home/mmliu/Documents/cmu/16450-Capstone/frisbee-software/build/fb_vision/prefix_override:/home/mmliu/miniconda3/envs/frisbee_env/lib/python3.10/site-packages/colcon_core/task/python/colcon_distutils_commands:/home/mmliu/Documents/cmu/16450-Capstone/frisbee-software/install/fb_vision/lib/python3.10/site-packages:${PYTHONPATH} /home/mmliu/miniconda3/envs/frisbee_env/bin/python3.10 -W ignore:setup.py install is deprecated -W ignore:easy_install command is deprecated setup.py develop --editable --build-directory /home/mmliu/Documents/cmu/16450-Capstone/frisbee-software/build/fb_vision/build --no-deps symlink_data
[0.454s] running develop
[0.508s] running egg_info
[0.514s] creating fb_vision.egg-info
[0.514s] writing fb_vision.egg-info/PKG-INFO
[0.515s] writing dependency_links to fb_vision.egg-info/dependency_links.txt
[0.515s] writing entry points to fb_vision.egg-info/entry_points.txt
[0.515s] writing requirements to fb_vision.egg-info/requires.txt
[0.516s] writing top-level names to fb_vision.egg-info/top_level.txt
[0.516s] writing manifest file 'fb_vision.egg-info/SOURCES.txt'
[0.529s] reading manifest file 'fb_vision.egg-info/SOURCES.txt'
[0.529s] writing manifest file 'fb_vision.egg-info/SOURCES.txt'
[0.536s] running build_ext
[0.536s] Creating /home/mmliu/Documents/cmu/16450-Capstone/frisbee-software/install/fb_vision/lib/python3.10/site-packages/fb-vision.egg-link (link to .)
[0.536s] Installing air_tracker_node script to /home/mmliu/Documents/cmu/16450-Capstone/frisbee-software/install/fb_vision/lib/fb_vision
[0.536s] Installing ground_tracker_node script to /home/mmliu/Documents/cmu/16450-Capstone/frisbee-software/install/fb_vision/lib/fb_vision
[0.536s] 
[0.536s] Installed /home/mmliu/Documents/cmu/16450-Capstone/frisbee-software/build/fb_vision
[0.536s] running symlink_data
[0.536s] creating /home/mmliu/Documents/cmu/16450-Capstone/frisbee-software/install/fb_vision/share/ament_index/resource_index/packages
[0.536s] symbolically linking /home/mmliu/Documents/cmu/16450-Capstone/frisbee-software/build/fb_vision/resource/fb_vision -> /home/mmliu/Documents/cmu/16450-Capstone/frisbee-software/install/fb_vision/share/ament_index/resource_index/packages
[0.537s] symbolically linking /home/mmliu/Documents/cmu/16450-Capstone/frisbee-software/build/fb_vision/package.xml -> /home/mmliu/Documents/cmu/16450-Capstone/frisbee-software/install/fb_vision/share/fb_vision
[0.552s] Invoked command in '/home/mmliu/Documents/cmu/16450-Capstone/frisbee-software/build/fb_vision' returned '0': CONDA_PROMPT_MODIFIER=(frisbee_env) PYTHONPATH=/home/mmliu/Documents/cmu/16450-Capstone/frisbee-software/build/fb_vision/prefix_override:/home/mmliu/miniconda3/envs/frisbee_env/lib/python3.10/site-packages/colcon_core/task/python/colcon_distutils_commands:/home/mmliu/Documents/cmu/16450-Capstone/frisbee-software/install/fb_vision/lib/python3.10/site-packages:${PYTHONPATH} /home/mmliu/miniconda3/envs/frisbee_env/bin/python3.10 -W ignore:setup.py install is deprecated -W ignore:easy_install command is deprecated setup.py develop --editable --build-directory /home/mmliu/Documents/cmu/16450-Capstone/frisbee-software/build/fb_vision/build --no-deps symlink_data
