[0.047s] DEBUG:colcon:Command line arguments: ['/usr/bin/colcon', 'build', '--packages-select', 'fb_manipulation', '--symlink-install']
[0.047s] DEBUG:colcon:Parsed command line arguments: Namespace(log_base=None, log_level=None, verb_name='build', build_base='build', install_base='install', merge_install=False, symlink_install=True, test_result_base=None, continue_on_error=False, executor='parallel', parallel_workers=24, event_handlers=None, ignore_user_meta=False, metas=['./colcon.meta'], base_paths=['.'], packages_ignore=None, packages_ignore_regex=None, paths=None, packages_up_to=None, packages_up_to_regex=None, packages_above=None, packages_above_and_dependencies=None, packages_above_depth=None, packages_select_by_dep=None, packages_skip_by_dep=None, packages_skip_up_to=None, packages_select_build_failed=False, packages_skip_build_finished=False, packages_select_test_failures=False, packages_skip_test_passed=False, packages_select=['fb_manipulation'], packages_skip=None, packages_select_regex=None, packages_skip_regex=None, packages_start=None, packages_end=None, cmake_args=None, cmake_target=None, cmake_target_skip_unavailable=False, cmake_clean_cache=False, cmake_clean_first=False, cmake_force_configure=False, ament_cmake_args=None, catkin_cmake_args=None, catkin_skip_building_tests=False, mixin_files=None, mixin=None, verb_parser=<colcon_mixin.mixin.mixin_argument.MixinArgumentDecorator object at 0x7a78c4394820>, verb_extension=<colcon_core.verb.build.BuildVerb object at 0x7a78c43941c0>, main=<bound method BuildVerb.main of <colcon_core.verb.build.BuildVerb object at 0x7a78c43941c0>>, mixin_verb=('build',))
[0.096s] Level 1:colcon.colcon_core.package_discovery:discover_packages(colcon_meta) check parameters
[0.096s] Level 1:colcon.colcon_core.package_discovery:discover_packages(recursive) check parameters
[0.096s] Level 1:colcon.colcon_core.package_discovery:discover_packages(ignore) check parameters
[0.096s] Level 1:colcon.colcon_core.package_discovery:discover_packages(path) check parameters
[0.096s] Level 1:colcon.colcon_core.package_discovery:discover_packages(colcon_meta) discover
[0.096s] Level 1:colcon.colcon_core.package_discovery:discover_packages(recursive) discover
[0.096s] INFO:colcon.colcon_core.package_discovery:Crawling recursively for packages in '/ros2_ws'
[0.096s] Level 1:colcon.colcon_core.package_identification:_identify(.) by extensions ['ignore', 'ignore_ament_install']
[0.096s] Level 1:colcon.colcon_core.package_identification:_identify(.) by extension 'ignore'
[0.096s] Level 1:colcon.colcon_core.package_identification:_identify(.) by extension 'ignore_ament_install'
[0.096s] Level 1:colcon.colcon_core.package_identification:_identify(.) by extensions ['colcon_pkg']
[0.096s] Level 1:colcon.colcon_core.package_identification:_identify(.) by extension 'colcon_pkg'
[0.096s] Level 1:colcon.colcon_core.package_identification:_identify(.) by extensions ['colcon_meta']
[0.096s] Level 1:colcon.colcon_core.package_identification:_identify(.) by extension 'colcon_meta'
[0.096s] Level 1:colcon.colcon_core.package_identification:_identify(.) by extensions ['ros']
[0.096s] Level 1:colcon.colcon_core.package_identification:_identify(.) by extension 'ros'
[0.101s] Level 1:colcon.colcon_core.package_identification:_identify(.) by extensions ['cmake', 'python']
[0.101s] Level 1:colcon.colcon_core.package_identification:_identify(.) by extension 'cmake'
[0.101s] Level 1:colcon.colcon_core.package_identification:_identify(.) by extension 'python'
[0.101s] Level 1:colcon.colcon_core.package_identification:_identify(.) by extensions ['python_setup_py']
[0.101s] Level 1:colcon.colcon_core.package_identification:_identify(.) by extension 'python_setup_py'
[0.101s] Level 1:colcon.colcon_core.package_identification:_identify(build) by extensions ['ignore', 'ignore_ament_install']
[0.101s] Level 1:colcon.colcon_core.package_identification:_identify(build) by extension 'ignore'
[0.101s] Level 1:colcon.colcon_core.package_identification:_identify(build) ignored
[0.102s] Level 1:colcon.colcon_core.package_identification:_identify(docker) by extensions ['ignore', 'ignore_ament_install']
[0.102s] Level 1:colcon.colcon_core.package_identification:_identify(docker) by extension 'ignore'
[0.102s] Level 1:colcon.colcon_core.package_identification:_identify(docker) by extension 'ignore_ament_install'
[0.102s] Level 1:colcon.colcon_core.package_identification:_identify(docker) by extensions ['colcon_pkg']
[0.102s] Level 1:colcon.colcon_core.package_identification:_identify(docker) by extension 'colcon_pkg'
[0.102s] Level 1:colcon.colcon_core.package_identification:_identify(docker) by extensions ['colcon_meta']
[0.102s] Level 1:colcon.colcon_core.package_identification:_identify(docker) by extension 'colcon_meta'
[0.102s] Level 1:colcon.colcon_core.package_identification:_identify(docker) by extensions ['ros']
[0.102s] Level 1:colcon.colcon_core.package_identification:_identify(docker) by extension 'ros'
[0.102s] Level 1:colcon.colcon_core.package_identification:_identify(docker) by extensions ['cmake', 'python']
[0.102s] Level 1:colcon.colcon_core.package_identification:_identify(docker) by extension 'cmake'
[0.102s] Level 1:colcon.colcon_core.package_identification:_identify(docker) by extension 'python'
[0.102s] Level 1:colcon.colcon_core.package_identification:_identify(docker) by extensions ['python_setup_py']
[0.102s] Level 1:colcon.colcon_core.package_identification:_identify(docker) by extension 'python_setup_py'
[0.102s] Level 1:colcon.colcon_core.package_identification:_identify(docker/dockerfiles) by extensions ['ignore', 'ignore_ament_install']
[0.102s] Level 1:colcon.colcon_core.package_identification:_identify(docker/dockerfiles) by extension 'ignore'
[0.102s] Level 1:colcon.colcon_core.package_identification:_identify(docker/dockerfiles) by extension 'ignore_ament_install'
[0.102s] Level 1:colcon.colcon_core.package_identification:_identify(docker/dockerfiles) by extensions ['colcon_pkg']
[0.102s] Level 1:colcon.colcon_core.package_identification:_identify(docker/dockerfiles) by extension 'colcon_pkg'
[0.102s] Level 1:colcon.colcon_core.package_identification:_identify(docker/dockerfiles) by extensions ['colcon_meta']
[0.102s] Level 1:colcon.colcon_core.package_identification:_identify(docker/dockerfiles) by extension 'colcon_meta'
[0.102s] Level 1:colcon.colcon_core.package_identification:_identify(docker/dockerfiles) by extensions ['ros']
[0.102s] Level 1:colcon.colcon_core.package_identification:_identify(docker/dockerfiles) by extension 'ros'
[0.102s] Level 1:colcon.colcon_core.package_identification:_identify(docker/dockerfiles) by extensions ['cmake', 'python']
[0.102s] Level 1:colcon.colcon_core.package_identification:_identify(docker/dockerfiles) by extension 'cmake'
[0.102s] Level 1:colcon.colcon_core.package_identification:_identify(docker/dockerfiles) by extension 'python'
[0.102s] Level 1:colcon.colcon_core.package_identification:_identify(docker/dockerfiles) by extensions ['python_setup_py']
[0.102s] Level 1:colcon.colcon_core.package_identification:_identify(docker/dockerfiles) by extension 'python_setup_py'
[0.102s] Level 1:colcon.colcon_core.package_identification:_identify(docker/dockerfiles/laptop) by extensions ['ignore', 'ignore_ament_install']
[0.102s] Level 1:colcon.colcon_core.package_identification:_identify(docker/dockerfiles/laptop) by extension 'ignore'
[0.102s] Level 1:colcon.colcon_core.package_identification:_identify(docker/dockerfiles/laptop) by extension 'ignore_ament_install'
[0.102s] Level 1:colcon.colcon_core.package_identification:_identify(docker/dockerfiles/laptop) by extensions ['colcon_pkg']
[0.102s] Level 1:colcon.colcon_core.package_identification:_identify(docker/dockerfiles/laptop) by extension 'colcon_pkg'
[0.102s] Level 1:colcon.colcon_core.package_identification:_identify(docker/dockerfiles/laptop) by extensions ['colcon_meta']
[0.102s] Level 1:colcon.colcon_core.package_identification:_identify(docker/dockerfiles/laptop) by extension 'colcon_meta'
[0.102s] Level 1:colcon.colcon_core.package_identification:_identify(docker/dockerfiles/laptop) by extensions ['ros']
[0.102s] Level 1:colcon.colcon_core.package_identification:_identify(docker/dockerfiles/laptop) by extension 'ros'
[0.102s] Level 1:colcon.colcon_core.package_identification:_identify(docker/dockerfiles/laptop) by extensions ['cmake', 'python']
[0.102s] Level 1:colcon.colcon_core.package_identification:_identify(docker/dockerfiles/laptop) by extension 'cmake'
[0.102s] Level 1:colcon.colcon_core.package_identification:_identify(docker/dockerfiles/laptop) by extension 'python'
[0.102s] Level 1:colcon.colcon_core.package_identification:_identify(docker/dockerfiles/laptop) by extensions ['python_setup_py']
[0.102s] Level 1:colcon.colcon_core.package_identification:_identify(docker/dockerfiles/laptop) by extension 'python_setup_py'
[0.102s] Level 1:colcon.colcon_core.package_identification:_identify(docker/dockerfiles/robot) by extensions ['ignore', 'ignore_ament_install']
[0.102s] Level 1:colcon.colcon_core.package_identification:_identify(docker/dockerfiles/robot) by extension 'ignore'
[0.102s] Level 1:colcon.colcon_core.package_identification:_identify(docker/dockerfiles/robot) by extension 'ignore_ament_install'
[0.102s] Level 1:colcon.colcon_core.package_identification:_identify(docker/dockerfiles/robot) by extensions ['colcon_pkg']
[0.102s] Level 1:colcon.colcon_core.package_identification:_identify(docker/dockerfiles/robot) by extension 'colcon_pkg'
[0.103s] Level 1:colcon.colcon_core.package_identification:_identify(docker/dockerfiles/robot) by extensions ['colcon_meta']
[0.103s] Level 1:colcon.colcon_core.package_identification:_identify(docker/dockerfiles/robot) by extension 'colcon_meta'
[0.103s] Level 1:colcon.colcon_core.package_identification:_identify(docker/dockerfiles/robot) by extensions ['ros']
[0.103s] Level 1:colcon.colcon_core.package_identification:_identify(docker/dockerfiles/robot) by extension 'ros'
[0.103s] Level 1:colcon.colcon_core.package_identification:_identify(docker/dockerfiles/robot) by extensions ['cmake', 'python']
[0.103s] Level 1:colcon.colcon_core.package_identification:_identify(docker/dockerfiles/robot) by extension 'cmake'
[0.103s] Level 1:colcon.colcon_core.package_identification:_identify(docker/dockerfiles/robot) by extension 'python'
[0.103s] Level 1:colcon.colcon_core.package_identification:_identify(docker/dockerfiles/robot) by extensions ['python_setup_py']
[0.103s] Level 1:colcon.colcon_core.package_identification:_identify(docker/dockerfiles/robot) by extension 'python_setup_py'
[0.103s] Level 1:colcon.colcon_core.package_identification:_identify(install) by extensions ['ignore', 'ignore_ament_install']
[0.103s] Level 1:colcon.colcon_core.package_identification:_identify(install) by extension 'ignore'
[0.103s] Level 1:colcon.colcon_core.package_identification:_identify(install) ignored
[0.103s] Level 1:colcon.colcon_core.package_identification:_identify(log) by extensions ['ignore', 'ignore_ament_install']
[0.103s] Level 1:colcon.colcon_core.package_identification:_identify(log) by extension 'ignore'
[0.103s] Level 1:colcon.colcon_core.package_identification:_identify(log) ignored
[0.103s] Level 1:colcon.colcon_core.package_identification:_identify(scripts) by extensions ['ignore', 'ignore_ament_install']
[0.103s] Level 1:colcon.colcon_core.package_identification:_identify(scripts) by extension 'ignore'
[0.103s] Level 1:colcon.colcon_core.package_identification:_identify(scripts) by extension 'ignore_ament_install'
[0.103s] Level 1:colcon.colcon_core.package_identification:_identify(scripts) by extensions ['colcon_pkg']
[0.103s] Level 1:colcon.colcon_core.package_identification:_identify(scripts) by extension 'colcon_pkg'
[0.103s] Level 1:colcon.colcon_core.package_identification:_identify(scripts) by extensions ['colcon_meta']
[0.103s] Level 1:colcon.colcon_core.package_identification:_identify(scripts) by extension 'colcon_meta'
[0.103s] Level 1:colcon.colcon_core.package_identification:_identify(scripts) by extensions ['ros']
[0.103s] Level 1:colcon.colcon_core.package_identification:_identify(scripts) by extension 'ros'
[0.103s] Level 1:colcon.colcon_core.package_identification:_identify(scripts) by extensions ['cmake', 'python']
[0.103s] Level 1:colcon.colcon_core.package_identification:_identify(scripts) by extension 'cmake'
[0.103s] Level 1:colcon.colcon_core.package_identification:_identify(scripts) by extension 'python'
[0.103s] Level 1:colcon.colcon_core.package_identification:_identify(scripts) by extensions ['python_setup_py']
[0.103s] Level 1:colcon.colcon_core.package_identification:_identify(scripts) by extension 'python_setup_py'
[0.103s] Level 1:colcon.colcon_core.package_identification:_identify(scripts/sessions_laptop) by extensions ['ignore', 'ignore_ament_install']
[0.103s] Level 1:colcon.colcon_core.package_identification:_identify(scripts/sessions_laptop) by extension 'ignore'
[0.103s] Level 1:colcon.colcon_core.package_identification:_identify(scripts/sessions_laptop) by extension 'ignore_ament_install'
[0.103s] Level 1:colcon.colcon_core.package_identification:_identify(scripts/sessions_laptop) by extensions ['colcon_pkg']
[0.103s] Level 1:colcon.colcon_core.package_identification:_identify(scripts/sessions_laptop) by extension 'colcon_pkg'
[0.103s] Level 1:colcon.colcon_core.package_identification:_identify(scripts/sessions_laptop) by extensions ['colcon_meta']
[0.103s] Level 1:colcon.colcon_core.package_identification:_identify(scripts/sessions_laptop) by extension 'colcon_meta'
[0.103s] Level 1:colcon.colcon_core.package_identification:_identify(scripts/sessions_laptop) by extensions ['ros']
[0.103s] Level 1:colcon.colcon_core.package_identification:_identify(scripts/sessions_laptop) by extension 'ros'
[0.103s] Level 1:colcon.colcon_core.package_identification:_identify(scripts/sessions_laptop) by extensions ['cmake', 'python']
[0.103s] Level 1:colcon.colcon_core.package_identification:_identify(scripts/sessions_laptop) by extension 'cmake'
[0.103s] Level 1:colcon.colcon_core.package_identification:_identify(scripts/sessions_laptop) by extension 'python'
[0.103s] Level 1:colcon.colcon_core.package_identification:_identify(scripts/sessions_laptop) by extensions ['python_setup_py']
[0.103s] Level 1:colcon.colcon_core.package_identification:_identify(scripts/sessions_laptop) by extension 'python_setup_py'
[0.103s] Level 1:colcon.colcon_core.package_identification:_identify(scripts/sessions_laptop/utils) by extensions ['ignore', 'ignore_ament_install']
[0.103s] Level 1:colcon.colcon_core.package_identification:_identify(scripts/sessions_laptop/utils) by extension 'ignore'
[0.103s] Level 1:colcon.colcon_core.package_identification:_identify(scripts/sessions_laptop/utils) by extension 'ignore_ament_install'
[0.104s] Level 1:colcon.colcon_core.package_identification:_identify(scripts/sessions_laptop/utils) by extensions ['colcon_pkg']
[0.104s] Level 1:colcon.colcon_core.package_identification:_identify(scripts/sessions_laptop/utils) by extension 'colcon_pkg'
[0.104s] Level 1:colcon.colcon_core.package_identification:_identify(scripts/sessions_laptop/utils) by extensions ['colcon_meta']
[0.104s] Level 1:colcon.colcon_core.package_identification:_identify(scripts/sessions_laptop/utils) by extension 'colcon_meta'
[0.104s] Level 1:colcon.colcon_core.package_identification:_identify(scripts/sessions_laptop/utils) by extensions ['ros']
[0.104s] Level 1:colcon.colcon_core.package_identification:_identify(scripts/sessions_laptop/utils) by extension 'ros'
[0.104s] Level 1:colcon.colcon_core.package_identification:_identify(scripts/sessions_laptop/utils) by extensions ['cmake', 'python']
[0.104s] Level 1:colcon.colcon_core.package_identification:_identify(scripts/sessions_laptop/utils) by extension 'cmake'
[0.104s] Level 1:colcon.colcon_core.package_identification:_identify(scripts/sessions_laptop/utils) by extension 'python'
[0.104s] Level 1:colcon.colcon_core.package_identification:_identify(scripts/sessions_laptop/utils) by extensions ['python_setup_py']
[0.104s] Level 1:colcon.colcon_core.package_identification:_identify(scripts/sessions_laptop/utils) by extension 'python_setup_py'
[0.104s] Level 1:colcon.colcon_core.package_identification:_identify(scripts/sessions_robot) by extensions ['ignore', 'ignore_ament_install']
[0.104s] Level 1:colcon.colcon_core.package_identification:_identify(scripts/sessions_robot) by extension 'ignore'
[0.104s] Level 1:colcon.colcon_core.package_identification:_identify(scripts/sessions_robot) by extension 'ignore_ament_install'
[0.104s] Level 1:colcon.colcon_core.package_identification:_identify(scripts/sessions_robot) by extensions ['colcon_pkg']
[0.104s] Level 1:colcon.colcon_core.package_identification:_identify(scripts/sessions_robot) by extension 'colcon_pkg'
[0.104s] Level 1:colcon.colcon_core.package_identification:_identify(scripts/sessions_robot) by extensions ['colcon_meta']
[0.104s] Level 1:colcon.colcon_core.package_identification:_identify(scripts/sessions_robot) by extension 'colcon_meta'
[0.104s] Level 1:colcon.colcon_core.package_identification:_identify(scripts/sessions_robot) by extensions ['ros']
[0.104s] Level 1:colcon.colcon_core.package_identification:_identify(scripts/sessions_robot) by extension 'ros'
[0.104s] Level 1:colcon.colcon_core.package_identification:_identify(scripts/sessions_robot) by extensions ['cmake', 'python']
[0.104s] Level 1:colcon.colcon_core.package_identification:_identify(scripts/sessions_robot) by extension 'cmake'
[0.104s] Level 1:colcon.colcon_core.package_identification:_identify(scripts/sessions_robot) by extension 'python'
[0.104s] Level 1:colcon.colcon_core.package_identification:_identify(scripts/sessions_robot) by extensions ['python_setup_py']
[0.104s] Level 1:colcon.colcon_core.package_identification:_identify(scripts/sessions_robot) by extension 'python_setup_py'
[0.104s] Level 1:colcon.colcon_core.package_identification:_identify(scripts/sessions_robot/utils) by extensions ['ignore', 'ignore_ament_install']
[0.104s] Level 1:colcon.colcon_core.package_identification:_identify(scripts/sessions_robot/utils) by extension 'ignore'
[0.104s] Level 1:colcon.colcon_core.package_identification:_identify(scripts/sessions_robot/utils) by extension 'ignore_ament_install'
[0.104s] Level 1:colcon.colcon_core.package_identification:_identify(scripts/sessions_robot/utils) by extensions ['colcon_pkg']
[0.104s] Level 1:colcon.colcon_core.package_identification:_identify(scripts/sessions_robot/utils) by extension 'colcon_pkg'
[0.104s] Level 1:colcon.colcon_core.package_identification:_identify(scripts/sessions_robot/utils) by extensions ['colcon_meta']
[0.104s] Level 1:colcon.colcon_core.package_identification:_identify(scripts/sessions_robot/utils) by extension 'colcon_meta'
[0.104s] Level 1:colcon.colcon_core.package_identification:_identify(scripts/sessions_robot/utils) by extensions ['ros']
[0.104s] Level 1:colcon.colcon_core.package_identification:_identify(scripts/sessions_robot/utils) by extension 'ros'
[0.104s] Level 1:colcon.colcon_core.package_identification:_identify(scripts/sessions_robot/utils) by extensions ['cmake', 'python']
[0.104s] Level 1:colcon.colcon_core.package_identification:_identify(scripts/sessions_robot/utils) by extension 'cmake'
[0.104s] Level 1:colcon.colcon_core.package_identification:_identify(scripts/sessions_robot/utils) by extension 'python'
[0.104s] Level 1:colcon.colcon_core.package_identification:_identify(scripts/sessions_robot/utils) by extensions ['python_setup_py']
[0.104s] Level 1:colcon.colcon_core.package_identification:_identify(scripts/sessions_robot/utils) by extension 'python_setup_py'
[0.104s] Level 1:colcon.colcon_core.package_identification:_identify(src) by extensions ['ignore', 'ignore_ament_install']
[0.104s] Level 1:colcon.colcon_core.package_identification:_identify(src) by extension 'ignore'
[0.104s] Level 1:colcon.colcon_core.package_identification:_identify(src) by extension 'ignore_ament_install'
[0.104s] Level 1:colcon.colcon_core.package_identification:_identify(src) by extensions ['colcon_pkg']
[0.104s] Level 1:colcon.colcon_core.package_identification:_identify(src) by extension 'colcon_pkg'
[0.104s] Level 1:colcon.colcon_core.package_identification:_identify(src) by extensions ['colcon_meta']
[0.104s] Level 1:colcon.colcon_core.package_identification:_identify(src) by extension 'colcon_meta'
[0.104s] Level 1:colcon.colcon_core.package_identification:_identify(src) by extensions ['ros']
[0.104s] Level 1:colcon.colcon_core.package_identification:_identify(src) by extension 'ros'
[0.104s] Level 1:colcon.colcon_core.package_identification:_identify(src) by extensions ['cmake', 'python']
[0.104s] Level 1:colcon.colcon_core.package_identification:_identify(src) by extension 'cmake'
[0.104s] Level 1:colcon.colcon_core.package_identification:_identify(src) by extension 'python'
[0.104s] Level 1:colcon.colcon_core.package_identification:_identify(src) by extensions ['python_setup_py']
[0.104s] Level 1:colcon.colcon_core.package_identification:_identify(src) by extension 'python_setup_py'
[0.104s] Level 1:colcon.colcon_core.package_identification:_identify(src/fb_drivers) by extensions ['ignore', 'ignore_ament_install']
[0.104s] Level 1:colcon.colcon_core.package_identification:_identify(src/fb_drivers) by extension 'ignore'
[0.104s] Level 1:colcon.colcon_core.package_identification:_identify(src/fb_drivers) by extension 'ignore_ament_install'
[0.104s] Level 1:colcon.colcon_core.package_identification:_identify(src/fb_drivers) by extensions ['colcon_pkg']
[0.104s] Level 1:colcon.colcon_core.package_identification:_identify(src/fb_drivers) by extension 'colcon_pkg'
[0.105s] Level 1:colcon.colcon_core.package_identification:_identify(src/fb_drivers) by extensions ['colcon_meta']
[0.105s] Level 1:colcon.colcon_core.package_identification:_identify(src/fb_drivers) by extension 'colcon_meta'
[0.105s] Level 1:colcon.colcon_core.package_identification:_identify(src/fb_drivers) by extensions ['ros']
[0.105s] Level 1:colcon.colcon_core.package_identification:_identify(src/fb_drivers) by extension 'ros'
[0.106s] DEBUG:colcon.colcon_core.package_identification:Package 'src/fb_drivers' with type 'ros.ament_python' and name 'fb_drivers'
[0.106s] Level 1:colcon.colcon_core.package_identification:_identify(src/fb_gazebo) by extensions ['ignore', 'ignore_ament_install']
[0.106s] Level 1:colcon.colcon_core.package_identification:_identify(src/fb_gazebo) by extension 'ignore'
[0.106s] Level 1:colcon.colcon_core.package_identification:_identify(src/fb_gazebo) by extension 'ignore_ament_install'
[0.106s] Level 1:colcon.colcon_core.package_identification:_identify(src/fb_gazebo) by extensions ['colcon_pkg']
[0.106s] Level 1:colcon.colcon_core.package_identification:_identify(src/fb_gazebo) by extension 'colcon_pkg'
[0.106s] Level 1:colcon.colcon_core.package_identification:_identify(src/fb_gazebo) by extensions ['colcon_meta']
[0.106s] Level 1:colcon.colcon_core.package_identification:_identify(src/fb_gazebo) by extension 'colcon_meta'
[0.106s] Level 1:colcon.colcon_core.package_identification:_identify(src/fb_gazebo) by extensions ['ros']
[0.106s] Level 1:colcon.colcon_core.package_identification:_identify(src/fb_gazebo) by extension 'ros'
[0.107s] DEBUG:colcon.colcon_core.package_identification:Package 'src/fb_gazebo' with type 'ros.ament_python' and name 'fb_gazebo'
[0.107s] Level 1:colcon.colcon_core.package_identification:_identify(src/fb_manipulation) by extensions ['ignore', 'ignore_ament_install']
[0.107s] Level 1:colcon.colcon_core.package_identification:_identify(src/fb_manipulation) by extension 'ignore'
[0.107s] Level 1:colcon.colcon_core.package_identification:_identify(src/fb_manipulation) by extension 'ignore_ament_install'
[0.107s] Level 1:colcon.colcon_core.package_identification:_identify(src/fb_manipulation) by extensions ['colcon_pkg']
[0.107s] Level 1:colcon.colcon_core.package_identification:_identify(src/fb_manipulation) by extension 'colcon_pkg'
[0.107s] Level 1:colcon.colcon_core.package_identification:_identify(src/fb_manipulation) by extensions ['colcon_meta']
[0.107s] Level 1:colcon.colcon_core.package_identification:_identify(src/fb_manipulation) by extension 'colcon_meta'
[0.107s] Level 1:colcon.colcon_core.package_identification:_identify(src/fb_manipulation) by extensions ['ros']
[0.107s] Level 1:colcon.colcon_core.package_identification:_identify(src/fb_manipulation) by extension 'ros'
[0.107s] DEBUG:colcon.colcon_core.package_identification:Package 'src/fb_manipulation' with type 'ros.ament_python' and name 'fb_manipulation'
[0.107s] Level 1:colcon.colcon_core.package_identification:_identify(src/fb_mobility) by extensions ['ignore', 'ignore_ament_install']
[0.107s] Level 1:colcon.colcon_core.package_identification:_identify(src/fb_mobility) by extension 'ignore'
[0.107s] Level 1:colcon.colcon_core.package_identification:_identify(src/fb_mobility) by extension 'ignore_ament_install'
[0.107s] Level 1:colcon.colcon_core.package_identification:_identify(src/fb_mobility) by extensions ['colcon_pkg']
[0.107s] Level 1:colcon.colcon_core.package_identification:_identify(src/fb_mobility) by extension 'colcon_pkg'
[0.107s] Level 1:colcon.colcon_core.package_identification:_identify(src/fb_mobility) by extensions ['colcon_meta']
[0.107s] Level 1:colcon.colcon_core.package_identification:_identify(src/fb_mobility) by extension 'colcon_meta'
[0.107s] Level 1:colcon.colcon_core.package_identification:_identify(src/fb_mobility) by extensions ['ros']
[0.107s] Level 1:colcon.colcon_core.package_identification:_identify(src/fb_mobility) by extension 'ros'
[0.108s] DEBUG:colcon.colcon_core.package_identification:Package 'src/fb_mobility' with type 'ros.ament_python' and name 'fb_mobility'
[0.108s] Level 1:colcon.colcon_core.package_identification:_identify(src/fb_planning) by extensions ['ignore', 'ignore_ament_install']
[0.108s] Level 1:colcon.colcon_core.package_identification:_identify(src/fb_planning) by extension 'ignore'
[0.108s] Level 1:colcon.colcon_core.package_identification:_identify(src/fb_planning) by extension 'ignore_ament_install'
[0.108s] Level 1:colcon.colcon_core.package_identification:_identify(src/fb_planning) by extensions ['colcon_pkg']
[0.108s] Level 1:colcon.colcon_core.package_identification:_identify(src/fb_planning) by extension 'colcon_pkg'
[0.108s] Level 1:colcon.colcon_core.package_identification:_identify(src/fb_planning) by extensions ['colcon_meta']
[0.108s] Level 1:colcon.colcon_core.package_identification:_identify(src/fb_planning) by extension 'colcon_meta'
[0.108s] Level 1:colcon.colcon_core.package_identification:_identify(src/fb_planning) by extensions ['ros']
[0.108s] Level 1:colcon.colcon_core.package_identification:_identify(src/fb_planning) by extension 'ros'
[0.108s] DEBUG:colcon.colcon_core.package_identification:Package 'src/fb_planning' with type 'ros.ament_python' and name 'fb_planning'
[0.108s] Level 1:colcon.colcon_core.package_identification:_identify(src/fb_utils) by extensions ['ignore', 'ignore_ament_install']
[0.108s] Level 1:colcon.colcon_core.package_identification:_identify(src/fb_utils) by extension 'ignore'
[0.108s] Level 1:colcon.colcon_core.package_identification:_identify(src/fb_utils) by extension 'ignore_ament_install'
[0.108s] Level 1:colcon.colcon_core.package_identification:_identify(src/fb_utils) by extensions ['colcon_pkg']
[0.108s] Level 1:colcon.colcon_core.package_identification:_identify(src/fb_utils) by extension 'colcon_pkg'
[0.108s] Level 1:colcon.colcon_core.package_identification:_identify(src/fb_utils) by extensions ['colcon_meta']
[0.108s] Level 1:colcon.colcon_core.package_identification:_identify(src/fb_utils) by extension 'colcon_meta'
[0.108s] Level 1:colcon.colcon_core.package_identification:_identify(src/fb_utils) by extensions ['ros']
[0.108s] Level 1:colcon.colcon_core.package_identification:_identify(src/fb_utils) by extension 'ros'
[0.108s] DEBUG:colcon.colcon_core.package_identification:Package 'src/fb_utils' with type 'ros.ament_python' and name 'fb_utils'
[0.108s] Level 1:colcon.colcon_core.package_identification:_identify(src/fb_vision) by extensions ['ignore', 'ignore_ament_install']
[0.108s] Level 1:colcon.colcon_core.package_identification:_identify(src/fb_vision) by extension 'ignore'
[0.108s] Level 1:colcon.colcon_core.package_identification:_identify(src/fb_vision) by extension 'ignore_ament_install'
[0.108s] Level 1:colcon.colcon_core.package_identification:_identify(src/fb_vision) by extensions ['colcon_pkg']
[0.108s] Level 1:colcon.colcon_core.package_identification:_identify(src/fb_vision) by extension 'colcon_pkg'
[0.108s] Level 1:colcon.colcon_core.package_identification:_identify(src/fb_vision) by extensions ['colcon_meta']
[0.108s] Level 1:colcon.colcon_core.package_identification:_identify(src/fb_vision) by extension 'colcon_meta'
[0.108s] Level 1:colcon.colcon_core.package_identification:_identify(src/fb_vision) by extensions ['ros']
[0.109s] Level 1:colcon.colcon_core.package_identification:_identify(src/fb_vision) by extension 'ros'
[0.109s] DEBUG:colcon.colcon_core.package_identification:Package 'src/fb_vision' with type 'ros.ament_python' and name 'fb_vision'
[0.109s] Level 1:colcon.colcon_core.package_discovery:discover_packages(recursive) using defaults
[0.109s] Level 1:colcon.colcon_core.package_discovery:discover_packages(ignore) discover
[0.109s] Level 1:colcon.colcon_core.package_discovery:discover_packages(ignore) using defaults
[0.109s] Level 1:colcon.colcon_core.package_discovery:discover_packages(path) discover
[0.109s] Level 1:colcon.colcon_core.package_discovery:discover_packages(path) using defaults
[0.120s] INFO:colcon.colcon_core.package_selection:Skipping not selected package 'fb_drivers' in 'src/fb_drivers'
[0.120s] INFO:colcon.colcon_core.package_selection:Skipping not selected package 'fb_gazebo' in 'src/fb_gazebo'
[0.120s] INFO:colcon.colcon_core.package_selection:Skipping not selected package 'fb_mobility' in 'src/fb_mobility'
[0.120s] INFO:colcon.colcon_core.package_selection:Skipping not selected package 'fb_planning' in 'src/fb_planning'
[0.120s] INFO:colcon.colcon_core.package_selection:Skipping not selected package 'fb_utils' in 'src/fb_utils'
[0.120s] INFO:colcon.colcon_core.package_selection:Skipping not selected package 'fb_vision' in 'src/fb_vision'
[0.120s] Level 5:colcon.colcon_core.verb:set package 'fb_manipulation' build argument 'cmake_args' from command line to 'None'
[0.120s] Level 5:colcon.colcon_core.verb:set package 'fb_manipulation' build argument 'cmake_target' from command line to 'None'
[0.120s] Level 5:colcon.colcon_core.verb:set package 'fb_manipulation' build argument 'cmake_target_skip_unavailable' from command line to 'False'
[0.120s] Level 5:colcon.colcon_core.verb:set package 'fb_manipulation' build argument 'cmake_clean_cache' from command line to 'False'
[0.120s] Level 5:colcon.colcon_core.verb:set package 'fb_manipulation' build argument 'cmake_clean_first' from command line to 'False'
[0.120s] Level 5:colcon.colcon_core.verb:set package 'fb_manipulation' build argument 'cmake_force_configure' from command line to 'False'
[0.120s] Level 5:colcon.colcon_core.verb:set package 'fb_manipulation' build argument 'ament_cmake_args' from command line to 'None'
[0.120s] Level 5:colcon.colcon_core.verb:set package 'fb_manipulation' build argument 'catkin_cmake_args' from command line to 'None'
[0.120s] Level 5:colcon.colcon_core.verb:set package 'fb_manipulation' build argument 'catkin_skip_building_tests' from command line to 'False'
[0.120s] DEBUG:colcon.colcon_core.verb:Building package 'fb_manipulation' with the following arguments: {'ament_cmake_args': None, 'build_base': '/ros2_ws/build/fb_manipulation', 'catkin_cmake_args': None, 'catkin_skip_building_tests': False, 'cmake_args': None, 'cmake_clean_cache': False, 'cmake_clean_first': False, 'cmake_force_configure': False, 'cmake_target': None, 'cmake_target_skip_unavailable': False, 'install_base': '/ros2_ws/install/fb_manipulation', 'merge_install': False, 'path': '/ros2_ws/src/fb_manipulation', 'symlink_install': True, 'test_result_base': None}
[0.120s] INFO:colcon.colcon_core.executor:Executing jobs using 'parallel' executor
[0.121s] DEBUG:colcon.colcon_parallel_executor.executor.parallel:run_until_complete
[0.121s] INFO:colcon.colcon_ros.task.ament_python.build:Building ROS package in '/ros2_ws/src/fb_manipulation' with build type 'ament_python'
[0.121s] Level 1:colcon.colcon_core.shell:create_environment_hook('fb_manipulation', 'ament_prefix_path')
[0.122s] INFO:colcon.colcon_core.plugin_system:Skipping extension 'colcon_core.shell.bat': Not used on non-Windows systems
[0.122s] INFO:colcon.colcon_core.shell:Creating environment hook '/ros2_ws/install/fb_manipulation/share/fb_manipulation/hook/ament_prefix_path.ps1'
[0.123s] INFO:colcon.colcon_core.shell:Creating environment descriptor '/ros2_ws/install/fb_manipulation/share/fb_manipulation/hook/ament_prefix_path.dsv'
[0.123s] INFO:colcon.colcon_core.shell:Creating environment hook '/ros2_ws/install/fb_manipulation/share/fb_manipulation/hook/ament_prefix_path.sh'
[0.123s] INFO:colcon.colcon_core.shell:Skip shell extension 'powershell' for command environment: Not usable outside of PowerShell
[0.123s] DEBUG:colcon.colcon_core.shell:Skip shell extension 'dsv' for command environment
[0.235s] DEBUG:colcon.colcon_parallel_executor.executor.parallel:closing loop
[0.235s] DEBUG:colcon.colcon_parallel_executor.executor.parallel:loop closed
[0.235s] DEBUG:colcon.colcon_parallel_executor.executor.parallel:run_until_complete finished with 'expected str, bytes or os.PathLike object, not list'
[0.235s] DEBUG:colcon.colcon_core.event_reactor:joining thread
[0.239s] INFO:colcon.colcon_core.plugin_system:Skipping extension 'colcon_notification.desktop_notification.notify_send': Could not find 'notify-send'
[0.239s] INFO:colcon.colcon_core.plugin_system:Skipping extension 'colcon_notification.desktop_notification.terminal_notifier': Not used on non-Darwin systems
[0.239s] INFO:colcon.colcon_core.plugin_system:Skipping extension 'colcon_notification.desktop_notification.win32': Not used on non-Windows systems
[0.239s] INFO:colcon.colcon_notification.desktop_notification:Sending desktop notification using 'notify2'
[0.239s] DEBUG:colcon.colcon_notification.desktop_notification.notify2:Failed to initialize notify2: org.freedesktop.DBus.Error.NotSupported: Unable to autolaunch a dbus-daemon without a $DISPLAY for X11
[0.239s] DEBUG:colcon.colcon_core.event_reactor:joined thread
[0.239s] INFO:colcon.colcon_core.shell:Creating prefix script '/ros2_ws/install/local_setup.ps1'
[0.240s] INFO:colcon.colcon_core.shell:Creating prefix util module '/ros2_ws/install/_local_setup_util_ps1.py'
[0.241s] INFO:colcon.colcon_core.shell:Creating prefix chain script '/ros2_ws/install/setup.ps1'
[0.241s] INFO:colcon.colcon_core.shell:Creating prefix script '/ros2_ws/install/local_setup.sh'
[0.241s] INFO:colcon.colcon_core.shell:Creating prefix util module '/ros2_ws/install/_local_setup_util_sh.py'
[0.242s] INFO:colcon.colcon_core.shell:Creating prefix chain script '/ros2_ws/install/setup.sh'
[0.242s] INFO:colcon.colcon_core.shell:Creating prefix script '/ros2_ws/install/local_setup.bash'
[0.242s] INFO:colcon.colcon_core.shell:Creating prefix chain script '/ros2_ws/install/setup.bash'
[0.243s] INFO:colcon.colcon_core.shell:Creating prefix script '/ros2_ws/install/local_setup.zsh'
[0.243s] INFO:colcon.colcon_core.shell:Creating prefix chain script '/ros2_ws/install/setup.zsh'
