running develop
running egg_info
creating fb_mobility.egg-info
writing fb_mobility.egg-info/PKG-INFO
writing dependency_links to fb_mobility.egg-info/dependency_links.txt
writing entry points to fb_mobility.egg-info/entry_points.txt
writing requirements to fb_mobility.egg-info/requires.txt
writing top-level names to fb_mobility.egg-info/top_level.txt
writing manifest file 'fb_mobility.egg-info/SOURCES.txt'
reading manifest file 'fb_mobility.egg-info/SOURCES.txt'
writing manifest file 'fb_mobility.egg-info/SOURCES.txt'
running build_ext
Creating /ros2_ws/install/fb_mobility/lib/python3.10/site-packages/fb-mobility.egg-link (link to .)
Installing diff_drive script to /ros2_ws/install/fb_mobility/lib/fb_mobility

Installed /ros2_ws/build/fb_mobility
running symlink_data
creating /ros2_ws/install/fb_mobility/share/ament_index
creating /ros2_ws/install/fb_mobility/share/ament_index/resource_index
creating /ros2_ws/install/fb_mobility/share/ament_index/resource_index/packages
symbolically linking /ros2_ws/build/fb_mobility/resource/fb_mobility -> /ros2_ws/install/fb_mobility/share/ament_index/resource_index/packages
symbolically linking /ros2_ws/build/fb_mobility/package.xml -> /ros2_ws/install/fb_mobility/share/fb_mobility
creating /ros2_ws/install/fb_mobility/share/fb_mobility/launch
