[0.239s] Invoking command in '/ros2_ws/build/fb_mobility': PYTHONPATH=/ros2_ws/build/fb_mobility/prefix_override:/usr/lib/python3/dist-packages/colcon_core/task/python/colcon_distutils_commands:/ros2_ws/install/fb_mobility/lib/python3.10/site-packages:${PYTHONPATH} /usr/bin/python3 -W ignore:setup.py install is deprecated -W ignore:easy_install command is deprecated setup.py develop --editable --build-directory /ros2_ws/build/fb_mobility/build --no-deps symlink_data
[0.359s] running develop
[0.393s] running egg_info
[0.393s] creating fb_mobility.egg-info
[0.393s] writing fb_mobility.egg-info/PKG-INFO
[0.393s] writing dependency_links to fb_mobility.egg-info/dependency_links.txt
[0.393s] writing entry points to fb_mobility.egg-info/entry_points.txt
[0.393s] writing requirements to fb_mobility.egg-info/requires.txt
[0.393s] writing top-level names to fb_mobility.egg-info/top_level.txt
[0.393s] writing manifest file 'fb_mobility.egg-info/SOURCES.txt'
[0.394s] reading manifest file 'fb_mobility.egg-info/SOURCES.txt'
[0.394s] writing manifest file 'fb_mobility.egg-info/SOURCES.txt'
[0.395s] running build_ext
[0.395s] Creating /ros2_ws/install/fb_mobility/lib/python3.10/site-packages/fb-mobility.egg-link (link to .)
[0.395s] Installing diff_drive script to /ros2_ws/install/fb_mobility/lib/fb_mobility
[0.396s] 
[0.396s] Installed /ros2_ws/build/fb_mobility
[0.396s] running symlink_data
[0.396s] creating /ros2_ws/install/fb_mobility/share/ament_index
[0.396s] creating /ros2_ws/install/fb_mobility/share/ament_index/resource_index
[0.396s] creating /ros2_ws/install/fb_mobility/share/ament_index/resource_index/packages
[0.396s] symbolically linking /ros2_ws/build/fb_mobility/resource/fb_mobility -> /ros2_ws/install/fb_mobility/share/ament_index/resource_index/packages
[0.396s] symbolically linking /ros2_ws/build/fb_mobility/package.xml -> /ros2_ws/install/fb_mobility/share/fb_mobility
[0.396s] creating /ros2_ws/install/fb_mobility/share/fb_mobility/launch
[0.407s] Invoked command in '/ros2_ws/build/fb_mobility' returned '0': PYTHONPATH=/ros2_ws/build/fb_mobility/prefix_override:/usr/lib/python3/dist-packages/colcon_core/task/python/colcon_distutils_commands:/ros2_ws/install/fb_mobility/lib/python3.10/site-packages:${PYTHONPATH} /usr/bin/python3 -W ignore:setup.py install is deprecated -W ignore:easy_install command is deprecated setup.py develop --editable --build-directory /ros2_ws/build/fb_mobility/build --no-deps symlink_data
