[0.292s] Invoking command in '/ros2_ws/build/fb_drivers': PYTHONPATH=/ros2_ws/build/fb_drivers/prefix_override:/usr/lib/python3/dist-packages/colcon_core/task/python/colcon_distutils_commands:/ros2_ws/install/fb_drivers/lib/python3.10/site-packages:${PYTHONPATH} /usr/bin/python3 -W ignore:setup.py install is deprecated -W ignore:easy_install command is deprecated setup.py develop --editable --build-directory /ros2_ws/build/fb_drivers/build --no-deps symlink_data
[0.395s] running develop
[0.431s] running egg_info
[0.432s] writing fb_drivers.egg-info/PKG-INFO
[0.432s] writing dependency_links to fb_drivers.egg-info/dependency_links.txt
[0.432s] writing entry points to fb_drivers.egg-info/entry_points.txt
[0.432s] writing requirements to fb_drivers.egg-info/requires.txt
[0.432s] writing top-level names to fb_drivers.egg-info/top_level.txt
[0.433s] reading manifest file 'fb_drivers.egg-info/SOURCES.txt'
[0.433s] writing manifest file 'fb_drivers.egg-info/SOURCES.txt'
[0.435s] running build_ext
[0.435s] Creating /ros2_ws/install/fb_drivers/lib/python3.10/site-packages/fb-drivers.egg-link (link to .)
[0.435s] Installing arduino_bridge script to /ros2_ws/install/fb_drivers/lib/fb_drivers
[0.435s] 
[0.435s] Installed /ros2_ws/build/fb_drivers
[0.435s] running symlink_data
[0.435s] symbolically linking /ros2_ws/build/fb_drivers/fb_drivers/launch/camera_laptop2.launch.py -> /ros2_ws/install/fb_drivers/share/fb_drivers/launch
[0.435s] symbolically linking /ros2_ws/build/fb_drivers/fb_drivers/launch/arduino_bridge.launch.py -> /ros2_ws/install/fb_drivers/share/fb_drivers/launch
[0.435s] symbolically linking /ros2_ws/build/fb_drivers/fb_drivers/launch/camera_robot2.launch.py -> /ros2_ws/install/fb_drivers/share/fb_drivers/launch
[0.435s] symbolically linking /ros2_ws/build/fb_drivers/fb_drivers/launch/arduino_bridge2.launch.py -> /ros2_ws/install/fb_drivers/share/fb_drivers/launch
[0.436s] symbolically linking /ros2_ws/build/fb_drivers/fb_drivers/launch/camera_laptop1.launch.py -> /ros2_ws/install/fb_drivers/share/fb_drivers/launch
[0.436s] symbolically linking /ros2_ws/build/fb_drivers/fb_drivers/launch/camera_robot1.launch.py -> /ros2_ws/install/fb_drivers/share/fb_drivers/launch
[0.450s] Invoked command in '/ros2_ws/build/fb_drivers' returned '0': PYTHONPATH=/ros2_ws/build/fb_drivers/prefix_override:/usr/lib/python3/dist-packages/colcon_core/task/python/colcon_distutils_commands:/ros2_ws/install/fb_drivers/lib/python3.10/site-packages:${PYTHONPATH} /usr/bin/python3 -W ignore:setup.py install is deprecated -W ignore:easy_install command is deprecated setup.py develop --editable --build-directory /ros2_ws/build/fb_drivers/build --no-deps symlink_data
