[0.315s] Invoking command in '/home/mmliu/Documents/cmu/16450-Capstone/frisbee-software/build/fb_collector': CONDA_PROMPT_MODIFIER=(frisbee_env) PYTHONPATH=/home/mmliu/Documents/cmu/16450-Capstone/frisbee-software/build/fb_collector/prefix_override:/home/mmliu/miniconda3/envs/frisbee_env/lib/python3.10/site-packages/colcon_core/task/python/colcon_distutils_commands:/home/mmliu/Documents/cmu/16450-Capstone/frisbee-software/install/fb_collector/lib/python3.10/site-packages:${PYTHONPATH} /home/mmliu/miniconda3/envs/frisbee_env/bin/python3.10 -W ignore:setup.py install is deprecated -W ignore:easy_install command is deprecated setup.py develop --editable --build-directory /home/mmliu/Documents/cmu/16450-Capstone/frisbee-software/build/fb_collector/build --no-deps symlink_data
[0.449s] running develop
[0.508s] running egg_info
[0.514s] creating fb_collector.egg-info
[0.514s] writing fb_collector.egg-info/PKG-INFO
[0.515s] writing dependency_links to fb_collector.egg-info/dependency_links.txt
[0.515s] writing entry points to fb_collector.egg-info/entry_points.txt
[0.515s] writing requirements to fb_collector.egg-info/requires.txt
[0.516s] writing top-level names to fb_collector.egg-info/top_level.txt
[0.516s] writing manifest file 'fb_collector.egg-info/SOURCES.txt'
[0.531s] reading manifest file 'fb_collector.egg-info/SOURCES.txt'
[0.531s] writing manifest file 'fb_collector.egg-info/SOURCES.txt'
[0.538s] running build_ext
[0.538s] Creating /home/mmliu/Documents/cmu/16450-Capstone/frisbee-software/install/fb_collector/lib/python3.10/site-packages/fb-collector.egg-link (link to .)
[0.538s] Installing collector_node script to /home/mmliu/Documents/cmu/16450-Capstone/frisbee-software/install/fb_collector/lib/fb_collector
[0.539s] 
[0.539s] Installed /home/mmliu/Documents/cmu/16450-Capstone/frisbee-software/build/fb_collector
[0.539s] running symlink_data
[0.539s] creating /home/mmliu/Documents/cmu/16450-Capstone/frisbee-software/install/fb_collector/share/ament_index/resource_index/packages
[0.539s] symbolically linking /home/mmliu/Documents/cmu/16450-Capstone/frisbee-software/build/fb_collector/resource/fb_collector -> /home/mmliu/Documents/cmu/16450-Capstone/frisbee-software/install/fb_collector/share/ament_index/resource_index/packages
[0.539s] symbolically linking /home/mmliu/Documents/cmu/16450-Capstone/frisbee-software/build/fb_collector/package.xml -> /home/mmliu/Documents/cmu/16450-Capstone/frisbee-software/install/fb_collector/share/fb_collector
[0.560s] Invoked command in '/home/mmliu/Documents/cmu/16450-Capstone/frisbee-software/build/fb_collector' returned '0': CONDA_PROMPT_MODIFIER=(frisbee_env) PYTHONPATH=/home/mmliu/Documents/cmu/16450-Capstone/frisbee-software/build/fb_collector/prefix_override:/home/mmliu/miniconda3/envs/frisbee_env/lib/python3.10/site-packages/colcon_core/task/python/colcon_distutils_commands:/home/mmliu/Documents/cmu/16450-Capstone/frisbee-software/install/fb_collector/lib/python3.10/site-packages:${PYTHONPATH} /home/mmliu/miniconda3/envs/frisbee_env/bin/python3.10 -W ignore:setup.py install is deprecated -W ignore:easy_install command is deprecated setup.py develop --editable --build-directory /home/mmliu/Documents/cmu/16450-Capstone/frisbee-software/build/fb_collector/build --no-deps symlink_data
