[0.232s] Invoking command in '/ros2_ws/build/fb_planning': PYTHONPATH=/ros2_ws/build/fb_planning/prefix_override:/usr/lib/python3/dist-packages/colcon_core/task/python/colcon_distutils_commands:/ros2_ws/install/fb_planning/lib/python3.10/site-packages:${PYTHONPATH} /usr/bin/python3 -W ignore:setup.py install is deprecated -W ignore:easy_install command is deprecated setup.py develop --editable --build-directory /ros2_ws/build/fb_planning/build --no-deps symlink_data
[0.313s] running develop
[0.345s] running egg_info
[0.346s] creating fb_planning.egg-info
[0.346s] writing fb_planning.egg-info/PKG-INFO
[0.346s] writing dependency_links to fb_planning.egg-info/dependency_links.txt
[0.346s] writing entry points to fb_planning.egg-info/entry_points.txt
[0.346s] writing requirements to fb_planning.egg-info/requires.txt
[0.347s] writing top-level names to fb_planning.egg-info/top_level.txt
[0.347s] writing manifest file 'fb_planning.egg-info/SOURCES.txt'
[0.347s] reading manifest file 'fb_planning.egg-info/SOURCES.txt'
[0.347s] writing manifest file 'fb_planning.egg-info/SOURCES.txt'
[0.348s] running build_ext
[0.348s] Creating /ros2_ws/install/fb_planning/lib/python3.10/site-packages/fb-planning.egg-link (link to .)
[0.348s] Installing central_planner script to /ros2_ws/install/fb_planning/lib/fb_planning
[0.348s] 
[0.348s] Installed /ros2_ws/build/fb_planning
[0.348s] running symlink_data
[0.348s] creating /ros2_ws/install/fb_planning/share/ament_index
[0.348s] creating /ros2_ws/install/fb_planning/share/ament_index/resource_index
[0.348s] creating /ros2_ws/install/fb_planning/share/ament_index/resource_index/packages
[0.348s] symbolically linking /ros2_ws/build/fb_planning/resource/fb_planning -> /ros2_ws/install/fb_planning/share/ament_index/resource_index/packages
[0.348s] symbolically linking /ros2_ws/build/fb_planning/package.xml -> /ros2_ws/install/fb_planning/share/fb_planning
[0.348s] creating /ros2_ws/install/fb_planning/share/fb_planning/launch
[0.361s] Invoked command in '/ros2_ws/build/fb_planning' returned '0': PYTHONPATH=/ros2_ws/build/fb_planning/prefix_override:/usr/lib/python3/dist-packages/colcon_core/task/python/colcon_distutils_commands:/ros2_ws/install/fb_planning/lib/python3.10/site-packages:${PYTHONPATH} /usr/bin/python3 -W ignore:setup.py install is deprecated -W ignore:easy_install command is deprecated setup.py develop --editable --build-directory /ros2_ws/build/fb_planning/build --no-deps symlink_data
