[0.168s] DEBUG:colcon:Command line arguments: ['/usr/bin/colcon', 'build', '--packages-select', 'fb_mobility', '--symlink-install']
[0.168s] DEBUG:colcon:Parsed command line arguments: Namespace(log_base=None, log_level=None, verb_name='build', build_base='build', install_base='install', merge_install=False, symlink_install=True, test_result_base=None, continue_on_error=False, executor='parallel', parallel_workers=24, event_handlers=None, ignore_user_meta=False, metas=['./colcon.meta'], base_paths=['.'], packages_ignore=None, packages_ignore_regex=None, paths=None, packages_up_to=None, packages_up_to_regex=None, packages_above=None, packages_above_and_dependencies=None, packages_above_depth=None, packages_select_by_dep=None, packages_skip_by_dep=None, packages_skip_up_to=None, packages_select_build_failed=False, packages_skip_build_finished=False, packages_select_test_failures=False, packages_skip_test_passed=False, packages_select=['fb_mobility'], packages_skip=None, packages_select_regex=None, packages_skip_regex=None, packages_start=None, packages_end=None, cmake_args=None, cmake_target=None, cmake_target_skip_unavailable=False, cmake_clean_cache=False, cmake_clean_first=False, cmake_force_configure=False, ament_cmake_args=None, catkin_cmake_args=None, catkin_skip_building_tests=False, mixin_files=None, mixin=None, verb_parser=<colcon_mixin.mixin.mixin_argument.MixinArgumentDecorator object at 0x76c912128760>, verb_extension=<colcon_core.verb.build.BuildVerb object at 0x76c9120ffe20>, main=<bound method BuildVerb.main of <colcon_core.verb.build.BuildVerb object at 0x76c9120ffe20>>, mixin_verb=('build',))
[0.309s] Level 1:colcon.colcon_core.package_discovery:discover_packages(colcon_meta) check parameters
[0.310s] Level 1:colcon.colcon_core.package_discovery:discover_packages(recursive) check parameters
[0.310s] Level 1:colcon.colcon_core.package_discovery:discover_packages(ignore) check parameters
[0.310s] Level 1:colcon.colcon_core.package_discovery:discover_packages(path) check parameters
[0.310s] Level 1:colcon.colcon_core.package_discovery:discover_packages(colcon_meta) discover
[0.310s] Level 1:colcon.colcon_core.package_discovery:discover_packages(recursive) discover
[0.310s] INFO:colcon.colcon_core.package_discovery:Crawling recursively for packages in '/ros2_ws'
[0.310s] Level 1:colcon.colcon_core.package_identification:_identify(.) by extensions ['ignore', 'ignore_ament_install']
[0.310s] Level 1:colcon.colcon_core.package_identification:_identify(.) by extension 'ignore'
[0.310s] Level 1:colcon.colcon_core.package_identification:_identify(.) by extension 'ignore_ament_install'
[0.310s] Level 1:colcon.colcon_core.package_identification:_identify(.) by extensions ['colcon_pkg']
[0.310s] Level 1:colcon.colcon_core.package_identification:_identify(.) by extension 'colcon_pkg'
[0.310s] Level 1:colcon.colcon_core.package_identification:_identify(.) by extensions ['colcon_meta']
[0.310s] Level 1:colcon.colcon_core.package_identification:_identify(.) by extension 'colcon_meta'
[0.310s] Level 1:colcon.colcon_core.package_identification:_identify(.) by extensions ['ros']
[0.310s] Level 1:colcon.colcon_core.package_identification:_identify(.) by extension 'ros'
[0.315s] Level 1:colcon.colcon_core.package_identification:_identify(.) by extensions ['cmake', 'python']
[0.315s] Level 1:colcon.colcon_core.package_identification:_identify(.) by extension 'cmake'
[0.315s] Level 1:colcon.colcon_core.package_identification:_identify(.) by extension 'python'
[0.315s] Level 1:colcon.colcon_core.package_identification:_identify(.) by extensions ['python_setup_py']
[0.315s] Level 1:colcon.colcon_core.package_identification:_identify(.) by extension 'python_setup_py'
[0.315s] Level 1:colcon.colcon_core.package_identification:_identify(build) by extensions ['ignore', 'ignore_ament_install']
[0.315s] Level 1:colcon.colcon_core.package_identification:_identify(build) by extension 'ignore'
[0.315s] Level 1:colcon.colcon_core.package_identification:_identify(build) ignored
[0.315s] Level 1:colcon.colcon_core.package_identification:_identify(docker) by extensions ['ignore', 'ignore_ament_install']
[0.315s] Level 1:colcon.colcon_core.package_identification:_identify(docker) by extension 'ignore'
[0.315s] Level 1:colcon.colcon_core.package_identification:_identify(docker) by extension 'ignore_ament_install'
[0.315s] Level 1:colcon.colcon_core.package_identification:_identify(docker) by extensions ['colcon_pkg']
[0.315s] Level 1:colcon.colcon_core.package_identification:_identify(docker) by extension 'colcon_pkg'
[0.315s] Level 1:colcon.colcon_core.package_identification:_identify(docker) by extensions ['colcon_meta']
[0.315s] Level 1:colcon.colcon_core.package_identification:_identify(docker) by extension 'colcon_meta'
[0.315s] Level 1:colcon.colcon_core.package_identification:_identify(docker) by extensions ['ros']
[0.315s] Level 1:colcon.colcon_core.package_identification:_identify(docker) by extension 'ros'
[0.315s] Level 1:colcon.colcon_core.package_identification:_identify(docker) by extensions ['cmake', 'python']
[0.315s] Level 1:colcon.colcon_core.package_identification:_identify(docker) by extension 'cmake'
[0.315s] Level 1:colcon.colcon_core.package_identification:_identify(docker) by extension 'python'
[0.316s] Level 1:colcon.colcon_core.package_identification:_identify(docker) by extensions ['python_setup_py']
[0.316s] Level 1:colcon.colcon_core.package_identification:_identify(docker) by extension 'python_setup_py'
[0.316s] Level 1:colcon.colcon_core.package_identification:_identify(docker/dockerfiles) by extensions ['ignore', 'ignore_ament_install']
[0.316s] Level 1:colcon.colcon_core.package_identification:_identify(docker/dockerfiles) by extension 'ignore'
[0.316s] Level 1:colcon.colcon_core.package_identification:_identify(docker/dockerfiles) by extension 'ignore_ament_install'
[0.316s] Level 1:colcon.colcon_core.package_identification:_identify(docker/dockerfiles) by extensions ['colcon_pkg']
[0.316s] Level 1:colcon.colcon_core.package_identification:_identify(docker/dockerfiles) by extension 'colcon_pkg'
[0.316s] Level 1:colcon.colcon_core.package_identification:_identify(docker/dockerfiles) by extensions ['colcon_meta']
[0.316s] Level 1:colcon.colcon_core.package_identification:_identify(docker/dockerfiles) by extension 'colcon_meta'
[0.316s] Level 1:colcon.colcon_core.package_identification:_identify(docker/dockerfiles) by extensions ['ros']
[0.316s] Level 1:colcon.colcon_core.package_identification:_identify(docker/dockerfiles) by extension 'ros'
[0.316s] Level 1:colcon.colcon_core.package_identification:_identify(docker/dockerfiles) by extensions ['cmake', 'python']
[0.316s] Level 1:colcon.colcon_core.package_identification:_identify(docker/dockerfiles) by extension 'cmake'
[0.316s] Level 1:colcon.colcon_core.package_identification:_identify(docker/dockerfiles) by extension 'python'
[0.316s] Level 1:colcon.colcon_core.package_identification:_identify(docker/dockerfiles) by extensions ['python_setup_py']
[0.316s] Level 1:colcon.colcon_core.package_identification:_identify(docker/dockerfiles) by extension 'python_setup_py'
[0.316s] Level 1:colcon.colcon_core.package_identification:_identify(docker/dockerfiles/laptop) by extensions ['ignore', 'ignore_ament_install']
[0.316s] Level 1:colcon.colcon_core.package_identification:_identify(docker/dockerfiles/laptop) by extension 'ignore'
[0.316s] Level 1:colcon.colcon_core.package_identification:_identify(docker/dockerfiles/laptop) by extension 'ignore_ament_install'
[0.316s] Level 1:colcon.colcon_core.package_identification:_identify(docker/dockerfiles/laptop) by extensions ['colcon_pkg']
[0.316s] Level 1:colcon.colcon_core.package_identification:_identify(docker/dockerfiles/laptop) by extension 'colcon_pkg'
[0.316s] Level 1:colcon.colcon_core.package_identification:_identify(docker/dockerfiles/laptop) by extensions ['colcon_meta']
[0.316s] Level 1:colcon.colcon_core.package_identification:_identify(docker/dockerfiles/laptop) by extension 'colcon_meta'
[0.316s] Level 1:colcon.colcon_core.package_identification:_identify(docker/dockerfiles/laptop) by extensions ['ros']
[0.316s] Level 1:colcon.colcon_core.package_identification:_identify(docker/dockerfiles/laptop) by extension 'ros'
[0.316s] Level 1:colcon.colcon_core.package_identification:_identify(docker/dockerfiles/laptop) by extensions ['cmake', 'python']
[0.316s] Level 1:colcon.colcon_core.package_identification:_identify(docker/dockerfiles/laptop) by extension 'cmake'
[0.316s] Level 1:colcon.colcon_core.package_identification:_identify(docker/dockerfiles/laptop) by extension 'python'
[0.316s] Level 1:colcon.colcon_core.package_identification:_identify(docker/dockerfiles/laptop) by extensions ['python_setup_py']
[0.316s] Level 1:colcon.colcon_core.package_identification:_identify(docker/dockerfiles/laptop) by extension 'python_setup_py'
[0.316s] Level 1:colcon.colcon_core.package_identification:_identify(docker/dockerfiles/robot) by extensions ['ignore', 'ignore_ament_install']
[0.316s] Level 1:colcon.colcon_core.package_identification:_identify(docker/dockerfiles/robot) by extension 'ignore'
[0.316s] Level 1:colcon.colcon_core.package_identification:_identify(docker/dockerfiles/robot) by extension 'ignore_ament_install'
[0.316s] Level 1:colcon.colcon_core.package_identification:_identify(docker/dockerfiles/robot) by extensions ['colcon_pkg']
[0.316s] Level 1:colcon.colcon_core.package_identification:_identify(docker/dockerfiles/robot) by extension 'colcon_pkg'
[0.316s] Level 1:colcon.colcon_core.package_identification:_identify(docker/dockerfiles/robot) by extensions ['colcon_meta']
[0.316s] Level 1:colcon.colcon_core.package_identification:_identify(docker/dockerfiles/robot) by extension 'colcon_meta'
[0.316s] Level 1:colcon.colcon_core.package_identification:_identify(docker/dockerfiles/robot) by extensions ['ros']
[0.316s] Level 1:colcon.colcon_core.package_identification:_identify(docker/dockerfiles/robot) by extension 'ros'
[0.316s] Level 1:colcon.colcon_core.package_identification:_identify(docker/dockerfiles/robot) by extensions ['cmake', 'python']
[0.316s] Level 1:colcon.colcon_core.package_identification:_identify(docker/dockerfiles/robot) by extension 'cmake'
[0.316s] Level 1:colcon.colcon_core.package_identification:_identify(docker/dockerfiles/robot) by extension 'python'
[0.316s] Level 1:colcon.colcon_core.package_identification:_identify(docker/dockerfiles/robot) by extensions ['python_setup_py']
[0.316s] Level 1:colcon.colcon_core.package_identification:_identify(docker/dockerfiles/robot) by extension 'python_setup_py'
[0.316s] Level 1:colcon.colcon_core.package_identification:_identify(install) by extensions ['ignore', 'ignore_ament_install']
[0.316s] Level 1:colcon.colcon_core.package_identification:_identify(install) by extension 'ignore'
[0.317s] Level 1:colcon.colcon_core.package_identification:_identify(install) ignored
[0.317s] Level 1:colcon.colcon_core.package_identification:_identify(log) by extensions ['ignore', 'ignore_ament_install']
[0.317s] Level 1:colcon.colcon_core.package_identification:_identify(log) by extension 'ignore'
[0.317s] Level 1:colcon.colcon_core.package_identification:_identify(log) ignored
[0.317s] Level 1:colcon.colcon_core.package_identification:_identify(scripts) by extensions ['ignore', 'ignore_ament_install']
[0.317s] Level 1:colcon.colcon_core.package_identification:_identify(scripts) by extension 'ignore'
[0.317s] Level 1:colcon.colcon_core.package_identification:_identify(scripts) by extension 'ignore_ament_install'
[0.317s] Level 1:colcon.colcon_core.package_identification:_identify(scripts) by extensions ['colcon_pkg']
[0.317s] Level 1:colcon.colcon_core.package_identification:_identify(scripts) by extension 'colcon_pkg'
[0.317s] Level 1:colcon.colcon_core.package_identification:_identify(scripts) by extensions ['colcon_meta']
[0.317s] Level 1:colcon.colcon_core.package_identification:_identify(scripts) by extension 'colcon_meta'
[0.317s] Level 1:colcon.colcon_core.package_identification:_identify(scripts) by extensions ['ros']
[0.317s] Level 1:colcon.colcon_core.package_identification:_identify(scripts) by extension 'ros'
[0.317s] Level 1:colcon.colcon_core.package_identification:_identify(scripts) by extensions ['cmake', 'python']
[0.317s] Level 1:colcon.colcon_core.package_identification:_identify(scripts) by extension 'cmake'
[0.317s] Level 1:colcon.colcon_core.package_identification:_identify(scripts) by extension 'python'
[0.317s] Level 1:colcon.colcon_core.package_identification:_identify(scripts) by extensions ['python_setup_py']
[0.317s] Level 1:colcon.colcon_core.package_identification:_identify(scripts) by extension 'python_setup_py'
[0.317s] Level 1:colcon.colcon_core.package_identification:_identify(src) by extensions ['ignore', 'ignore_ament_install']
[0.317s] Level 1:colcon.colcon_core.package_identification:_identify(src) by extension 'ignore'
[0.317s] Level 1:colcon.colcon_core.package_identification:_identify(src) by extension 'ignore_ament_install'
[0.317s] Level 1:colcon.colcon_core.package_identification:_identify(src) by extensions ['colcon_pkg']
[0.317s] Level 1:colcon.colcon_core.package_identification:_identify(src) by extension 'colcon_pkg'
[0.317s] Level 1:colcon.colcon_core.package_identification:_identify(src) by extensions ['colcon_meta']
[0.317s] Level 1:colcon.colcon_core.package_identification:_identify(src) by extension 'colcon_meta'
[0.317s] Level 1:colcon.colcon_core.package_identification:_identify(src) by extensions ['ros']
[0.317s] Level 1:colcon.colcon_core.package_identification:_identify(src) by extension 'ros'
[0.317s] Level 1:colcon.colcon_core.package_identification:_identify(src) by extensions ['cmake', 'python']
[0.317s] Level 1:colcon.colcon_core.package_identification:_identify(src) by extension 'cmake'
[0.317s] Level 1:colcon.colcon_core.package_identification:_identify(src) by extension 'python'
[0.317s] Level 1:colcon.colcon_core.package_identification:_identify(src) by extensions ['python_setup_py']
[0.317s] Level 1:colcon.colcon_core.package_identification:_identify(src) by extension 'python_setup_py'
[0.317s] Level 1:colcon.colcon_core.package_identification:_identify(src/fb_bringup) by extensions ['ignore', 'ignore_ament_install']
[0.317s] Level 1:colcon.colcon_core.package_identification:_identify(src/fb_bringup) by extension 'ignore'
[0.317s] Level 1:colcon.colcon_core.package_identification:_identify(src/fb_bringup) by extension 'ignore_ament_install'
[0.317s] Level 1:colcon.colcon_core.package_identification:_identify(src/fb_bringup) by extensions ['colcon_pkg']
[0.317s] Level 1:colcon.colcon_core.package_identification:_identify(src/fb_bringup) by extension 'colcon_pkg'
[0.317s] Level 1:colcon.colcon_core.package_identification:_identify(src/fb_bringup) by extensions ['colcon_meta']
[0.317s] Level 1:colcon.colcon_core.package_identification:_identify(src/fb_bringup) by extension 'colcon_meta'
[0.317s] Level 1:colcon.colcon_core.package_identification:_identify(src/fb_bringup) by extensions ['ros']
[0.317s] Level 1:colcon.colcon_core.package_identification:_identify(src/fb_bringup) by extension 'ros'
[0.319s] DEBUG:colcon.colcon_core.package_identification:Package 'src/fb_bringup' with type 'ros.ament_python' and name 'fb_bringup'
[0.319s] Level 1:colcon.colcon_core.package_identification:_identify(src/fb_gazebo) by extensions ['ignore', 'ignore_ament_install']
[0.319s] Level 1:colcon.colcon_core.package_identification:_identify(src/fb_gazebo) by extension 'ignore'
[0.319s] Level 1:colcon.colcon_core.package_identification:_identify(src/fb_gazebo) by extension 'ignore_ament_install'
[0.319s] Level 1:colcon.colcon_core.package_identification:_identify(src/fb_gazebo) by extensions ['colcon_pkg']
[0.319s] Level 1:colcon.colcon_core.package_identification:_identify(src/fb_gazebo) by extension 'colcon_pkg'
[0.319s] Level 1:colcon.colcon_core.package_identification:_identify(src/fb_gazebo) by extensions ['colcon_meta']
[0.319s] Level 1:colcon.colcon_core.package_identification:_identify(src/fb_gazebo) by extension 'colcon_meta'
[0.319s] Level 1:colcon.colcon_core.package_identification:_identify(src/fb_gazebo) by extensions ['ros']
[0.319s] Level 1:colcon.colcon_core.package_identification:_identify(src/fb_gazebo) by extension 'ros'
[0.319s] DEBUG:colcon.colcon_core.package_identification:Package 'src/fb_gazebo' with type 'ros.ament_python' and name 'fb_gazebo'
[0.319s] Level 1:colcon.colcon_core.package_identification:_identify(src/fb_manipulation) by extensions ['ignore', 'ignore_ament_install']
[0.320s] Level 1:colcon.colcon_core.package_identification:_identify(src/fb_manipulation) by extension 'ignore'
[0.320s] Level 1:colcon.colcon_core.package_identification:_identify(src/fb_manipulation) by extension 'ignore_ament_install'
[0.320s] Level 1:colcon.colcon_core.package_identification:_identify(src/fb_manipulation) by extensions ['colcon_pkg']
[0.320s] Level 1:colcon.colcon_core.package_identification:_identify(src/fb_manipulation) by extension 'colcon_pkg'
[0.320s] Level 1:colcon.colcon_core.package_identification:_identify(src/fb_manipulation) by extensions ['colcon_meta']
[0.320s] Level 1:colcon.colcon_core.package_identification:_identify(src/fb_manipulation) by extension 'colcon_meta'
[0.320s] Level 1:colcon.colcon_core.package_identification:_identify(src/fb_manipulation) by extensions ['ros']
[0.320s] Level 1:colcon.colcon_core.package_identification:_identify(src/fb_manipulation) by extension 'ros'
[0.320s] DEBUG:colcon.colcon_core.package_identification:Package 'src/fb_manipulation' with type 'ros.ament_python' and name 'fb_manipulation'
[0.320s] Level 1:colcon.colcon_core.package_identification:_identify(src/fb_mobility) by extensions ['ignore', 'ignore_ament_install']
[0.320s] Level 1:colcon.colcon_core.package_identification:_identify(src/fb_mobility) by extension 'ignore'
[0.320s] Level 1:colcon.colcon_core.package_identification:_identify(src/fb_mobility) by extension 'ignore_ament_install'
[0.320s] Level 1:colcon.colcon_core.package_identification:_identify(src/fb_mobility) by extensions ['colcon_pkg']
[0.320s] Level 1:colcon.colcon_core.package_identification:_identify(src/fb_mobility) by extension 'colcon_pkg'
[0.320s] Level 1:colcon.colcon_core.package_identification:_identify(src/fb_mobility) by extensions ['colcon_meta']
[0.320s] Level 1:colcon.colcon_core.package_identification:_identify(src/fb_mobility) by extension 'colcon_meta'
[0.320s] Level 1:colcon.colcon_core.package_identification:_identify(src/fb_mobility) by extensions ['ros']
[0.320s] Level 1:colcon.colcon_core.package_identification:_identify(src/fb_mobility) by extension 'ros'
[0.320s] DEBUG:colcon.colcon_core.package_identification:Package 'src/fb_mobility' with type 'ros.ament_python' and name 'fb_mobility'
[0.320s] Level 1:colcon.colcon_core.package_identification:_identify(src/fb_planning) by extensions ['ignore', 'ignore_ament_install']
[0.321s] Level 1:colcon.colcon_core.package_identification:_identify(src/fb_planning) by extension 'ignore'
[0.321s] Level 1:colcon.colcon_core.package_identification:_identify(src/fb_planning) by extension 'ignore_ament_install'
[0.321s] Level 1:colcon.colcon_core.package_identification:_identify(src/fb_planning) by extensions ['colcon_pkg']
[0.321s] Level 1:colcon.colcon_core.package_identification:_identify(src/fb_planning) by extension 'colcon_pkg'
[0.321s] Level 1:colcon.colcon_core.package_identification:_identify(src/fb_planning) by extensions ['colcon_meta']
[0.321s] Level 1:colcon.colcon_core.package_identification:_identify(src/fb_planning) by extension 'colcon_meta'
[0.321s] Level 1:colcon.colcon_core.package_identification:_identify(src/fb_planning) by extensions ['ros']
[0.321s] Level 1:colcon.colcon_core.package_identification:_identify(src/fb_planning) by extension 'ros'
[0.321s] DEBUG:colcon.colcon_core.package_identification:Package 'src/fb_planning' with type 'ros.ament_python' and name 'fb_planning'
[0.321s] Level 1:colcon.colcon_core.package_identification:_identify(src/fb_vision) by extensions ['ignore', 'ignore_ament_install']
[0.321s] Level 1:colcon.colcon_core.package_identification:_identify(src/fb_vision) by extension 'ignore'
[0.321s] Level 1:colcon.colcon_core.package_identification:_identify(src/fb_vision) by extension 'ignore_ament_install'
[0.321s] Level 1:colcon.colcon_core.package_identification:_identify(src/fb_vision) by extensions ['colcon_pkg']
[0.321s] Level 1:colcon.colcon_core.package_identification:_identify(src/fb_vision) by extension 'colcon_pkg'
[0.321s] Level 1:colcon.colcon_core.package_identification:_identify(src/fb_vision) by extensions ['colcon_meta']
[0.321s] Level 1:colcon.colcon_core.package_identification:_identify(src/fb_vision) by extension 'colcon_meta'
[0.321s] Level 1:colcon.colcon_core.package_identification:_identify(src/fb_vision) by extensions ['ros']
[0.321s] Level 1:colcon.colcon_core.package_identification:_identify(src/fb_vision) by extension 'ros'
[0.321s] DEBUG:colcon.colcon_core.package_identification:Package 'src/fb_vision' with type 'ros.ament_python' and name 'fb_vision'
[0.321s] Level 1:colcon.colcon_core.package_discovery:discover_packages(recursive) using defaults
[0.321s] Level 1:colcon.colcon_core.package_discovery:discover_packages(ignore) discover
[0.321s] Level 1:colcon.colcon_core.package_discovery:discover_packages(ignore) using defaults
[0.321s] Level 1:colcon.colcon_core.package_discovery:discover_packages(path) discover
[0.321s] Level 1:colcon.colcon_core.package_discovery:discover_packages(path) using defaults
[0.344s] INFO:colcon.colcon_core.package_selection:Skipping not selected package 'fb_bringup' in 'src/fb_bringup'
[0.344s] INFO:colcon.colcon_core.package_selection:Skipping not selected package 'fb_gazebo' in 'src/fb_gazebo'
[0.344s] INFO:colcon.colcon_core.package_selection:Skipping not selected package 'fb_manipulation' in 'src/fb_manipulation'
[0.344s] INFO:colcon.colcon_core.package_selection:Skipping not selected package 'fb_planning' in 'src/fb_planning'
[0.344s] INFO:colcon.colcon_core.package_selection:Skipping not selected package 'fb_vision' in 'src/fb_vision'
[0.344s] Level 5:colcon.colcon_core.verb:set package 'fb_mobility' build argument 'cmake_args' from command line to 'None'
[0.344s] Level 5:colcon.colcon_core.verb:set package 'fb_mobility' build argument 'cmake_target' from command line to 'None'
[0.344s] Level 5:colcon.colcon_core.verb:set package 'fb_mobility' build argument 'cmake_target_skip_unavailable' from command line to 'False'
[0.344s] Level 5:colcon.colcon_core.verb:set package 'fb_mobility' build argument 'cmake_clean_cache' from command line to 'False'
[0.344s] Level 5:colcon.colcon_core.verb:set package 'fb_mobility' build argument 'cmake_clean_first' from command line to 'False'
[0.344s] Level 5:colcon.colcon_core.verb:set package 'fb_mobility' build argument 'cmake_force_configure' from command line to 'False'
[0.344s] Level 5:colcon.colcon_core.verb:set package 'fb_mobility' build argument 'ament_cmake_args' from command line to 'None'
[0.344s] Level 5:colcon.colcon_core.verb:set package 'fb_mobility' build argument 'catkin_cmake_args' from command line to 'None'
[0.344s] Level 5:colcon.colcon_core.verb:set package 'fb_mobility' build argument 'catkin_skip_building_tests' from command line to 'False'
[0.344s] DEBUG:colcon.colcon_core.verb:Building package 'fb_mobility' with the following arguments: {'ament_cmake_args': None, 'build_base': '/ros2_ws/build/fb_mobility', 'catkin_cmake_args': None, 'catkin_skip_building_tests': False, 'cmake_args': None, 'cmake_clean_cache': False, 'cmake_clean_first': False, 'cmake_force_configure': False, 'cmake_target': None, 'cmake_target_skip_unavailable': False, 'install_base': '/ros2_ws/install/fb_mobility', 'merge_install': False, 'path': '/ros2_ws/src/fb_mobility', 'symlink_install': True, 'test_result_base': None}
[0.344s] INFO:colcon.colcon_core.executor:Executing jobs using 'parallel' executor
[0.345s] DEBUG:colcon.colcon_parallel_executor.executor.parallel:run_until_complete
[0.345s] INFO:colcon.colcon_ros.task.ament_python.build:Building ROS package in '/ros2_ws/src/fb_mobility' with build type 'ament_python'
[0.345s] Level 1:colcon.colcon_core.shell:create_environment_hook('fb_mobility', 'ament_prefix_path')
[0.355s] INFO:colcon.colcon_core.plugin_system:Skipping extension 'colcon_core.shell.bat': Not used on non-Windows systems
[0.356s] INFO:colcon.colcon_core.shell:Creating environment hook '/ros2_ws/install/fb_mobility/share/fb_mobility/hook/ament_prefix_path.ps1'
[0.358s] INFO:colcon.colcon_core.shell:Creating environment descriptor '/ros2_ws/install/fb_mobility/share/fb_mobility/hook/ament_prefix_path.dsv'
[0.359s] INFO:colcon.colcon_core.shell:Creating environment hook '/ros2_ws/install/fb_mobility/share/fb_mobility/hook/ament_prefix_path.sh'
[0.362s] INFO:colcon.colcon_core.shell:Skip shell extension 'powershell' for command environment: Not usable outside of PowerShell
[0.362s] DEBUG:colcon.colcon_core.shell:Skip shell extension 'dsv' for command environment
[0.504s] INFO:colcon.colcon_core.task.python.build:Building Python package in '/ros2_ws/src/fb_mobility'
[0.504s] INFO:colcon.colcon_core.shell:Skip shell extension 'powershell' for command environment: Not usable outside of PowerShell
[0.504s] DEBUG:colcon.colcon_core.shell:Skip shell extension 'dsv' for command environment
[0.653s] DEBUG:colcon.colcon_core.event_handler.log_command:Invoking command in '/ros2_ws/build/fb_mobility': PYTHONPATH=/ros2_ws/build/fb_mobility/prefix_override:/usr/lib/python3/dist-packages/colcon_core/task/python/colcon_distutils_commands:/ros2_ws/install/fb_mobility/lib/python3.10/site-packages:${PYTHONPATH} /usr/bin/python3 -W ignore:setup.py install is deprecated -W ignore:easy_install command is deprecated setup.py develop --editable --build-directory /ros2_ws/build/fb_mobility/build --no-deps symlink_data
[0.825s] Level 1:colcon.colcon_core.shell:create_environment_hook('fb_mobility', 'pythonpath_develop')
[0.825s] INFO:colcon.colcon_core.shell:Creating environment hook '/ros2_ws/build/fb_mobility/share/fb_mobility/hook/pythonpath_develop.ps1'
[0.825s] DEBUG:colcon.colcon_core.event_handler.log_command:Invoked command in '/ros2_ws/build/fb_mobility' returned '0': PYTHONPATH=/ros2_ws/build/fb_mobility/prefix_override:/usr/lib/python3/dist-packages/colcon_core/task/python/colcon_distutils_commands:/ros2_ws/install/fb_mobility/lib/python3.10/site-packages:${PYTHONPATH} /usr/bin/python3 -W ignore:setup.py install is deprecated -W ignore:easy_install command is deprecated setup.py develop --editable --build-directory /ros2_ws/build/fb_mobility/build --no-deps symlink_data
[0.825s] INFO:colcon.colcon_core.shell:Creating environment descriptor '/ros2_ws/build/fb_mobility/share/fb_mobility/hook/pythonpath_develop.dsv'
[0.825s] INFO:colcon.colcon_core.shell:Creating environment hook '/ros2_ws/build/fb_mobility/share/fb_mobility/hook/pythonpath_develop.sh'
[0.827s] Level 1:colcon.colcon_core.environment:checking '/ros2_ws/install/fb_mobility' for CMake module files
[0.827s] Level 1:colcon.colcon_core.environment:checking '/ros2_ws/install/fb_mobility' for CMake config files
[0.827s] Level 1:colcon.colcon_core.environment:checking '/ros2_ws/install/fb_mobility/lib'
[0.827s] Level 1:colcon.colcon_core.environment:checking '/ros2_ws/install/fb_mobility/bin'
[0.827s] Level 1:colcon.colcon_core.environment:checking '/ros2_ws/install/fb_mobility/lib/pkgconfig/fb_mobility.pc'
[0.827s] Level 1:colcon.colcon_core.environment:checking '/ros2_ws/install/fb_mobility/lib/python3.10/site-packages'
[0.827s] Level 1:colcon.colcon_core.shell:create_environment_hook('fb_mobility', 'pythonpath')
[0.827s] INFO:colcon.colcon_core.shell:Creating environment hook '/ros2_ws/install/fb_mobility/share/fb_mobility/hook/pythonpath.ps1'
[0.827s] INFO:colcon.colcon_core.shell:Creating environment descriptor '/ros2_ws/install/fb_mobility/share/fb_mobility/hook/pythonpath.dsv'
[0.828s] INFO:colcon.colcon_core.shell:Creating environment hook '/ros2_ws/install/fb_mobility/share/fb_mobility/hook/pythonpath.sh'
[0.828s] Level 1:colcon.colcon_core.environment:checking '/ros2_ws/install/fb_mobility/bin'
[0.828s] Level 1:colcon.colcon_core.environment:create_environment_scripts_only(fb_mobility)
[0.828s] INFO:colcon.colcon_core.shell:Creating package script '/ros2_ws/install/fb_mobility/share/fb_mobility/package.ps1'
[0.829s] INFO:colcon.colcon_core.shell:Creating package descriptor '/ros2_ws/install/fb_mobility/share/fb_mobility/package.dsv'
[0.829s] INFO:colcon.colcon_core.shell:Creating package script '/ros2_ws/install/fb_mobility/share/fb_mobility/package.sh'
[0.829s] INFO:colcon.colcon_core.shell:Creating package script '/ros2_ws/install/fb_mobility/share/fb_mobility/package.bash'
[0.829s] INFO:colcon.colcon_core.shell:Creating package script '/ros2_ws/install/fb_mobility/share/fb_mobility/package.zsh'
[0.830s] Level 1:colcon.colcon_core.environment:create_file_with_runtime_dependencies(/ros2_ws/install/fb_mobility/share/colcon-core/packages/fb_mobility)
[0.830s] DEBUG:colcon.colcon_parallel_executor.executor.parallel:closing loop
[0.830s] DEBUG:colcon.colcon_parallel_executor.executor.parallel:loop closed
[0.830s] DEBUG:colcon.colcon_parallel_executor.executor.parallel:run_until_complete finished with '0'
[0.830s] DEBUG:colcon.colcon_core.event_reactor:joining thread
[0.833s] INFO:colcon.colcon_core.plugin_system:Skipping extension 'colcon_notification.desktop_notification.notify_send': Could not find 'notify-send'
[0.833s] INFO:colcon.colcon_core.plugin_system:Skipping extension 'colcon_notification.desktop_notification.terminal_notifier': Not used on non-Darwin systems
[0.833s] INFO:colcon.colcon_core.plugin_system:Skipping extension 'colcon_notification.desktop_notification.win32': Not used on non-Windows systems
[0.833s] INFO:colcon.colcon_notification.desktop_notification:Sending desktop notification using 'notify2'
[0.833s] DEBUG:colcon.colcon_notification.desktop_notification.notify2:Failed to initialize notify2: org.freedesktop.DBus.Error.NotSupported: Unable to autolaunch a dbus-daemon without a $DISPLAY for X11
[0.833s] DEBUG:colcon.colcon_core.event_reactor:joined thread
[0.833s] INFO:colcon.colcon_core.shell:Creating prefix script '/ros2_ws/install/local_setup.ps1'
[0.834s] INFO:colcon.colcon_core.shell:Creating prefix util module '/ros2_ws/install/_local_setup_util_ps1.py'
[0.834s] INFO:colcon.colcon_core.shell:Creating prefix chain script '/ros2_ws/install/setup.ps1'
[0.835s] INFO:colcon.colcon_core.shell:Creating prefix script '/ros2_ws/install/local_setup.sh'
[0.835s] INFO:colcon.colcon_core.shell:Creating prefix util module '/ros2_ws/install/_local_setup_util_sh.py'
[0.835s] INFO:colcon.colcon_core.shell:Creating prefix chain script '/ros2_ws/install/setup.sh'
[0.836s] INFO:colcon.colcon_core.shell:Creating prefix script '/ros2_ws/install/local_setup.bash'
[0.836s] INFO:colcon.colcon_core.shell:Creating prefix chain script '/ros2_ws/install/setup.bash'
[0.836s] INFO:colcon.colcon_core.shell:Creating prefix script '/ros2_ws/install/local_setup.zsh'
[0.836s] INFO:colcon.colcon_core.shell:Creating prefix chain script '/ros2_ws/install/setup.zsh'
[0.043s] DEBUG:colcon:Command line arguments: ['/usr/bin/colcon', 'build', '--packages-select', 'fb_manipulation', '--symlink-install']
[0.043s] DEBUG:colcon:Parsed command line arguments: Namespace(log_base=None, log_level=None, verb_name='build', build_base='build', install_base='install', merge_install=False, symlink_install=True, test_result_base=None, continue_on_error=False, executor='parallel', parallel_workers=24, event_handlers=None, ignore_user_meta=False, metas=['./colcon.meta'], base_paths=['.'], packages_ignore=None, packages_ignore_regex=None, paths=None, packages_up_to=None, packages_up_to_regex=None, packages_above=None, packages_above_and_dependencies=None, packages_above_depth=None, packages_select_by_dep=None, packages_skip_by_dep=None, packages_skip_up_to=None, packages_select_build_failed=False, packages_skip_build_finished=False, packages_select_test_failures=False, packages_skip_test_passed=False, packages_select=['fb_manipulation'], packages_skip=None, packages_select_regex=None, packages_skip_regex=None, packages_start=None, packages_end=None, cmake_args=None, cmake_target=None, cmake_target_skip_unavailable=False, cmake_clean_cache=False, cmake_clean_first=False, cmake_force_configure=False, ament_cmake_args=None, catkin_cmake_args=None, catkin_skip_building_tests=False, mixin_files=None, mixin=None, verb_parser=<colcon_mixin.mixin.mixin_argument.MixinArgumentDecorator object at 0x78994d494760>, verb_extension=<colcon_core.verb.build.BuildVerb object at 0x78994d46be20>, main=<bound method BuildVerb.main of <colcon_core.verb.build.BuildVerb object at 0x78994d46be20>>, mixin_verb=('build',))
[0.090s] Level 1:colcon.colcon_core.package_discovery:discover_packages(colcon_meta) check parameters
[0.091s] Level 1:colcon.colcon_core.package_discovery:discover_packages(recursive) check parameters
[0.091s] Level 1:colcon.colcon_core.package_discovery:discover_packages(ignore) check parameters
[0.091s] Level 1:colcon.colcon_core.package_discovery:discover_packages(path) check parameters
[0.091s] Level 1:colcon.colcon_core.package_discovery:discover_packages(colcon_meta) discover
[0.091s] Level 1:colcon.colcon_core.package_discovery:discover_packages(recursive) discover
[0.091s] INFO:colcon.colcon_core.package_discovery:Crawling recursively for packages in '/ros2_ws'
[0.091s] Level 1:colcon.colcon_core.package_identification:_identify(.) by extensions ['ignore', 'ignore_ament_install']
[0.091s] Level 1:colcon.colcon_core.package_identification:_identify(.) by extension 'ignore'
[0.091s] Level 1:colcon.colcon_core.package_identification:_identify(.) by extension 'ignore_ament_install'
[0.091s] Level 1:colcon.colcon_core.package_identification:_identify(.) by extensions ['colcon_pkg']
[0.091s] Level 1:colcon.colcon_core.package_identification:_identify(.) by extension 'colcon_pkg'
[0.091s] Level 1:colcon.colcon_core.package_identification:_identify(.) by extensions ['colcon_meta']
[0.091s] Level 1:colcon.colcon_core.package_identification:_identify(.) by extension 'colcon_meta'
[0.091s] Level 1:colcon.colcon_core.package_identification:_identify(.) by extensions ['ros']
[0.091s] Level 1:colcon.colcon_core.package_identification:_identify(.) by extension 'ros'
[0.096s] Level 1:colcon.colcon_core.package_identification:_identify(.) by extensions ['cmake', 'python']
[0.096s] Level 1:colcon.colcon_core.package_identification:_identify(.) by extension 'cmake'
[0.096s] Level 1:colcon.colcon_core.package_identification:_identify(.) by extension 'python'
[0.096s] Level 1:colcon.colcon_core.package_identification:_identify(.) by extensions ['python_setup_py']
[0.096s] Level 1:colcon.colcon_core.package_identification:_identify(.) by extension 'python_setup_py'
[0.096s] Level 1:colcon.colcon_core.package_identification:_identify(build) by extensions ['ignore', 'ignore_ament_install']
[0.096s] Level 1:colcon.colcon_core.package_identification:_identify(build) by extension 'ignore'
[0.096s] Level 1:colcon.colcon_core.package_identification:_identify(build) ignored
[0.096s] Level 1:colcon.colcon_core.package_identification:_identify(docker) by extensions ['ignore', 'ignore_ament_install']
[0.096s] Level 1:colcon.colcon_core.package_identification:_identify(docker) by extension 'ignore'
[0.096s] Level 1:colcon.colcon_core.package_identification:_identify(docker) by extension 'ignore_ament_install'
[0.096s] Level 1:colcon.colcon_core.package_identification:_identify(docker) by extensions ['colcon_pkg']
[0.096s] Level 1:colcon.colcon_core.package_identification:_identify(docker) by extension 'colcon_pkg'
[0.097s] Level 1:colcon.colcon_core.package_identification:_identify(docker) by extensions ['colcon_meta']
[0.097s] Level 1:colcon.colcon_core.package_identification:_identify(docker) by extension 'colcon_meta'
[0.097s] Level 1:colcon.colcon_core.package_identification:_identify(docker) by extensions ['ros']
[0.097s] Level 1:colcon.colcon_core.package_identification:_identify(docker) by extension 'ros'
[0.097s] Level 1:colcon.colcon_core.package_identification:_identify(docker) by extensions ['cmake', 'python']
[0.097s] Level 1:colcon.colcon_core.package_identification:_identify(docker) by extension 'cmake'
[0.097s] Level 1:colcon.colcon_core.package_identification:_identify(docker) by extension 'python'
[0.097s] Level 1:colcon.colcon_core.package_identification:_identify(docker) by extensions ['python_setup_py']
[0.097s] Level 1:colcon.colcon_core.package_identification:_identify(docker) by extension 'python_setup_py'
[0.097s] Level 1:colcon.colcon_core.package_identification:_identify(docker/dockerfiles) by extensions ['ignore', 'ignore_ament_install']
[0.097s] Level 1:colcon.colcon_core.package_identification:_identify(docker/dockerfiles) by extension 'ignore'
[0.097s] Level 1:colcon.colcon_core.package_identification:_identify(docker/dockerfiles) by extension 'ignore_ament_install'
[0.097s] Level 1:colcon.colcon_core.package_identification:_identify(docker/dockerfiles) by extensions ['colcon_pkg']
[0.097s] Level 1:colcon.colcon_core.package_identification:_identify(docker/dockerfiles) by extension 'colcon_pkg'
[0.097s] Level 1:colcon.colcon_core.package_identification:_identify(docker/dockerfiles) by extensions ['colcon_meta']
[0.097s] Level 1:colcon.colcon_core.package_identification:_identify(docker/dockerfiles) by extension 'colcon_meta'
[0.097s] Level 1:colcon.colcon_core.package_identification:_identify(docker/dockerfiles) by extensions ['ros']
[0.097s] Level 1:colcon.colcon_core.package_identification:_identify(docker/dockerfiles) by extension 'ros'
[0.097s] Level 1:colcon.colcon_core.package_identification:_identify(docker/dockerfiles) by extensions ['cmake', 'python']
[0.097s] Level 1:colcon.colcon_core.package_identification:_identify(docker/dockerfiles) by extension 'cmake'
[0.097s] Level 1:colcon.colcon_core.package_identification:_identify(docker/dockerfiles) by extension 'python'
[0.097s] Level 1:colcon.colcon_core.package_identification:_identify(docker/dockerfiles) by extensions ['python_setup_py']
[0.097s] Level 1:colcon.colcon_core.package_identification:_identify(docker/dockerfiles) by extension 'python_setup_py'
[0.097s] Level 1:colcon.colcon_core.package_identification:_identify(docker/dockerfiles/laptop) by extensions ['ignore', 'ignore_ament_install']
[0.098s] Level 1:colcon.colcon_core.package_identification:_identify(docker/dockerfiles/laptop) by extension 'ignore'
[0.098s] Level 1:colcon.colcon_core.package_identification:_identify(docker/dockerfiles/laptop) by extension 'ignore_ament_install'
[0.098s] Level 1:colcon.colcon_core.package_identification:_identify(docker/dockerfiles/laptop) by extensions ['colcon_pkg']
[0.098s] Level 1:colcon.colcon_core.package_identification:_identify(docker/dockerfiles/laptop) by extension 'colcon_pkg'
[0.098s] Level 1:colcon.colcon_core.package_identification:_identify(docker/dockerfiles/laptop) by extensions ['colcon_meta']
[0.098s] Level 1:colcon.colcon_core.package_identification:_identify(docker/dockerfiles/laptop) by extension 'colcon_meta'
[0.098s] Level 1:colcon.colcon_core.package_identification:_identify(docker/dockerfiles/laptop) by extensions ['ros']
[0.098s] Level 1:colcon.colcon_core.package_identification:_identify(docker/dockerfiles/laptop) by extension 'ros'
[0.098s] Level 1:colcon.colcon_core.package_identification:_identify(docker/dockerfiles/laptop) by extensions ['cmake', 'python']
[0.098s] Level 1:colcon.colcon_core.package_identification:_identify(docker/dockerfiles/laptop) by extension 'cmake'
[0.098s] Level 1:colcon.colcon_core.package_identification:_identify(docker/dockerfiles/laptop) by extension 'python'
[0.098s] Level 1:colcon.colcon_core.package_identification:_identify(docker/dockerfiles/laptop) by extensions ['python_setup_py']
[0.098s] Level 1:colcon.colcon_core.package_identification:_identify(docker/dockerfiles/laptop) by extension 'python_setup_py'
[0.098s] Level 1:colcon.colcon_core.package_identification:_identify(docker/dockerfiles/robot) by extensions ['ignore', 'ignore_ament_install']
[0.098s] Level 1:colcon.colcon_core.package_identification:_identify(docker/dockerfiles/robot) by extension 'ignore'
[0.098s] Level 1:colcon.colcon_core.package_identification:_identify(docker/dockerfiles/robot) by extension 'ignore_ament_install'
[0.098s] Level 1:colcon.colcon_core.package_identification:_identify(docker/dockerfiles/robot) by extensions ['colcon_pkg']
[0.098s] Level 1:colcon.colcon_core.package_identification:_identify(docker/dockerfiles/robot) by extension 'colcon_pkg'
[0.098s] Level 1:colcon.colcon_core.package_identification:_identify(docker/dockerfiles/robot) by extensions ['colcon_meta']
[0.098s] Level 1:colcon.colcon_core.package_identification:_identify(docker/dockerfiles/robot) by extension 'colcon_meta'
[0.098s] Level 1:colcon.colcon_core.package_identification:_identify(docker/dockerfiles/robot) by extensions ['ros']
[0.098s] Level 1:colcon.colcon_core.package_identification:_identify(docker/dockerfiles/robot) by extension 'ros'
[0.098s] Level 1:colcon.colcon_core.package_identification:_identify(docker/dockerfiles/robot) by extensions ['cmake', 'python']
[0.098s] Level 1:colcon.colcon_core.package_identification:_identify(docker/dockerfiles/robot) by extension 'cmake'
[0.098s] Level 1:colcon.colcon_core.package_identification:_identify(docker/dockerfiles/robot) by extension 'python'
[0.098s] Level 1:colcon.colcon_core.package_identification:_identify(docker/dockerfiles/robot) by extensions ['python_setup_py']
[0.098s] Level 1:colcon.colcon_core.package_identification:_identify(docker/dockerfiles/robot) by extension 'python_setup_py'
[0.098s] Level 1:colcon.colcon_core.package_identification:_identify(install) by extensions ['ignore', 'ignore_ament_install']
[0.098s] Level 1:colcon.colcon_core.package_identification:_identify(install) by extension 'ignore'
[0.098s] Level 1:colcon.colcon_core.package_identification:_identify(install) ignored
[0.098s] Level 1:colcon.colcon_core.package_identification:_identify(log) by extensions ['ignore', 'ignore_ament_install']
[0.098s] Level 1:colcon.colcon_core.package_identification:_identify(log) by extension 'ignore'
[0.098s] Level 1:colcon.colcon_core.package_identification:_identify(log) ignored
[0.098s] Level 1:colcon.colcon_core.package_identification:_identify(scripts) by extensions ['ignore', 'ignore_ament_install']
[0.098s] Level 1:colcon.colcon_core.package_identification:_identify(scripts) by extension 'ignore'
[0.098s] Level 1:colcon.colcon_core.package_identification:_identify(scripts) by extension 'ignore_ament_install'
[0.098s] Level 1:colcon.colcon_core.package_identification:_identify(scripts) by extensions ['colcon_pkg']
[0.098s] Level 1:colcon.colcon_core.package_identification:_identify(scripts) by extension 'colcon_pkg'
[0.098s] Level 1:colcon.colcon_core.package_identification:_identify(scripts) by extensions ['colcon_meta']
[0.098s] Level 1:colcon.colcon_core.package_identification:_identify(scripts) by extension 'colcon_meta'
[0.098s] Level 1:colcon.colcon_core.package_identification:_identify(scripts) by extensions ['ros']
[0.098s] Level 1:colcon.colcon_core.package_identification:_identify(scripts) by extension 'ros'
[0.098s] Level 1:colcon.colcon_core.package_identification:_identify(scripts) by extensions ['cmake', 'python']
[0.098s] Level 1:colcon.colcon_core.package_identification:_identify(scripts) by extension 'cmake'
[0.098s] Level 1:colcon.colcon_core.package_identification:_identify(scripts) by extension 'python'
[0.098s] Level 1:colcon.colcon_core.package_identification:_identify(scripts) by extensions ['python_setup_py']
[0.098s] Level 1:colcon.colcon_core.package_identification:_identify(scripts) by extension 'python_setup_py'
[0.098s] Level 1:colcon.colcon_core.package_identification:_identify(src) by extensions ['ignore', 'ignore_ament_install']
[0.099s] Level 1:colcon.colcon_core.package_identification:_identify(src) by extension 'ignore'
[0.099s] Level 1:colcon.colcon_core.package_identification:_identify(src) by extension 'ignore_ament_install'
[0.099s] Level 1:colcon.colcon_core.package_identification:_identify(src) by extensions ['colcon_pkg']
[0.099s] Level 1:colcon.colcon_core.package_identification:_identify(src) by extension 'colcon_pkg'
[0.099s] Level 1:colcon.colcon_core.package_identification:_identify(src) by extensions ['colcon_meta']
[0.099s] Level 1:colcon.colcon_core.package_identification:_identify(src) by extension 'colcon_meta'
[0.099s] Level 1:colcon.colcon_core.package_identification:_identify(src) by extensions ['ros']
[0.099s] Level 1:colcon.colcon_core.package_identification:_identify(src) by extension 'ros'
[0.099s] Level 1:colcon.colcon_core.package_identification:_identify(src) by extensions ['cmake', 'python']
[0.099s] Level 1:colcon.colcon_core.package_identification:_identify(src) by extension 'cmake'
[0.099s] Level 1:colcon.colcon_core.package_identification:_identify(src) by extension 'python'
[0.099s] Level 1:colcon.colcon_core.package_identification:_identify(src) by extensions ['python_setup_py']
[0.099s] Level 1:colcon.colcon_core.package_identification:_identify(src) by extension 'python_setup_py'
[0.099s] Level 1:colcon.colcon_core.package_identification:_identify(src/fb_bringup) by extensions ['ignore', 'ignore_ament_install']
[0.099s] Level 1:colcon.colcon_core.package_identification:_identify(src/fb_bringup) by extension 'ignore'
[0.099s] Level 1:colcon.colcon_core.package_identification:_identify(src/fb_bringup) by extension 'ignore_ament_install'
[0.099s] Level 1:colcon.colcon_core.package_identification:_identify(src/fb_bringup) by extensions ['colcon_pkg']
[0.099s] Level 1:colcon.colcon_core.package_identification:_identify(src/fb_bringup) by extension 'colcon_pkg'
[0.099s] Level 1:colcon.colcon_core.package_identification:_identify(src/fb_bringup) by extensions ['colcon_meta']
[0.099s] Level 1:colcon.colcon_core.package_identification:_identify(src/fb_bringup) by extension 'colcon_meta'
[0.099s] Level 1:colcon.colcon_core.package_identification:_identify(src/fb_bringup) by extensions ['ros']
[0.099s] Level 1:colcon.colcon_core.package_identification:_identify(src/fb_bringup) by extension 'ros'
[0.100s] DEBUG:colcon.colcon_core.package_identification:Package 'src/fb_bringup' with type 'ros.ament_python' and name 'fb_bringup'
[0.100s] Level 1:colcon.colcon_core.package_identification:_identify(src/fb_gazebo) by extensions ['ignore', 'ignore_ament_install']
[0.100s] Level 1:colcon.colcon_core.package_identification:_identify(src/fb_gazebo) by extension 'ignore'
[0.100s] Level 1:colcon.colcon_core.package_identification:_identify(src/fb_gazebo) by extension 'ignore_ament_install'
[0.100s] Level 1:colcon.colcon_core.package_identification:_identify(src/fb_gazebo) by extensions ['colcon_pkg']
[0.100s] Level 1:colcon.colcon_core.package_identification:_identify(src/fb_gazebo) by extension 'colcon_pkg'
[0.100s] Level 1:colcon.colcon_core.package_identification:_identify(src/fb_gazebo) by extensions ['colcon_meta']
[0.100s] Level 1:colcon.colcon_core.package_identification:_identify(src/fb_gazebo) by extension 'colcon_meta'
[0.100s] Level 1:colcon.colcon_core.package_identification:_identify(src/fb_gazebo) by extensions ['ros']
[0.100s] Level 1:colcon.colcon_core.package_identification:_identify(src/fb_gazebo) by extension 'ros'
[0.100s] DEBUG:colcon.colcon_core.package_identification:Package 'src/fb_gazebo' with type 'ros.ament_python' and name 'fb_gazebo'
[0.100s] Level 1:colcon.colcon_core.package_identification:_identify(src/fb_manipulation) by extensions ['ignore', 'ignore_ament_install']
[0.101s] Level 1:colcon.colcon_core.package_identification:_identify(src/fb_manipulation) by extension 'ignore'
[0.101s] Level 1:colcon.colcon_core.package_identification:_identify(src/fb_manipulation) by extension 'ignore_ament_install'
[0.101s] Level 1:colcon.colcon_core.package_identification:_identify(src/fb_manipulation) by extensions ['colcon_pkg']
[0.101s] Level 1:colcon.colcon_core.package_identification:_identify(src/fb_manipulation) by extension 'colcon_pkg'
[0.101s] Level 1:colcon.colcon_core.package_identification:_identify(src/fb_manipulation) by extensions ['colcon_meta']
[0.101s] Level 1:colcon.colcon_core.package_identification:_identify(src/fb_manipulation) by extension 'colcon_meta'
[0.101s] Level 1:colcon.colcon_core.package_identification:_identify(src/fb_manipulation) by extensions ['ros']
[0.101s] Level 1:colcon.colcon_core.package_identification:_identify(src/fb_manipulation) by extension 'ros'
[0.101s] DEBUG:colcon.colcon_core.package_identification:Package 'src/fb_manipulation' with type 'ros.ament_python' and name 'fb_manipulation'
[0.101s] Level 1:colcon.colcon_core.package_identification:_identify(src/fb_mobility) by extensions ['ignore', 'ignore_ament_install']
[0.101s] Level 1:colcon.colcon_core.package_identification:_identify(src/fb_mobility) by extension 'ignore'
[0.101s] Level 1:colcon.colcon_core.package_identification:_identify(src/fb_mobility) by extension 'ignore_ament_install'
[0.101s] Level 1:colcon.colcon_core.package_identification:_identify(src/fb_mobility) by extensions ['colcon_pkg']
[0.101s] Level 1:colcon.colcon_core.package_identification:_identify(src/fb_mobility) by extension 'colcon_pkg'
[0.101s] Level 1:colcon.colcon_core.package_identification:_identify(src/fb_mobility) by extensions ['colcon_meta']
[0.101s] Level 1:colcon.colcon_core.package_identification:_identify(src/fb_mobility) by extension 'colcon_meta'
[0.101s] Level 1:colcon.colcon_core.package_identification:_identify(src/fb_mobility) by extensions ['ros']
[0.101s] Level 1:colcon.colcon_core.package_identification:_identify(src/fb_mobility) by extension 'ros'
[0.101s] DEBUG:colcon.colcon_core.package_identification:Package 'src/fb_mobility' with type 'ros.ament_python' and name 'fb_mobility'
[0.101s] Level 1:colcon.colcon_core.package_identification:_identify(src/fb_planning) by extensions ['ignore', 'ignore_ament_install']
[0.101s] Level 1:colcon.colcon_core.package_identification:_identify(src/fb_planning) by extension 'ignore'
[0.101s] Level 1:colcon.colcon_core.package_identification:_identify(src/fb_planning) by extension 'ignore_ament_install'
[0.101s] Level 1:colcon.colcon_core.package_identification:_identify(src/fb_planning) by extensions ['colcon_pkg']
[0.101s] Level 1:colcon.colcon_core.package_identification:_identify(src/fb_planning) by extension 'colcon_pkg'
[0.101s] Level 1:colcon.colcon_core.package_identification:_identify(src/fb_planning) by extensions ['colcon_meta']
[0.101s] Level 1:colcon.colcon_core.package_identification:_identify(src/fb_planning) by extension 'colcon_meta'
[0.101s] Level 1:colcon.colcon_core.package_identification:_identify(src/fb_planning) by extensions ['ros']
[0.102s] Level 1:colcon.colcon_core.package_identification:_identify(src/fb_planning) by extension 'ros'
[0.102s] DEBUG:colcon.colcon_core.package_identification:Package 'src/fb_planning' with type 'ros.ament_python' and name 'fb_planning'
[0.102s] Level 1:colcon.colcon_core.package_identification:_identify(src/fb_vision) by extensions ['ignore', 'ignore_ament_install']
[0.102s] Level 1:colcon.colcon_core.package_identification:_identify(src/fb_vision) by extension 'ignore'
[0.102s] Level 1:colcon.colcon_core.package_identification:_identify(src/fb_vision) by extension 'ignore_ament_install'
[0.102s] Level 1:colcon.colcon_core.package_identification:_identify(src/fb_vision) by extensions ['colcon_pkg']
[0.102s] Level 1:colcon.colcon_core.package_identification:_identify(src/fb_vision) by extension 'colcon_pkg'
[0.102s] Level 1:colcon.colcon_core.package_identification:_identify(src/fb_vision) by extensions ['colcon_meta']
[0.102s] Level 1:colcon.colcon_core.package_identification:_identify(src/fb_vision) by extension 'colcon_meta'
[0.102s] Level 1:colcon.colcon_core.package_identification:_identify(src/fb_vision) by extensions ['ros']
[0.102s] Level 1:colcon.colcon_core.package_identification:_identify(src/fb_vision) by extension 'ros'
[0.102s] DEBUG:colcon.colcon_core.package_identification:Package 'src/fb_vision' with type 'ros.ament_python' and name 'fb_vision'
[0.102s] Level 1:colcon.colcon_core.package_discovery:discover_packages(recursive) using defaults
[0.102s] Level 1:colcon.colcon_core.package_discovery:discover_packages(ignore) discover
[0.102s] Level 1:colcon.colcon_core.package_discovery:discover_packages(ignore) using defaults
[0.102s] Level 1:colcon.colcon_core.package_discovery:discover_packages(path) discover
[0.102s] Level 1:colcon.colcon_core.package_discovery:discover_packages(path) using defaults
[0.111s] INFO:colcon.colcon_core.package_selection:Skipping not selected package 'fb_bringup' in 'src/fb_bringup'
[0.111s] INFO:colcon.colcon_core.package_selection:Skipping not selected package 'fb_gazebo' in 'src/fb_gazebo'
[0.111s] INFO:colcon.colcon_core.package_selection:Skipping not selected package 'fb_mobility' in 'src/fb_mobility'
[0.111s] INFO:colcon.colcon_core.package_selection:Skipping not selected package 'fb_planning' in 'src/fb_planning'
[0.111s] INFO:colcon.colcon_core.package_selection:Skipping not selected package 'fb_vision' in 'src/fb_vision'
[0.111s] Level 5:colcon.colcon_core.verb:set package 'fb_manipulation' build argument 'cmake_args' from command line to 'None'
[0.111s] Level 5:colcon.colcon_core.verb:set package 'fb_manipulation' build argument 'cmake_target' from command line to 'None'
[0.111s] Level 5:colcon.colcon_core.verb:set package 'fb_manipulation' build argument 'cmake_target_skip_unavailable' from command line to 'False'
[0.111s] Level 5:colcon.colcon_core.verb:set package 'fb_manipulation' build argument 'cmake_clean_cache' from command line to 'False'
[0.111s] Level 5:colcon.colcon_core.verb:set package 'fb_manipulation' build argument 'cmake_clean_first' from command line to 'False'
[0.111s] Level 5:colcon.colcon_core.verb:set package 'fb_manipulation' build argument 'cmake_force_configure' from command line to 'False'
[0.111s] Level 5:colcon.colcon_core.verb:set package 'fb_manipulation' build argument 'ament_cmake_args' from command line to 'None'
[0.111s] Level 5:colcon.colcon_core.verb:set package 'fb_manipulation' build argument 'catkin_cmake_args' from command line to 'None'
[0.111s] Level 5:colcon.colcon_core.verb:set package 'fb_manipulation' build argument 'catkin_skip_building_tests' from command line to 'False'
[0.111s] DEBUG:colcon.colcon_core.verb:Building package 'fb_manipulation' with the following arguments: {'ament_cmake_args': None, 'build_base': '/ros2_ws/build/fb_manipulation', 'catkin_cmake_args': None, 'catkin_skip_building_tests': False, 'cmake_args': None, 'cmake_clean_cache': False, 'cmake_clean_first': False, 'cmake_force_configure': False, 'cmake_target': None, 'cmake_target_skip_unavailable': False, 'install_base': '/ros2_ws/install/fb_manipulation', 'merge_install': False, 'path': '/ros2_ws/src/fb_manipulation', 'symlink_install': True, 'test_result_base': None}
[0.111s] INFO:colcon.colcon_core.executor:Executing jobs using 'parallel' executor
[0.112s] DEBUG:colcon.colcon_parallel_executor.executor.parallel:run_until_complete
[0.112s] INFO:colcon.colcon_ros.task.ament_python.build:Building ROS package in '/ros2_ws/src/fb_manipulation' with build type 'ament_python'
[0.112s] Level 1:colcon.colcon_core.shell:create_environment_hook('fb_manipulation', 'ament_prefix_path')
[0.113s] INFO:colcon.colcon_core.plugin_system:Skipping extension 'colcon_core.shell.bat': Not used on non-Windows systems
[0.113s] INFO:colcon.colcon_core.shell:Creating environment hook '/ros2_ws/install/fb_manipulation/share/fb_manipulation/hook/ament_prefix_path.ps1'
[0.113s] INFO:colcon.colcon_core.shell:Creating environment descriptor '/ros2_ws/install/fb_manipulation/share/fb_manipulation/hook/ament_prefix_path.dsv'
[0.113s] INFO:colcon.colcon_core.shell:Creating environment hook '/ros2_ws/install/fb_manipulation/share/fb_manipulation/hook/ament_prefix_path.sh'
[0.114s] INFO:colcon.colcon_core.shell:Skip shell extension 'powershell' for command environment: Not usable outside of PowerShell
[0.114s] DEBUG:colcon.colcon_core.shell:Skip shell extension 'dsv' for command environment
[0.213s] INFO:colcon.colcon_core.task.python.build:Building Python package in '/ros2_ws/src/fb_manipulation'
[0.213s] INFO:colcon.colcon_core.shell:Skip shell extension 'powershell' for command environment: Not usable outside of PowerShell
[0.213s] DEBUG:colcon.colcon_core.shell:Skip shell extension 'dsv' for command environment
[0.376s] DEBUG:colcon.colcon_core.event_handler.log_command:Invoking command in '/ros2_ws/build/fb_manipulation': PYTHONPATH=/ros2_ws/build/fb_manipulation/prefix_override:/usr/lib/python3/dist-packages/colcon_core/task/python/colcon_distutils_commands:/ros2_ws/install/fb_manipulation/lib/python3.10/site-packages:${PYTHONPATH} /usr/bin/python3 -W ignore:setup.py install is deprecated -W ignore:easy_install command is deprecated setup.py develop --editable --build-directory /ros2_ws/build/fb_manipulation/build --no-deps symlink_data
[0.527s] Level 1:colcon.colcon_core.shell:create_environment_hook('fb_manipulation', 'pythonpath_develop')
[0.527s] INFO:colcon.colcon_core.shell:Creating environment hook '/ros2_ws/build/fb_manipulation/share/fb_manipulation/hook/pythonpath_develop.ps1'
[0.528s] DEBUG:colcon.colcon_core.event_handler.log_command:Invoked command in '/ros2_ws/build/fb_manipulation' returned '0': PYTHONPATH=/ros2_ws/build/fb_manipulation/prefix_override:/usr/lib/python3/dist-packages/colcon_core/task/python/colcon_distutils_commands:/ros2_ws/install/fb_manipulation/lib/python3.10/site-packages:${PYTHONPATH} /usr/bin/python3 -W ignore:setup.py install is deprecated -W ignore:easy_install command is deprecated setup.py develop --editable --build-directory /ros2_ws/build/fb_manipulation/build --no-deps symlink_data
[0.528s] INFO:colcon.colcon_core.shell:Creating environment descriptor '/ros2_ws/build/fb_manipulation/share/fb_manipulation/hook/pythonpath_develop.dsv'
[0.528s] INFO:colcon.colcon_core.shell:Creating environment hook '/ros2_ws/build/fb_manipulation/share/fb_manipulation/hook/pythonpath_develop.sh'
[0.529s] Level 1:colcon.colcon_core.environment:checking '/ros2_ws/install/fb_manipulation' for CMake module files
[0.529s] Level 1:colcon.colcon_core.environment:checking '/ros2_ws/install/fb_manipulation' for CMake config files
[0.529s] Level 1:colcon.colcon_core.environment:checking '/ros2_ws/install/fb_manipulation/lib'
[0.529s] Level 1:colcon.colcon_core.environment:checking '/ros2_ws/install/fb_manipulation/bin'
[0.529s] Level 1:colcon.colcon_core.environment:checking '/ros2_ws/install/fb_manipulation/lib/pkgconfig/fb_manipulation.pc'
[0.530s] Level 1:colcon.colcon_core.environment:checking '/ros2_ws/install/fb_manipulation/lib/python3.10/site-packages'
[0.530s] Level 1:colcon.colcon_core.shell:create_environment_hook('fb_manipulation', 'pythonpath')
[0.530s] INFO:colcon.colcon_core.shell:Creating environment hook '/ros2_ws/install/fb_manipulation/share/fb_manipulation/hook/pythonpath.ps1'
[0.530s] INFO:colcon.colcon_core.shell:Creating environment descriptor '/ros2_ws/install/fb_manipulation/share/fb_manipulation/hook/pythonpath.dsv'
[0.530s] INFO:colcon.colcon_core.shell:Creating environment hook '/ros2_ws/install/fb_manipulation/share/fb_manipulation/hook/pythonpath.sh'
[0.530s] Level 1:colcon.colcon_core.environment:checking '/ros2_ws/install/fb_manipulation/bin'
[0.530s] Level 1:colcon.colcon_core.environment:create_environment_scripts_only(fb_manipulation)
[0.530s] INFO:colcon.colcon_core.shell:Creating package script '/ros2_ws/install/fb_manipulation/share/fb_manipulation/package.ps1'
[0.531s] INFO:colcon.colcon_core.shell:Creating package descriptor '/ros2_ws/install/fb_manipulation/share/fb_manipulation/package.dsv'
[0.531s] INFO:colcon.colcon_core.shell:Creating package script '/ros2_ws/install/fb_manipulation/share/fb_manipulation/package.sh'
[0.531s] INFO:colcon.colcon_core.shell:Creating package script '/ros2_ws/install/fb_manipulation/share/fb_manipulation/package.bash'
[0.532s] INFO:colcon.colcon_core.shell:Creating package script '/ros2_ws/install/fb_manipulation/share/fb_manipulation/package.zsh'
[0.532s] Level 1:colcon.colcon_core.environment:create_file_with_runtime_dependencies(/ros2_ws/install/fb_manipulation/share/colcon-core/packages/fb_manipulation)
[0.532s] DEBUG:colcon.colcon_parallel_executor.executor.parallel:closing loop
[0.532s] DEBUG:colcon.colcon_parallel_executor.executor.parallel:loop closed
[0.532s] DEBUG:colcon.colcon_parallel_executor.executor.parallel:run_until_complete finished with '0'
[0.532s] DEBUG:colcon.colcon_core.event_reactor:joining thread
[0.535s] INFO:colcon.colcon_core.plugin_system:Skipping extension 'colcon_notification.desktop_notification.notify_send': Could not find 'notify-send'
[0.535s] INFO:colcon.colcon_core.plugin_system:Skipping extension 'colcon_notification.desktop_notification.terminal_notifier': Not used on non-Darwin systems
[0.535s] INFO:colcon.colcon_core.plugin_system:Skipping extension 'colcon_notification.desktop_notification.win32': Not used on non-Windows systems
[0.535s] INFO:colcon.colcon_notification.desktop_notification:Sending desktop notification using 'notify2'
[0.535s] DEBUG:colcon.colcon_notification.desktop_notification.notify2:Failed to initialize notify2: org.freedesktop.DBus.Error.NotSupported: Unable to autolaunch a dbus-daemon without a $DISPLAY for X11
[0.535s] DEBUG:colcon.colcon_core.event_reactor:joined thread
[0.535s] INFO:colcon.colcon_core.shell:Creating prefix script '/ros2_ws/install/local_setup.ps1'
[0.536s] INFO:colcon.colcon_core.shell:Creating prefix util module '/ros2_ws/install/_local_setup_util_ps1.py'
[0.537s] INFO:colcon.colcon_core.shell:Creating prefix chain script '/ros2_ws/install/setup.ps1'
[0.537s] INFO:colcon.colcon_core.shell:Creating prefix script '/ros2_ws/install/local_setup.sh'
[0.537s] INFO:colcon.colcon_core.shell:Creating prefix util module '/ros2_ws/install/_local_setup_util_sh.py'
[0.537s] INFO:colcon.colcon_core.shell:Creating prefix chain script '/ros2_ws/install/setup.sh'
[0.538s] INFO:colcon.colcon_core.shell:Creating prefix script '/ros2_ws/install/local_setup.bash'
[0.538s] INFO:colcon.colcon_core.shell:Creating prefix chain script '/ros2_ws/install/setup.bash'
[0.538s] INFO:colcon.colcon_core.shell:Creating prefix script '/ros2_ws/install/local_setup.zsh'
[0.539s] INFO:colcon.colcon_core.shell:Creating prefix chain script '/ros2_ws/install/setup.zsh'
