running develop
running egg_info
creating fb_gazebo.egg-info
writing fb_gazebo.egg-info/PKG-INFO
writing dependency_links to fb_gazebo.egg-info/dependency_links.txt
writing entry points to fb_gazebo.egg-info/entry_points.txt
writing requirements to fb_gazebo.egg-info/requires.txt
writing top-level names to fb_gazebo.egg-info/top_level.txt
writing manifest file 'fb_gazebo.egg-info/SOURCES.txt'
reading manifest file 'fb_gazebo.egg-info/SOURCES.txt'
writing manifest file 'fb_gazebo.egg-info/SOURCES.txt'
running build_ext
Creating /ros2_ws/install/fb_gazebo/lib/python3.10/site-packages/fb-gazebo.egg-link (link to .)

Installed /ros2_ws/build/fb_gazebo
running symlink_data
creating /ros2_ws/install/fb_gazebo/share/ament_index
creating /ros2_ws/install/fb_gazebo/share/ament_index/resource_index
creating /ros2_ws/install/fb_gazebo/share/ament_index/resource_index/packages
symbolically linking /ros2_ws/build/fb_gazebo/resource/fb_gazebo -> /ros2_ws/install/fb_gazebo/share/ament_index/resource_index/packages
symbolically linking /ros2_ws/build/fb_gazebo/package.xml -> /ros2_ws/install/fb_gazebo/share/fb_gazebo
creating /ros2_ws/install/fb_gazebo/share/fb_gazebo/launch
symbolically linking /ros2_ws/build/fb_gazebo/fb_gazebo/launch/sim.launch.py -> /ros2_ws/install/fb_gazebo/share/fb_gazebo/launch
creating /ros2_ws/install/fb_gazebo/share/fb_gazebo/urdf
symbolically linking /ros2_ws/build/fb_gazebo/fb_gazebo/urdf/robot.urdf.xacro -> /ros2_ws/install/fb_gazebo/share/fb_gazebo/urdf
creating /ros2_ws/install/fb_gazebo/share/fb_gazebo/config
symbolically linking /ros2_ws/build/fb_gazebo/fb_gazebo/config/diff_drive_controller.yaml -> /ros2_ws/install/fb_gazebo/share/fb_gazebo/config
