[0.253s] Invoking command in '/ros2_ws/build/fb_manipulation': PYTHONPATH=/ros2_ws/build/fb_manipulation/prefix_override:/usr/lib/python3/dist-packages/colcon_core/task/python/colcon_distutils_commands:/ros2_ws/install/fb_manipulation/lib/python3.10/site-packages:${PYTHONPATH} /usr/bin/python3 -W ignore:setup.py install is deprecated -W ignore:easy_install command is deprecated setup.py develop --editable --build-directory /ros2_ws/build/fb_manipulation/build --no-deps symlink_data
[0.350s] running develop
[0.386s] running egg_info
[0.386s] creating fb_manipulation.egg-info
[0.387s] writing fb_manipulation.egg-info/PKG-INFO
[0.387s] writing dependency_links to fb_manipulation.egg-info/dependency_links.txt
[0.387s] writing entry points to fb_manipulation.egg-info/entry_points.txt
[0.387s] writing requirements to fb_manipulation.egg-info/requires.txt
[0.387s] writing top-level names to fb_manipulation.egg-info/top_level.txt
[0.387s] writing manifest file 'fb_manipulation.egg-info/SOURCES.txt'
[0.388s] reading manifest file 'fb_manipulation.egg-info/SOURCES.txt'
[0.388s] writing manifest file 'fb_manipulation.egg-info/SOURCES.txt'
[0.388s] running build_ext
[0.390s] Creating /ros2_ws/install/fb_manipulation/lib/python3.10/site-packages/fb-manipulation.egg-link (link to .)
[0.390s] Installing manipulation_node script to /ros2_ws/install/fb_manipulation/lib/fb_manipulation
[0.390s] 
[0.390s] Installed /ros2_ws/build/fb_manipulation
[0.390s] running symlink_data
[0.390s] creating /ros2_ws/install/fb_manipulation/share/ament_index
[0.390s] creating /ros2_ws/install/fb_manipulation/share/ament_index/resource_index
[0.390s] creating /ros2_ws/install/fb_manipulation/share/ament_index/resource_index/packages
[0.390s] symbolically linking /ros2_ws/build/fb_manipulation/resource/fb_manipulation -> /ros2_ws/install/fb_manipulation/share/ament_index/resource_index/packages
[0.390s] symbolically linking /ros2_ws/build/fb_manipulation/package.xml -> /ros2_ws/install/fb_manipulation/share/fb_manipulation
[0.390s] creating /ros2_ws/install/fb_manipulation/share/fb_manipulation/launch
[0.402s] Invoked command in '/ros2_ws/build/fb_manipulation' returned '0': PYTHONPATH=/ros2_ws/build/fb_manipulation/prefix_override:/usr/lib/python3/dist-packages/colcon_core/task/python/colcon_distutils_commands:/ros2_ws/install/fb_manipulation/lib/python3.10/site-packages:${PYTHONPATH} /usr/bin/python3 -W ignore:setup.py install is deprecated -W ignore:easy_install command is deprecated setup.py develop --editable --build-directory /ros2_ws/build/fb_manipulation/build --no-deps symlink_data
