[0.044s] DEBUG:colcon:Command line arguments: ['/usr/bin/colcon', 'build', '--packages-select', 'fb_bringup', '--symlink-install']
[0.044s] DEBUG:colcon:Parsed command line arguments: Namespace(log_base=None, log_level=None, verb_name='build', build_base='build', install_base='install', merge_install=False, symlink_install=True, test_result_base=None, continue_on_error=False, executor='parallel', parallel_workers=24, event_handlers=None, ignore_user_meta=False, metas=['./colcon.meta'], base_paths=['.'], packages_ignore=None, packages_ignore_regex=None, paths=None, packages_up_to=None, packages_up_to_regex=None, packages_above=None, packages_above_and_dependencies=None, packages_above_depth=None, packages_select_by_dep=None, packages_skip_by_dep=None, packages_skip_up_to=None, packages_select_build_failed=False, packages_skip_build_finished=False, packages_select_test_failures=False, packages_skip_test_passed=False, packages_select=['fb_bringup'], packages_skip=None, packages_select_regex=None, packages_skip_regex=None, packages_start=None, packages_end=None, cmake_args=None, cmake_target=None, cmake_target_skip_unavailable=False, cmake_clean_cache=False, cmake_clean_first=False, cmake_force_configure=False, ament_cmake_args=None, catkin_cmake_args=None, catkin_skip_building_tests=False, mixin_files=None, mixin=None, verb_parser=<colcon_mixin.mixin.mixin_argument.MixinArgumentDecorator object at 0x7a46b684baf0>, verb_extension=<colcon_core.verb.build.BuildVerb object at 0x7a46b684ac50>, main=<bound method BuildVerb.main of <colcon_core.verb.build.BuildVerb object at 0x7a46b684ac50>>, mixin_verb=('build',))
[0.087s] Level 1:colcon.colcon_core.package_discovery:discover_packages(colcon_meta) check parameters
[0.087s] Level 1:colcon.colcon_core.package_discovery:discover_packages(recursive) check parameters
[0.087s] Level 1:colcon.colcon_core.package_discovery:discover_packages(ignore) check parameters
[0.087s] Level 1:colcon.colcon_core.package_discovery:discover_packages(path) check parameters
[0.087s] Level 1:colcon.colcon_core.package_discovery:discover_packages(colcon_meta) discover
[0.087s] Level 1:colcon.colcon_core.package_discovery:discover_packages(recursive) discover
[0.087s] INFO:colcon.colcon_core.package_discovery:Crawling recursively for packages in '/ros2_ws'
[0.087s] Level 1:colcon.colcon_core.package_identification:_identify(.) by extensions ['ignore', 'ignore_ament_install']
[0.087s] Level 1:colcon.colcon_core.package_identification:_identify(.) by extension 'ignore'
[0.087s] Level 1:colcon.colcon_core.package_identification:_identify(.) by extension 'ignore_ament_install'
[0.087s] Level 1:colcon.colcon_core.package_identification:_identify(.) by extensions ['colcon_pkg']
[0.087s] Level 1:colcon.colcon_core.package_identification:_identify(.) by extension 'colcon_pkg'
[0.087s] Level 1:colcon.colcon_core.package_identification:_identify(.) by extensions ['colcon_meta']
[0.087s] Level 1:colcon.colcon_core.package_identification:_identify(.) by extension 'colcon_meta'
[0.087s] Level 1:colcon.colcon_core.package_identification:_identify(.) by extensions ['ros']
[0.087s] Level 1:colcon.colcon_core.package_identification:_identify(.) by extension 'ros'
[0.092s] Level 1:colcon.colcon_core.package_identification:_identify(.) by extensions ['cmake', 'python']
[0.092s] Level 1:colcon.colcon_core.package_identification:_identify(.) by extension 'cmake'
[0.092s] Level 1:colcon.colcon_core.package_identification:_identify(.) by extension 'python'
[0.092s] Level 1:colcon.colcon_core.package_identification:_identify(.) by extensions ['python_setup_py']
[0.092s] Level 1:colcon.colcon_core.package_identification:_identify(.) by extension 'python_setup_py'
[0.092s] Level 1:colcon.colcon_core.package_identification:_identify(build) by extensions ['ignore', 'ignore_ament_install']
[0.092s] Level 1:colcon.colcon_core.package_identification:_identify(build) by extension 'ignore'
[0.092s] Level 1:colcon.colcon_core.package_identification:_identify(build) ignored
[0.092s] Level 1:colcon.colcon_core.package_identification:_identify(docker) by extensions ['ignore', 'ignore_ament_install']
[0.092s] Level 1:colcon.colcon_core.package_identification:_identify(docker) by extension 'ignore'
[0.092s] Level 1:colcon.colcon_core.package_identification:_identify(docker) by extension 'ignore_ament_install'
[0.093s] Level 1:colcon.colcon_core.package_identification:_identify(docker) by extensions ['colcon_pkg']
[0.093s] Level 1:colcon.colcon_core.package_identification:_identify(docker) by extension 'colcon_pkg'
[0.093s] Level 1:colcon.colcon_core.package_identification:_identify(docker) by extensions ['colcon_meta']
[0.093s] Level 1:colcon.colcon_core.package_identification:_identify(docker) by extension 'colcon_meta'
[0.093s] Level 1:colcon.colcon_core.package_identification:_identify(docker) by extensions ['ros']
[0.093s] Level 1:colcon.colcon_core.package_identification:_identify(docker) by extension 'ros'
[0.093s] Level 1:colcon.colcon_core.package_identification:_identify(docker) by extensions ['cmake', 'python']
[0.093s] Level 1:colcon.colcon_core.package_identification:_identify(docker) by extension 'cmake'
[0.093s] Level 1:colcon.colcon_core.package_identification:_identify(docker) by extension 'python'
[0.093s] Level 1:colcon.colcon_core.package_identification:_identify(docker) by extensions ['python_setup_py']
[0.093s] Level 1:colcon.colcon_core.package_identification:_identify(docker) by extension 'python_setup_py'
[0.093s] Level 1:colcon.colcon_core.package_identification:_identify(docker/dockerfiles) by extensions ['ignore', 'ignore_ament_install']
[0.093s] Level 1:colcon.colcon_core.package_identification:_identify(docker/dockerfiles) by extension 'ignore'
[0.093s] Level 1:colcon.colcon_core.package_identification:_identify(docker/dockerfiles) by extension 'ignore_ament_install'
[0.093s] Level 1:colcon.colcon_core.package_identification:_identify(docker/dockerfiles) by extensions ['colcon_pkg']
[0.093s] Level 1:colcon.colcon_core.package_identification:_identify(docker/dockerfiles) by extension 'colcon_pkg'
[0.093s] Level 1:colcon.colcon_core.package_identification:_identify(docker/dockerfiles) by extensions ['colcon_meta']
[0.093s] Level 1:colcon.colcon_core.package_identification:_identify(docker/dockerfiles) by extension 'colcon_meta'
[0.093s] Level 1:colcon.colcon_core.package_identification:_identify(docker/dockerfiles) by extensions ['ros']
[0.093s] Level 1:colcon.colcon_core.package_identification:_identify(docker/dockerfiles) by extension 'ros'
[0.093s] Level 1:colcon.colcon_core.package_identification:_identify(docker/dockerfiles) by extensions ['cmake', 'python']
[0.093s] Level 1:colcon.colcon_core.package_identification:_identify(docker/dockerfiles) by extension 'cmake'
[0.093s] Level 1:colcon.colcon_core.package_identification:_identify(docker/dockerfiles) by extension 'python'
[0.093s] Level 1:colcon.colcon_core.package_identification:_identify(docker/dockerfiles) by extensions ['python_setup_py']
[0.093s] Level 1:colcon.colcon_core.package_identification:_identify(docker/dockerfiles) by extension 'python_setup_py'
[0.093s] Level 1:colcon.colcon_core.package_identification:_identify(docker/dockerfiles/laptop) by extensions ['ignore', 'ignore_ament_install']
[0.093s] Level 1:colcon.colcon_core.package_identification:_identify(docker/dockerfiles/laptop) by extension 'ignore'
[0.093s] Level 1:colcon.colcon_core.package_identification:_identify(docker/dockerfiles/laptop) by extension 'ignore_ament_install'
[0.093s] Level 1:colcon.colcon_core.package_identification:_identify(docker/dockerfiles/laptop) by extensions ['colcon_pkg']
[0.093s] Level 1:colcon.colcon_core.package_identification:_identify(docker/dockerfiles/laptop) by extension 'colcon_pkg'
[0.093s] Level 1:colcon.colcon_core.package_identification:_identify(docker/dockerfiles/laptop) by extensions ['colcon_meta']
[0.093s] Level 1:colcon.colcon_core.package_identification:_identify(docker/dockerfiles/laptop) by extension 'colcon_meta'
[0.093s] Level 1:colcon.colcon_core.package_identification:_identify(docker/dockerfiles/laptop) by extensions ['ros']
[0.093s] Level 1:colcon.colcon_core.package_identification:_identify(docker/dockerfiles/laptop) by extension 'ros'
[0.093s] Level 1:colcon.colcon_core.package_identification:_identify(docker/dockerfiles/laptop) by extensions ['cmake', 'python']
[0.093s] Level 1:colcon.colcon_core.package_identification:_identify(docker/dockerfiles/laptop) by extension 'cmake'
[0.093s] Level 1:colcon.colcon_core.package_identification:_identify(docker/dockerfiles/laptop) by extension 'python'
[0.093s] Level 1:colcon.colcon_core.package_identification:_identify(docker/dockerfiles/laptop) by extensions ['python_setup_py']
[0.093s] Level 1:colcon.colcon_core.package_identification:_identify(docker/dockerfiles/laptop) by extension 'python_setup_py'
[0.093s] Level 1:colcon.colcon_core.package_identification:_identify(docker/dockerfiles/robot) by extensions ['ignore', 'ignore_ament_install']
[0.093s] Level 1:colcon.colcon_core.package_identification:_identify(docker/dockerfiles/robot) by extension 'ignore'
[0.093s] Level 1:colcon.colcon_core.package_identification:_identify(docker/dockerfiles/robot) by extension 'ignore_ament_install'
[0.093s] Level 1:colcon.colcon_core.package_identification:_identify(docker/dockerfiles/robot) by extensions ['colcon_pkg']
[0.093s] Level 1:colcon.colcon_core.package_identification:_identify(docker/dockerfiles/robot) by extension 'colcon_pkg'
[0.093s] Level 1:colcon.colcon_core.package_identification:_identify(docker/dockerfiles/robot) by extensions ['colcon_meta']
[0.093s] Level 1:colcon.colcon_core.package_identification:_identify(docker/dockerfiles/robot) by extension 'colcon_meta'
[0.093s] Level 1:colcon.colcon_core.package_identification:_identify(docker/dockerfiles/robot) by extensions ['ros']
[0.093s] Level 1:colcon.colcon_core.package_identification:_identify(docker/dockerfiles/robot) by extension 'ros'
[0.093s] Level 1:colcon.colcon_core.package_identification:_identify(docker/dockerfiles/robot) by extensions ['cmake', 'python']
[0.093s] Level 1:colcon.colcon_core.package_identification:_identify(docker/dockerfiles/robot) by extension 'cmake'
[0.093s] Level 1:colcon.colcon_core.package_identification:_identify(docker/dockerfiles/robot) by extension 'python'
[0.093s] Level 1:colcon.colcon_core.package_identification:_identify(docker/dockerfiles/robot) by extensions ['python_setup_py']
[0.093s] Level 1:colcon.colcon_core.package_identification:_identify(docker/dockerfiles/robot) by extension 'python_setup_py'
[0.093s] Level 1:colcon.colcon_core.package_identification:_identify(install) by extensions ['ignore', 'ignore_ament_install']
[0.093s] Level 1:colcon.colcon_core.package_identification:_identify(install) by extension 'ignore'
[0.094s] Level 1:colcon.colcon_core.package_identification:_identify(install) ignored
[0.094s] Level 1:colcon.colcon_core.package_identification:_identify(log) by extensions ['ignore', 'ignore_ament_install']
[0.094s] Level 1:colcon.colcon_core.package_identification:_identify(log) by extension 'ignore'
[0.094s] Level 1:colcon.colcon_core.package_identification:_identify(log) ignored
[0.094s] Level 1:colcon.colcon_core.package_identification:_identify(scripts) by extensions ['ignore', 'ignore_ament_install']
[0.094s] Level 1:colcon.colcon_core.package_identification:_identify(scripts) by extension 'ignore'
[0.094s] Level 1:colcon.colcon_core.package_identification:_identify(scripts) by extension 'ignore_ament_install'
[0.094s] Level 1:colcon.colcon_core.package_identification:_identify(scripts) by extensions ['colcon_pkg']
[0.094s] Level 1:colcon.colcon_core.package_identification:_identify(scripts) by extension 'colcon_pkg'
[0.094s] Level 1:colcon.colcon_core.package_identification:_identify(scripts) by extensions ['colcon_meta']
[0.094s] Level 1:colcon.colcon_core.package_identification:_identify(scripts) by extension 'colcon_meta'
[0.094s] Level 1:colcon.colcon_core.package_identification:_identify(scripts) by extensions ['ros']
[0.094s] Level 1:colcon.colcon_core.package_identification:_identify(scripts) by extension 'ros'
[0.094s] Level 1:colcon.colcon_core.package_identification:_identify(scripts) by extensions ['cmake', 'python']
[0.094s] Level 1:colcon.colcon_core.package_identification:_identify(scripts) by extension 'cmake'
[0.094s] Level 1:colcon.colcon_core.package_identification:_identify(scripts) by extension 'python'
[0.094s] Level 1:colcon.colcon_core.package_identification:_identify(scripts) by extensions ['python_setup_py']
[0.094s] Level 1:colcon.colcon_core.package_identification:_identify(scripts) by extension 'python_setup_py'
[0.094s] Level 1:colcon.colcon_core.package_identification:_identify(src) by extensions ['ignore', 'ignore_ament_install']
[0.094s] Level 1:colcon.colcon_core.package_identification:_identify(src) by extension 'ignore'
[0.094s] Level 1:colcon.colcon_core.package_identification:_identify(src) by extension 'ignore_ament_install'
[0.094s] Level 1:colcon.colcon_core.package_identification:_identify(src) by extensions ['colcon_pkg']
[0.094s] Level 1:colcon.colcon_core.package_identification:_identify(src) by extension 'colcon_pkg'
[0.094s] Level 1:colcon.colcon_core.package_identification:_identify(src) by extensions ['colcon_meta']
[0.094s] Level 1:colcon.colcon_core.package_identification:_identify(src) by extension 'colcon_meta'
[0.094s] Level 1:colcon.colcon_core.package_identification:_identify(src) by extensions ['ros']
[0.094s] Level 1:colcon.colcon_core.package_identification:_identify(src) by extension 'ros'
[0.094s] Level 1:colcon.colcon_core.package_identification:_identify(src) by extensions ['cmake', 'python']
[0.094s] Level 1:colcon.colcon_core.package_identification:_identify(src) by extension 'cmake'
[0.094s] Level 1:colcon.colcon_core.package_identification:_identify(src) by extension 'python'
[0.094s] Level 1:colcon.colcon_core.package_identification:_identify(src) by extensions ['python_setup_py']
[0.094s] Level 1:colcon.colcon_core.package_identification:_identify(src) by extension 'python_setup_py'
[0.094s] Level 1:colcon.colcon_core.package_identification:_identify(src/fb_bringup) by extensions ['ignore', 'ignore_ament_install']
[0.094s] Level 1:colcon.colcon_core.package_identification:_identify(src/fb_bringup) by extension 'ignore'
[0.094s] Level 1:colcon.colcon_core.package_identification:_identify(src/fb_bringup) by extension 'ignore_ament_install'
[0.094s] Level 1:colcon.colcon_core.package_identification:_identify(src/fb_bringup) by extensions ['colcon_pkg']
[0.094s] Level 1:colcon.colcon_core.package_identification:_identify(src/fb_bringup) by extension 'colcon_pkg'
[0.094s] Level 1:colcon.colcon_core.package_identification:_identify(src/fb_bringup) by extensions ['colcon_meta']
[0.094s] Level 1:colcon.colcon_core.package_identification:_identify(src/fb_bringup) by extension 'colcon_meta'
[0.094s] Level 1:colcon.colcon_core.package_identification:_identify(src/fb_bringup) by extensions ['ros']
[0.094s] Level 1:colcon.colcon_core.package_identification:_identify(src/fb_bringup) by extension 'ros'
[0.096s] DEBUG:colcon.colcon_core.package_identification:Package 'src/fb_bringup' with type 'ros.ament_python' and name 'fb_bringup'
[0.096s] Level 1:colcon.colcon_core.package_identification:_identify(src/fb_gazebo) by extensions ['ignore', 'ignore_ament_install']
[0.096s] Level 1:colcon.colcon_core.package_identification:_identify(src/fb_gazebo) by extension 'ignore'
[0.096s] Level 1:colcon.colcon_core.package_identification:_identify(src/fb_gazebo) by extension 'ignore_ament_install'
[0.096s] Level 1:colcon.colcon_core.package_identification:_identify(src/fb_gazebo) by extensions ['colcon_pkg']
[0.096s] Level 1:colcon.colcon_core.package_identification:_identify(src/fb_gazebo) by extension 'colcon_pkg'
[0.096s] Level 1:colcon.colcon_core.package_identification:_identify(src/fb_gazebo) by extensions ['colcon_meta']
[0.096s] Level 1:colcon.colcon_core.package_identification:_identify(src/fb_gazebo) by extension 'colcon_meta'
[0.096s] Level 1:colcon.colcon_core.package_identification:_identify(src/fb_gazebo) by extensions ['ros']
[0.096s] Level 1:colcon.colcon_core.package_identification:_identify(src/fb_gazebo) by extension 'ros'
[0.096s] DEBUG:colcon.colcon_core.package_identification:Package 'src/fb_gazebo' with type 'ros.ament_python' and name 'fb_gazebo'
[0.096s] Level 1:colcon.colcon_core.package_identification:_identify(src/fb_manipulation) by extensions ['ignore', 'ignore_ament_install']
[0.096s] Level 1:colcon.colcon_core.package_identification:_identify(src/fb_manipulation) by extension 'ignore'
[0.096s] Level 1:colcon.colcon_core.package_identification:_identify(src/fb_manipulation) by extension 'ignore_ament_install'
[0.096s] Level 1:colcon.colcon_core.package_identification:_identify(src/fb_manipulation) by extensions ['colcon_pkg']
[0.096s] Level 1:colcon.colcon_core.package_identification:_identify(src/fb_manipulation) by extension 'colcon_pkg'
[0.096s] Level 1:colcon.colcon_core.package_identification:_identify(src/fb_manipulation) by extensions ['colcon_meta']
[0.096s] Level 1:colcon.colcon_core.package_identification:_identify(src/fb_manipulation) by extension 'colcon_meta'
[0.096s] Level 1:colcon.colcon_core.package_identification:_identify(src/fb_manipulation) by extensions ['ros']
[0.096s] Level 1:colcon.colcon_core.package_identification:_identify(src/fb_manipulation) by extension 'ros'
[0.096s] DEBUG:colcon.colcon_core.package_identification:Package 'src/fb_manipulation' with type 'ros.ament_python' and name 'fb_manipulation'
[0.096s] Level 1:colcon.colcon_core.package_identification:_identify(src/fb_mobility) by extensions ['ignore', 'ignore_ament_install']
[0.096s] Level 1:colcon.colcon_core.package_identification:_identify(src/fb_mobility) by extension 'ignore'
[0.096s] Level 1:colcon.colcon_core.package_identification:_identify(src/fb_mobility) by extension 'ignore_ament_install'
[0.096s] Level 1:colcon.colcon_core.package_identification:_identify(src/fb_mobility) by extensions ['colcon_pkg']
[0.096s] Level 1:colcon.colcon_core.package_identification:_identify(src/fb_mobility) by extension 'colcon_pkg'
[0.096s] Level 1:colcon.colcon_core.package_identification:_identify(src/fb_mobility) by extensions ['colcon_meta']
[0.096s] Level 1:colcon.colcon_core.package_identification:_identify(src/fb_mobility) by extension 'colcon_meta'
[0.097s] Level 1:colcon.colcon_core.package_identification:_identify(src/fb_mobility) by extensions ['ros']
[0.097s] Level 1:colcon.colcon_core.package_identification:_identify(src/fb_mobility) by extension 'ros'
[0.097s] DEBUG:colcon.colcon_core.package_identification:Package 'src/fb_mobility' with type 'ros.ament_python' and name 'fb_mobility'
[0.097s] Level 1:colcon.colcon_core.package_identification:_identify(src/fb_planning) by extensions ['ignore', 'ignore_ament_install']
[0.097s] Level 1:colcon.colcon_core.package_identification:_identify(src/fb_planning) by extension 'ignore'
[0.097s] Level 1:colcon.colcon_core.package_identification:_identify(src/fb_planning) by extension 'ignore_ament_install'
[0.097s] Level 1:colcon.colcon_core.package_identification:_identify(src/fb_planning) by extensions ['colcon_pkg']
[0.097s] Level 1:colcon.colcon_core.package_identification:_identify(src/fb_planning) by extension 'colcon_pkg'
[0.097s] Level 1:colcon.colcon_core.package_identification:_identify(src/fb_planning) by extensions ['colcon_meta']
[0.097s] Level 1:colcon.colcon_core.package_identification:_identify(src/fb_planning) by extension 'colcon_meta'
[0.097s] Level 1:colcon.colcon_core.package_identification:_identify(src/fb_planning) by extensions ['ros']
[0.097s] Level 1:colcon.colcon_core.package_identification:_identify(src/fb_planning) by extension 'ros'
[0.097s] DEBUG:colcon.colcon_core.package_identification:Package 'src/fb_planning' with type 'ros.ament_python' and name 'fb_planning'
[0.097s] Level 1:colcon.colcon_core.package_identification:_identify(src/fb_vision) by extensions ['ignore', 'ignore_ament_install']
[0.097s] Level 1:colcon.colcon_core.package_identification:_identify(src/fb_vision) by extension 'ignore'
[0.097s] Level 1:colcon.colcon_core.package_identification:_identify(src/fb_vision) by extension 'ignore_ament_install'
[0.097s] Level 1:colcon.colcon_core.package_identification:_identify(src/fb_vision) by extensions ['colcon_pkg']
[0.097s] Level 1:colcon.colcon_core.package_identification:_identify(src/fb_vision) by extension 'colcon_pkg'
[0.097s] Level 1:colcon.colcon_core.package_identification:_identify(src/fb_vision) by extensions ['colcon_meta']
[0.097s] Level 1:colcon.colcon_core.package_identification:_identify(src/fb_vision) by extension 'colcon_meta'
[0.097s] Level 1:colcon.colcon_core.package_identification:_identify(src/fb_vision) by extensions ['ros']
[0.097s] Level 1:colcon.colcon_core.package_identification:_identify(src/fb_vision) by extension 'ros'
[0.097s] DEBUG:colcon.colcon_core.package_identification:Package 'src/fb_vision' with type 'ros.ament_python' and name 'fb_vision'
[0.098s] Level 1:colcon.colcon_core.package_discovery:discover_packages(recursive) using defaults
[0.098s] Level 1:colcon.colcon_core.package_discovery:discover_packages(ignore) discover
[0.098s] Level 1:colcon.colcon_core.package_discovery:discover_packages(ignore) using defaults
[0.098s] Level 1:colcon.colcon_core.package_discovery:discover_packages(path) discover
[0.098s] Level 1:colcon.colcon_core.package_discovery:discover_packages(path) using defaults
[0.107s] INFO:colcon.colcon_core.package_selection:Skipping not selected package 'fb_gazebo' in 'src/fb_gazebo'
[0.107s] INFO:colcon.colcon_core.package_selection:Skipping not selected package 'fb_manipulation' in 'src/fb_manipulation'
[0.107s] INFO:colcon.colcon_core.package_selection:Skipping not selected package 'fb_mobility' in 'src/fb_mobility'
[0.107s] INFO:colcon.colcon_core.package_selection:Skipping not selected package 'fb_planning' in 'src/fb_planning'
[0.107s] INFO:colcon.colcon_core.package_selection:Skipping not selected package 'fb_vision' in 'src/fb_vision'
[0.107s] Level 5:colcon.colcon_core.verb:set package 'fb_bringup' build argument 'cmake_args' from command line to 'None'
[0.107s] Level 5:colcon.colcon_core.verb:set package 'fb_bringup' build argument 'cmake_target' from command line to 'None'
[0.107s] Level 5:colcon.colcon_core.verb:set package 'fb_bringup' build argument 'cmake_target_skip_unavailable' from command line to 'False'
[0.107s] Level 5:colcon.colcon_core.verb:set package 'fb_bringup' build argument 'cmake_clean_cache' from command line to 'False'
[0.107s] Level 5:colcon.colcon_core.verb:set package 'fb_bringup' build argument 'cmake_clean_first' from command line to 'False'
[0.107s] Level 5:colcon.colcon_core.verb:set package 'fb_bringup' build argument 'cmake_force_configure' from command line to 'False'
[0.107s] Level 5:colcon.colcon_core.verb:set package 'fb_bringup' build argument 'ament_cmake_args' from command line to 'None'
[0.107s] Level 5:colcon.colcon_core.verb:set package 'fb_bringup' build argument 'catkin_cmake_args' from command line to 'None'
[0.107s] Level 5:colcon.colcon_core.verb:set package 'fb_bringup' build argument 'catkin_skip_building_tests' from command line to 'False'
[0.107s] DEBUG:colcon.colcon_core.verb:Building package 'fb_bringup' with the following arguments: {'ament_cmake_args': None, 'build_base': '/ros2_ws/build/fb_bringup', 'catkin_cmake_args': None, 'catkin_skip_building_tests': False, 'cmake_args': None, 'cmake_clean_cache': False, 'cmake_clean_first': False, 'cmake_force_configure': False, 'cmake_target': None, 'cmake_target_skip_unavailable': False, 'install_base': '/ros2_ws/install/fb_bringup', 'merge_install': False, 'path': '/ros2_ws/src/fb_bringup', 'symlink_install': True, 'test_result_base': None}
[0.107s] INFO:colcon.colcon_core.executor:Executing jobs using 'parallel' executor
[0.108s] DEBUG:colcon.colcon_parallel_executor.executor.parallel:run_until_complete
[0.108s] INFO:colcon.colcon_ros.task.ament_python.build:Building ROS package in '/ros2_ws/src/fb_bringup' with build type 'ament_python'
[0.108s] Level 1:colcon.colcon_core.shell:create_environment_hook('fb_bringup', 'ament_prefix_path')
[0.109s] INFO:colcon.colcon_core.plugin_system:Skipping extension 'colcon_core.shell.bat': Not used on non-Windows systems
[0.109s] INFO:colcon.colcon_core.shell:Creating environment hook '/ros2_ws/install/fb_bringup/share/fb_bringup/hook/ament_prefix_path.ps1'
[0.110s] INFO:colcon.colcon_core.shell:Creating environment descriptor '/ros2_ws/install/fb_bringup/share/fb_bringup/hook/ament_prefix_path.dsv'
[0.110s] INFO:colcon.colcon_core.shell:Creating environment hook '/ros2_ws/install/fb_bringup/share/fb_bringup/hook/ament_prefix_path.sh'
[0.110s] INFO:colcon.colcon_core.shell:Skip shell extension 'powershell' for command environment: Not usable outside of PowerShell
[0.110s] DEBUG:colcon.colcon_core.shell:Skip shell extension 'dsv' for command environment
[0.205s] INFO:colcon.colcon_core.task.python.build:Building Python package in '/ros2_ws/src/fb_bringup'
[0.205s] INFO:colcon.colcon_core.shell:Skip shell extension 'powershell' for command environment: Not usable outside of PowerShell
[0.205s] DEBUG:colcon.colcon_core.shell:Skip shell extension 'dsv' for command environment
[0.332s] DEBUG:colcon.colcon_core.event_handler.log_command:Invoking command in '/ros2_ws/build/fb_bringup': PYTHONPATH=/ros2_ws/build/fb_bringup/prefix_override:/usr/lib/python3/dist-packages/colcon_core/task/python/colcon_distutils_commands:/ros2_ws/install/fb_bringup/lib/python3.10/site-packages:${PYTHONPATH} /usr/bin/python3 -W ignore:setup.py install is deprecated -W ignore:easy_install command is deprecated setup.py develop --editable --build-directory /ros2_ws/build/fb_bringup/build --no-deps symlink_data
[0.481s] Level 1:colcon.colcon_core.shell:create_environment_hook('fb_bringup', 'pythonpath_develop')
[0.481s] INFO:colcon.colcon_core.shell:Creating environment hook '/ros2_ws/build/fb_bringup/share/fb_bringup/hook/pythonpath_develop.ps1'
[0.482s] DEBUG:colcon.colcon_core.event_handler.log_command:Invoked command in '/ros2_ws/build/fb_bringup' returned '0': PYTHONPATH=/ros2_ws/build/fb_bringup/prefix_override:/usr/lib/python3/dist-packages/colcon_core/task/python/colcon_distutils_commands:/ros2_ws/install/fb_bringup/lib/python3.10/site-packages:${PYTHONPATH} /usr/bin/python3 -W ignore:setup.py install is deprecated -W ignore:easy_install command is deprecated setup.py develop --editable --build-directory /ros2_ws/build/fb_bringup/build --no-deps symlink_data
[0.482s] INFO:colcon.colcon_core.shell:Creating environment descriptor '/ros2_ws/build/fb_bringup/share/fb_bringup/hook/pythonpath_develop.dsv'
[0.482s] INFO:colcon.colcon_core.shell:Creating environment hook '/ros2_ws/build/fb_bringup/share/fb_bringup/hook/pythonpath_develop.sh'
[0.483s] Level 1:colcon.colcon_core.environment:checking '/ros2_ws/install/fb_bringup' for CMake module files
[0.483s] Level 1:colcon.colcon_core.environment:checking '/ros2_ws/install/fb_bringup' for CMake config files
[0.484s] Level 1:colcon.colcon_core.environment:checking '/ros2_ws/install/fb_bringup/lib'
[0.484s] Level 1:colcon.colcon_core.environment:checking '/ros2_ws/install/fb_bringup/bin'
[0.484s] Level 1:colcon.colcon_core.environment:checking '/ros2_ws/install/fb_bringup/lib/pkgconfig/fb_bringup.pc'
[0.484s] Level 1:colcon.colcon_core.environment:checking '/ros2_ws/install/fb_bringup/lib/python3.10/site-packages'
[0.484s] Level 1:colcon.colcon_core.shell:create_environment_hook('fb_bringup', 'pythonpath')
[0.484s] INFO:colcon.colcon_core.shell:Creating environment hook '/ros2_ws/install/fb_bringup/share/fb_bringup/hook/pythonpath.ps1'
[0.484s] INFO:colcon.colcon_core.shell:Creating environment descriptor '/ros2_ws/install/fb_bringup/share/fb_bringup/hook/pythonpath.dsv'
[0.484s] INFO:colcon.colcon_core.shell:Creating environment hook '/ros2_ws/install/fb_bringup/share/fb_bringup/hook/pythonpath.sh'
[0.484s] Level 1:colcon.colcon_core.environment:checking '/ros2_ws/install/fb_bringup/bin'
[0.485s] Level 1:colcon.colcon_core.environment:create_environment_scripts_only(fb_bringup)
[0.485s] INFO:colcon.colcon_core.shell:Creating package script '/ros2_ws/install/fb_bringup/share/fb_bringup/package.ps1'
[0.485s] INFO:colcon.colcon_core.shell:Creating package descriptor '/ros2_ws/install/fb_bringup/share/fb_bringup/package.dsv'
[0.485s] INFO:colcon.colcon_core.shell:Creating package script '/ros2_ws/install/fb_bringup/share/fb_bringup/package.sh'
[0.486s] INFO:colcon.colcon_core.shell:Creating package script '/ros2_ws/install/fb_bringup/share/fb_bringup/package.bash'
[0.486s] INFO:colcon.colcon_core.shell:Creating package script '/ros2_ws/install/fb_bringup/share/fb_bringup/package.zsh'
[0.486s] Level 1:colcon.colcon_core.environment:create_file_with_runtime_dependencies(/ros2_ws/install/fb_bringup/share/colcon-core/packages/fb_bringup)
[0.486s] DEBUG:colcon.colcon_parallel_executor.executor.parallel:closing loop
[0.486s] DEBUG:colcon.colcon_parallel_executor.executor.parallel:loop closed
[0.486s] DEBUG:colcon.colcon_parallel_executor.executor.parallel:run_until_complete finished with '0'
[0.486s] DEBUG:colcon.colcon_core.event_reactor:joining thread
[0.489s] INFO:colcon.colcon_core.plugin_system:Skipping extension 'colcon_notification.desktop_notification.notify_send': Could not find 'notify-send'
[0.489s] INFO:colcon.colcon_core.plugin_system:Skipping extension 'colcon_notification.desktop_notification.terminal_notifier': Not used on non-Darwin systems
[0.489s] INFO:colcon.colcon_core.plugin_system:Skipping extension 'colcon_notification.desktop_notification.win32': Not used on non-Windows systems
[0.489s] INFO:colcon.colcon_notification.desktop_notification:Sending desktop notification using 'notify2'
[0.489s] DEBUG:colcon.colcon_notification.desktop_notification.notify2:Failed to initialize notify2: org.freedesktop.DBus.Error.NotSupported: Unable to autolaunch a dbus-daemon without a $DISPLAY for X11
[0.489s] DEBUG:colcon.colcon_core.event_reactor:joined thread
[0.489s] INFO:colcon.colcon_core.shell:Creating prefix script '/ros2_ws/install/local_setup.ps1'
[0.490s] INFO:colcon.colcon_core.shell:Creating prefix util module '/ros2_ws/install/_local_setup_util_ps1.py'
[0.490s] INFO:colcon.colcon_core.shell:Creating prefix chain script '/ros2_ws/install/setup.ps1'
[0.491s] INFO:colcon.colcon_core.shell:Creating prefix script '/ros2_ws/install/local_setup.sh'
[0.491s] INFO:colcon.colcon_core.shell:Creating prefix util module '/ros2_ws/install/_local_setup_util_sh.py'
[0.491s] INFO:colcon.colcon_core.shell:Creating prefix chain script '/ros2_ws/install/setup.sh'
[0.492s] INFO:colcon.colcon_core.shell:Creating prefix script '/ros2_ws/install/local_setup.bash'
[0.492s] INFO:colcon.colcon_core.shell:Creating prefix chain script '/ros2_ws/install/setup.bash'
[0.492s] INFO:colcon.colcon_core.shell:Creating prefix script '/ros2_ws/install/local_setup.zsh'
[0.492s] INFO:colcon.colcon_core.shell:Creating prefix chain script '/ros2_ws/install/setup.zsh'
[0.042s] DEBUG:colcon:Command line arguments: ['/usr/bin/colcon', 'build', '--packages-select', 'fb_planning', '--symlink-install']
[0.042s] DEBUG:colcon:Parsed command line arguments: Namespace(log_base=None, log_level=None, verb_name='build', build_base='build', install_base='install', merge_install=False, symlink_install=True, test_result_base=None, continue_on_error=False, executor='parallel', parallel_workers=24, event_handlers=None, ignore_user_meta=False, metas=['./colcon.meta'], base_paths=['.'], packages_ignore=None, packages_ignore_regex=None, paths=None, packages_up_to=None, packages_up_to_regex=None, packages_above=None, packages_above_and_dependencies=None, packages_above_depth=None, packages_select_by_dep=None, packages_skip_by_dep=None, packages_skip_up_to=None, packages_select_build_failed=False, packages_skip_build_finished=False, packages_select_test_failures=False, packages_skip_test_passed=False, packages_select=['fb_planning'], packages_skip=None, packages_select_regex=None, packages_skip_regex=None, packages_start=None, packages_end=None, cmake_args=None, cmake_target=None, cmake_target_skip_unavailable=False, cmake_clean_cache=False, cmake_clean_first=False, cmake_force_configure=False, ament_cmake_args=None, catkin_cmake_args=None, catkin_skip_building_tests=False, mixin_files=None, mixin=None, verb_parser=<colcon_mixin.mixin.mixin_argument.MixinArgumentDecorator object at 0x70922c5a3af0>, verb_extension=<colcon_core.verb.build.BuildVerb object at 0x70922c5a2c50>, main=<bound method BuildVerb.main of <colcon_core.verb.build.BuildVerb object at 0x70922c5a2c50>>, mixin_verb=('build',))
[0.089s] Level 1:colcon.colcon_core.package_discovery:discover_packages(colcon_meta) check parameters
[0.090s] Level 1:colcon.colcon_core.package_discovery:discover_packages(recursive) check parameters
[0.090s] Level 1:colcon.colcon_core.package_discovery:discover_packages(ignore) check parameters
[0.090s] Level 1:colcon.colcon_core.package_discovery:discover_packages(path) check parameters
[0.090s] Level 1:colcon.colcon_core.package_discovery:discover_packages(colcon_meta) discover
[0.090s] Level 1:colcon.colcon_core.package_discovery:discover_packages(recursive) discover
[0.090s] INFO:colcon.colcon_core.package_discovery:Crawling recursively for packages in '/ros2_ws'
[0.090s] Level 1:colcon.colcon_core.package_identification:_identify(.) by extensions ['ignore', 'ignore_ament_install']
[0.090s] Level 1:colcon.colcon_core.package_identification:_identify(.) by extension 'ignore'
[0.090s] Level 1:colcon.colcon_core.package_identification:_identify(.) by extension 'ignore_ament_install'
[0.090s] Level 1:colcon.colcon_core.package_identification:_identify(.) by extensions ['colcon_pkg']
[0.090s] Level 1:colcon.colcon_core.package_identification:_identify(.) by extension 'colcon_pkg'
[0.090s] Level 1:colcon.colcon_core.package_identification:_identify(.) by extensions ['colcon_meta']
[0.090s] Level 1:colcon.colcon_core.package_identification:_identify(.) by extension 'colcon_meta'
[0.090s] Level 1:colcon.colcon_core.package_identification:_identify(.) by extensions ['ros']
[0.090s] Level 1:colcon.colcon_core.package_identification:_identify(.) by extension 'ros'
[0.095s] Level 1:colcon.colcon_core.package_identification:_identify(.) by extensions ['cmake', 'python']
[0.095s] Level 1:colcon.colcon_core.package_identification:_identify(.) by extension 'cmake'
[0.095s] Level 1:colcon.colcon_core.package_identification:_identify(.) by extension 'python'
[0.095s] Level 1:colcon.colcon_core.package_identification:_identify(.) by extensions ['python_setup_py']
[0.095s] Level 1:colcon.colcon_core.package_identification:_identify(.) by extension 'python_setup_py'
[0.095s] Level 1:colcon.colcon_core.package_identification:_identify(build) by extensions ['ignore', 'ignore_ament_install']
[0.095s] Level 1:colcon.colcon_core.package_identification:_identify(build) by extension 'ignore'
[0.095s] Level 1:colcon.colcon_core.package_identification:_identify(build) ignored
[0.095s] Level 1:colcon.colcon_core.package_identification:_identify(docker) by extensions ['ignore', 'ignore_ament_install']
[0.095s] Level 1:colcon.colcon_core.package_identification:_identify(docker) by extension 'ignore'
[0.095s] Level 1:colcon.colcon_core.package_identification:_identify(docker) by extension 'ignore_ament_install'
[0.095s] Level 1:colcon.colcon_core.package_identification:_identify(docker) by extensions ['colcon_pkg']
[0.095s] Level 1:colcon.colcon_core.package_identification:_identify(docker) by extension 'colcon_pkg'
[0.095s] Level 1:colcon.colcon_core.package_identification:_identify(docker) by extensions ['colcon_meta']
[0.095s] Level 1:colcon.colcon_core.package_identification:_identify(docker) by extension 'colcon_meta'
[0.095s] Level 1:colcon.colcon_core.package_identification:_identify(docker) by extensions ['ros']
[0.095s] Level 1:colcon.colcon_core.package_identification:_identify(docker) by extension 'ros'
[0.095s] Level 1:colcon.colcon_core.package_identification:_identify(docker) by extensions ['cmake', 'python']
[0.095s] Level 1:colcon.colcon_core.package_identification:_identify(docker) by extension 'cmake'
[0.095s] Level 1:colcon.colcon_core.package_identification:_identify(docker) by extension 'python'
[0.095s] Level 1:colcon.colcon_core.package_identification:_identify(docker) by extensions ['python_setup_py']
[0.095s] Level 1:colcon.colcon_core.package_identification:_identify(docker) by extension 'python_setup_py'
[0.095s] Level 1:colcon.colcon_core.package_identification:_identify(docker/dockerfiles) by extensions ['ignore', 'ignore_ament_install']
[0.095s] Level 1:colcon.colcon_core.package_identification:_identify(docker/dockerfiles) by extension 'ignore'
[0.095s] Level 1:colcon.colcon_core.package_identification:_identify(docker/dockerfiles) by extension 'ignore_ament_install'
[0.095s] Level 1:colcon.colcon_core.package_identification:_identify(docker/dockerfiles) by extensions ['colcon_pkg']
[0.095s] Level 1:colcon.colcon_core.package_identification:_identify(docker/dockerfiles) by extension 'colcon_pkg'
[0.095s] Level 1:colcon.colcon_core.package_identification:_identify(docker/dockerfiles) by extensions ['colcon_meta']
[0.095s] Level 1:colcon.colcon_core.package_identification:_identify(docker/dockerfiles) by extension 'colcon_meta'
[0.095s] Level 1:colcon.colcon_core.package_identification:_identify(docker/dockerfiles) by extensions ['ros']
[0.095s] Level 1:colcon.colcon_core.package_identification:_identify(docker/dockerfiles) by extension 'ros'
[0.095s] Level 1:colcon.colcon_core.package_identification:_identify(docker/dockerfiles) by extensions ['cmake', 'python']
[0.096s] Level 1:colcon.colcon_core.package_identification:_identify(docker/dockerfiles) by extension 'cmake'
[0.096s] Level 1:colcon.colcon_core.package_identification:_identify(docker/dockerfiles) by extension 'python'
[0.096s] Level 1:colcon.colcon_core.package_identification:_identify(docker/dockerfiles) by extensions ['python_setup_py']
[0.096s] Level 1:colcon.colcon_core.package_identification:_identify(docker/dockerfiles) by extension 'python_setup_py'
[0.096s] Level 1:colcon.colcon_core.package_identification:_identify(docker/dockerfiles/laptop) by extensions ['ignore', 'ignore_ament_install']
[0.096s] Level 1:colcon.colcon_core.package_identification:_identify(docker/dockerfiles/laptop) by extension 'ignore'
[0.096s] Level 1:colcon.colcon_core.package_identification:_identify(docker/dockerfiles/laptop) by extension 'ignore_ament_install'
[0.096s] Level 1:colcon.colcon_core.package_identification:_identify(docker/dockerfiles/laptop) by extensions ['colcon_pkg']
[0.096s] Level 1:colcon.colcon_core.package_identification:_identify(docker/dockerfiles/laptop) by extension 'colcon_pkg'
[0.096s] Level 1:colcon.colcon_core.package_identification:_identify(docker/dockerfiles/laptop) by extensions ['colcon_meta']
[0.096s] Level 1:colcon.colcon_core.package_identification:_identify(docker/dockerfiles/laptop) by extension 'colcon_meta'
[0.096s] Level 1:colcon.colcon_core.package_identification:_identify(docker/dockerfiles/laptop) by extensions ['ros']
[0.096s] Level 1:colcon.colcon_core.package_identification:_identify(docker/dockerfiles/laptop) by extension 'ros'
[0.096s] Level 1:colcon.colcon_core.package_identification:_identify(docker/dockerfiles/laptop) by extensions ['cmake', 'python']
[0.096s] Level 1:colcon.colcon_core.package_identification:_identify(docker/dockerfiles/laptop) by extension 'cmake'
[0.096s] Level 1:colcon.colcon_core.package_identification:_identify(docker/dockerfiles/laptop) by extension 'python'
[0.096s] Level 1:colcon.colcon_core.package_identification:_identify(docker/dockerfiles/laptop) by extensions ['python_setup_py']
[0.096s] Level 1:colcon.colcon_core.package_identification:_identify(docker/dockerfiles/laptop) by extension 'python_setup_py'
[0.096s] Level 1:colcon.colcon_core.package_identification:_identify(docker/dockerfiles/robot) by extensions ['ignore', 'ignore_ament_install']
[0.096s] Level 1:colcon.colcon_core.package_identification:_identify(docker/dockerfiles/robot) by extension 'ignore'
[0.096s] Level 1:colcon.colcon_core.package_identification:_identify(docker/dockerfiles/robot) by extension 'ignore_ament_install'
[0.096s] Level 1:colcon.colcon_core.package_identification:_identify(docker/dockerfiles/robot) by extensions ['colcon_pkg']
[0.096s] Level 1:colcon.colcon_core.package_identification:_identify(docker/dockerfiles/robot) by extension 'colcon_pkg'
[0.096s] Level 1:colcon.colcon_core.package_identification:_identify(docker/dockerfiles/robot) by extensions ['colcon_meta']
[0.096s] Level 1:colcon.colcon_core.package_identification:_identify(docker/dockerfiles/robot) by extension 'colcon_meta'
[0.096s] Level 1:colcon.colcon_core.package_identification:_identify(docker/dockerfiles/robot) by extensions ['ros']
[0.096s] Level 1:colcon.colcon_core.package_identification:_identify(docker/dockerfiles/robot) by extension 'ros'
[0.096s] Level 1:colcon.colcon_core.package_identification:_identify(docker/dockerfiles/robot) by extensions ['cmake', 'python']
[0.096s] Level 1:colcon.colcon_core.package_identification:_identify(docker/dockerfiles/robot) by extension 'cmake'
[0.096s] Level 1:colcon.colcon_core.package_identification:_identify(docker/dockerfiles/robot) by extension 'python'
[0.096s] Level 1:colcon.colcon_core.package_identification:_identify(docker/dockerfiles/robot) by extensions ['python_setup_py']
[0.096s] Level 1:colcon.colcon_core.package_identification:_identify(docker/dockerfiles/robot) by extension 'python_setup_py'
[0.096s] Level 1:colcon.colcon_core.package_identification:_identify(install) by extensions ['ignore', 'ignore_ament_install']
[0.096s] Level 1:colcon.colcon_core.package_identification:_identify(install) by extension 'ignore'
[0.096s] Level 1:colcon.colcon_core.package_identification:_identify(install) ignored
[0.096s] Level 1:colcon.colcon_core.package_identification:_identify(log) by extensions ['ignore', 'ignore_ament_install']
[0.096s] Level 1:colcon.colcon_core.package_identification:_identify(log) by extension 'ignore'
[0.096s] Level 1:colcon.colcon_core.package_identification:_identify(log) ignored
[0.096s] Level 1:colcon.colcon_core.package_identification:_identify(scripts) by extensions ['ignore', 'ignore_ament_install']
[0.096s] Level 1:colcon.colcon_core.package_identification:_identify(scripts) by extension 'ignore'
[0.096s] Level 1:colcon.colcon_core.package_identification:_identify(scripts) by extension 'ignore_ament_install'
[0.096s] Level 1:colcon.colcon_core.package_identification:_identify(scripts) by extensions ['colcon_pkg']
[0.096s] Level 1:colcon.colcon_core.package_identification:_identify(scripts) by extension 'colcon_pkg'
[0.096s] Level 1:colcon.colcon_core.package_identification:_identify(scripts) by extensions ['colcon_meta']
[0.096s] Level 1:colcon.colcon_core.package_identification:_identify(scripts) by extension 'colcon_meta'
[0.096s] Level 1:colcon.colcon_core.package_identification:_identify(scripts) by extensions ['ros']
[0.096s] Level 1:colcon.colcon_core.package_identification:_identify(scripts) by extension 'ros'
[0.096s] Level 1:colcon.colcon_core.package_identification:_identify(scripts) by extensions ['cmake', 'python']
[0.096s] Level 1:colcon.colcon_core.package_identification:_identify(scripts) by extension 'cmake'
[0.096s] Level 1:colcon.colcon_core.package_identification:_identify(scripts) by extension 'python'
[0.096s] Level 1:colcon.colcon_core.package_identification:_identify(scripts) by extensions ['python_setup_py']
[0.096s] Level 1:colcon.colcon_core.package_identification:_identify(scripts) by extension 'python_setup_py'
[0.096s] Level 1:colcon.colcon_core.package_identification:_identify(src) by extensions ['ignore', 'ignore_ament_install']
[0.096s] Level 1:colcon.colcon_core.package_identification:_identify(src) by extension 'ignore'
[0.097s] Level 1:colcon.colcon_core.package_identification:_identify(src) by extension 'ignore_ament_install'
[0.097s] Level 1:colcon.colcon_core.package_identification:_identify(src) by extensions ['colcon_pkg']
[0.097s] Level 1:colcon.colcon_core.package_identification:_identify(src) by extension 'colcon_pkg'
[0.097s] Level 1:colcon.colcon_core.package_identification:_identify(src) by extensions ['colcon_meta']
[0.097s] Level 1:colcon.colcon_core.package_identification:_identify(src) by extension 'colcon_meta'
[0.097s] Level 1:colcon.colcon_core.package_identification:_identify(src) by extensions ['ros']
[0.097s] Level 1:colcon.colcon_core.package_identification:_identify(src) by extension 'ros'
[0.097s] Level 1:colcon.colcon_core.package_identification:_identify(src) by extensions ['cmake', 'python']
[0.097s] Level 1:colcon.colcon_core.package_identification:_identify(src) by extension 'cmake'
[0.097s] Level 1:colcon.colcon_core.package_identification:_identify(src) by extension 'python'
[0.097s] Level 1:colcon.colcon_core.package_identification:_identify(src) by extensions ['python_setup_py']
[0.097s] Level 1:colcon.colcon_core.package_identification:_identify(src) by extension 'python_setup_py'
[0.097s] Level 1:colcon.colcon_core.package_identification:_identify(src/fb_bringup) by extensions ['ignore', 'ignore_ament_install']
[0.097s] Level 1:colcon.colcon_core.package_identification:_identify(src/fb_bringup) by extension 'ignore'
[0.097s] Level 1:colcon.colcon_core.package_identification:_identify(src/fb_bringup) by extension 'ignore_ament_install'
[0.097s] Level 1:colcon.colcon_core.package_identification:_identify(src/fb_bringup) by extensions ['colcon_pkg']
[0.097s] Level 1:colcon.colcon_core.package_identification:_identify(src/fb_bringup) by extension 'colcon_pkg'
[0.097s] Level 1:colcon.colcon_core.package_identification:_identify(src/fb_bringup) by extensions ['colcon_meta']
[0.097s] Level 1:colcon.colcon_core.package_identification:_identify(src/fb_bringup) by extension 'colcon_meta'
[0.097s] Level 1:colcon.colcon_core.package_identification:_identify(src/fb_bringup) by extensions ['ros']
[0.097s] Level 1:colcon.colcon_core.package_identification:_identify(src/fb_bringup) by extension 'ros'
[0.098s] DEBUG:colcon.colcon_core.package_identification:Package 'src/fb_bringup' with type 'ros.ament_python' and name 'fb_bringup'
[0.098s] Level 1:colcon.colcon_core.package_identification:_identify(src/fb_gazebo) by extensions ['ignore', 'ignore_ament_install']
[0.098s] Level 1:colcon.colcon_core.package_identification:_identify(src/fb_gazebo) by extension 'ignore'
[0.098s] Level 1:colcon.colcon_core.package_identification:_identify(src/fb_gazebo) by extension 'ignore_ament_install'
[0.098s] Level 1:colcon.colcon_core.package_identification:_identify(src/fb_gazebo) by extensions ['colcon_pkg']
[0.098s] Level 1:colcon.colcon_core.package_identification:_identify(src/fb_gazebo) by extension 'colcon_pkg'
[0.098s] Level 1:colcon.colcon_core.package_identification:_identify(src/fb_gazebo) by extensions ['colcon_meta']
[0.098s] Level 1:colcon.colcon_core.package_identification:_identify(src/fb_gazebo) by extension 'colcon_meta'
[0.098s] Level 1:colcon.colcon_core.package_identification:_identify(src/fb_gazebo) by extensions ['ros']
[0.098s] Level 1:colcon.colcon_core.package_identification:_identify(src/fb_gazebo) by extension 'ros'
[0.099s] DEBUG:colcon.colcon_core.package_identification:Package 'src/fb_gazebo' with type 'ros.ament_python' and name 'fb_gazebo'
[0.099s] Level 1:colcon.colcon_core.package_identification:_identify(src/fb_manipulation) by extensions ['ignore', 'ignore_ament_install']
[0.099s] Level 1:colcon.colcon_core.package_identification:_identify(src/fb_manipulation) by extension 'ignore'
[0.099s] Level 1:colcon.colcon_core.package_identification:_identify(src/fb_manipulation) by extension 'ignore_ament_install'
[0.099s] Level 1:colcon.colcon_core.package_identification:_identify(src/fb_manipulation) by extensions ['colcon_pkg']
[0.099s] Level 1:colcon.colcon_core.package_identification:_identify(src/fb_manipulation) by extension 'colcon_pkg'
[0.099s] Level 1:colcon.colcon_core.package_identification:_identify(src/fb_manipulation) by extensions ['colcon_meta']
[0.099s] Level 1:colcon.colcon_core.package_identification:_identify(src/fb_manipulation) by extension 'colcon_meta'
[0.099s] Level 1:colcon.colcon_core.package_identification:_identify(src/fb_manipulation) by extensions ['ros']
[0.099s] Level 1:colcon.colcon_core.package_identification:_identify(src/fb_manipulation) by extension 'ros'
[0.099s] DEBUG:colcon.colcon_core.package_identification:Package 'src/fb_manipulation' with type 'ros.ament_python' and name 'fb_manipulation'
[0.099s] Level 1:colcon.colcon_core.package_identification:_identify(src/fb_mobility) by extensions ['ignore', 'ignore_ament_install']
[0.099s] Level 1:colcon.colcon_core.package_identification:_identify(src/fb_mobility) by extension 'ignore'
[0.099s] Level 1:colcon.colcon_core.package_identification:_identify(src/fb_mobility) by extension 'ignore_ament_install'
[0.099s] Level 1:colcon.colcon_core.package_identification:_identify(src/fb_mobility) by extensions ['colcon_pkg']
[0.099s] Level 1:colcon.colcon_core.package_identification:_identify(src/fb_mobility) by extension 'colcon_pkg'
[0.099s] Level 1:colcon.colcon_core.package_identification:_identify(src/fb_mobility) by extensions ['colcon_meta']
[0.099s] Level 1:colcon.colcon_core.package_identification:_identify(src/fb_mobility) by extension 'colcon_meta'
[0.099s] Level 1:colcon.colcon_core.package_identification:_identify(src/fb_mobility) by extensions ['ros']
[0.099s] Level 1:colcon.colcon_core.package_identification:_identify(src/fb_mobility) by extension 'ros'
[0.099s] DEBUG:colcon.colcon_core.package_identification:Package 'src/fb_mobility' with type 'ros.ament_python' and name 'fb_mobility'
[0.099s] Level 1:colcon.colcon_core.package_identification:_identify(src/fb_planning) by extensions ['ignore', 'ignore_ament_install']
[0.099s] Level 1:colcon.colcon_core.package_identification:_identify(src/fb_planning) by extension 'ignore'
[0.099s] Level 1:colcon.colcon_core.package_identification:_identify(src/fb_planning) by extension 'ignore_ament_install'
[0.099s] Level 1:colcon.colcon_core.package_identification:_identify(src/fb_planning) by extensions ['colcon_pkg']
[0.100s] Level 1:colcon.colcon_core.package_identification:_identify(src/fb_planning) by extension 'colcon_pkg'
[0.100s] Level 1:colcon.colcon_core.package_identification:_identify(src/fb_planning) by extensions ['colcon_meta']
[0.100s] Level 1:colcon.colcon_core.package_identification:_identify(src/fb_planning) by extension 'colcon_meta'
[0.100s] Level 1:colcon.colcon_core.package_identification:_identify(src/fb_planning) by extensions ['ros']
[0.100s] Level 1:colcon.colcon_core.package_identification:_identify(src/fb_planning) by extension 'ros'
[0.100s] DEBUG:colcon.colcon_core.package_identification:Package 'src/fb_planning' with type 'ros.ament_python' and name 'fb_planning'
[0.100s] Level 1:colcon.colcon_core.package_identification:_identify(src/fb_vision) by extensions ['ignore', 'ignore_ament_install']
[0.100s] Level 1:colcon.colcon_core.package_identification:_identify(src/fb_vision) by extension 'ignore'
[0.100s] Level 1:colcon.colcon_core.package_identification:_identify(src/fb_vision) by extension 'ignore_ament_install'
[0.100s] Level 1:colcon.colcon_core.package_identification:_identify(src/fb_vision) by extensions ['colcon_pkg']
[0.100s] Level 1:colcon.colcon_core.package_identification:_identify(src/fb_vision) by extension 'colcon_pkg'
[0.100s] Level 1:colcon.colcon_core.package_identification:_identify(src/fb_vision) by extensions ['colcon_meta']
[0.100s] Level 1:colcon.colcon_core.package_identification:_identify(src/fb_vision) by extension 'colcon_meta'
[0.100s] Level 1:colcon.colcon_core.package_identification:_identify(src/fb_vision) by extensions ['ros']
[0.100s] Level 1:colcon.colcon_core.package_identification:_identify(src/fb_vision) by extension 'ros'
[0.100s] DEBUG:colcon.colcon_core.package_identification:Package 'src/fb_vision' with type 'ros.ament_python' and name 'fb_vision'
[0.100s] Level 1:colcon.colcon_core.package_discovery:discover_packages(recursive) using defaults
[0.100s] Level 1:colcon.colcon_core.package_discovery:discover_packages(ignore) discover
[0.100s] Level 1:colcon.colcon_core.package_discovery:discover_packages(ignore) using defaults
[0.100s] Level 1:colcon.colcon_core.package_discovery:discover_packages(path) discover
[0.100s] Level 1:colcon.colcon_core.package_discovery:discover_packages(path) using defaults
[0.109s] INFO:colcon.colcon_core.package_selection:Skipping not selected package 'fb_bringup' in 'src/fb_bringup'
[0.110s] INFO:colcon.colcon_core.package_selection:Skipping not selected package 'fb_gazebo' in 'src/fb_gazebo'
[0.110s] INFO:colcon.colcon_core.package_selection:Skipping not selected package 'fb_manipulation' in 'src/fb_manipulation'
[0.110s] INFO:colcon.colcon_core.package_selection:Skipping not selected package 'fb_mobility' in 'src/fb_mobility'
[0.110s] INFO:colcon.colcon_core.package_selection:Skipping not selected package 'fb_vision' in 'src/fb_vision'
[0.110s] Level 5:colcon.colcon_core.verb:set package 'fb_planning' build argument 'cmake_args' from command line to 'None'
[0.110s] Level 5:colcon.colcon_core.verb:set package 'fb_planning' build argument 'cmake_target' from command line to 'None'
[0.110s] Level 5:colcon.colcon_core.verb:set package 'fb_planning' build argument 'cmake_target_skip_unavailable' from command line to 'False'
[0.110s] Level 5:colcon.colcon_core.verb:set package 'fb_planning' build argument 'cmake_clean_cache' from command line to 'False'
[0.110s] Level 5:colcon.colcon_core.verb:set package 'fb_planning' build argument 'cmake_clean_first' from command line to 'False'
[0.110s] Level 5:colcon.colcon_core.verb:set package 'fb_planning' build argument 'cmake_force_configure' from command line to 'False'
[0.110s] Level 5:colcon.colcon_core.verb:set package 'fb_planning' build argument 'ament_cmake_args' from command line to 'None'
[0.110s] Level 5:colcon.colcon_core.verb:set package 'fb_planning' build argument 'catkin_cmake_args' from command line to 'None'
[0.110s] Level 5:colcon.colcon_core.verb:set package 'fb_planning' build argument 'catkin_skip_building_tests' from command line to 'False'
[0.110s] DEBUG:colcon.colcon_core.verb:Building package 'fb_planning' with the following arguments: {'ament_cmake_args': None, 'build_base': '/ros2_ws/build/fb_planning', 'catkin_cmake_args': None, 'catkin_skip_building_tests': False, 'cmake_args': None, 'cmake_clean_cache': False, 'cmake_clean_first': False, 'cmake_force_configure': False, 'cmake_target': None, 'cmake_target_skip_unavailable': False, 'install_base': '/ros2_ws/install/fb_planning', 'merge_install': False, 'path': '/ros2_ws/src/fb_planning', 'symlink_install': True, 'test_result_base': None}
[0.110s] INFO:colcon.colcon_core.executor:Executing jobs using 'parallel' executor
[0.110s] DEBUG:colcon.colcon_parallel_executor.executor.parallel:run_until_complete
[0.111s] INFO:colcon.colcon_ros.task.ament_python.build:Building ROS package in '/ros2_ws/src/fb_planning' with build type 'ament_python'
[0.111s] Level 1:colcon.colcon_core.shell:create_environment_hook('fb_planning', 'ament_prefix_path')
[0.112s] INFO:colcon.colcon_core.plugin_system:Skipping extension 'colcon_core.shell.bat': Not used on non-Windows systems
[0.112s] INFO:colcon.colcon_core.shell:Creating environment hook '/ros2_ws/install/fb_planning/share/fb_planning/hook/ament_prefix_path.ps1'
[0.112s] INFO:colcon.colcon_core.shell:Creating environment descriptor '/ros2_ws/install/fb_planning/share/fb_planning/hook/ament_prefix_path.dsv'
[0.112s] INFO:colcon.colcon_core.shell:Creating environment hook '/ros2_ws/install/fb_planning/share/fb_planning/hook/ament_prefix_path.sh'
[0.112s] INFO:colcon.colcon_core.shell:Skip shell extension 'powershell' for command environment: Not usable outside of PowerShell
[0.112s] DEBUG:colcon.colcon_core.shell:Skip shell extension 'dsv' for command environment
[0.213s] INFO:colcon.colcon_core.task.python.build:Building Python package in '/ros2_ws/src/fb_planning'
[0.213s] INFO:colcon.colcon_core.shell:Skip shell extension 'powershell' for command environment: Not usable outside of PowerShell
[0.214s] DEBUG:colcon.colcon_core.shell:Skip shell extension 'dsv' for command environment
[0.353s] DEBUG:colcon.colcon_core.event_handler.log_command:Invoking command in '/ros2_ws/build/fb_planning': PYTHONPATH=/ros2_ws/build/fb_planning/prefix_override:/usr/lib/python3/dist-packages/colcon_core/task/python/colcon_distutils_commands:/ros2_ws/install/fb_planning/lib/python3.10/site-packages:${PYTHONPATH} /usr/bin/python3 -W ignore:setup.py install is deprecated -W ignore:easy_install command is deprecated setup.py develop --editable --build-directory /ros2_ws/build/fb_planning/build --no-deps symlink_data
[0.489s] Level 1:colcon.colcon_core.shell:create_environment_hook('fb_planning', 'pythonpath_develop')
[0.490s] INFO:colcon.colcon_core.shell:Creating environment hook '/ros2_ws/build/fb_planning/share/fb_planning/hook/pythonpath_develop.ps1'
[0.490s] INFO:colcon.colcon_core.shell:Creating environment descriptor '/ros2_ws/build/fb_planning/share/fb_planning/hook/pythonpath_develop.dsv'
[0.490s] DEBUG:colcon.colcon_core.event_handler.log_command:Invoked command in '/ros2_ws/build/fb_planning' returned '0': PYTHONPATH=/ros2_ws/build/fb_planning/prefix_override:/usr/lib/python3/dist-packages/colcon_core/task/python/colcon_distutils_commands:/ros2_ws/install/fb_planning/lib/python3.10/site-packages:${PYTHONPATH} /usr/bin/python3 -W ignore:setup.py install is deprecated -W ignore:easy_install command is deprecated setup.py develop --editable --build-directory /ros2_ws/build/fb_planning/build --no-deps symlink_data
[0.490s] INFO:colcon.colcon_core.shell:Creating environment hook '/ros2_ws/build/fb_planning/share/fb_planning/hook/pythonpath_develop.sh'
[0.491s] Level 1:colcon.colcon_core.environment:checking '/ros2_ws/install/fb_planning' for CMake module files
[0.492s] Level 1:colcon.colcon_core.environment:checking '/ros2_ws/install/fb_planning' for CMake config files
[0.492s] Level 1:colcon.colcon_core.environment:checking '/ros2_ws/install/fb_planning/lib'
[0.492s] Level 1:colcon.colcon_core.environment:checking '/ros2_ws/install/fb_planning/bin'
[0.492s] Level 1:colcon.colcon_core.environment:checking '/ros2_ws/install/fb_planning/lib/pkgconfig/fb_planning.pc'
[0.492s] Level 1:colcon.colcon_core.environment:checking '/ros2_ws/install/fb_planning/lib/python3.10/site-packages'
[0.492s] Level 1:colcon.colcon_core.shell:create_environment_hook('fb_planning', 'pythonpath')
[0.492s] INFO:colcon.colcon_core.shell:Creating environment hook '/ros2_ws/install/fb_planning/share/fb_planning/hook/pythonpath.ps1'
[0.492s] INFO:colcon.colcon_core.shell:Creating environment descriptor '/ros2_ws/install/fb_planning/share/fb_planning/hook/pythonpath.dsv'
[0.492s] INFO:colcon.colcon_core.shell:Creating environment hook '/ros2_ws/install/fb_planning/share/fb_planning/hook/pythonpath.sh'
[0.493s] Level 1:colcon.colcon_core.environment:checking '/ros2_ws/install/fb_planning/bin'
[0.493s] Level 1:colcon.colcon_core.environment:create_environment_scripts_only(fb_planning)
[0.493s] INFO:colcon.colcon_core.shell:Creating package script '/ros2_ws/install/fb_planning/share/fb_planning/package.ps1'
[0.493s] INFO:colcon.colcon_core.shell:Creating package descriptor '/ros2_ws/install/fb_planning/share/fb_planning/package.dsv'
[0.494s] INFO:colcon.colcon_core.shell:Creating package script '/ros2_ws/install/fb_planning/share/fb_planning/package.sh'
[0.494s] INFO:colcon.colcon_core.shell:Creating package script '/ros2_ws/install/fb_planning/share/fb_planning/package.bash'
[0.494s] INFO:colcon.colcon_core.shell:Creating package script '/ros2_ws/install/fb_planning/share/fb_planning/package.zsh'
[0.494s] Level 1:colcon.colcon_core.environment:create_file_with_runtime_dependencies(/ros2_ws/install/fb_planning/share/colcon-core/packages/fb_planning)
[0.494s] DEBUG:colcon.colcon_parallel_executor.executor.parallel:closing loop
[0.495s] DEBUG:colcon.colcon_parallel_executor.executor.parallel:loop closed
[0.495s] DEBUG:colcon.colcon_parallel_executor.executor.parallel:run_until_complete finished with '0'
[0.495s] DEBUG:colcon.colcon_core.event_reactor:joining thread
[0.497s] INFO:colcon.colcon_core.plugin_system:Skipping extension 'colcon_notification.desktop_notification.notify_send': Could not find 'notify-send'
[0.497s] INFO:colcon.colcon_core.plugin_system:Skipping extension 'colcon_notification.desktop_notification.terminal_notifier': Not used on non-Darwin systems
[0.497s] INFO:colcon.colcon_core.plugin_system:Skipping extension 'colcon_notification.desktop_notification.win32': Not used on non-Windows systems
[0.497s] INFO:colcon.colcon_notification.desktop_notification:Sending desktop notification using 'notify2'
[0.497s] DEBUG:colcon.colcon_notification.desktop_notification.notify2:Failed to initialize notify2: org.freedesktop.DBus.Error.NotSupported: Unable to autolaunch a dbus-daemon without a $DISPLAY for X11
[0.497s] DEBUG:colcon.colcon_core.event_reactor:joined thread
[0.497s] INFO:colcon.colcon_core.shell:Creating prefix script '/ros2_ws/install/local_setup.ps1'
[0.498s] INFO:colcon.colcon_core.shell:Creating prefix util module '/ros2_ws/install/_local_setup_util_ps1.py'
[0.498s] INFO:colcon.colcon_core.shell:Creating prefix chain script '/ros2_ws/install/setup.ps1'
[0.499s] INFO:colcon.colcon_core.shell:Creating prefix script '/ros2_ws/install/local_setup.sh'
[0.499s] INFO:colcon.colcon_core.shell:Creating prefix util module '/ros2_ws/install/_local_setup_util_sh.py'
[0.499s] INFO:colcon.colcon_core.shell:Creating prefix chain script '/ros2_ws/install/setup.sh'
[0.499s] INFO:colcon.colcon_core.shell:Creating prefix script '/ros2_ws/install/local_setup.bash'
[0.500s] INFO:colcon.colcon_core.shell:Creating prefix chain script '/ros2_ws/install/setup.bash'
[0.500s] INFO:colcon.colcon_core.shell:Creating prefix script '/ros2_ws/install/local_setup.zsh'
[0.500s] INFO:colcon.colcon_core.shell:Creating prefix chain script '/ros2_ws/install/setup.zsh'
