[0.282s] Invoking command in '/ros2_ws/build/fb_mobility': PYTHONPATH=/ros2_ws/build/fb_mobility/prefix_override:/usr/lib/python3/dist-packages/colcon_core/task/python/colcon_distutils_commands:/ros2_ws/install/fb_mobility/lib/python3.10/site-packages:${PYTHONPATH} /usr/bin/python3 -W ignore:setup.py install is deprecated -W ignore:easy_install command is deprecated setup.py develop --editable --build-directory /ros2_ws/build/fb_mobility/build --no-deps symlink_data
[0.387s] running develop
[0.432s] running egg_info
[0.432s] creating fb_mobility.egg-info
[0.432s] writing fb_mobility.egg-info/PKG-INFO
[0.432s] writing dependency_links to fb_mobility.egg-info/dependency_links.txt
[0.432s] writing entry points to fb_mobility.egg-info/entry_points.txt
[0.432s] writing requirements to fb_mobility.egg-info/requires.txt
[0.432s] writing top-level names to fb_mobility.egg-info/top_level.txt
[0.432s] writing manifest file 'fb_mobility.egg-info/SOURCES.txt'
[0.432s] reading manifest file 'fb_mobility.egg-info/SOURCES.txt'
[0.433s] writing manifest file 'fb_mobility.egg-info/SOURCES.txt'
[0.434s] running build_ext
[0.434s] Creating /ros2_ws/install/fb_mobility/lib/python3.10/site-packages/fb-mobility.egg-link (link to .)
[0.434s] Installing diff_drive script to /ros2_ws/install/fb_mobility/lib/fb_mobility
[0.434s] 
[0.434s] Installed /ros2_ws/build/fb_mobility
[0.434s] running symlink_data
[0.434s] creating /ros2_ws/install/fb_mobility/share/ament_index
[0.436s] creating /ros2_ws/install/fb_mobility/share/ament_index/resource_index
[0.436s] creating /ros2_ws/install/fb_mobility/share/ament_index/resource_index/packages
[0.437s] symbolically linking /ros2_ws/build/fb_mobility/resource/fb_mobility -> /ros2_ws/install/fb_mobility/share/ament_index/resource_index/packages
[0.437s] symbolically linking /ros2_ws/build/fb_mobility/package.xml -> /ros2_ws/install/fb_mobility/share/fb_mobility
[0.437s] creating /ros2_ws/install/fb_mobility/share/fb_mobility/launch
[0.455s] Invoked command in '/ros2_ws/build/fb_mobility' returned '0': PYTHONPATH=/ros2_ws/build/fb_mobility/prefix_override:/usr/lib/python3/dist-packages/colcon_core/task/python/colcon_distutils_commands:/ros2_ws/install/fb_mobility/lib/python3.10/site-packages:${PYTHONPATH} /usr/bin/python3 -W ignore:setup.py install is deprecated -W ignore:easy_install command is deprecated setup.py develop --editable --build-directory /ros2_ws/build/fb_mobility/build --no-deps symlink_data
