[0.326s] Invoking command in '/home/mmliu/Documents/cmu/16450-Capstone/frisbee-software/build/fb_launcher': CONDA_PROMPT_MODIFIER=(frisbee_env) PYTHONPATH=/home/mmliu/Documents/cmu/16450-Capstone/frisbee-software/build/fb_launcher/prefix_override:/home/mmliu/miniconda3/envs/frisbee_env/lib/python3.10/site-packages/colcon_core/task/python/colcon_distutils_commands:/home/mmliu/Documents/cmu/16450-Capstone/frisbee-software/install/fb_launcher/lib/python3.10/site-packages:${PYTHONPATH} /home/mmliu/miniconda3/envs/frisbee_env/bin/python3.10 -W ignore:setup.py install is deprecated -W ignore:easy_install command is deprecated setup.py develop --editable --build-directory /home/mmliu/Documents/cmu/16450-Capstone/frisbee-software/build/fb_launcher/build --no-deps symlink_data
[0.453s] running develop
[0.512s] running egg_info
[0.519s] creating fb_launcher.egg-info
[0.519s] writing fb_launcher.egg-info/PKG-INFO
[0.519s] writing dependency_links to fb_launcher.egg-info/dependency_links.txt
[0.519s] writing entry points to fb_launcher.egg-info/entry_points.txt
[0.520s] writing requirements to fb_launcher.egg-info/requires.txt
[0.520s] writing top-level names to fb_launcher.egg-info/top_level.txt
[0.520s] writing manifest file 'fb_launcher.egg-info/SOURCES.txt'
[0.534s] reading manifest file 'fb_launcher.egg-info/SOURCES.txt'
[0.535s] writing manifest file 'fb_launcher.egg-info/SOURCES.txt'
[0.542s] running build_ext
[0.542s] Creating /home/mmliu/Documents/cmu/16450-Capstone/frisbee-software/install/fb_launcher/lib/python3.10/site-packages/fb-launcher.egg-link (link to .)
[0.542s] Installing launcher_node script to /home/mmliu/Documents/cmu/16450-Capstone/frisbee-software/install/fb_launcher/lib/fb_launcher
[0.542s] 
[0.543s] Installed /home/mmliu/Documents/cmu/16450-Capstone/frisbee-software/build/fb_launcher
[0.543s] running symlink_data
[0.543s] creating /home/mmliu/Documents/cmu/16450-Capstone/frisbee-software/install/fb_launcher/share/ament_index/resource_index/packages
[0.543s] symbolically linking /home/mmliu/Documents/cmu/16450-Capstone/frisbee-software/build/fb_launcher/resource/fb_launcher -> /home/mmliu/Documents/cmu/16450-Capstone/frisbee-software/install/fb_launcher/share/ament_index/resource_index/packages
[0.543s] symbolically linking /home/mmliu/Documents/cmu/16450-Capstone/frisbee-software/build/fb_launcher/package.xml -> /home/mmliu/Documents/cmu/16450-Capstone/frisbee-software/install/fb_launcher/share/fb_launcher
[0.563s] Invoked command in '/home/mmliu/Documents/cmu/16450-Capstone/frisbee-software/build/fb_launcher' returned '0': CONDA_PROMPT_MODIFIER=(frisbee_env) PYTHONPATH=/home/mmliu/Documents/cmu/16450-Capstone/frisbee-software/build/fb_launcher/prefix_override:/home/mmliu/miniconda3/envs/frisbee_env/lib/python3.10/site-packages/colcon_core/task/python/colcon_distutils_commands:/home/mmliu/Documents/cmu/16450-Capstone/frisbee-software/install/fb_launcher/lib/python3.10/site-packages:${PYTHONPATH} /home/mmliu/miniconda3/envs/frisbee_env/bin/python3.10 -W ignore:setup.py install is deprecated -W ignore:easy_install command is deprecated setup.py develop --editable --build-directory /home/mmliu/Documents/cmu/16450-Capstone/frisbee-software/build/fb_launcher/build --no-deps symlink_data
