[0.302s] Invoking command in '/ros2_ws/build/fb_vision': PYTHONPATH=/ros2_ws/build/fb_vision/prefix_override:/usr/lib/python3/dist-packages/colcon_core/task/python/colcon_distutils_commands:/ros2_ws/install/fb_vision/lib/python3.10/site-packages:${PYTHONPATH} /usr/bin/python3 -W ignore:setup.py install is deprecated -W ignore:easy_install command is deprecated setup.py develop --editable --build-directory /ros2_ws/build/fb_vision/build --no-deps symlink_data
[0.402s] running develop
[0.434s] running egg_info
[0.434s] creating fb_vision.egg-info
[0.434s] writing fb_vision.egg-info/PKG-INFO
[0.435s] writing dependency_links to fb_vision.egg-info/dependency_links.txt
[0.435s] writing entry points to fb_vision.egg-info/entry_points.txt
[0.435s] writing requirements to fb_vision.egg-info/requires.txt
[0.435s] writing top-level names to fb_vision.egg-info/top_level.txt
[0.435s] writing manifest file 'fb_vision.egg-info/SOURCES.txt'
[0.436s] reading manifest file 'fb_vision.egg-info/SOURCES.txt'
[0.436s] writing manifest file 'fb_vision.egg-info/SOURCES.txt'
[0.437s] running build_ext
[0.437s] Creating /ros2_ws/install/fb_vision/lib/python3.10/site-packages/fb-vision.egg-link (link to .)
[0.437s] Installing air_tracker_node script to /ros2_ws/install/fb_vision/lib/fb_vision
[0.437s] Installing ground_tracker_node script to /ros2_ws/install/fb_vision/lib/fb_vision
[0.438s] 
[0.438s] Installed /ros2_ws/build/fb_vision
[0.438s] running symlink_data
[0.438s] creating /ros2_ws/install/fb_vision/share/ament_index
[0.438s] creating /ros2_ws/install/fb_vision/share/ament_index/resource_index
[0.438s] creating /ros2_ws/install/fb_vision/share/ament_index/resource_index/packages
[0.438s] symbolically linking /ros2_ws/build/fb_vision/resource/fb_vision -> /ros2_ws/install/fb_vision/share/ament_index/resource_index/packages
[0.438s] symbolically linking /ros2_ws/build/fb_vision/package.xml -> /ros2_ws/install/fb_vision/share/fb_vision
[0.438s] creating /ros2_ws/install/fb_vision/share/fb_vision/launch
[0.452s] Invoked command in '/ros2_ws/build/fb_vision' returned '0': PYTHONPATH=/ros2_ws/build/fb_vision/prefix_override:/usr/lib/python3/dist-packages/colcon_core/task/python/colcon_distutils_commands:/ros2_ws/install/fb_vision/lib/python3.10/site-packages:${PYTHONPATH} /usr/bin/python3 -W ignore:setup.py install is deprecated -W ignore:easy_install command is deprecated setup.py develop --editable --build-directory /ros2_ws/build/fb_vision/build --no-deps symlink_data
