[0.742s] DEBUG:colcon:Command line arguments: ['/home/frisbee/miniconda3/envs/frisbee_env/bin/colcon', 'build', '--packages-select', 'fb_utils', '--symlink-install']
[0.743s] DEBUG:colcon:Parsed command line arguments: Namespace(log_base=None, log_level=None, verb_name='build', build_base='build', install_base='install', merge_install=False, symlink_install=True, test_result_base=None, continue_on_error=False, executor='parallel', parallel_workers=4, event_handlers=None, ignore_user_meta=False, metas=['./colcon.meta'], base_paths=['.'], packages_ignore=None, packages_ignore_regex=None, paths=None, packages_up_to=None, packages_up_to_regex=None, packages_above=None, packages_above_and_dependencies=None, packages_above_depth=None, packages_select_by_dep=None, packages_skip_by_dep=None, packages_skip_up_to=None, packages_select_build_failed=False, packages_skip_build_finished=False, packages_select_test_failures=False, packages_skip_test_passed=False, packages_select=['fb_utils'], packages_skip=None, packages_select_regex=None, packages_skip_regex=None, packages_start=None, packages_end=None, cmake_args=None, cmake_target=None, cmake_target_skip_unavailable=False, cmake_clean_cache=False, cmake_clean_first=False, cmake_force_configure=False, ament_cmake_args=None, catkin_cmake_args=None, catkin_skip_building_tests=False, verb_parser=<colcon_defaults.argument_parser.defaults.DefaultArgumentsDecorator object at 0xffff912d9420>, verb_extension=<colcon_core.verb.build.BuildVerb object at 0xffff912d8fd0>, main=<bound method BuildVerb.main of <colcon_core.verb.build.BuildVerb object at 0xffff912d8fd0>>)
[0.950s] Level 1:colcon.colcon_core.package_discovery:discover_packages(colcon_meta) check parameters
[0.951s] Level 1:colcon.colcon_core.package_discovery:discover_packages(recursive) check parameters
[0.951s] Level 1:colcon.colcon_core.package_discovery:discover_packages(ignore) check parameters
[0.951s] Level 1:colcon.colcon_core.package_discovery:discover_packages(path) check parameters
[0.951s] Level 1:colcon.colcon_core.package_discovery:discover_packages(colcon_meta) discover
[0.952s] Level 1:colcon.colcon_core.package_discovery:discover_packages(recursive) discover
[0.952s] INFO:colcon.colcon_core.package_discovery:Crawling recursively for packages in '/home/frisbee/ros2_ws/src/frisbee-software'
[0.952s] Level 1:colcon.colcon_core.package_identification:_identify(.) by extensions ['ignore', 'ignore_ament_install']
[0.953s] Level 1:colcon.colcon_core.package_identification:_identify(.) by extension 'ignore'
[0.953s] Level 1:colcon.colcon_core.package_identification:_identify(.) by extension 'ignore_ament_install'
[0.954s] Level 1:colcon.colcon_core.package_identification:_identify(.) by extensions ['colcon_pkg']
[0.954s] Level 1:colcon.colcon_core.package_identification:_identify(.) by extension 'colcon_pkg'
[0.954s] Level 1:colcon.colcon_core.package_identification:_identify(.) by extensions ['colcon_meta']
[0.955s] Level 1:colcon.colcon_core.package_identification:_identify(.) by extension 'colcon_meta'
[0.955s] Level 1:colcon.colcon_core.package_identification:_identify(.) by extensions ['ros']
[0.955s] Level 1:colcon.colcon_core.package_identification:_identify(.) by extension 'ros'
[1.089s] Level 1:colcon.colcon_core.package_identification:_identify(.) by extensions ['cmake', 'python']
[1.090s] Level 1:colcon.colcon_core.package_identification:_identify(.) by extension 'cmake'
[1.090s] Level 1:colcon.colcon_core.package_identification:_identify(.) by extension 'python'
[1.091s] Level 1:colcon.colcon_core.package_identification:_identify(.) by extensions ['python_setup_py']
[1.091s] Level 1:colcon.colcon_core.package_identification:_identify(.) by extension 'python_setup_py'
[1.092s] Level 1:colcon.colcon_core.package_identification:_identify(build) by extensions ['ignore', 'ignore_ament_install']
[1.092s] Level 1:colcon.colcon_core.package_identification:_identify(build) by extension 'ignore'
[1.092s] Level 1:colcon.colcon_core.package_identification:_identify(build) ignored
[1.093s] Level 1:colcon.colcon_core.package_identification:_identify(install) by extensions ['ignore', 'ignore_ament_install']
[1.094s] Level 1:colcon.colcon_core.package_identification:_identify(install) by extension 'ignore'
[1.094s] Level 1:colcon.colcon_core.package_identification:_identify(install) ignored
[1.094s] Level 1:colcon.colcon_core.package_identification:_identify(log) by extensions ['ignore', 'ignore_ament_install']
[1.095s] Level 1:colcon.colcon_core.package_identification:_identify(log) by extension 'ignore'
[1.095s] Level 1:colcon.colcon_core.package_identification:_identify(log) ignored
[1.096s] Level 1:colcon.colcon_core.package_identification:_identify(scripts) by extensions ['ignore', 'ignore_ament_install']
[1.096s] Level 1:colcon.colcon_core.package_identification:_identify(scripts) by extension 'ignore'
[1.096s] Level 1:colcon.colcon_core.package_identification:_identify(scripts) by extension 'ignore_ament_install'
[1.097s] Level 1:colcon.colcon_core.package_identification:_identify(scripts) by extensions ['colcon_pkg']
[1.097s] Level 1:colcon.colcon_core.package_identification:_identify(scripts) by extension 'colcon_pkg'
[1.097s] Level 1:colcon.colcon_core.package_identification:_identify(scripts) by extensions ['colcon_meta']
[1.097s] Level 1:colcon.colcon_core.package_identification:_identify(scripts) by extension 'colcon_meta'
[1.097s] Level 1:colcon.colcon_core.package_identification:_identify(scripts) by extensions ['ros']
[1.098s] Level 1:colcon.colcon_core.package_identification:_identify(scripts) by extension 'ros'
[1.098s] Level 1:colcon.colcon_core.package_identification:_identify(scripts) by extensions ['cmake', 'python']
[1.098s] Level 1:colcon.colcon_core.package_identification:_identify(scripts) by extension 'cmake'
[1.098s] Level 1:colcon.colcon_core.package_identification:_identify(scripts) by extension 'python'
[1.099s] Level 1:colcon.colcon_core.package_identification:_identify(scripts) by extensions ['python_setup_py']
[1.099s] Level 1:colcon.colcon_core.package_identification:_identify(scripts) by extension 'python_setup_py'
[1.099s] Level 1:colcon.colcon_core.package_identification:_identify(scripts/laptop) by extensions ['ignore', 'ignore_ament_install']
[1.100s] Level 1:colcon.colcon_core.package_identification:_identify(scripts/laptop) by extension 'ignore'
[1.100s] Level 1:colcon.colcon_core.package_identification:_identify(scripts/laptop) by extension 'ignore_ament_install'
[1.100s] Level 1:colcon.colcon_core.package_identification:_identify(scripts/laptop) by extensions ['colcon_pkg']
[1.101s] Level 1:colcon.colcon_core.package_identification:_identify(scripts/laptop) by extension 'colcon_pkg'
[1.101s] Level 1:colcon.colcon_core.package_identification:_identify(scripts/laptop) by extensions ['colcon_meta']
[1.101s] Level 1:colcon.colcon_core.package_identification:_identify(scripts/laptop) by extension 'colcon_meta'
[1.101s] Level 1:colcon.colcon_core.package_identification:_identify(scripts/laptop) by extensions ['ros']
[1.101s] Level 1:colcon.colcon_core.package_identification:_identify(scripts/laptop) by extension 'ros'
[1.102s] Level 1:colcon.colcon_core.package_identification:_identify(scripts/laptop) by extensions ['cmake', 'python']
[1.102s] Level 1:colcon.colcon_core.package_identification:_identify(scripts/laptop) by extension 'cmake'
[1.102s] Level 1:colcon.colcon_core.package_identification:_identify(scripts/laptop) by extension 'python'
[1.102s] Level 1:colcon.colcon_core.package_identification:_identify(scripts/laptop) by extensions ['python_setup_py']
[1.103s] Level 1:colcon.colcon_core.package_identification:_identify(scripts/laptop) by extension 'python_setup_py'
[1.103s] Level 1:colcon.colcon_core.package_identification:_identify(scripts/robot) by extensions ['ignore', 'ignore_ament_install']
[1.104s] Level 1:colcon.colcon_core.package_identification:_identify(scripts/robot) by extension 'ignore'
[1.104s] Level 1:colcon.colcon_core.package_identification:_identify(scripts/robot) by extension 'ignore_ament_install'
[1.104s] Level 1:colcon.colcon_core.package_identification:_identify(scripts/robot) by extensions ['colcon_pkg']
[1.104s] Level 1:colcon.colcon_core.package_identification:_identify(scripts/robot) by extension 'colcon_pkg'
[1.105s] Level 1:colcon.colcon_core.package_identification:_identify(scripts/robot) by extensions ['colcon_meta']
[1.105s] Level 1:colcon.colcon_core.package_identification:_identify(scripts/robot) by extension 'colcon_meta'
[1.105s] Level 1:colcon.colcon_core.package_identification:_identify(scripts/robot) by extensions ['ros']
[1.105s] Level 1:colcon.colcon_core.package_identification:_identify(scripts/robot) by extension 'ros'
[1.106s] Level 1:colcon.colcon_core.package_identification:_identify(scripts/robot) by extensions ['cmake', 'python']
[1.106s] Level 1:colcon.colcon_core.package_identification:_identify(scripts/robot) by extension 'cmake'
[1.106s] Level 1:colcon.colcon_core.package_identification:_identify(scripts/robot) by extension 'python'
[1.106s] Level 1:colcon.colcon_core.package_identification:_identify(scripts/robot) by extensions ['python_setup_py']
[1.106s] Level 1:colcon.colcon_core.package_identification:_identify(scripts/robot) by extension 'python_setup_py'
[1.107s] Level 1:colcon.colcon_core.package_identification:_identify(scripts/setup) by extensions ['ignore', 'ignore_ament_install']
[1.107s] Level 1:colcon.colcon_core.package_identification:_identify(scripts/setup) by extension 'ignore'
[1.108s] Level 1:colcon.colcon_core.package_identification:_identify(scripts/setup) by extension 'ignore_ament_install'
[1.108s] Level 1:colcon.colcon_core.package_identification:_identify(scripts/setup) by extensions ['colcon_pkg']
[1.108s] Level 1:colcon.colcon_core.package_identification:_identify(scripts/setup) by extension 'colcon_pkg'
[1.108s] Level 1:colcon.colcon_core.package_identification:_identify(scripts/setup) by extensions ['colcon_meta']
[1.108s] Level 1:colcon.colcon_core.package_identification:_identify(scripts/setup) by extension 'colcon_meta'
[1.109s] Level 1:colcon.colcon_core.package_identification:_identify(scripts/setup) by extensions ['ros']
[1.109s] Level 1:colcon.colcon_core.package_identification:_identify(scripts/setup) by extension 'ros'
[1.109s] Level 1:colcon.colcon_core.package_identification:_identify(scripts/setup) by extensions ['cmake', 'python']
[1.110s] Level 1:colcon.colcon_core.package_identification:_identify(scripts/setup) by extension 'cmake'
[1.110s] Level 1:colcon.colcon_core.package_identification:_identify(scripts/setup) by extension 'python'
[1.110s] Level 1:colcon.colcon_core.package_identification:_identify(scripts/setup) by extensions ['python_setup_py']
[1.110s] Level 1:colcon.colcon_core.package_identification:_identify(scripts/setup) by extension 'python_setup_py'
[1.111s] Level 1:colcon.colcon_core.package_identification:_identify(src) by extensions ['ignore', 'ignore_ament_install']
[1.111s] Level 1:colcon.colcon_core.package_identification:_identify(src) by extension 'ignore'
[1.111s] Level 1:colcon.colcon_core.package_identification:_identify(src) by extension 'ignore_ament_install'
[1.112s] Level 1:colcon.colcon_core.package_identification:_identify(src) by extensions ['colcon_pkg']
[1.112s] Level 1:colcon.colcon_core.package_identification:_identify(src) by extension 'colcon_pkg'
[1.112s] Level 1:colcon.colcon_core.package_identification:_identify(src) by extensions ['colcon_meta']
[1.112s] Level 1:colcon.colcon_core.package_identification:_identify(src) by extension 'colcon_meta'
[1.112s] Level 1:colcon.colcon_core.package_identification:_identify(src) by extensions ['ros']
[1.112s] Level 1:colcon.colcon_core.package_identification:_identify(src) by extension 'ros'
[1.113s] Level 1:colcon.colcon_core.package_identification:_identify(src) by extensions ['cmake', 'python']
[1.113s] Level 1:colcon.colcon_core.package_identification:_identify(src) by extension 'cmake'
[1.113s] Level 1:colcon.colcon_core.package_identification:_identify(src) by extension 'python'
[1.114s] Level 1:colcon.colcon_core.package_identification:_identify(src) by extensions ['python_setup_py']
[1.114s] Level 1:colcon.colcon_core.package_identification:_identify(src) by extension 'python_setup_py'
[1.114s] Level 1:colcon.colcon_core.package_identification:_identify(src/fb_hardware_if) by extensions ['ignore', 'ignore_ament_install']
[1.115s] Level 1:colcon.colcon_core.package_identification:_identify(src/fb_hardware_if) by extension 'ignore'
[1.115s] Level 1:colcon.colcon_core.package_identification:_identify(src/fb_hardware_if) by extension 'ignore_ament_install'
[1.115s] Level 1:colcon.colcon_core.package_identification:_identify(src/fb_hardware_if) by extensions ['colcon_pkg']
[1.116s] Level 1:colcon.colcon_core.package_identification:_identify(src/fb_hardware_if) by extension 'colcon_pkg'
[1.116s] Level 1:colcon.colcon_core.package_identification:_identify(src/fb_hardware_if) by extensions ['colcon_meta']
[1.116s] Level 1:colcon.colcon_core.package_identification:_identify(src/fb_hardware_if) by extension 'colcon_meta'
[1.116s] Level 1:colcon.colcon_core.package_identification:_identify(src/fb_hardware_if) by extensions ['ros']
[1.116s] Level 1:colcon.colcon_core.package_identification:_identify(src/fb_hardware_if) by extension 'ros'
[1.127s] DEBUG:colcon.colcon_core.package_identification:Package 'src/fb_hardware_if' with type 'ros.ament_python' and name 'fb_hardware_if'
[1.128s] Level 1:colcon.colcon_core.package_identification:_identify(src/fb_planning) by extensions ['ignore', 'ignore_ament_install']
[1.129s] Level 1:colcon.colcon_core.package_identification:_identify(src/fb_planning) by extension 'ignore'
[1.129s] Level 1:colcon.colcon_core.package_identification:_identify(src/fb_planning) by extension 'ignore_ament_install'
[1.129s] Level 1:colcon.colcon_core.package_identification:_identify(src/fb_planning) by extensions ['colcon_pkg']
[1.129s] Level 1:colcon.colcon_core.package_identification:_identify(src/fb_planning) by extension 'colcon_pkg'
[1.130s] Level 1:colcon.colcon_core.package_identification:_identify(src/fb_planning) by extensions ['colcon_meta']
[1.130s] Level 1:colcon.colcon_core.package_identification:_identify(src/fb_planning) by extension 'colcon_meta'
[1.130s] Level 1:colcon.colcon_core.package_identification:_identify(src/fb_planning) by extensions ['ros']
[1.130s] Level 1:colcon.colcon_core.package_identification:_identify(src/fb_planning) by extension 'ros'
[1.133s] DEBUG:colcon.colcon_core.package_identification:Package 'src/fb_planning' with type 'ros.ament_python' and name 'fb_planning'
[1.134s] Level 1:colcon.colcon_core.package_identification:_identify(src/fb_utils) by extensions ['ignore', 'ignore_ament_install']
[1.134s] Level 1:colcon.colcon_core.package_identification:_identify(src/fb_utils) by extension 'ignore'
[1.135s] Level 1:colcon.colcon_core.package_identification:_identify(src/fb_utils) by extension 'ignore_ament_install'
[1.135s] Level 1:colcon.colcon_core.package_identification:_identify(src/fb_utils) by extensions ['colcon_pkg']
[1.135s] Level 1:colcon.colcon_core.package_identification:_identify(src/fb_utils) by extension 'colcon_pkg'
[1.136s] Level 1:colcon.colcon_core.package_identification:_identify(src/fb_utils) by extensions ['colcon_meta']
[1.136s] Level 1:colcon.colcon_core.package_identification:_identify(src/fb_utils) by extension 'colcon_meta'
[1.136s] Level 1:colcon.colcon_core.package_identification:_identify(src/fb_utils) by extensions ['ros']
[1.136s] Level 1:colcon.colcon_core.package_identification:_identify(src/fb_utils) by extension 'ros'
[1.139s] DEBUG:colcon.colcon_core.package_identification:Package 'src/fb_utils' with type 'ros.ament_python' and name 'fb_utils'
[1.140s] Level 1:colcon.colcon_core.package_identification:_identify(src/fb_vision) by extensions ['ignore', 'ignore_ament_install']
[1.140s] Level 1:colcon.colcon_core.package_identification:_identify(src/fb_vision) by extension 'ignore'
[1.141s] Level 1:colcon.colcon_core.package_identification:_identify(src/fb_vision) by extension 'ignore_ament_install'
[1.141s] Level 1:colcon.colcon_core.package_identification:_identify(src/fb_vision) by extensions ['colcon_pkg']
[1.141s] Level 1:colcon.colcon_core.package_identification:_identify(src/fb_vision) by extension 'colcon_pkg'
[1.142s] Level 1:colcon.colcon_core.package_identification:_identify(src/fb_vision) by extensions ['colcon_meta']
[1.142s] Level 1:colcon.colcon_core.package_identification:_identify(src/fb_vision) by extension 'colcon_meta'
[1.142s] Level 1:colcon.colcon_core.package_identification:_identify(src/fb_vision) by extensions ['ros']
[1.142s] Level 1:colcon.colcon_core.package_identification:_identify(src/fb_vision) by extension 'ros'
[1.145s] DEBUG:colcon.colcon_core.package_identification:Package 'src/fb_vision' with type 'ros.ament_python' and name 'fb_vision'
[1.145s] Level 1:colcon.colcon_core.package_discovery:discover_packages(recursive) using defaults
[1.146s] Level 1:colcon.colcon_core.package_discovery:discover_packages(ignore) discover
[1.146s] Level 1:colcon.colcon_core.package_discovery:discover_packages(ignore) using defaults
[1.146s] Level 1:colcon.colcon_core.package_discovery:discover_packages(path) discover
[1.146s] Level 1:colcon.colcon_core.package_discovery:discover_packages(path) using defaults
[1.249s] INFO:colcon.colcon_core.package_selection:Skipping not selected package 'fb_hardware_if' in 'src/fb_hardware_if'
[1.249s] INFO:colcon.colcon_core.package_selection:Skipping not selected package 'fb_planning' in 'src/fb_planning'
[1.249s] INFO:colcon.colcon_core.package_selection:Skipping not selected package 'fb_vision' in 'src/fb_vision'
[1.251s] Level 5:colcon.colcon_core.verb:set package 'fb_utils' build argument 'cmake_args' from command line to 'None'
[1.252s] Level 5:colcon.colcon_core.verb:set package 'fb_utils' build argument 'cmake_target' from command line to 'None'
[1.252s] Level 5:colcon.colcon_core.verb:set package 'fb_utils' build argument 'cmake_target_skip_unavailable' from command line to 'False'
[1.252s] Level 5:colcon.colcon_core.verb:set package 'fb_utils' build argument 'cmake_clean_cache' from command line to 'False'
[1.252s] Level 5:colcon.colcon_core.verb:set package 'fb_utils' build argument 'cmake_clean_first' from command line to 'False'
[1.252s] Level 5:colcon.colcon_core.verb:set package 'fb_utils' build argument 'cmake_force_configure' from command line to 'False'
[1.252s] Level 5:colcon.colcon_core.verb:set package 'fb_utils' build argument 'ament_cmake_args' from command line to 'None'
[1.253s] Level 5:colcon.colcon_core.verb:set package 'fb_utils' build argument 'catkin_cmake_args' from command line to 'None'
[1.253s] Level 5:colcon.colcon_core.verb:set package 'fb_utils' build argument 'catkin_skip_building_tests' from command line to 'False'
[1.253s] DEBUG:colcon.colcon_core.verb:Building package 'fb_utils' with the following arguments: {'ament_cmake_args': None, 'build_base': '/home/frisbee/ros2_ws/src/frisbee-software/build/fb_utils', 'catkin_cmake_args': None, 'catkin_skip_building_tests': False, 'cmake_args': None, 'cmake_clean_cache': False, 'cmake_clean_first': False, 'cmake_force_configure': False, 'cmake_target': None, 'cmake_target_skip_unavailable': False, 'install_base': '/home/frisbee/ros2_ws/src/frisbee-software/install/fb_utils', 'merge_install': False, 'path': '/home/frisbee/ros2_ws/src/frisbee-software/src/fb_utils', 'symlink_install': True, 'test_result_base': None}
[1.254s] INFO:colcon.colcon_core.executor:Executing jobs using 'parallel' executor
[1.258s] DEBUG:colcon.colcon_parallel_executor.executor.parallel:run_until_complete
[1.259s] INFO:colcon.colcon_ros.task.ament_python.build:Building ROS package in '/home/frisbee/ros2_ws/src/frisbee-software/src/fb_utils' with build type 'ament_python'
[1.260s] Level 1:colcon.colcon_core.shell:create_environment_hook('fb_utils', 'ament_prefix_path')
[1.272s] INFO:colcon.colcon_core.plugin_system:Skipping extension 'colcon_core.shell.bat': Not used on non-Windows systems
[1.277s] INFO:colcon.colcon_core.shell:Creating environment hook '/home/frisbee/ros2_ws/src/frisbee-software/install/fb_utils/share/fb_utils/hook/ament_prefix_path.ps1'
[1.283s] INFO:colcon.colcon_core.shell:Creating environment descriptor '/home/frisbee/ros2_ws/src/frisbee-software/install/fb_utils/share/fb_utils/hook/ament_prefix_path.dsv'
[1.287s] INFO:colcon.colcon_core.shell:Creating environment hook '/home/frisbee/ros2_ws/src/frisbee-software/install/fb_utils/share/fb_utils/hook/ament_prefix_path.sh'
[1.293s] INFO:colcon.colcon_core.shell:Skip shell extension 'powershell' for command environment: Not usable outside of PowerShell
[1.294s] DEBUG:colcon.colcon_core.shell:Skip shell extension 'dsv' for command environment
[2.334s] INFO:colcon.colcon_core.task.python.build:Building Python package in '/home/frisbee/ros2_ws/src/frisbee-software/src/fb_utils'
[2.336s] INFO:colcon.colcon_core.shell:Skip shell extension 'powershell' for command environment: Not usable outside of PowerShell
[2.336s] DEBUG:colcon.colcon_core.shell:Skip shell extension 'dsv' for command environment
[4.550s] DEBUG:colcon.colcon_core.event_handler.log_command:Invoking command in '/home/frisbee/ros2_ws/src/frisbee-software/build/fb_utils': CONDA_PROMPT_MODIFIER=(frisbee_env) PYTHONPATH=/home/frisbee/ros2_ws/src/frisbee-software/build/fb_utils/prefix_override:/home/frisbee/miniconda3/envs/frisbee_env/lib/python3.10/site-packages/colcon_core/task/python/colcon_distutils_commands:/home/frisbee/ros2_ws/src/frisbee-software/install/fb_utils/lib/python3.10/site-packages:${PYTHONPATH} /home/frisbee/miniconda3/envs/frisbee_env/bin/python3.10 -W ignore:setup.py install is deprecated -W ignore:easy_install command is deprecated setup.py develop --editable --build-directory /home/frisbee/ros2_ws/src/frisbee-software/build/fb_utils/build --no-deps symlink_data
[7.428s] Level 1:colcon.colcon_core.shell:create_environment_hook('fb_utils', 'pythonpath_develop')
[7.429s] INFO:colcon.colcon_core.shell:Creating environment hook '/home/frisbee/ros2_ws/src/frisbee-software/build/fb_utils/share/fb_utils/hook/pythonpath_develop.ps1'
[7.432s] DEBUG:colcon.colcon_core.event_handler.log_command:Invoked command in '/home/frisbee/ros2_ws/src/frisbee-software/build/fb_utils' returned '0': CONDA_PROMPT_MODIFIER=(frisbee_env) PYTHONPATH=/home/frisbee/ros2_ws/src/frisbee-software/build/fb_utils/prefix_override:/home/frisbee/miniconda3/envs/frisbee_env/lib/python3.10/site-packages/colcon_core/task/python/colcon_distutils_commands:/home/frisbee/ros2_ws/src/frisbee-software/install/fb_utils/lib/python3.10/site-packages:${PYTHONPATH} /home/frisbee/miniconda3/envs/frisbee_env/bin/python3.10 -W ignore:setup.py install is deprecated -W ignore:easy_install command is deprecated setup.py develop --editable --build-directory /home/frisbee/ros2_ws/src/frisbee-software/build/fb_utils/build --no-deps symlink_data
[7.435s] INFO:colcon.colcon_core.shell:Creating environment descriptor '/home/frisbee/ros2_ws/src/frisbee-software/build/fb_utils/share/fb_utils/hook/pythonpath_develop.dsv'
[7.439s] INFO:colcon.colcon_core.shell:Creating environment hook '/home/frisbee/ros2_ws/src/frisbee-software/build/fb_utils/share/fb_utils/hook/pythonpath_develop.sh'
[7.457s] Level 1:colcon.colcon_core.environment:checking '/home/frisbee/ros2_ws/src/frisbee-software/install/fb_utils' for CMake module files
[7.460s] Level 1:colcon.colcon_core.environment:checking '/home/frisbee/ros2_ws/src/frisbee-software/install/fb_utils' for CMake config files
[7.463s] Level 1:colcon.colcon_core.environment:checking '/home/frisbee/ros2_ws/src/frisbee-software/install/fb_utils/lib'
[7.464s] Level 1:colcon.colcon_core.environment:checking '/home/frisbee/ros2_ws/src/frisbee-software/install/fb_utils/bin'
[7.464s] Level 1:colcon.colcon_core.environment:checking '/home/frisbee/ros2_ws/src/frisbee-software/install/fb_utils/lib/pkgconfig/fb_utils.pc'
[7.466s] Level 1:colcon.colcon_core.environment:checking '/home/frisbee/ros2_ws/src/frisbee-software/install/fb_utils/lib/python3.10/site-packages'
[7.466s] Level 1:colcon.colcon_core.shell:create_environment_hook('fb_utils', 'pythonpath')
[7.467s] INFO:colcon.colcon_core.shell:Creating environment hook '/home/frisbee/ros2_ws/src/frisbee-software/install/fb_utils/share/fb_utils/hook/pythonpath.ps1'
[7.470s] INFO:colcon.colcon_core.shell:Creating environment descriptor '/home/frisbee/ros2_ws/src/frisbee-software/install/fb_utils/share/fb_utils/hook/pythonpath.dsv'
[7.474s] INFO:colcon.colcon_core.shell:Creating environment hook '/home/frisbee/ros2_ws/src/frisbee-software/install/fb_utils/share/fb_utils/hook/pythonpath.sh'
[7.478s] Level 1:colcon.colcon_core.environment:checking '/home/frisbee/ros2_ws/src/frisbee-software/install/fb_utils/bin'
[7.479s] Level 1:colcon.colcon_core.environment:create_environment_scripts_only(fb_utils)
[7.480s] INFO:colcon.colcon_core.shell:Creating package script '/home/frisbee/ros2_ws/src/frisbee-software/install/fb_utils/share/fb_utils/package.ps1'
[7.490s] INFO:colcon.colcon_core.shell:Creating package descriptor '/home/frisbee/ros2_ws/src/frisbee-software/install/fb_utils/share/fb_utils/package.dsv'
[7.495s] INFO:colcon.colcon_core.shell:Creating package script '/home/frisbee/ros2_ws/src/frisbee-software/install/fb_utils/share/fb_utils/package.sh'
[7.502s] INFO:colcon.colcon_core.shell:Creating package script '/home/frisbee/ros2_ws/src/frisbee-software/install/fb_utils/share/fb_utils/package.bash'
[7.510s] INFO:colcon.colcon_core.shell:Creating package script '/home/frisbee/ros2_ws/src/frisbee-software/install/fb_utils/share/fb_utils/package.zsh'
[7.515s] Level 1:colcon.colcon_core.environment:create_file_with_runtime_dependencies(/home/frisbee/ros2_ws/src/frisbee-software/install/fb_utils/share/colcon-core/packages/fb_utils)
[7.517s] DEBUG:colcon.colcon_parallel_executor.executor.parallel:closing loop
[7.519s] DEBUG:colcon.colcon_parallel_executor.executor.parallel:loop closed
[7.519s] DEBUG:colcon.colcon_parallel_executor.executor.parallel:run_until_complete finished with '0'
[7.520s] DEBUG:colcon.colcon_core.event_reactor:joining thread
[7.528s] INFO:colcon.colcon_core.plugin_system:Skipping extension 'colcon_notification.desktop_notification.notify2': 'notify2' not found
[7.530s] INFO:colcon.colcon_core.plugin_system:Skipping extension 'colcon_notification.desktop_notification.notify_send': Could not find 'notify-send'
[7.530s] INFO:colcon.colcon_core.plugin_system:Skipping extension 'colcon_notification.desktop_notification.terminal_notifier': Not used on non-Darwin systems
[7.531s] INFO:colcon.colcon_core.plugin_system:Skipping extension 'colcon_notification.desktop_notification.win32': Not used on non-Windows systems
[7.531s] DEBUG:colcon.colcon_core.event_reactor:joined thread
[7.532s] INFO:colcon.colcon_core.shell:Creating prefix script '/home/frisbee/ros2_ws/src/frisbee-software/install/local_setup.ps1'
[7.540s] INFO:colcon.colcon_core.shell:Creating prefix util module '/home/frisbee/ros2_ws/src/frisbee-software/install/_local_setup_util_ps1.py'
[7.552s] INFO:colcon.colcon_core.shell:Creating prefix chain script '/home/frisbee/ros2_ws/src/frisbee-software/install/setup.ps1'
[7.561s] INFO:colcon.colcon_core.shell:Creating prefix script '/home/frisbee/ros2_ws/src/frisbee-software/install/local_setup.sh'
[7.566s] INFO:colcon.colcon_core.shell:Creating prefix util module '/home/frisbee/ros2_ws/src/frisbee-software/install/_local_setup_util_sh.py'
[7.571s] INFO:colcon.colcon_core.shell:Creating prefix chain script '/home/frisbee/ros2_ws/src/frisbee-software/install/setup.sh'
[7.578s] INFO:colcon.colcon_core.shell:Creating prefix script '/home/frisbee/ros2_ws/src/frisbee-software/install/local_setup.bash'
[7.592s] INFO:colcon.colcon_core.shell:Creating prefix chain script '/home/frisbee/ros2_ws/src/frisbee-software/install/setup.bash'
[7.601s] INFO:colcon.colcon_core.shell:Creating prefix script '/home/frisbee/ros2_ws/src/frisbee-software/install/local_setup.zsh'
[7.606s] INFO:colcon.colcon_core.shell:Creating prefix chain script '/home/frisbee/ros2_ws/src/frisbee-software/install/setup.zsh'
