[0.041s] DEBUG:colcon:Command line arguments: ['/usr/bin/colcon', 'build', '--packages-select', 'fb_utils', '--symlink-install']
[0.041s] DEBUG:colcon:Parsed command line arguments: Namespace(log_base=None, log_level=None, verb_name='build', build_base='build', install_base='install', merge_install=False, symlink_install=True, test_result_base=None, continue_on_error=False, executor='parallel', parallel_workers=24, event_handlers=None, ignore_user_meta=False, metas=['./colcon.meta'], base_paths=['.'], packages_ignore=None, packages_ignore_regex=None, paths=None, packages_up_to=None, packages_up_to_regex=None, packages_above=None, packages_above_and_dependencies=None, packages_above_depth=None, packages_select_by_dep=None, packages_skip_by_dep=None, packages_skip_up_to=None, packages_select_build_failed=False, packages_skip_build_finished=False, packages_select_test_failures=False, packages_skip_test_passed=False, packages_select=['fb_utils'], packages_skip=None, packages_select_regex=None, packages_skip_regex=None, packages_start=None, packages_end=None, cmake_args=None, cmake_target=None, cmake_target_skip_unavailable=False, cmake_clean_cache=False, cmake_clean_first=False, cmake_force_configure=False, ament_cmake_args=None, catkin_cmake_args=None, catkin_skip_building_tests=False, mixin_files=None, mixin=None, verb_parser=<colcon_mixin.mixin.mixin_argument.MixinArgumentDecorator object at 0x7050117fafb0>, verb_extension=<colcon_core.verb.build.BuildVerb object at 0x7050117fa110>, main=<bound method BuildVerb.main of <colcon_core.verb.build.BuildVerb object at 0x7050117fa110>>, mixin_verb=('build',))
[0.084s] Level 1:colcon.colcon_core.package_discovery:discover_packages(colcon_meta) check parameters
[0.084s] Level 1:colcon.colcon_core.package_discovery:discover_packages(recursive) check parameters
[0.084s] Level 1:colcon.colcon_core.package_discovery:discover_packages(ignore) check parameters
[0.084s] Level 1:colcon.colcon_core.package_discovery:discover_packages(path) check parameters
[0.084s] Level 1:colcon.colcon_core.package_discovery:discover_packages(colcon_meta) discover
[0.084s] Level 1:colcon.colcon_core.package_discovery:discover_packages(recursive) discover
[0.084s] INFO:colcon.colcon_core.package_discovery:Crawling recursively for packages in '/ros2_ws'
[0.084s] Level 1:colcon.colcon_core.package_identification:_identify(.) by extensions ['ignore', 'ignore_ament_install']
[0.084s] Level 1:colcon.colcon_core.package_identification:_identify(.) by extension 'ignore'
[0.084s] Level 1:colcon.colcon_core.package_identification:_identify(.) by extension 'ignore_ament_install'
[0.084s] Level 1:colcon.colcon_core.package_identification:_identify(.) by extensions ['colcon_pkg']
[0.084s] Level 1:colcon.colcon_core.package_identification:_identify(.) by extension 'colcon_pkg'
[0.084s] Level 1:colcon.colcon_core.package_identification:_identify(.) by extensions ['colcon_meta']
[0.084s] Level 1:colcon.colcon_core.package_identification:_identify(.) by extension 'colcon_meta'
[0.084s] Level 1:colcon.colcon_core.package_identification:_identify(.) by extensions ['ros']
[0.084s] Level 1:colcon.colcon_core.package_identification:_identify(.) by extension 'ros'
[0.089s] Level 1:colcon.colcon_core.package_identification:_identify(.) by extensions ['cmake', 'python']
[0.089s] Level 1:colcon.colcon_core.package_identification:_identify(.) by extension 'cmake'
[0.089s] Level 1:colcon.colcon_core.package_identification:_identify(.) by extension 'python'
[0.089s] Level 1:colcon.colcon_core.package_identification:_identify(.) by extensions ['python_setup_py']
[0.089s] Level 1:colcon.colcon_core.package_identification:_identify(.) by extension 'python_setup_py'
[0.089s] Level 1:colcon.colcon_core.package_identification:_identify(build) by extensions ['ignore', 'ignore_ament_install']
[0.089s] Level 1:colcon.colcon_core.package_identification:_identify(build) by extension 'ignore'
[0.089s] Level 1:colcon.colcon_core.package_identification:_identify(build) ignored
[0.089s] Level 1:colcon.colcon_core.package_identification:_identify(docker) by extensions ['ignore', 'ignore_ament_install']
[0.089s] Level 1:colcon.colcon_core.package_identification:_identify(docker) by extension 'ignore'
[0.089s] Level 1:colcon.colcon_core.package_identification:_identify(docker) by extension 'ignore_ament_install'
[0.089s] Level 1:colcon.colcon_core.package_identification:_identify(docker) by extensions ['colcon_pkg']
[0.089s] Level 1:colcon.colcon_core.package_identification:_identify(docker) by extension 'colcon_pkg'
[0.089s] Level 1:colcon.colcon_core.package_identification:_identify(docker) by extensions ['colcon_meta']
[0.089s] Level 1:colcon.colcon_core.package_identification:_identify(docker) by extension 'colcon_meta'
[0.089s] Level 1:colcon.colcon_core.package_identification:_identify(docker) by extensions ['ros']
[0.089s] Level 1:colcon.colcon_core.package_identification:_identify(docker) by extension 'ros'
[0.089s] Level 1:colcon.colcon_core.package_identification:_identify(docker) by extensions ['cmake', 'python']
[0.089s] Level 1:colcon.colcon_core.package_identification:_identify(docker) by extension 'cmake'
[0.089s] Level 1:colcon.colcon_core.package_identification:_identify(docker) by extension 'python'
[0.089s] Level 1:colcon.colcon_core.package_identification:_identify(docker) by extensions ['python_setup_py']
[0.089s] Level 1:colcon.colcon_core.package_identification:_identify(docker) by extension 'python_setup_py'
[0.089s] Level 1:colcon.colcon_core.package_identification:_identify(docker/dockerfiles) by extensions ['ignore', 'ignore_ament_install']
[0.089s] Level 1:colcon.colcon_core.package_identification:_identify(docker/dockerfiles) by extension 'ignore'
[0.089s] Level 1:colcon.colcon_core.package_identification:_identify(docker/dockerfiles) by extension 'ignore_ament_install'
[0.089s] Level 1:colcon.colcon_core.package_identification:_identify(docker/dockerfiles) by extensions ['colcon_pkg']
[0.089s] Level 1:colcon.colcon_core.package_identification:_identify(docker/dockerfiles) by extension 'colcon_pkg'
[0.089s] Level 1:colcon.colcon_core.package_identification:_identify(docker/dockerfiles) by extensions ['colcon_meta']
[0.089s] Level 1:colcon.colcon_core.package_identification:_identify(docker/dockerfiles) by extension 'colcon_meta'
[0.089s] Level 1:colcon.colcon_core.package_identification:_identify(docker/dockerfiles) by extensions ['ros']
[0.089s] Level 1:colcon.colcon_core.package_identification:_identify(docker/dockerfiles) by extension 'ros'
[0.089s] Level 1:colcon.colcon_core.package_identification:_identify(docker/dockerfiles) by extensions ['cmake', 'python']
[0.089s] Level 1:colcon.colcon_core.package_identification:_identify(docker/dockerfiles) by extension 'cmake'
[0.089s] Level 1:colcon.colcon_core.package_identification:_identify(docker/dockerfiles) by extension 'python'
[0.089s] Level 1:colcon.colcon_core.package_identification:_identify(docker/dockerfiles) by extensions ['python_setup_py']
[0.089s] Level 1:colcon.colcon_core.package_identification:_identify(docker/dockerfiles) by extension 'python_setup_py'
[0.089s] Level 1:colcon.colcon_core.package_identification:_identify(docker/dockerfiles/laptop) by extensions ['ignore', 'ignore_ament_install']
[0.089s] Level 1:colcon.colcon_core.package_identification:_identify(docker/dockerfiles/laptop) by extension 'ignore'
[0.089s] Level 1:colcon.colcon_core.package_identification:_identify(docker/dockerfiles/laptop) by extension 'ignore_ament_install'
[0.089s] Level 1:colcon.colcon_core.package_identification:_identify(docker/dockerfiles/laptop) by extensions ['colcon_pkg']
[0.089s] Level 1:colcon.colcon_core.package_identification:_identify(docker/dockerfiles/laptop) by extension 'colcon_pkg'
[0.089s] Level 1:colcon.colcon_core.package_identification:_identify(docker/dockerfiles/laptop) by extensions ['colcon_meta']
[0.089s] Level 1:colcon.colcon_core.package_identification:_identify(docker/dockerfiles/laptop) by extension 'colcon_meta'
[0.089s] Level 1:colcon.colcon_core.package_identification:_identify(docker/dockerfiles/laptop) by extensions ['ros']
[0.089s] Level 1:colcon.colcon_core.package_identification:_identify(docker/dockerfiles/laptop) by extension 'ros'
[0.089s] Level 1:colcon.colcon_core.package_identification:_identify(docker/dockerfiles/laptop) by extensions ['cmake', 'python']
[0.089s] Level 1:colcon.colcon_core.package_identification:_identify(docker/dockerfiles/laptop) by extension 'cmake'
[0.090s] Level 1:colcon.colcon_core.package_identification:_identify(docker/dockerfiles/laptop) by extension 'python'
[0.090s] Level 1:colcon.colcon_core.package_identification:_identify(docker/dockerfiles/laptop) by extensions ['python_setup_py']
[0.090s] Level 1:colcon.colcon_core.package_identification:_identify(docker/dockerfiles/laptop) by extension 'python_setup_py'
[0.090s] Level 1:colcon.colcon_core.package_identification:_identify(docker/dockerfiles/robot) by extensions ['ignore', 'ignore_ament_install']
[0.090s] Level 1:colcon.colcon_core.package_identification:_identify(docker/dockerfiles/robot) by extension 'ignore'
[0.090s] Level 1:colcon.colcon_core.package_identification:_identify(docker/dockerfiles/robot) by extension 'ignore_ament_install'
[0.090s] Level 1:colcon.colcon_core.package_identification:_identify(docker/dockerfiles/robot) by extensions ['colcon_pkg']
[0.090s] Level 1:colcon.colcon_core.package_identification:_identify(docker/dockerfiles/robot) by extension 'colcon_pkg'
[0.090s] Level 1:colcon.colcon_core.package_identification:_identify(docker/dockerfiles/robot) by extensions ['colcon_meta']
[0.090s] Level 1:colcon.colcon_core.package_identification:_identify(docker/dockerfiles/robot) by extension 'colcon_meta'
[0.090s] Level 1:colcon.colcon_core.package_identification:_identify(docker/dockerfiles/robot) by extensions ['ros']
[0.090s] Level 1:colcon.colcon_core.package_identification:_identify(docker/dockerfiles/robot) by extension 'ros'
[0.090s] Level 1:colcon.colcon_core.package_identification:_identify(docker/dockerfiles/robot) by extensions ['cmake', 'python']
[0.090s] Level 1:colcon.colcon_core.package_identification:_identify(docker/dockerfiles/robot) by extension 'cmake'
[0.090s] Level 1:colcon.colcon_core.package_identification:_identify(docker/dockerfiles/robot) by extension 'python'
[0.090s] Level 1:colcon.colcon_core.package_identification:_identify(docker/dockerfiles/robot) by extensions ['python_setup_py']
[0.090s] Level 1:colcon.colcon_core.package_identification:_identify(docker/dockerfiles/robot) by extension 'python_setup_py'
[0.090s] Level 1:colcon.colcon_core.package_identification:_identify(install) by extensions ['ignore', 'ignore_ament_install']
[0.090s] Level 1:colcon.colcon_core.package_identification:_identify(install) by extension 'ignore'
[0.090s] Level 1:colcon.colcon_core.package_identification:_identify(install) ignored
[0.090s] Level 1:colcon.colcon_core.package_identification:_identify(log) by extensions ['ignore', 'ignore_ament_install']
[0.090s] Level 1:colcon.colcon_core.package_identification:_identify(log) by extension 'ignore'
[0.090s] Level 1:colcon.colcon_core.package_identification:_identify(log) ignored
[0.090s] Level 1:colcon.colcon_core.package_identification:_identify(scripts) by extensions ['ignore', 'ignore_ament_install']
[0.090s] Level 1:colcon.colcon_core.package_identification:_identify(scripts) by extension 'ignore'
[0.090s] Level 1:colcon.colcon_core.package_identification:_identify(scripts) by extension 'ignore_ament_install'
[0.090s] Level 1:colcon.colcon_core.package_identification:_identify(scripts) by extensions ['colcon_pkg']
[0.090s] Level 1:colcon.colcon_core.package_identification:_identify(scripts) by extension 'colcon_pkg'
[0.090s] Level 1:colcon.colcon_core.package_identification:_identify(scripts) by extensions ['colcon_meta']
[0.090s] Level 1:colcon.colcon_core.package_identification:_identify(scripts) by extension 'colcon_meta'
[0.090s] Level 1:colcon.colcon_core.package_identification:_identify(scripts) by extensions ['ros']
[0.090s] Level 1:colcon.colcon_core.package_identification:_identify(scripts) by extension 'ros'
[0.090s] Level 1:colcon.colcon_core.package_identification:_identify(scripts) by extensions ['cmake', 'python']
[0.090s] Level 1:colcon.colcon_core.package_identification:_identify(scripts) by extension 'cmake'
[0.090s] Level 1:colcon.colcon_core.package_identification:_identify(scripts) by extension 'python'
[0.090s] Level 1:colcon.colcon_core.package_identification:_identify(scripts) by extensions ['python_setup_py']
[0.090s] Level 1:colcon.colcon_core.package_identification:_identify(scripts) by extension 'python_setup_py'
[0.090s] Level 1:colcon.colcon_core.package_identification:_identify(scripts/sessions_laptop) by extensions ['ignore', 'ignore_ament_install']
[0.090s] Level 1:colcon.colcon_core.package_identification:_identify(scripts/sessions_laptop) by extension 'ignore'
[0.090s] Level 1:colcon.colcon_core.package_identification:_identify(scripts/sessions_laptop) by extension 'ignore_ament_install'
[0.090s] Level 1:colcon.colcon_core.package_identification:_identify(scripts/sessions_laptop) by extensions ['colcon_pkg']
[0.090s] Level 1:colcon.colcon_core.package_identification:_identify(scripts/sessions_laptop) by extension 'colcon_pkg'
[0.090s] Level 1:colcon.colcon_core.package_identification:_identify(scripts/sessions_laptop) by extensions ['colcon_meta']
[0.090s] Level 1:colcon.colcon_core.package_identification:_identify(scripts/sessions_laptop) by extension 'colcon_meta'
[0.090s] Level 1:colcon.colcon_core.package_identification:_identify(scripts/sessions_laptop) by extensions ['ros']
[0.090s] Level 1:colcon.colcon_core.package_identification:_identify(scripts/sessions_laptop) by extension 'ros'
[0.090s] Level 1:colcon.colcon_core.package_identification:_identify(scripts/sessions_laptop) by extensions ['cmake', 'python']
[0.090s] Level 1:colcon.colcon_core.package_identification:_identify(scripts/sessions_laptop) by extension 'cmake'
[0.090s] Level 1:colcon.colcon_core.package_identification:_identify(scripts/sessions_laptop) by extension 'python'
[0.090s] Level 1:colcon.colcon_core.package_identification:_identify(scripts/sessions_laptop) by extensions ['python_setup_py']
[0.090s] Level 1:colcon.colcon_core.package_identification:_identify(scripts/sessions_laptop) by extension 'python_setup_py'
[0.090s] Level 1:colcon.colcon_core.package_identification:_identify(scripts/sessions_laptop/utils) by extensions ['ignore', 'ignore_ament_install']
[0.090s] Level 1:colcon.colcon_core.package_identification:_identify(scripts/sessions_laptop/utils) by extension 'ignore'
[0.090s] Level 1:colcon.colcon_core.package_identification:_identify(scripts/sessions_laptop/utils) by extension 'ignore_ament_install'
[0.090s] Level 1:colcon.colcon_core.package_identification:_identify(scripts/sessions_laptop/utils) by extensions ['colcon_pkg']
[0.090s] Level 1:colcon.colcon_core.package_identification:_identify(scripts/sessions_laptop/utils) by extension 'colcon_pkg'
[0.091s] Level 1:colcon.colcon_core.package_identification:_identify(scripts/sessions_laptop/utils) by extensions ['colcon_meta']
[0.091s] Level 1:colcon.colcon_core.package_identification:_identify(scripts/sessions_laptop/utils) by extension 'colcon_meta'
[0.091s] Level 1:colcon.colcon_core.package_identification:_identify(scripts/sessions_laptop/utils) by extensions ['ros']
[0.091s] Level 1:colcon.colcon_core.package_identification:_identify(scripts/sessions_laptop/utils) by extension 'ros'
[0.091s] Level 1:colcon.colcon_core.package_identification:_identify(scripts/sessions_laptop/utils) by extensions ['cmake', 'python']
[0.091s] Level 1:colcon.colcon_core.package_identification:_identify(scripts/sessions_laptop/utils) by extension 'cmake'
[0.091s] Level 1:colcon.colcon_core.package_identification:_identify(scripts/sessions_laptop/utils) by extension 'python'
[0.091s] Level 1:colcon.colcon_core.package_identification:_identify(scripts/sessions_laptop/utils) by extensions ['python_setup_py']
[0.091s] Level 1:colcon.colcon_core.package_identification:_identify(scripts/sessions_laptop/utils) by extension 'python_setup_py'
[0.091s] Level 1:colcon.colcon_core.package_identification:_identify(scripts/sessions_robot) by extensions ['ignore', 'ignore_ament_install']
[0.091s] Level 1:colcon.colcon_core.package_identification:_identify(scripts/sessions_robot) by extension 'ignore'
[0.091s] Level 1:colcon.colcon_core.package_identification:_identify(scripts/sessions_robot) by extension 'ignore_ament_install'
[0.091s] Level 1:colcon.colcon_core.package_identification:_identify(scripts/sessions_robot) by extensions ['colcon_pkg']
[0.091s] Level 1:colcon.colcon_core.package_identification:_identify(scripts/sessions_robot) by extension 'colcon_pkg'
[0.091s] Level 1:colcon.colcon_core.package_identification:_identify(scripts/sessions_robot) by extensions ['colcon_meta']
[0.091s] Level 1:colcon.colcon_core.package_identification:_identify(scripts/sessions_robot) by extension 'colcon_meta'
[0.091s] Level 1:colcon.colcon_core.package_identification:_identify(scripts/sessions_robot) by extensions ['ros']
[0.091s] Level 1:colcon.colcon_core.package_identification:_identify(scripts/sessions_robot) by extension 'ros'
[0.091s] Level 1:colcon.colcon_core.package_identification:_identify(scripts/sessions_robot) by extensions ['cmake', 'python']
[0.091s] Level 1:colcon.colcon_core.package_identification:_identify(scripts/sessions_robot) by extension 'cmake'
[0.091s] Level 1:colcon.colcon_core.package_identification:_identify(scripts/sessions_robot) by extension 'python'
[0.091s] Level 1:colcon.colcon_core.package_identification:_identify(scripts/sessions_robot) by extensions ['python_setup_py']
[0.091s] Level 1:colcon.colcon_core.package_identification:_identify(scripts/sessions_robot) by extension 'python_setup_py'
[0.091s] Level 1:colcon.colcon_core.package_identification:_identify(scripts/sessions_robot/utils) by extensions ['ignore', 'ignore_ament_install']
[0.091s] Level 1:colcon.colcon_core.package_identification:_identify(scripts/sessions_robot/utils) by extension 'ignore'
[0.091s] Level 1:colcon.colcon_core.package_identification:_identify(scripts/sessions_robot/utils) by extension 'ignore_ament_install'
[0.091s] Level 1:colcon.colcon_core.package_identification:_identify(scripts/sessions_robot/utils) by extensions ['colcon_pkg']
[0.091s] Level 1:colcon.colcon_core.package_identification:_identify(scripts/sessions_robot/utils) by extension 'colcon_pkg'
[0.091s] Level 1:colcon.colcon_core.package_identification:_identify(scripts/sessions_robot/utils) by extensions ['colcon_meta']
[0.091s] Level 1:colcon.colcon_core.package_identification:_identify(scripts/sessions_robot/utils) by extension 'colcon_meta'
[0.091s] Level 1:colcon.colcon_core.package_identification:_identify(scripts/sessions_robot/utils) by extensions ['ros']
[0.091s] Level 1:colcon.colcon_core.package_identification:_identify(scripts/sessions_robot/utils) by extension 'ros'
[0.091s] Level 1:colcon.colcon_core.package_identification:_identify(scripts/sessions_robot/utils) by extensions ['cmake', 'python']
[0.091s] Level 1:colcon.colcon_core.package_identification:_identify(scripts/sessions_robot/utils) by extension 'cmake'
[0.091s] Level 1:colcon.colcon_core.package_identification:_identify(scripts/sessions_robot/utils) by extension 'python'
[0.091s] Level 1:colcon.colcon_core.package_identification:_identify(scripts/sessions_robot/utils) by extensions ['python_setup_py']
[0.091s] Level 1:colcon.colcon_core.package_identification:_identify(scripts/sessions_robot/utils) by extension 'python_setup_py'
[0.091s] Level 1:colcon.colcon_core.package_identification:_identify(src) by extensions ['ignore', 'ignore_ament_install']
[0.091s] Level 1:colcon.colcon_core.package_identification:_identify(src) by extension 'ignore'
[0.091s] Level 1:colcon.colcon_core.package_identification:_identify(src) by extension 'ignore_ament_install'
[0.091s] Level 1:colcon.colcon_core.package_identification:_identify(src) by extensions ['colcon_pkg']
[0.091s] Level 1:colcon.colcon_core.package_identification:_identify(src) by extension 'colcon_pkg'
[0.091s] Level 1:colcon.colcon_core.package_identification:_identify(src) by extensions ['colcon_meta']
[0.091s] Level 1:colcon.colcon_core.package_identification:_identify(src) by extension 'colcon_meta'
[0.091s] Level 1:colcon.colcon_core.package_identification:_identify(src) by extensions ['ros']
[0.091s] Level 1:colcon.colcon_core.package_identification:_identify(src) by extension 'ros'
[0.091s] Level 1:colcon.colcon_core.package_identification:_identify(src) by extensions ['cmake', 'python']
[0.091s] Level 1:colcon.colcon_core.package_identification:_identify(src) by extension 'cmake'
[0.091s] Level 1:colcon.colcon_core.package_identification:_identify(src) by extension 'python'
[0.091s] Level 1:colcon.colcon_core.package_identification:_identify(src) by extensions ['python_setup_py']
[0.091s] Level 1:colcon.colcon_core.package_identification:_identify(src) by extension 'python_setup_py'
[0.091s] Level 1:colcon.colcon_core.package_identification:_identify(src/fb_drivers) by extensions ['ignore', 'ignore_ament_install']
[0.092s] Level 1:colcon.colcon_core.package_identification:_identify(src/fb_drivers) by extension 'ignore'
[0.092s] Level 1:colcon.colcon_core.package_identification:_identify(src/fb_drivers) by extension 'ignore_ament_install'
[0.092s] Level 1:colcon.colcon_core.package_identification:_identify(src/fb_drivers) by extensions ['colcon_pkg']
[0.092s] Level 1:colcon.colcon_core.package_identification:_identify(src/fb_drivers) by extension 'colcon_pkg'
[0.092s] Level 1:colcon.colcon_core.package_identification:_identify(src/fb_drivers) by extensions ['colcon_meta']
[0.092s] Level 1:colcon.colcon_core.package_identification:_identify(src/fb_drivers) by extension 'colcon_meta'
[0.092s] Level 1:colcon.colcon_core.package_identification:_identify(src/fb_drivers) by extensions ['ros']
[0.092s] Level 1:colcon.colcon_core.package_identification:_identify(src/fb_drivers) by extension 'ros'
[0.093s] DEBUG:colcon.colcon_core.package_identification:Package 'src/fb_drivers' with type 'ros.ament_python' and name 'fb_drivers'
[0.093s] Level 1:colcon.colcon_core.package_identification:_identify(src/fb_gazebo) by extensions ['ignore', 'ignore_ament_install']
[0.093s] Level 1:colcon.colcon_core.package_identification:_identify(src/fb_gazebo) by extension 'ignore'
[0.093s] Level 1:colcon.colcon_core.package_identification:_identify(src/fb_gazebo) by extension 'ignore_ament_install'
[0.093s] Level 1:colcon.colcon_core.package_identification:_identify(src/fb_gazebo) by extensions ['colcon_pkg']
[0.093s] Level 1:colcon.colcon_core.package_identification:_identify(src/fb_gazebo) by extension 'colcon_pkg'
[0.093s] Level 1:colcon.colcon_core.package_identification:_identify(src/fb_gazebo) by extensions ['colcon_meta']
[0.093s] Level 1:colcon.colcon_core.package_identification:_identify(src/fb_gazebo) by extension 'colcon_meta'
[0.093s] Level 1:colcon.colcon_core.package_identification:_identify(src/fb_gazebo) by extensions ['ros']
[0.093s] Level 1:colcon.colcon_core.package_identification:_identify(src/fb_gazebo) by extension 'ros'
[0.093s] DEBUG:colcon.colcon_core.package_identification:Package 'src/fb_gazebo' with type 'ros.ament_python' and name 'fb_gazebo'
[0.093s] Level 1:colcon.colcon_core.package_identification:_identify(src/fb_manipulation) by extensions ['ignore', 'ignore_ament_install']
[0.093s] Level 1:colcon.colcon_core.package_identification:_identify(src/fb_manipulation) by extension 'ignore'
[0.093s] Level 1:colcon.colcon_core.package_identification:_identify(src/fb_manipulation) by extension 'ignore_ament_install'
[0.093s] Level 1:colcon.colcon_core.package_identification:_identify(src/fb_manipulation) by extensions ['colcon_pkg']
[0.093s] Level 1:colcon.colcon_core.package_identification:_identify(src/fb_manipulation) by extension 'colcon_pkg'
[0.093s] Level 1:colcon.colcon_core.package_identification:_identify(src/fb_manipulation) by extensions ['colcon_meta']
[0.093s] Level 1:colcon.colcon_core.package_identification:_identify(src/fb_manipulation) by extension 'colcon_meta'
[0.094s] Level 1:colcon.colcon_core.package_identification:_identify(src/fb_manipulation) by extensions ['ros']
[0.094s] Level 1:colcon.colcon_core.package_identification:_identify(src/fb_manipulation) by extension 'ros'
[0.094s] DEBUG:colcon.colcon_core.package_identification:Package 'src/fb_manipulation' with type 'ros.ament_python' and name 'fb_manipulation'
[0.094s] Level 1:colcon.colcon_core.package_identification:_identify(src/fb_mobility) by extensions ['ignore', 'ignore_ament_install']
[0.094s] Level 1:colcon.colcon_core.package_identification:_identify(src/fb_mobility) by extension 'ignore'
[0.094s] Level 1:colcon.colcon_core.package_identification:_identify(src/fb_mobility) by extension 'ignore_ament_install'
[0.094s] Level 1:colcon.colcon_core.package_identification:_identify(src/fb_mobility) by extensions ['colcon_pkg']
[0.094s] Level 1:colcon.colcon_core.package_identification:_identify(src/fb_mobility) by extension 'colcon_pkg'
[0.094s] Level 1:colcon.colcon_core.package_identification:_identify(src/fb_mobility) by extensions ['colcon_meta']
[0.094s] Level 1:colcon.colcon_core.package_identification:_identify(src/fb_mobility) by extension 'colcon_meta'
[0.094s] Level 1:colcon.colcon_core.package_identification:_identify(src/fb_mobility) by extensions ['ros']
[0.094s] Level 1:colcon.colcon_core.package_identification:_identify(src/fb_mobility) by extension 'ros'
[0.094s] DEBUG:colcon.colcon_core.package_identification:Package 'src/fb_mobility' with type 'ros.ament_python' and name 'fb_mobility'
[0.094s] Level 1:colcon.colcon_core.package_identification:_identify(src/fb_planning) by extensions ['ignore', 'ignore_ament_install']
[0.094s] Level 1:colcon.colcon_core.package_identification:_identify(src/fb_planning) by extension 'ignore'
[0.094s] Level 1:colcon.colcon_core.package_identification:_identify(src/fb_planning) by extension 'ignore_ament_install'
[0.094s] Level 1:colcon.colcon_core.package_identification:_identify(src/fb_planning) by extensions ['colcon_pkg']
[0.094s] Level 1:colcon.colcon_core.package_identification:_identify(src/fb_planning) by extension 'colcon_pkg'
[0.094s] Level 1:colcon.colcon_core.package_identification:_identify(src/fb_planning) by extensions ['colcon_meta']
[0.094s] Level 1:colcon.colcon_core.package_identification:_identify(src/fb_planning) by extension 'colcon_meta'
[0.094s] Level 1:colcon.colcon_core.package_identification:_identify(src/fb_planning) by extensions ['ros']
[0.094s] Level 1:colcon.colcon_core.package_identification:_identify(src/fb_planning) by extension 'ros'
[0.095s] DEBUG:colcon.colcon_core.package_identification:Package 'src/fb_planning' with type 'ros.ament_python' and name 'fb_planning'
[0.095s] Level 1:colcon.colcon_core.package_identification:_identify(src/fb_utils) by extensions ['ignore', 'ignore_ament_install']
[0.095s] Level 1:colcon.colcon_core.package_identification:_identify(src/fb_utils) by extension 'ignore'
[0.095s] Level 1:colcon.colcon_core.package_identification:_identify(src/fb_utils) by extension 'ignore_ament_install'
[0.095s] Level 1:colcon.colcon_core.package_identification:_identify(src/fb_utils) by extensions ['colcon_pkg']
[0.095s] Level 1:colcon.colcon_core.package_identification:_identify(src/fb_utils) by extension 'colcon_pkg'
[0.095s] Level 1:colcon.colcon_core.package_identification:_identify(src/fb_utils) by extensions ['colcon_meta']
[0.095s] Level 1:colcon.colcon_core.package_identification:_identify(src/fb_utils) by extension 'colcon_meta'
[0.095s] Level 1:colcon.colcon_core.package_identification:_identify(src/fb_utils) by extensions ['ros']
[0.095s] Level 1:colcon.colcon_core.package_identification:_identify(src/fb_utils) by extension 'ros'
[0.095s] DEBUG:colcon.colcon_core.package_identification:Package 'src/fb_utils' with type 'ros.ament_python' and name 'fb_utils'
[0.095s] Level 1:colcon.colcon_core.package_identification:_identify(src/fb_vision) by extensions ['ignore', 'ignore_ament_install']
[0.095s] Level 1:colcon.colcon_core.package_identification:_identify(src/fb_vision) by extension 'ignore'
[0.095s] Level 1:colcon.colcon_core.package_identification:_identify(src/fb_vision) by extension 'ignore_ament_install'
[0.095s] Level 1:colcon.colcon_core.package_identification:_identify(src/fb_vision) by extensions ['colcon_pkg']
[0.095s] Level 1:colcon.colcon_core.package_identification:_identify(src/fb_vision) by extension 'colcon_pkg'
[0.095s] Level 1:colcon.colcon_core.package_identification:_identify(src/fb_vision) by extensions ['colcon_meta']
[0.095s] Level 1:colcon.colcon_core.package_identification:_identify(src/fb_vision) by extension 'colcon_meta'
[0.095s] Level 1:colcon.colcon_core.package_identification:_identify(src/fb_vision) by extensions ['ros']
[0.095s] Level 1:colcon.colcon_core.package_identification:_identify(src/fb_vision) by extension 'ros'
[0.095s] DEBUG:colcon.colcon_core.package_identification:Package 'src/fb_vision' with type 'ros.ament_python' and name 'fb_vision'
[0.095s] Level 1:colcon.colcon_core.package_discovery:discover_packages(recursive) using defaults
[0.095s] Level 1:colcon.colcon_core.package_discovery:discover_packages(ignore) discover
[0.095s] Level 1:colcon.colcon_core.package_discovery:discover_packages(ignore) using defaults
[0.095s] Level 1:colcon.colcon_core.package_discovery:discover_packages(path) discover
[0.095s] Level 1:colcon.colcon_core.package_discovery:discover_packages(path) using defaults
[0.110s] INFO:colcon.colcon_core.package_selection:Skipping not selected package 'fb_drivers' in 'src/fb_drivers'
[0.110s] INFO:colcon.colcon_core.package_selection:Skipping not selected package 'fb_gazebo' in 'src/fb_gazebo'
[0.110s] INFO:colcon.colcon_core.package_selection:Skipping not selected package 'fb_manipulation' in 'src/fb_manipulation'
[0.110s] INFO:colcon.colcon_core.package_selection:Skipping not selected package 'fb_mobility' in 'src/fb_mobility'
[0.110s] INFO:colcon.colcon_core.package_selection:Skipping not selected package 'fb_planning' in 'src/fb_planning'
[0.110s] INFO:colcon.colcon_core.package_selection:Skipping not selected package 'fb_vision' in 'src/fb_vision'
[0.110s] Level 5:colcon.colcon_core.verb:set package 'fb_utils' build argument 'cmake_args' from command line to 'None'
[0.110s] Level 5:colcon.colcon_core.verb:set package 'fb_utils' build argument 'cmake_target' from command line to 'None'
[0.110s] Level 5:colcon.colcon_core.verb:set package 'fb_utils' build argument 'cmake_target_skip_unavailable' from command line to 'False'
[0.110s] Level 5:colcon.colcon_core.verb:set package 'fb_utils' build argument 'cmake_clean_cache' from command line to 'False'
[0.110s] Level 5:colcon.colcon_core.verb:set package 'fb_utils' build argument 'cmake_clean_first' from command line to 'False'
[0.110s] Level 5:colcon.colcon_core.verb:set package 'fb_utils' build argument 'cmake_force_configure' from command line to 'False'
[0.110s] Level 5:colcon.colcon_core.verb:set package 'fb_utils' build argument 'ament_cmake_args' from command line to 'None'
[0.110s] Level 5:colcon.colcon_core.verb:set package 'fb_utils' build argument 'catkin_cmake_args' from command line to 'None'
[0.110s] Level 5:colcon.colcon_core.verb:set package 'fb_utils' build argument 'catkin_skip_building_tests' from command line to 'False'
[0.110s] DEBUG:colcon.colcon_core.verb:Building package 'fb_utils' with the following arguments: {'ament_cmake_args': None, 'build_base': '/ros2_ws/build/fb_utils', 'catkin_cmake_args': None, 'catkin_skip_building_tests': False, 'cmake_args': None, 'cmake_clean_cache': False, 'cmake_clean_first': False, 'cmake_force_configure': False, 'cmake_target': None, 'cmake_target_skip_unavailable': False, 'install_base': '/ros2_ws/install/fb_utils', 'merge_install': False, 'path': '/ros2_ws/src/fb_utils', 'symlink_install': True, 'test_result_base': None}
[0.110s] INFO:colcon.colcon_core.executor:Executing jobs using 'parallel' executor
[0.111s] DEBUG:colcon.colcon_parallel_executor.executor.parallel:run_until_complete
[0.111s] INFO:colcon.colcon_ros.task.ament_python.build:Building ROS package in '/ros2_ws/src/fb_utils' with build type 'ament_python'
[0.112s] Level 1:colcon.colcon_core.shell:create_environment_hook('fb_utils', 'ament_prefix_path')
[0.113s] INFO:colcon.colcon_core.plugin_system:Skipping extension 'colcon_core.shell.bat': Not used on non-Windows systems
[0.113s] INFO:colcon.colcon_core.shell:Creating environment hook '/ros2_ws/install/fb_utils/share/fb_utils/hook/ament_prefix_path.ps1'
[0.113s] INFO:colcon.colcon_core.shell:Creating environment descriptor '/ros2_ws/install/fb_utils/share/fb_utils/hook/ament_prefix_path.dsv'
[0.113s] INFO:colcon.colcon_core.shell:Creating environment hook '/ros2_ws/install/fb_utils/share/fb_utils/hook/ament_prefix_path.sh'
[0.114s] INFO:colcon.colcon_core.shell:Skip shell extension 'powershell' for command environment: Not usable outside of PowerShell
[0.114s] DEBUG:colcon.colcon_core.shell:Skip shell extension 'dsv' for command environment
[0.219s] INFO:colcon.colcon_core.task.python.build:Building Python package in '/ros2_ws/src/fb_utils'
[0.219s] INFO:colcon.colcon_core.shell:Skip shell extension 'powershell' for command environment: Not usable outside of PowerShell
[0.219s] DEBUG:colcon.colcon_core.shell:Skip shell extension 'dsv' for command environment
[0.378s] DEBUG:colcon.colcon_core.event_handler.log_command:Invoking command in '/ros2_ws/build/fb_utils': PYTHONPATH=/ros2_ws/build/fb_utils/prefix_override:/usr/lib/python3/dist-packages/colcon_core/task/python/colcon_distutils_commands:/ros2_ws/install/fb_utils/lib/python3.10/site-packages:${PYTHONPATH} /usr/bin/python3 -W ignore:setup.py install is deprecated -W ignore:easy_install command is deprecated setup.py develop --editable --build-directory /ros2_ws/build/fb_utils/build --no-deps symlink_data
[0.537s] Level 1:colcon.colcon_core.shell:create_environment_hook('fb_utils', 'pythonpath_develop')
[0.537s] INFO:colcon.colcon_core.shell:Creating environment hook '/ros2_ws/build/fb_utils/share/fb_utils/hook/pythonpath_develop.ps1'
[0.537s] DEBUG:colcon.colcon_core.event_handler.log_command:Invoked command in '/ros2_ws/build/fb_utils' returned '0': PYTHONPATH=/ros2_ws/build/fb_utils/prefix_override:/usr/lib/python3/dist-packages/colcon_core/task/python/colcon_distutils_commands:/ros2_ws/install/fb_utils/lib/python3.10/site-packages:${PYTHONPATH} /usr/bin/python3 -W ignore:setup.py install is deprecated -W ignore:easy_install command is deprecated setup.py develop --editable --build-directory /ros2_ws/build/fb_utils/build --no-deps symlink_data
[0.538s] INFO:colcon.colcon_core.shell:Creating environment descriptor '/ros2_ws/build/fb_utils/share/fb_utils/hook/pythonpath_develop.dsv'
[0.538s] INFO:colcon.colcon_core.shell:Creating environment hook '/ros2_ws/build/fb_utils/share/fb_utils/hook/pythonpath_develop.sh'
[0.539s] Level 1:colcon.colcon_core.environment:checking '/ros2_ws/install/fb_utils' for CMake module files
[0.539s] Level 1:colcon.colcon_core.environment:checking '/ros2_ws/install/fb_utils' for CMake config files
[0.540s] Level 1:colcon.colcon_core.environment:checking '/ros2_ws/install/fb_utils/lib'
[0.540s] Level 1:colcon.colcon_core.environment:checking '/ros2_ws/install/fb_utils/bin'
[0.540s] Level 1:colcon.colcon_core.environment:checking '/ros2_ws/install/fb_utils/lib/pkgconfig/fb_utils.pc'
[0.540s] Level 1:colcon.colcon_core.environment:checking '/ros2_ws/install/fb_utils/lib/python3.10/site-packages'
[0.540s] Level 1:colcon.colcon_core.shell:create_environment_hook('fb_utils', 'pythonpath')
[0.540s] INFO:colcon.colcon_core.shell:Creating environment hook '/ros2_ws/install/fb_utils/share/fb_utils/hook/pythonpath.ps1'
[0.540s] INFO:colcon.colcon_core.shell:Creating environment descriptor '/ros2_ws/install/fb_utils/share/fb_utils/hook/pythonpath.dsv'
[0.540s] INFO:colcon.colcon_core.shell:Creating environment hook '/ros2_ws/install/fb_utils/share/fb_utils/hook/pythonpath.sh'
[0.541s] Level 1:colcon.colcon_core.environment:checking '/ros2_ws/install/fb_utils/bin'
[0.541s] Level 1:colcon.colcon_core.environment:create_environment_scripts_only(fb_utils)
[0.541s] INFO:colcon.colcon_core.shell:Creating package script '/ros2_ws/install/fb_utils/share/fb_utils/package.ps1'
[0.542s] INFO:colcon.colcon_core.shell:Creating package descriptor '/ros2_ws/install/fb_utils/share/fb_utils/package.dsv'
[0.542s] INFO:colcon.colcon_core.shell:Creating package script '/ros2_ws/install/fb_utils/share/fb_utils/package.sh'
[0.542s] INFO:colcon.colcon_core.shell:Creating package script '/ros2_ws/install/fb_utils/share/fb_utils/package.bash'
[0.543s] INFO:colcon.colcon_core.shell:Creating package script '/ros2_ws/install/fb_utils/share/fb_utils/package.zsh'
[0.543s] Level 1:colcon.colcon_core.environment:create_file_with_runtime_dependencies(/ros2_ws/install/fb_utils/share/colcon-core/packages/fb_utils)
[0.543s] DEBUG:colcon.colcon_parallel_executor.executor.parallel:closing loop
[0.543s] DEBUG:colcon.colcon_parallel_executor.executor.parallel:loop closed
[0.544s] DEBUG:colcon.colcon_parallel_executor.executor.parallel:run_until_complete finished with '0'
[0.544s] DEBUG:colcon.colcon_core.event_reactor:joining thread
[0.547s] INFO:colcon.colcon_core.plugin_system:Skipping extension 'colcon_notification.desktop_notification.notify_send': Could not find 'notify-send'
[0.547s] INFO:colcon.colcon_core.plugin_system:Skipping extension 'colcon_notification.desktop_notification.terminal_notifier': Not used on non-Darwin systems
[0.547s] INFO:colcon.colcon_core.plugin_system:Skipping extension 'colcon_notification.desktop_notification.win32': Not used on non-Windows systems
[0.547s] INFO:colcon.colcon_notification.desktop_notification:Sending desktop notification using 'notify2'
[0.547s] DEBUG:colcon.colcon_notification.desktop_notification.notify2:Failed to initialize notify2: org.freedesktop.DBus.Error.NotSupported: Unable to autolaunch a dbus-daemon without a $DISPLAY for X11
[0.547s] DEBUG:colcon.colcon_core.event_reactor:joined thread
[0.548s] INFO:colcon.colcon_core.shell:Creating prefix script '/ros2_ws/install/local_setup.ps1'
[0.548s] INFO:colcon.colcon_core.shell:Creating prefix util module '/ros2_ws/install/_local_setup_util_ps1.py'
[0.549s] INFO:colcon.colcon_core.shell:Creating prefix chain script '/ros2_ws/install/setup.ps1'
[0.550s] INFO:colcon.colcon_core.shell:Creating prefix script '/ros2_ws/install/local_setup.sh'
[0.550s] INFO:colcon.colcon_core.shell:Creating prefix util module '/ros2_ws/install/_local_setup_util_sh.py'
[0.551s] INFO:colcon.colcon_core.shell:Creating prefix chain script '/ros2_ws/install/setup.sh'
[0.551s] INFO:colcon.colcon_core.shell:Creating prefix script '/ros2_ws/install/local_setup.bash'
[0.551s] INFO:colcon.colcon_core.shell:Creating prefix chain script '/ros2_ws/install/setup.bash'
[0.552s] INFO:colcon.colcon_core.shell:Creating prefix script '/ros2_ws/install/local_setup.zsh'
[0.552s] INFO:colcon.colcon_core.shell:Creating prefix chain script '/ros2_ws/install/setup.zsh'
[0.068s] DEBUG:colcon:Command line arguments: ['/usr/bin/colcon', 'build', '--packages-select', 'fb_drivers', '--symlink-install']
[0.068s] DEBUG:colcon:Parsed command line arguments: Namespace(log_base=None, log_level=None, verb_name='build', build_base='build', install_base='install', merge_install=False, symlink_install=True, test_result_base=None, continue_on_error=False, executor='parallel', parallel_workers=24, event_handlers=None, ignore_user_meta=False, metas=['./colcon.meta'], base_paths=['.'], packages_ignore=None, packages_ignore_regex=None, paths=None, packages_up_to=None, packages_up_to_regex=None, packages_above=None, packages_above_and_dependencies=None, packages_above_depth=None, packages_select_by_dep=None, packages_skip_by_dep=None, packages_skip_up_to=None, packages_select_build_failed=False, packages_skip_build_finished=False, packages_select_test_failures=False, packages_skip_test_passed=False, packages_select=['fb_drivers'], packages_skip=None, packages_select_regex=None, packages_skip_regex=None, packages_start=None, packages_end=None, cmake_args=None, cmake_target=None, cmake_target_skip_unavailable=False, cmake_clean_cache=False, cmake_clean_first=False, cmake_force_configure=False, ament_cmake_args=None, catkin_cmake_args=None, catkin_skip_building_tests=False, mixin_files=None, mixin=None, verb_parser=<colcon_mixin.mixin.mixin_argument.MixinArgumentDecorator object at 0x7aab44096fb0>, verb_extension=<colcon_core.verb.build.BuildVerb object at 0x7aab44096110>, main=<bound method BuildVerb.main of <colcon_core.verb.build.BuildVerb object at 0x7aab44096110>>, mixin_verb=('build',))
[0.127s] Level 1:colcon.colcon_core.package_discovery:discover_packages(colcon_meta) check parameters
[0.127s] Level 1:colcon.colcon_core.package_discovery:discover_packages(recursive) check parameters
[0.127s] Level 1:colcon.colcon_core.package_discovery:discover_packages(ignore) check parameters
[0.127s] Level 1:colcon.colcon_core.package_discovery:discover_packages(path) check parameters
[0.127s] Level 1:colcon.colcon_core.package_discovery:discover_packages(colcon_meta) discover
[0.127s] Level 1:colcon.colcon_core.package_discovery:discover_packages(recursive) discover
[0.127s] INFO:colcon.colcon_core.package_discovery:Crawling recursively for packages in '/ros2_ws'
[0.127s] Level 1:colcon.colcon_core.package_identification:_identify(.) by extensions ['ignore', 'ignore_ament_install']
[0.127s] Level 1:colcon.colcon_core.package_identification:_identify(.) by extension 'ignore'
[0.127s] Level 1:colcon.colcon_core.package_identification:_identify(.) by extension 'ignore_ament_install'
[0.127s] Level 1:colcon.colcon_core.package_identification:_identify(.) by extensions ['colcon_pkg']
[0.127s] Level 1:colcon.colcon_core.package_identification:_identify(.) by extension 'colcon_pkg'
[0.127s] Level 1:colcon.colcon_core.package_identification:_identify(.) by extensions ['colcon_meta']
[0.128s] Level 1:colcon.colcon_core.package_identification:_identify(.) by extension 'colcon_meta'
[0.128s] Level 1:colcon.colcon_core.package_identification:_identify(.) by extensions ['ros']
[0.128s] Level 1:colcon.colcon_core.package_identification:_identify(.) by extension 'ros'
[0.134s] Level 1:colcon.colcon_core.package_identification:_identify(.) by extensions ['cmake', 'python']
[0.134s] Level 1:colcon.colcon_core.package_identification:_identify(.) by extension 'cmake'
[0.134s] Level 1:colcon.colcon_core.package_identification:_identify(.) by extension 'python'
[0.134s] Level 1:colcon.colcon_core.package_identification:_identify(.) by extensions ['python_setup_py']
[0.134s] Level 1:colcon.colcon_core.package_identification:_identify(.) by extension 'python_setup_py'
[0.134s] Level 1:colcon.colcon_core.package_identification:_identify(build) by extensions ['ignore', 'ignore_ament_install']
[0.134s] Level 1:colcon.colcon_core.package_identification:_identify(build) by extension 'ignore'
[0.134s] Level 1:colcon.colcon_core.package_identification:_identify(build) ignored
[0.134s] Level 1:colcon.colcon_core.package_identification:_identify(docker) by extensions ['ignore', 'ignore_ament_install']
[0.134s] Level 1:colcon.colcon_core.package_identification:_identify(docker) by extension 'ignore'
[0.134s] Level 1:colcon.colcon_core.package_identification:_identify(docker) by extension 'ignore_ament_install'
[0.134s] Level 1:colcon.colcon_core.package_identification:_identify(docker) by extensions ['colcon_pkg']
[0.134s] Level 1:colcon.colcon_core.package_identification:_identify(docker) by extension 'colcon_pkg'
[0.134s] Level 1:colcon.colcon_core.package_identification:_identify(docker) by extensions ['colcon_meta']
[0.134s] Level 1:colcon.colcon_core.package_identification:_identify(docker) by extension 'colcon_meta'
[0.134s] Level 1:colcon.colcon_core.package_identification:_identify(docker) by extensions ['ros']
[0.134s] Level 1:colcon.colcon_core.package_identification:_identify(docker) by extension 'ros'
[0.134s] Level 1:colcon.colcon_core.package_identification:_identify(docker) by extensions ['cmake', 'python']
[0.134s] Level 1:colcon.colcon_core.package_identification:_identify(docker) by extension 'cmake'
[0.134s] Level 1:colcon.colcon_core.package_identification:_identify(docker) by extension 'python'
[0.134s] Level 1:colcon.colcon_core.package_identification:_identify(docker) by extensions ['python_setup_py']
[0.134s] Level 1:colcon.colcon_core.package_identification:_identify(docker) by extension 'python_setup_py'
[0.134s] Level 1:colcon.colcon_core.package_identification:_identify(docker/dockerfiles) by extensions ['ignore', 'ignore_ament_install']
[0.134s] Level 1:colcon.colcon_core.package_identification:_identify(docker/dockerfiles) by extension 'ignore'
[0.134s] Level 1:colcon.colcon_core.package_identification:_identify(docker/dockerfiles) by extension 'ignore_ament_install'
[0.134s] Level 1:colcon.colcon_core.package_identification:_identify(docker/dockerfiles) by extensions ['colcon_pkg']
[0.134s] Level 1:colcon.colcon_core.package_identification:_identify(docker/dockerfiles) by extension 'colcon_pkg'
[0.135s] Level 1:colcon.colcon_core.package_identification:_identify(docker/dockerfiles) by extensions ['colcon_meta']
[0.135s] Level 1:colcon.colcon_core.package_identification:_identify(docker/dockerfiles) by extension 'colcon_meta'
[0.135s] Level 1:colcon.colcon_core.package_identification:_identify(docker/dockerfiles) by extensions ['ros']
[0.135s] Level 1:colcon.colcon_core.package_identification:_identify(docker/dockerfiles) by extension 'ros'
[0.135s] Level 1:colcon.colcon_core.package_identification:_identify(docker/dockerfiles) by extensions ['cmake', 'python']
[0.135s] Level 1:colcon.colcon_core.package_identification:_identify(docker/dockerfiles) by extension 'cmake'
[0.135s] Level 1:colcon.colcon_core.package_identification:_identify(docker/dockerfiles) by extension 'python'
[0.135s] Level 1:colcon.colcon_core.package_identification:_identify(docker/dockerfiles) by extensions ['python_setup_py']
[0.135s] Level 1:colcon.colcon_core.package_identification:_identify(docker/dockerfiles) by extension 'python_setup_py'
[0.135s] Level 1:colcon.colcon_core.package_identification:_identify(docker/dockerfiles/laptop) by extensions ['ignore', 'ignore_ament_install']
[0.135s] Level 1:colcon.colcon_core.package_identification:_identify(docker/dockerfiles/laptop) by extension 'ignore'
[0.135s] Level 1:colcon.colcon_core.package_identification:_identify(docker/dockerfiles/laptop) by extension 'ignore_ament_install'
[0.135s] Level 1:colcon.colcon_core.package_identification:_identify(docker/dockerfiles/laptop) by extensions ['colcon_pkg']
[0.135s] Level 1:colcon.colcon_core.package_identification:_identify(docker/dockerfiles/laptop) by extension 'colcon_pkg'
[0.135s] Level 1:colcon.colcon_core.package_identification:_identify(docker/dockerfiles/laptop) by extensions ['colcon_meta']
[0.135s] Level 1:colcon.colcon_core.package_identification:_identify(docker/dockerfiles/laptop) by extension 'colcon_meta'
[0.135s] Level 1:colcon.colcon_core.package_identification:_identify(docker/dockerfiles/laptop) by extensions ['ros']
[0.135s] Level 1:colcon.colcon_core.package_identification:_identify(docker/dockerfiles/laptop) by extension 'ros'
[0.135s] Level 1:colcon.colcon_core.package_identification:_identify(docker/dockerfiles/laptop) by extensions ['cmake', 'python']
[0.135s] Level 1:colcon.colcon_core.package_identification:_identify(docker/dockerfiles/laptop) by extension 'cmake'
[0.135s] Level 1:colcon.colcon_core.package_identification:_identify(docker/dockerfiles/laptop) by extension 'python'
[0.135s] Level 1:colcon.colcon_core.package_identification:_identify(docker/dockerfiles/laptop) by extensions ['python_setup_py']
[0.135s] Level 1:colcon.colcon_core.package_identification:_identify(docker/dockerfiles/laptop) by extension 'python_setup_py'
[0.135s] Level 1:colcon.colcon_core.package_identification:_identify(docker/dockerfiles/robot) by extensions ['ignore', 'ignore_ament_install']
[0.135s] Level 1:colcon.colcon_core.package_identification:_identify(docker/dockerfiles/robot) by extension 'ignore'
[0.135s] Level 1:colcon.colcon_core.package_identification:_identify(docker/dockerfiles/robot) by extension 'ignore_ament_install'
[0.135s] Level 1:colcon.colcon_core.package_identification:_identify(docker/dockerfiles/robot) by extensions ['colcon_pkg']
[0.135s] Level 1:colcon.colcon_core.package_identification:_identify(docker/dockerfiles/robot) by extension 'colcon_pkg'
[0.135s] Level 1:colcon.colcon_core.package_identification:_identify(docker/dockerfiles/robot) by extensions ['colcon_meta']
[0.135s] Level 1:colcon.colcon_core.package_identification:_identify(docker/dockerfiles/robot) by extension 'colcon_meta'
[0.135s] Level 1:colcon.colcon_core.package_identification:_identify(docker/dockerfiles/robot) by extensions ['ros']
[0.135s] Level 1:colcon.colcon_core.package_identification:_identify(docker/dockerfiles/robot) by extension 'ros'
[0.135s] Level 1:colcon.colcon_core.package_identification:_identify(docker/dockerfiles/robot) by extensions ['cmake', 'python']
[0.135s] Level 1:colcon.colcon_core.package_identification:_identify(docker/dockerfiles/robot) by extension 'cmake'
[0.135s] Level 1:colcon.colcon_core.package_identification:_identify(docker/dockerfiles/robot) by extension 'python'
[0.135s] Level 1:colcon.colcon_core.package_identification:_identify(docker/dockerfiles/robot) by extensions ['python_setup_py']
[0.135s] Level 1:colcon.colcon_core.package_identification:_identify(docker/dockerfiles/robot) by extension 'python_setup_py'
[0.135s] Level 1:colcon.colcon_core.package_identification:_identify(install) by extensions ['ignore', 'ignore_ament_install']
[0.135s] Level 1:colcon.colcon_core.package_identification:_identify(install) by extension 'ignore'
[0.135s] Level 1:colcon.colcon_core.package_identification:_identify(install) ignored
[0.135s] Level 1:colcon.colcon_core.package_identification:_identify(log) by extensions ['ignore', 'ignore_ament_install']
[0.135s] Level 1:colcon.colcon_core.package_identification:_identify(log) by extension 'ignore'
[0.135s] Level 1:colcon.colcon_core.package_identification:_identify(log) ignored
[0.136s] Level 1:colcon.colcon_core.package_identification:_identify(scripts) by extensions ['ignore', 'ignore_ament_install']
[0.136s] Level 1:colcon.colcon_core.package_identification:_identify(scripts) by extension 'ignore'
[0.136s] Level 1:colcon.colcon_core.package_identification:_identify(scripts) by extension 'ignore_ament_install'
[0.136s] Level 1:colcon.colcon_core.package_identification:_identify(scripts) by extensions ['colcon_pkg']
[0.136s] Level 1:colcon.colcon_core.package_identification:_identify(scripts) by extension 'colcon_pkg'
[0.136s] Level 1:colcon.colcon_core.package_identification:_identify(scripts) by extensions ['colcon_meta']
[0.136s] Level 1:colcon.colcon_core.package_identification:_identify(scripts) by extension 'colcon_meta'
[0.136s] Level 1:colcon.colcon_core.package_identification:_identify(scripts) by extensions ['ros']
[0.136s] Level 1:colcon.colcon_core.package_identification:_identify(scripts) by extension 'ros'
[0.136s] Level 1:colcon.colcon_core.package_identification:_identify(scripts) by extensions ['cmake', 'python']
[0.136s] Level 1:colcon.colcon_core.package_identification:_identify(scripts) by extension 'cmake'
[0.136s] Level 1:colcon.colcon_core.package_identification:_identify(scripts) by extension 'python'
[0.136s] Level 1:colcon.colcon_core.package_identification:_identify(scripts) by extensions ['python_setup_py']
[0.136s] Level 1:colcon.colcon_core.package_identification:_identify(scripts) by extension 'python_setup_py'
[0.136s] Level 1:colcon.colcon_core.package_identification:_identify(scripts/sessions_laptop) by extensions ['ignore', 'ignore_ament_install']
[0.136s] Level 1:colcon.colcon_core.package_identification:_identify(scripts/sessions_laptop) by extension 'ignore'
[0.136s] Level 1:colcon.colcon_core.package_identification:_identify(scripts/sessions_laptop) by extension 'ignore_ament_install'
[0.136s] Level 1:colcon.colcon_core.package_identification:_identify(scripts/sessions_laptop) by extensions ['colcon_pkg']
[0.136s] Level 1:colcon.colcon_core.package_identification:_identify(scripts/sessions_laptop) by extension 'colcon_pkg'
[0.136s] Level 1:colcon.colcon_core.package_identification:_identify(scripts/sessions_laptop) by extensions ['colcon_meta']
[0.136s] Level 1:colcon.colcon_core.package_identification:_identify(scripts/sessions_laptop) by extension 'colcon_meta'
[0.136s] Level 1:colcon.colcon_core.package_identification:_identify(scripts/sessions_laptop) by extensions ['ros']
[0.136s] Level 1:colcon.colcon_core.package_identification:_identify(scripts/sessions_laptop) by extension 'ros'
[0.136s] Level 1:colcon.colcon_core.package_identification:_identify(scripts/sessions_laptop) by extensions ['cmake', 'python']
[0.136s] Level 1:colcon.colcon_core.package_identification:_identify(scripts/sessions_laptop) by extension 'cmake'
[0.136s] Level 1:colcon.colcon_core.package_identification:_identify(scripts/sessions_laptop) by extension 'python'
[0.136s] Level 1:colcon.colcon_core.package_identification:_identify(scripts/sessions_laptop) by extensions ['python_setup_py']
[0.136s] Level 1:colcon.colcon_core.package_identification:_identify(scripts/sessions_laptop) by extension 'python_setup_py'
[0.136s] Level 1:colcon.colcon_core.package_identification:_identify(scripts/sessions_laptop/utils) by extensions ['ignore', 'ignore_ament_install']
[0.136s] Level 1:colcon.colcon_core.package_identification:_identify(scripts/sessions_laptop/utils) by extension 'ignore'
[0.136s] Level 1:colcon.colcon_core.package_identification:_identify(scripts/sessions_laptop/utils) by extension 'ignore_ament_install'
[0.136s] Level 1:colcon.colcon_core.package_identification:_identify(scripts/sessions_laptop/utils) by extensions ['colcon_pkg']
[0.136s] Level 1:colcon.colcon_core.package_identification:_identify(scripts/sessions_laptop/utils) by extension 'colcon_pkg'
[0.136s] Level 1:colcon.colcon_core.package_identification:_identify(scripts/sessions_laptop/utils) by extensions ['colcon_meta']
[0.136s] Level 1:colcon.colcon_core.package_identification:_identify(scripts/sessions_laptop/utils) by extension 'colcon_meta'
[0.136s] Level 1:colcon.colcon_core.package_identification:_identify(scripts/sessions_laptop/utils) by extensions ['ros']
[0.136s] Level 1:colcon.colcon_core.package_identification:_identify(scripts/sessions_laptop/utils) by extension 'ros'
[0.136s] Level 1:colcon.colcon_core.package_identification:_identify(scripts/sessions_laptop/utils) by extensions ['cmake', 'python']
[0.136s] Level 1:colcon.colcon_core.package_identification:_identify(scripts/sessions_laptop/utils) by extension 'cmake'
[0.136s] Level 1:colcon.colcon_core.package_identification:_identify(scripts/sessions_laptop/utils) by extension 'python'
[0.136s] Level 1:colcon.colcon_core.package_identification:_identify(scripts/sessions_laptop/utils) by extensions ['python_setup_py']
[0.136s] Level 1:colcon.colcon_core.package_identification:_identify(scripts/sessions_laptop/utils) by extension 'python_setup_py'
[0.136s] Level 1:colcon.colcon_core.package_identification:_identify(scripts/sessions_robot) by extensions ['ignore', 'ignore_ament_install']
[0.136s] Level 1:colcon.colcon_core.package_identification:_identify(scripts/sessions_robot) by extension 'ignore'
[0.136s] Level 1:colcon.colcon_core.package_identification:_identify(scripts/sessions_robot) by extension 'ignore_ament_install'
[0.136s] Level 1:colcon.colcon_core.package_identification:_identify(scripts/sessions_robot) by extensions ['colcon_pkg']
[0.136s] Level 1:colcon.colcon_core.package_identification:_identify(scripts/sessions_robot) by extension 'colcon_pkg'
[0.136s] Level 1:colcon.colcon_core.package_identification:_identify(scripts/sessions_robot) by extensions ['colcon_meta']
[0.136s] Level 1:colcon.colcon_core.package_identification:_identify(scripts/sessions_robot) by extension 'colcon_meta'
[0.136s] Level 1:colcon.colcon_core.package_identification:_identify(scripts/sessions_robot) by extensions ['ros']
[0.137s] Level 1:colcon.colcon_core.package_identification:_identify(scripts/sessions_robot) by extension 'ros'
[0.137s] Level 1:colcon.colcon_core.package_identification:_identify(scripts/sessions_robot) by extensions ['cmake', 'python']
[0.137s] Level 1:colcon.colcon_core.package_identification:_identify(scripts/sessions_robot) by extension 'cmake'
[0.137s] Level 1:colcon.colcon_core.package_identification:_identify(scripts/sessions_robot) by extension 'python'
[0.137s] Level 1:colcon.colcon_core.package_identification:_identify(scripts/sessions_robot) by extensions ['python_setup_py']
[0.137s] Level 1:colcon.colcon_core.package_identification:_identify(scripts/sessions_robot) by extension 'python_setup_py'
[0.137s] Level 1:colcon.colcon_core.package_identification:_identify(scripts/sessions_robot/utils) by extensions ['ignore', 'ignore_ament_install']
[0.137s] Level 1:colcon.colcon_core.package_identification:_identify(scripts/sessions_robot/utils) by extension 'ignore'
[0.137s] Level 1:colcon.colcon_core.package_identification:_identify(scripts/sessions_robot/utils) by extension 'ignore_ament_install'
[0.137s] Level 1:colcon.colcon_core.package_identification:_identify(scripts/sessions_robot/utils) by extensions ['colcon_pkg']
[0.137s] Level 1:colcon.colcon_core.package_identification:_identify(scripts/sessions_robot/utils) by extension 'colcon_pkg'
[0.137s] Level 1:colcon.colcon_core.package_identification:_identify(scripts/sessions_robot/utils) by extensions ['colcon_meta']
[0.137s] Level 1:colcon.colcon_core.package_identification:_identify(scripts/sessions_robot/utils) by extension 'colcon_meta'
[0.137s] Level 1:colcon.colcon_core.package_identification:_identify(scripts/sessions_robot/utils) by extensions ['ros']
[0.137s] Level 1:colcon.colcon_core.package_identification:_identify(scripts/sessions_robot/utils) by extension 'ros'
[0.137s] Level 1:colcon.colcon_core.package_identification:_identify(scripts/sessions_robot/utils) by extensions ['cmake', 'python']
[0.137s] Level 1:colcon.colcon_core.package_identification:_identify(scripts/sessions_robot/utils) by extension 'cmake'
[0.137s] Level 1:colcon.colcon_core.package_identification:_identify(scripts/sessions_robot/utils) by extension 'python'
[0.137s] Level 1:colcon.colcon_core.package_identification:_identify(scripts/sessions_robot/utils) by extensions ['python_setup_py']
[0.137s] Level 1:colcon.colcon_core.package_identification:_identify(scripts/sessions_robot/utils) by extension 'python_setup_py'
[0.137s] Level 1:colcon.colcon_core.package_identification:_identify(src) by extensions ['ignore', 'ignore_ament_install']
[0.137s] Level 1:colcon.colcon_core.package_identification:_identify(src) by extension 'ignore'
[0.137s] Level 1:colcon.colcon_core.package_identification:_identify(src) by extension 'ignore_ament_install'
[0.137s] Level 1:colcon.colcon_core.package_identification:_identify(src) by extensions ['colcon_pkg']
[0.137s] Level 1:colcon.colcon_core.package_identification:_identify(src) by extension 'colcon_pkg'
[0.137s] Level 1:colcon.colcon_core.package_identification:_identify(src) by extensions ['colcon_meta']
[0.137s] Level 1:colcon.colcon_core.package_identification:_identify(src) by extension 'colcon_meta'
[0.137s] Level 1:colcon.colcon_core.package_identification:_identify(src) by extensions ['ros']
[0.137s] Level 1:colcon.colcon_core.package_identification:_identify(src) by extension 'ros'
[0.137s] Level 1:colcon.colcon_core.package_identification:_identify(src) by extensions ['cmake', 'python']
[0.137s] Level 1:colcon.colcon_core.package_identification:_identify(src) by extension 'cmake'
[0.137s] Level 1:colcon.colcon_core.package_identification:_identify(src) by extension 'python'
[0.137s] Level 1:colcon.colcon_core.package_identification:_identify(src) by extensions ['python_setup_py']
[0.137s] Level 1:colcon.colcon_core.package_identification:_identify(src) by extension 'python_setup_py'
[0.137s] Level 1:colcon.colcon_core.package_identification:_identify(src/fb_drivers) by extensions ['ignore', 'ignore_ament_install']
[0.137s] Level 1:colcon.colcon_core.package_identification:_identify(src/fb_drivers) by extension 'ignore'
[0.137s] Level 1:colcon.colcon_core.package_identification:_identify(src/fb_drivers) by extension 'ignore_ament_install'
[0.137s] Level 1:colcon.colcon_core.package_identification:_identify(src/fb_drivers) by extensions ['colcon_pkg']
[0.137s] Level 1:colcon.colcon_core.package_identification:_identify(src/fb_drivers) by extension 'colcon_pkg'
[0.137s] Level 1:colcon.colcon_core.package_identification:_identify(src/fb_drivers) by extensions ['colcon_meta']
[0.137s] Level 1:colcon.colcon_core.package_identification:_identify(src/fb_drivers) by extension 'colcon_meta'
[0.137s] Level 1:colcon.colcon_core.package_identification:_identify(src/fb_drivers) by extensions ['ros']
[0.137s] Level 1:colcon.colcon_core.package_identification:_identify(src/fb_drivers) by extension 'ros'
[0.139s] DEBUG:colcon.colcon_core.package_identification:Package 'src/fb_drivers' with type 'ros.ament_python' and name 'fb_drivers'
[0.139s] Level 1:colcon.colcon_core.package_identification:_identify(src/fb_gazebo) by extensions ['ignore', 'ignore_ament_install']
[0.139s] Level 1:colcon.colcon_core.package_identification:_identify(src/fb_gazebo) by extension 'ignore'
[0.139s] Level 1:colcon.colcon_core.package_identification:_identify(src/fb_gazebo) by extension 'ignore_ament_install'
[0.139s] Level 1:colcon.colcon_core.package_identification:_identify(src/fb_gazebo) by extensions ['colcon_pkg']
[0.139s] Level 1:colcon.colcon_core.package_identification:_identify(src/fb_gazebo) by extension 'colcon_pkg'
[0.139s] Level 1:colcon.colcon_core.package_identification:_identify(src/fb_gazebo) by extensions ['colcon_meta']
[0.139s] Level 1:colcon.colcon_core.package_identification:_identify(src/fb_gazebo) by extension 'colcon_meta'
[0.139s] Level 1:colcon.colcon_core.package_identification:_identify(src/fb_gazebo) by extensions ['ros']
[0.139s] Level 1:colcon.colcon_core.package_identification:_identify(src/fb_gazebo) by extension 'ros'
[0.139s] DEBUG:colcon.colcon_core.package_identification:Package 'src/fb_gazebo' with type 'ros.ament_python' and name 'fb_gazebo'
[0.139s] Level 1:colcon.colcon_core.package_identification:_identify(src/fb_manipulation) by extensions ['ignore', 'ignore_ament_install']
[0.139s] Level 1:colcon.colcon_core.package_identification:_identify(src/fb_manipulation) by extension 'ignore'
[0.139s] Level 1:colcon.colcon_core.package_identification:_identify(src/fb_manipulation) by extension 'ignore_ament_install'
[0.139s] Level 1:colcon.colcon_core.package_identification:_identify(src/fb_manipulation) by extensions ['colcon_pkg']
[0.139s] Level 1:colcon.colcon_core.package_identification:_identify(src/fb_manipulation) by extension 'colcon_pkg'
[0.139s] Level 1:colcon.colcon_core.package_identification:_identify(src/fb_manipulation) by extensions ['colcon_meta']
[0.139s] Level 1:colcon.colcon_core.package_identification:_identify(src/fb_manipulation) by extension 'colcon_meta'
[0.139s] Level 1:colcon.colcon_core.package_identification:_identify(src/fb_manipulation) by extensions ['ros']
[0.139s] Level 1:colcon.colcon_core.package_identification:_identify(src/fb_manipulation) by extension 'ros'
[0.140s] DEBUG:colcon.colcon_core.package_identification:Package 'src/fb_manipulation' with type 'ros.ament_python' and name 'fb_manipulation'
[0.140s] Level 1:colcon.colcon_core.package_identification:_identify(src/fb_mobility) by extensions ['ignore', 'ignore_ament_install']
[0.140s] Level 1:colcon.colcon_core.package_identification:_identify(src/fb_mobility) by extension 'ignore'
[0.140s] Level 1:colcon.colcon_core.package_identification:_identify(src/fb_mobility) by extension 'ignore_ament_install'
[0.140s] Level 1:colcon.colcon_core.package_identification:_identify(src/fb_mobility) by extensions ['colcon_pkg']
[0.140s] Level 1:colcon.colcon_core.package_identification:_identify(src/fb_mobility) by extension 'colcon_pkg'
[0.140s] Level 1:colcon.colcon_core.package_identification:_identify(src/fb_mobility) by extensions ['colcon_meta']
[0.140s] Level 1:colcon.colcon_core.package_identification:_identify(src/fb_mobility) by extension 'colcon_meta'
[0.140s] Level 1:colcon.colcon_core.package_identification:_identify(src/fb_mobility) by extensions ['ros']
[0.140s] Level 1:colcon.colcon_core.package_identification:_identify(src/fb_mobility) by extension 'ros'
[0.140s] DEBUG:colcon.colcon_core.package_identification:Package 'src/fb_mobility' with type 'ros.ament_python' and name 'fb_mobility'
[0.140s] Level 1:colcon.colcon_core.package_identification:_identify(src/fb_planning) by extensions ['ignore', 'ignore_ament_install']
[0.140s] Level 1:colcon.colcon_core.package_identification:_identify(src/fb_planning) by extension 'ignore'
[0.140s] Level 1:colcon.colcon_core.package_identification:_identify(src/fb_planning) by extension 'ignore_ament_install'
[0.140s] Level 1:colcon.colcon_core.package_identification:_identify(src/fb_planning) by extensions ['colcon_pkg']
[0.140s] Level 1:colcon.colcon_core.package_identification:_identify(src/fb_planning) by extension 'colcon_pkg'
[0.140s] Level 1:colcon.colcon_core.package_identification:_identify(src/fb_planning) by extensions ['colcon_meta']
[0.140s] Level 1:colcon.colcon_core.package_identification:_identify(src/fb_planning) by extension 'colcon_meta'
[0.140s] Level 1:colcon.colcon_core.package_identification:_identify(src/fb_planning) by extensions ['ros']
[0.140s] Level 1:colcon.colcon_core.package_identification:_identify(src/fb_planning) by extension 'ros'
[0.141s] DEBUG:colcon.colcon_core.package_identification:Package 'src/fb_planning' with type 'ros.ament_python' and name 'fb_planning'
[0.141s] Level 1:colcon.colcon_core.package_identification:_identify(src/fb_utils) by extensions ['ignore', 'ignore_ament_install']
[0.141s] Level 1:colcon.colcon_core.package_identification:_identify(src/fb_utils) by extension 'ignore'
[0.141s] Level 1:colcon.colcon_core.package_identification:_identify(src/fb_utils) by extension 'ignore_ament_install'
[0.141s] Level 1:colcon.colcon_core.package_identification:_identify(src/fb_utils) by extensions ['colcon_pkg']
[0.141s] Level 1:colcon.colcon_core.package_identification:_identify(src/fb_utils) by extension 'colcon_pkg'
[0.141s] Level 1:colcon.colcon_core.package_identification:_identify(src/fb_utils) by extensions ['colcon_meta']
[0.141s] Level 1:colcon.colcon_core.package_identification:_identify(src/fb_utils) by extension 'colcon_meta'
[0.141s] Level 1:colcon.colcon_core.package_identification:_identify(src/fb_utils) by extensions ['ros']
[0.141s] Level 1:colcon.colcon_core.package_identification:_identify(src/fb_utils) by extension 'ros'
[0.141s] DEBUG:colcon.colcon_core.package_identification:Package 'src/fb_utils' with type 'ros.ament_python' and name 'fb_utils'
[0.141s] Level 1:colcon.colcon_core.package_identification:_identify(src/fb_vision) by extensions ['ignore', 'ignore_ament_install']
[0.141s] Level 1:colcon.colcon_core.package_identification:_identify(src/fb_vision) by extension 'ignore'
[0.141s] Level 1:colcon.colcon_core.package_identification:_identify(src/fb_vision) by extension 'ignore_ament_install'
[0.141s] Level 1:colcon.colcon_core.package_identification:_identify(src/fb_vision) by extensions ['colcon_pkg']
[0.141s] Level 1:colcon.colcon_core.package_identification:_identify(src/fb_vision) by extension 'colcon_pkg'
[0.141s] Level 1:colcon.colcon_core.package_identification:_identify(src/fb_vision) by extensions ['colcon_meta']
[0.141s] Level 1:colcon.colcon_core.package_identification:_identify(src/fb_vision) by extension 'colcon_meta'
[0.141s] Level 1:colcon.colcon_core.package_identification:_identify(src/fb_vision) by extensions ['ros']
[0.141s] Level 1:colcon.colcon_core.package_identification:_identify(src/fb_vision) by extension 'ros'
[0.142s] DEBUG:colcon.colcon_core.package_identification:Package 'src/fb_vision' with type 'ros.ament_python' and name 'fb_vision'
[0.142s] Level 1:colcon.colcon_core.package_discovery:discover_packages(recursive) using defaults
[0.142s] Level 1:colcon.colcon_core.package_discovery:discover_packages(ignore) discover
[0.142s] Level 1:colcon.colcon_core.package_discovery:discover_packages(ignore) using defaults
[0.142s] Level 1:colcon.colcon_core.package_discovery:discover_packages(path) discover
[0.142s] Level 1:colcon.colcon_core.package_discovery:discover_packages(path) using defaults
[0.155s] INFO:colcon.colcon_core.package_selection:Skipping not selected package 'fb_gazebo' in 'src/fb_gazebo'
[0.155s] INFO:colcon.colcon_core.package_selection:Skipping not selected package 'fb_manipulation' in 'src/fb_manipulation'
[0.155s] INFO:colcon.colcon_core.package_selection:Skipping not selected package 'fb_mobility' in 'src/fb_mobility'
[0.155s] INFO:colcon.colcon_core.package_selection:Skipping not selected package 'fb_planning' in 'src/fb_planning'
[0.155s] INFO:colcon.colcon_core.package_selection:Skipping not selected package 'fb_utils' in 'src/fb_utils'
[0.155s] INFO:colcon.colcon_core.package_selection:Skipping not selected package 'fb_vision' in 'src/fb_vision'
[0.155s] Level 5:colcon.colcon_core.verb:set package 'fb_drivers' build argument 'cmake_args' from command line to 'None'
[0.155s] Level 5:colcon.colcon_core.verb:set package 'fb_drivers' build argument 'cmake_target' from command line to 'None'
[0.155s] Level 5:colcon.colcon_core.verb:set package 'fb_drivers' build argument 'cmake_target_skip_unavailable' from command line to 'False'
[0.155s] Level 5:colcon.colcon_core.verb:set package 'fb_drivers' build argument 'cmake_clean_cache' from command line to 'False'
[0.155s] Level 5:colcon.colcon_core.verb:set package 'fb_drivers' build argument 'cmake_clean_first' from command line to 'False'
[0.155s] Level 5:colcon.colcon_core.verb:set package 'fb_drivers' build argument 'cmake_force_configure' from command line to 'False'
[0.155s] Level 5:colcon.colcon_core.verb:set package 'fb_drivers' build argument 'ament_cmake_args' from command line to 'None'
[0.155s] Level 5:colcon.colcon_core.verb:set package 'fb_drivers' build argument 'catkin_cmake_args' from command line to 'None'
[0.155s] Level 5:colcon.colcon_core.verb:set package 'fb_drivers' build argument 'catkin_skip_building_tests' from command line to 'False'
[0.156s] DEBUG:colcon.colcon_core.verb:Building package 'fb_drivers' with the following arguments: {'ament_cmake_args': None, 'build_base': '/ros2_ws/build/fb_drivers', 'catkin_cmake_args': None, 'catkin_skip_building_tests': False, 'cmake_args': None, 'cmake_clean_cache': False, 'cmake_clean_first': False, 'cmake_force_configure': False, 'cmake_target': None, 'cmake_target_skip_unavailable': False, 'install_base': '/ros2_ws/install/fb_drivers', 'merge_install': False, 'path': '/ros2_ws/src/fb_drivers', 'symlink_install': True, 'test_result_base': None}
[0.156s] INFO:colcon.colcon_core.executor:Executing jobs using 'parallel' executor
[0.156s] DEBUG:colcon.colcon_parallel_executor.executor.parallel:run_until_complete
[0.157s] INFO:colcon.colcon_ros.task.ament_python.build:Building ROS package in '/ros2_ws/src/fb_drivers' with build type 'ament_python'
[0.157s] Level 1:colcon.colcon_core.shell:create_environment_hook('fb_drivers', 'ament_prefix_path')
[0.159s] INFO:colcon.colcon_core.plugin_system:Skipping extension 'colcon_core.shell.bat': Not used on non-Windows systems
[0.159s] INFO:colcon.colcon_core.shell:Creating environment hook '/ros2_ws/install/fb_drivers/share/fb_drivers/hook/ament_prefix_path.ps1'
[0.160s] INFO:colcon.colcon_core.shell:Creating environment descriptor '/ros2_ws/install/fb_drivers/share/fb_drivers/hook/ament_prefix_path.dsv'
[0.160s] INFO:colcon.colcon_core.shell:Creating environment hook '/ros2_ws/install/fb_drivers/share/fb_drivers/hook/ament_prefix_path.sh'
[0.160s] INFO:colcon.colcon_core.shell:Skip shell extension 'powershell' for command environment: Not usable outside of PowerShell
[0.160s] DEBUG:colcon.colcon_core.shell:Skip shell extension 'dsv' for command environment
[0.287s] INFO:colcon.colcon_core.task.python.build:Building Python package in '/ros2_ws/src/fb_drivers'
[0.288s] INFO:colcon.colcon_core.shell:Skip shell extension 'powershell' for command environment: Not usable outside of PowerShell
[0.288s] DEBUG:colcon.colcon_core.shell:Skip shell extension 'dsv' for command environment
[0.450s] DEBUG:colcon.colcon_core.event_handler.log_command:Invoking command in '/ros2_ws/build/fb_drivers': PYTHONPATH=/ros2_ws/build/fb_drivers/prefix_override:/usr/lib/python3/dist-packages/colcon_core/task/python/colcon_distutils_commands:/ros2_ws/install/fb_drivers/lib/python3.10/site-packages:${PYTHONPATH} /usr/bin/python3 -W ignore:setup.py install is deprecated -W ignore:easy_install command is deprecated setup.py develop --editable --build-directory /ros2_ws/build/fb_drivers/build --no-deps symlink_data
[0.585s] Level 1:colcon.colcon_core.shell:create_environment_hook('fb_drivers', 'pythonpath_develop')
[0.585s] INFO:colcon.colcon_core.shell:Creating environment hook '/ros2_ws/build/fb_drivers/share/fb_drivers/hook/pythonpath_develop.ps1'
[0.585s] DEBUG:colcon.colcon_core.event_handler.log_command:Invoked command in '/ros2_ws/build/fb_drivers' returned '0': PYTHONPATH=/ros2_ws/build/fb_drivers/prefix_override:/usr/lib/python3/dist-packages/colcon_core/task/python/colcon_distutils_commands:/ros2_ws/install/fb_drivers/lib/python3.10/site-packages:${PYTHONPATH} /usr/bin/python3 -W ignore:setup.py install is deprecated -W ignore:easy_install command is deprecated setup.py develop --editable --build-directory /ros2_ws/build/fb_drivers/build --no-deps symlink_data
[0.586s] INFO:colcon.colcon_core.shell:Creating environment descriptor '/ros2_ws/build/fb_drivers/share/fb_drivers/hook/pythonpath_develop.dsv'
[0.586s] INFO:colcon.colcon_core.shell:Creating environment hook '/ros2_ws/build/fb_drivers/share/fb_drivers/hook/pythonpath_develop.sh'
[0.587s] Level 1:colcon.colcon_core.environment:checking '/ros2_ws/install/fb_drivers' for CMake module files
[0.587s] Level 1:colcon.colcon_core.environment:checking '/ros2_ws/install/fb_drivers' for CMake config files
[0.588s] Level 1:colcon.colcon_core.environment:checking '/ros2_ws/install/fb_drivers/lib'
[0.588s] Level 1:colcon.colcon_core.environment:checking '/ros2_ws/install/fb_drivers/bin'
[0.588s] Level 1:colcon.colcon_core.environment:checking '/ros2_ws/install/fb_drivers/lib/pkgconfig/fb_drivers.pc'
[0.588s] Level 1:colcon.colcon_core.environment:checking '/ros2_ws/install/fb_drivers/lib/python3.10/site-packages'
[0.588s] Level 1:colcon.colcon_core.shell:create_environment_hook('fb_drivers', 'pythonpath')
[0.588s] INFO:colcon.colcon_core.shell:Creating environment hook '/ros2_ws/install/fb_drivers/share/fb_drivers/hook/pythonpath.ps1'
[0.588s] INFO:colcon.colcon_core.shell:Creating environment descriptor '/ros2_ws/install/fb_drivers/share/fb_drivers/hook/pythonpath.dsv'
[0.589s] INFO:colcon.colcon_core.shell:Creating environment hook '/ros2_ws/install/fb_drivers/share/fb_drivers/hook/pythonpath.sh'
[0.589s] Level 1:colcon.colcon_core.environment:checking '/ros2_ws/install/fb_drivers/bin'
[0.589s] Level 1:colcon.colcon_core.environment:create_environment_scripts_only(fb_drivers)
[0.589s] INFO:colcon.colcon_core.shell:Creating package script '/ros2_ws/install/fb_drivers/share/fb_drivers/package.ps1'
[0.590s] INFO:colcon.colcon_core.shell:Creating package descriptor '/ros2_ws/install/fb_drivers/share/fb_drivers/package.dsv'
[0.590s] INFO:colcon.colcon_core.shell:Creating package script '/ros2_ws/install/fb_drivers/share/fb_drivers/package.sh'
[0.591s] INFO:colcon.colcon_core.shell:Creating package script '/ros2_ws/install/fb_drivers/share/fb_drivers/package.bash'
[0.591s] INFO:colcon.colcon_core.shell:Creating package script '/ros2_ws/install/fb_drivers/share/fb_drivers/package.zsh'
[0.591s] Level 1:colcon.colcon_core.environment:create_file_with_runtime_dependencies(/ros2_ws/install/fb_drivers/share/colcon-core/packages/fb_drivers)
[0.591s] DEBUG:colcon.colcon_parallel_executor.executor.parallel:closing loop
[0.592s] DEBUG:colcon.colcon_parallel_executor.executor.parallel:loop closed
[0.592s] DEBUG:colcon.colcon_parallel_executor.executor.parallel:run_until_complete finished with '0'
[0.592s] DEBUG:colcon.colcon_core.event_reactor:joining thread
[0.595s] INFO:colcon.colcon_core.plugin_system:Skipping extension 'colcon_notification.desktop_notification.notify_send': Could not find 'notify-send'
[0.595s] INFO:colcon.colcon_core.plugin_system:Skipping extension 'colcon_notification.desktop_notification.terminal_notifier': Not used on non-Darwin systems
[0.595s] INFO:colcon.colcon_core.plugin_system:Skipping extension 'colcon_notification.desktop_notification.win32': Not used on non-Windows systems
[0.595s] INFO:colcon.colcon_notification.desktop_notification:Sending desktop notification using 'notify2'
[0.595s] DEBUG:colcon.colcon_notification.desktop_notification.notify2:Failed to initialize notify2: org.freedesktop.DBus.Error.NotSupported: Unable to autolaunch a dbus-daemon without a $DISPLAY for X11
[0.595s] DEBUG:colcon.colcon_core.event_reactor:joined thread
[0.595s] INFO:colcon.colcon_core.shell:Creating prefix script '/ros2_ws/install/local_setup.ps1'
[0.596s] INFO:colcon.colcon_core.shell:Creating prefix util module '/ros2_ws/install/_local_setup_util_ps1.py'
[0.596s] INFO:colcon.colcon_core.shell:Creating prefix chain script '/ros2_ws/install/setup.ps1'
[0.597s] INFO:colcon.colcon_core.shell:Creating prefix script '/ros2_ws/install/local_setup.sh'
[0.597s] INFO:colcon.colcon_core.shell:Creating prefix util module '/ros2_ws/install/_local_setup_util_sh.py'
[0.597s] INFO:colcon.colcon_core.shell:Creating prefix chain script '/ros2_ws/install/setup.sh'
[0.598s] INFO:colcon.colcon_core.shell:Creating prefix script '/ros2_ws/install/local_setup.bash'
[0.598s] INFO:colcon.colcon_core.shell:Creating prefix chain script '/ros2_ws/install/setup.bash'
[0.598s] INFO:colcon.colcon_core.shell:Creating prefix script '/ros2_ws/install/local_setup.zsh'
[0.598s] INFO:colcon.colcon_core.shell:Creating prefix chain script '/ros2_ws/install/setup.zsh'
