running develop
running egg_info
creating fb_hardware_if.egg-info
writing fb_hardware_if.egg-info/PKG-INFO
writing dependency_links to fb_hardware_if.egg-info/dependency_links.txt
writing entry points to fb_hardware_if.egg-info/entry_points.txt
writing requirements to fb_hardware_if.egg-info/requires.txt
writing top-level names to fb_hardware_if.egg-info/top_level.txt
writing manifest file 'fb_hardware_if.egg-info/SOURCES.txt'
reading manifest file 'fb_hardware_if.egg-info/SOURCES.txt'
writing manifest file 'fb_hardware_if.egg-info/SOURCES.txt'
running build_ext
Creating /home/frisbee/ros2_ws/src/frisbee-software/install/fb_hardware_if/lib/python3.10/site-packages/fb-hardware-if.egg-link (link to .)
Installing arduino_bridge_node script to /home/frisbee/ros2_ws/src/frisbee-software/install/fb_hardware_if/lib/fb_hardware_if
Installing collector_if_node script to /home/frisbee/ros2_ws/src/frisbee-software/install/fb_hardware_if/lib/fb_hardware_if
Installing launcher_if_node script to /home/frisbee/ros2_ws/src/frisbee-software/install/fb_hardware_if/lib/fb_hardware_if

Installed /home/frisbee/ros2_ws/src/frisbee-software/build/fb_hardware_if
running symlink_data
creating /home/frisbee/ros2_ws/src/frisbee-software/install/fb_hardware_if/share/ament_index/resource_index/packages
symbolically linking /home/frisbee/ros2_ws/src/frisbee-software/build/fb_hardware_if/resource/fb_hardware_if -> /home/frisbee/ros2_ws/src/frisbee-software/install/fb_hardware_if/share/ament_index/resource_index/packages
symbolically linking /home/frisbee/ros2_ws/src/frisbee-software/build/fb_hardware_if/package.xml -> /home/frisbee/ros2_ws/src/frisbee-software/install/fb_hardware_if/share/fb_hardware_if
