[3.338s] Invoking command in '/home/frisbee/ros2_ws/src/frisbee-software/build/fb_hardware_if': CONDA_PROMPT_MODIFIER=(frisbee_env) PYTHONPATH=/home/frisbee/ros2_ws/src/frisbee-software/build/fb_hardware_if/prefix_override:/home/frisbee/miniconda3/envs/frisbee_env/lib/python3.10/site-packages/colcon_core/task/python/colcon_distutils_commands:/home/frisbee/ros2_ws/src/frisbee-software/install/fb_hardware_if/lib/python3.10/site-packages:${PYTHONPATH} /home/frisbee/miniconda3/envs/frisbee_env/bin/python3.10 -W ignore:setup.py install is deprecated -W ignore:easy_install command is deprecated setup.py develop --editable --build-directory /home/frisbee/ros2_ws/src/frisbee-software/build/fb_hardware_if/build --no-deps symlink_data
[4.776s] running develop
[5.563s] running egg_info
[5.624s] creating fb_hardware_if.egg-info
[5.625s] writing fb_hardware_if.egg-info/PKG-INFO
[5.629s] writing dependency_links to fb_hardware_if.egg-info/dependency_links.txt
[5.630s] writing entry points to fb_hardware_if.egg-info/entry_points.txt
[5.631s] writing requirements to fb_hardware_if.egg-info/requires.txt
[5.632s] writing top-level names to fb_hardware_if.egg-info/top_level.txt
[5.633s] writing manifest file 'fb_hardware_if.egg-info/SOURCES.txt'
[5.763s] reading manifest file 'fb_hardware_if.egg-info/SOURCES.txt'
[5.768s] writing manifest file 'fb_hardware_if.egg-info/SOURCES.txt'
[5.837s] running build_ext
[5.837s] Creating /home/frisbee/ros2_ws/src/frisbee-software/install/fb_hardware_if/lib/python3.10/site-packages/fb-hardware-if.egg-link (link to .)
[5.841s] Installing arduino_bridge_node script to /home/frisbee/ros2_ws/src/frisbee-software/install/fb_hardware_if/lib/fb_hardware_if
[5.842s] Installing collector_if_node script to /home/frisbee/ros2_ws/src/frisbee-software/install/fb_hardware_if/lib/fb_hardware_if
[5.843s] Installing launcher_if_node script to /home/frisbee/ros2_ws/src/frisbee-software/install/fb_hardware_if/lib/fb_hardware_if
[5.845s] 
[5.845s] Installed /home/frisbee/ros2_ws/src/frisbee-software/build/fb_hardware_if
[5.846s] running symlink_data
[5.846s] creating /home/frisbee/ros2_ws/src/frisbee-software/install/fb_hardware_if/share/ament_index/resource_index/packages
[5.848s] symbolically linking /home/frisbee/ros2_ws/src/frisbee-software/build/fb_hardware_if/resource/fb_hardware_if -> /home/frisbee/ros2_ws/src/frisbee-software/install/fb_hardware_if/share/ament_index/resource_index/packages
[5.850s] symbolically linking /home/frisbee/ros2_ws/src/frisbee-software/build/fb_hardware_if/package.xml -> /home/frisbee/ros2_ws/src/frisbee-software/install/fb_hardware_if/share/fb_hardware_if
[6.002s] Invoked command in '/home/frisbee/ros2_ws/src/frisbee-software/build/fb_hardware_if' returned '0': CONDA_PROMPT_MODIFIER=(frisbee_env) PYTHONPATH=/home/frisbee/ros2_ws/src/frisbee-software/build/fb_hardware_if/prefix_override:/home/frisbee/miniconda3/envs/frisbee_env/lib/python3.10/site-packages/colcon_core/task/python/colcon_distutils_commands:/home/frisbee/ros2_ws/src/frisbee-software/install/fb_hardware_if/lib/python3.10/site-packages:${PYTHONPATH} /home/frisbee/miniconda3/envs/frisbee_env/bin/python3.10 -W ignore:setup.py install is deprecated -W ignore:easy_install command is deprecated setup.py develop --editable --build-directory /home/frisbee/ros2_ws/src/frisbee-software/build/fb_hardware_if/build --no-deps symlink_data
