running develop
running egg_info
creating fb_planning.egg-info
writing fb_planning.egg-info/PKG-INFO
writing dependency_links to fb_planning.egg-info/dependency_links.txt
writing entry points to fb_planning.egg-info/entry_points.txt
writing requirements to fb_planning.egg-info/requires.txt
writing top-level names to fb_planning.egg-info/top_level.txt
writing manifest file 'fb_planning.egg-info/SOURCES.txt'
reading manifest file 'fb_planning.egg-info/SOURCES.txt'
writing manifest file 'fb_planning.egg-info/SOURCES.txt'
running build_ext
Creating /home/mmliu/Documents/cmu/16450-Capstone/frisbee-software/install/fb_planning/lib/python3.10/site-packages/fb-planning.egg-link (link to .)
Installing central_planner script to /home/mmliu/Documents/cmu/16450-Capstone/frisbee-software/install/fb_planning/lib/fb_planning
Installing state_machine script to /home/mmliu/Documents/cmu/16450-Capstone/frisbee-software/install/fb_planning/lib/fb_planning

Installed /home/mmliu/Documents/cmu/16450-Capstone/frisbee-software/build/fb_planning
running symlink_data
creating /home/mmliu/Documents/cmu/16450-Capstone/frisbee-software/install/fb_planning/share/ament_index/resource_index/packages
symbolically linking /home/mmliu/Documents/cmu/16450-Capstone/frisbee-software/build/fb_planning/resource/fb_planning -> /home/mmliu/Documents/cmu/16450-Capstone/frisbee-software/install/fb_planning/share/ament_index/resource_index/packages
symbolically linking /home/mmliu/Documents/cmu/16450-Capstone/frisbee-software/build/fb_planning/package.xml -> /home/mmliu/Documents/cmu/16450-Capstone/frisbee-software/install/fb_planning/share/fb_planning
creating /home/mmliu/Documents/cmu/16450-Capstone/frisbee-software/install/fb_planning/share/fb_planning/launch
