[0.286s] Invoking command in '/home/mmliu/Documents/cmu/16450-Capstone/frisbee-software/build/fb_planning': CONDA_PROMPT_MODIFIER=(frisbee_env) PYTHONPATH=/home/mmliu/Documents/cmu/16450-Capstone/frisbee-software/build/fb_planning/prefix_override:/home/mmliu/miniconda3/envs/frisbee_env/lib/python3.10/site-packages/colcon_core/task/python/colcon_distutils_commands:/home/mmliu/Documents/cmu/16450-Capstone/frisbee-software/install/fb_planning/lib/python3.10/site-packages:${PYTHONPATH} /home/mmliu/miniconda3/envs/frisbee_env/bin/python3.10 -W ignore:setup.py install is deprecated -W ignore:easy_install command is deprecated setup.py develop --editable --build-directory /home/mmliu/Documents/cmu/16450-Capstone/frisbee-software/build/fb_planning/build --no-deps symlink_data
[0.415s] running develop
[0.480s] running egg_info
[0.485s] creating fb_planning.egg-info
[0.486s] writing fb_planning.egg-info/PKG-INFO
[0.486s] writing dependency_links to fb_planning.egg-info/dependency_links.txt
[0.486s] writing entry points to fb_planning.egg-info/entry_points.txt
[0.486s] writing requirements to fb_planning.egg-info/requires.txt
[0.486s] writing top-level names to fb_planning.egg-info/top_level.txt
[0.487s] writing manifest file 'fb_planning.egg-info/SOURCES.txt'
[0.496s] reading manifest file 'fb_planning.egg-info/SOURCES.txt'
[0.496s] writing manifest file 'fb_planning.egg-info/SOURCES.txt'
[0.502s] running build_ext
[0.502s] Creating /home/mmliu/Documents/cmu/16450-Capstone/frisbee-software/install/fb_planning/lib/python3.10/site-packages/fb-planning.egg-link (link to .)
[0.502s] Installing central_planner script to /home/mmliu/Documents/cmu/16450-Capstone/frisbee-software/install/fb_planning/lib/fb_planning
[0.502s] Installing state_machine script to /home/mmliu/Documents/cmu/16450-Capstone/frisbee-software/install/fb_planning/lib/fb_planning
[0.503s] 
[0.503s] Installed /home/mmliu/Documents/cmu/16450-Capstone/frisbee-software/build/fb_planning
[0.503s] running symlink_data
[0.503s] creating /home/mmliu/Documents/cmu/16450-Capstone/frisbee-software/install/fb_planning/share/ament_index/resource_index/packages
[0.503s] symbolically linking /home/mmliu/Documents/cmu/16450-Capstone/frisbee-software/build/fb_planning/resource/fb_planning -> /home/mmliu/Documents/cmu/16450-Capstone/frisbee-software/install/fb_planning/share/ament_index/resource_index/packages
[0.503s] symbolically linking /home/mmliu/Documents/cmu/16450-Capstone/frisbee-software/build/fb_planning/package.xml -> /home/mmliu/Documents/cmu/16450-Capstone/frisbee-software/install/fb_planning/share/fb_planning
[0.503s] creating /home/mmliu/Documents/cmu/16450-Capstone/frisbee-software/install/fb_planning/share/fb_planning/launch
[0.521s] Invoked command in '/home/mmliu/Documents/cmu/16450-Capstone/frisbee-software/build/fb_planning' returned '0': CONDA_PROMPT_MODIFIER=(frisbee_env) PYTHONPATH=/home/mmliu/Documents/cmu/16450-Capstone/frisbee-software/build/fb_planning/prefix_override:/home/mmliu/miniconda3/envs/frisbee_env/lib/python3.10/site-packages/colcon_core/task/python/colcon_distutils_commands:/home/mmliu/Documents/cmu/16450-Capstone/frisbee-software/install/fb_planning/lib/python3.10/site-packages:${PYTHONPATH} /home/mmliu/miniconda3/envs/frisbee_env/bin/python3.10 -W ignore:setup.py install is deprecated -W ignore:easy_install command is deprecated setup.py develop --editable --build-directory /home/mmliu/Documents/cmu/16450-Capstone/frisbee-software/build/fb_planning/build --no-deps symlink_data
