[0.051s] DEBUG:colcon:Command line arguments: ['/home/mmliu/miniconda3/envs/frisbee_env/bin/colcon', 'build', '--symlink-install']
[0.051s] DEBUG:colcon:Parsed command line arguments: Namespace(log_base=None, log_level=None, verb_name='build', build_base='build', install_base='install', merge_install=False, symlink_install=True, test_result_base=None, continue_on_error=False, executor='parallel', parallel_workers=24, event_handlers=None, ignore_user_meta=False, metas=['./colcon.meta'], base_paths=['.'], packages_ignore=None, packages_ignore_regex=None, paths=None, packages_up_to=None, packages_up_to_regex=None, packages_above=None, packages_above_and_dependencies=None, packages_above_depth=None, packages_select_by_dep=None, packages_skip_by_dep=None, packages_skip_up_to=None, packages_select_build_failed=False, packages_skip_build_finished=False, packages_select_test_failures=False, packages_skip_test_passed=False, packages_select=None, packages_skip=None, packages_select_regex=None, packages_skip_regex=None, packages_start=None, packages_end=None, cmake_args=None, cmake_target=None, cmake_target_skip_unavailable=False, cmake_clean_cache=False, cmake_clean_first=False, cmake_force_configure=False, ament_cmake_args=None, catkin_cmake_args=None, catkin_skip_building_tests=False, verb_parser=<colcon_defaults.argument_parser.defaults.DefaultArgumentsDecorator object at 0x73091c076950>, verb_extension=<colcon_core.verb.build.BuildVerb object at 0x73091c0763b0>, main=<bound method BuildVerb.main of <colcon_core.verb.build.BuildVerb object at 0x73091c0763b0>>)
[0.067s] Level 1:colcon.colcon_core.package_discovery:discover_packages(colcon_meta) check parameters
[0.067s] Level 1:colcon.colcon_core.package_discovery:discover_packages(recursive) check parameters
[0.067s] Level 1:colcon.colcon_core.package_discovery:discover_packages(ignore) check parameters
[0.067s] Level 1:colcon.colcon_core.package_discovery:discover_packages(path) check parameters
[0.067s] Level 1:colcon.colcon_core.package_discovery:discover_packages(colcon_meta) discover
[0.067s] Level 1:colcon.colcon_core.package_discovery:discover_packages(recursive) discover
[0.067s] INFO:colcon.colcon_core.package_discovery:Crawling recursively for packages in '/home/mmliu/Documents/cmu/16450-Capstone/frisbee-software'
[0.068s] Level 1:colcon.colcon_core.package_identification:_identify(.) by extensions ['ignore', 'ignore_ament_install']
[0.068s] Level 1:colcon.colcon_core.package_identification:_identify(.) by extension 'ignore'
[0.068s] Level 1:colcon.colcon_core.package_identification:_identify(.) by extension 'ignore_ament_install'
[0.068s] Level 1:colcon.colcon_core.package_identification:_identify(.) by extensions ['colcon_pkg']
[0.068s] Level 1:colcon.colcon_core.package_identification:_identify(.) by extension 'colcon_pkg'
[0.068s] Level 1:colcon.colcon_core.package_identification:_identify(.) by extensions ['colcon_meta']
[0.068s] Level 1:colcon.colcon_core.package_identification:_identify(.) by extension 'colcon_meta'
[0.068s] Level 1:colcon.colcon_core.package_identification:_identify(.) by extensions ['ros']
[0.068s] Level 1:colcon.colcon_core.package_identification:_identify(.) by extension 'ros'
[0.079s] Level 1:colcon.colcon_core.package_identification:_identify(.) by extensions ['cmake', 'python']
[0.079s] Level 1:colcon.colcon_core.package_identification:_identify(.) by extension 'cmake'
[0.079s] Level 1:colcon.colcon_core.package_identification:_identify(.) by extension 'python'
[0.079s] Level 1:colcon.colcon_core.package_identification:_identify(.) by extensions ['python_setup_py']
[0.079s] Level 1:colcon.colcon_core.package_identification:_identify(.) by extension 'python_setup_py'
[0.079s] Level 1:colcon.colcon_core.package_identification:_identify(build) by extensions ['ignore', 'ignore_ament_install']
[0.079s] Level 1:colcon.colcon_core.package_identification:_identify(build) by extension 'ignore'
[0.079s] Level 1:colcon.colcon_core.package_identification:_identify(build) ignored
[0.079s] Level 1:colcon.colcon_core.package_identification:_identify(install) by extensions ['ignore', 'ignore_ament_install']
[0.079s] Level 1:colcon.colcon_core.package_identification:_identify(install) by extension 'ignore'
[0.079s] Level 1:colcon.colcon_core.package_identification:_identify(install) ignored
[0.079s] Level 1:colcon.colcon_core.package_identification:_identify(log) by extensions ['ignore', 'ignore_ament_install']
[0.079s] Level 1:colcon.colcon_core.package_identification:_identify(log) by extension 'ignore'
[0.079s] Level 1:colcon.colcon_core.package_identification:_identify(log) ignored
[0.079s] Level 1:colcon.colcon_core.package_identification:_identify(scripts) by extensions ['ignore', 'ignore_ament_install']
[0.079s] Level 1:colcon.colcon_core.package_identification:_identify(scripts) by extension 'ignore'
[0.079s] Level 1:colcon.colcon_core.package_identification:_identify(scripts) by extension 'ignore_ament_install'
[0.079s] Level 1:colcon.colcon_core.package_identification:_identify(scripts) by extensions ['colcon_pkg']
[0.079s] Level 1:colcon.colcon_core.package_identification:_identify(scripts) by extension 'colcon_pkg'
[0.079s] Level 1:colcon.colcon_core.package_identification:_identify(scripts) by extensions ['colcon_meta']
[0.079s] Level 1:colcon.colcon_core.package_identification:_identify(scripts) by extension 'colcon_meta'
[0.079s] Level 1:colcon.colcon_core.package_identification:_identify(scripts) by extensions ['ros']
[0.079s] Level 1:colcon.colcon_core.package_identification:_identify(scripts) by extension 'ros'
[0.079s] Level 1:colcon.colcon_core.package_identification:_identify(scripts) by extensions ['cmake', 'python']
[0.079s] Level 1:colcon.colcon_core.package_identification:_identify(scripts) by extension 'cmake'
[0.079s] Level 1:colcon.colcon_core.package_identification:_identify(scripts) by extension 'python'
[0.079s] Level 1:colcon.colcon_core.package_identification:_identify(scripts) by extensions ['python_setup_py']
[0.079s] Level 1:colcon.colcon_core.package_identification:_identify(scripts) by extension 'python_setup_py'
[0.079s] Level 1:colcon.colcon_core.package_identification:_identify(scripts/laptop) by extensions ['ignore', 'ignore_ament_install']
[0.079s] Level 1:colcon.colcon_core.package_identification:_identify(scripts/laptop) by extension 'ignore'
[0.079s] Level 1:colcon.colcon_core.package_identification:_identify(scripts/laptop) by extension 'ignore_ament_install'
[0.079s] Level 1:colcon.colcon_core.package_identification:_identify(scripts/laptop) by extensions ['colcon_pkg']
[0.079s] Level 1:colcon.colcon_core.package_identification:_identify(scripts/laptop) by extension 'colcon_pkg'
[0.079s] Level 1:colcon.colcon_core.package_identification:_identify(scripts/laptop) by extensions ['colcon_meta']
[0.079s] Level 1:colcon.colcon_core.package_identification:_identify(scripts/laptop) by extension 'colcon_meta'
[0.079s] Level 1:colcon.colcon_core.package_identification:_identify(scripts/laptop) by extensions ['ros']
[0.079s] Level 1:colcon.colcon_core.package_identification:_identify(scripts/laptop) by extension 'ros'
[0.079s] Level 1:colcon.colcon_core.package_identification:_identify(scripts/laptop) by extensions ['cmake', 'python']
[0.080s] Level 1:colcon.colcon_core.package_identification:_identify(scripts/laptop) by extension 'cmake'
[0.080s] Level 1:colcon.colcon_core.package_identification:_identify(scripts/laptop) by extension 'python'
[0.080s] Level 1:colcon.colcon_core.package_identification:_identify(scripts/laptop) by extensions ['python_setup_py']
[0.080s] Level 1:colcon.colcon_core.package_identification:_identify(scripts/laptop) by extension 'python_setup_py'
[0.080s] Level 1:colcon.colcon_core.package_identification:_identify(scripts/robot) by extensions ['ignore', 'ignore_ament_install']
[0.080s] Level 1:colcon.colcon_core.package_identification:_identify(scripts/robot) by extension 'ignore'
[0.080s] Level 1:colcon.colcon_core.package_identification:_identify(scripts/robot) by extension 'ignore_ament_install'
[0.080s] Level 1:colcon.colcon_core.package_identification:_identify(scripts/robot) by extensions ['colcon_pkg']
[0.080s] Level 1:colcon.colcon_core.package_identification:_identify(scripts/robot) by extension 'colcon_pkg'
[0.080s] Level 1:colcon.colcon_core.package_identification:_identify(scripts/robot) by extensions ['colcon_meta']
[0.080s] Level 1:colcon.colcon_core.package_identification:_identify(scripts/robot) by extension 'colcon_meta'
[0.080s] Level 1:colcon.colcon_core.package_identification:_identify(scripts/robot) by extensions ['ros']
[0.080s] Level 1:colcon.colcon_core.package_identification:_identify(scripts/robot) by extension 'ros'
[0.080s] Level 1:colcon.colcon_core.package_identification:_identify(scripts/robot) by extensions ['cmake', 'python']
[0.080s] Level 1:colcon.colcon_core.package_identification:_identify(scripts/robot) by extension 'cmake'
[0.080s] Level 1:colcon.colcon_core.package_identification:_identify(scripts/robot) by extension 'python'
[0.080s] Level 1:colcon.colcon_core.package_identification:_identify(scripts/robot) by extensions ['python_setup_py']
[0.080s] Level 1:colcon.colcon_core.package_identification:_identify(scripts/robot) by extension 'python_setup_py'
[0.080s] Level 1:colcon.colcon_core.package_identification:_identify(src) by extensions ['ignore', 'ignore_ament_install']
[0.080s] Level 1:colcon.colcon_core.package_identification:_identify(src) by extension 'ignore'
[0.080s] Level 1:colcon.colcon_core.package_identification:_identify(src) by extension 'ignore_ament_install'
[0.080s] Level 1:colcon.colcon_core.package_identification:_identify(src) by extensions ['colcon_pkg']
[0.080s] Level 1:colcon.colcon_core.package_identification:_identify(src) by extension 'colcon_pkg'
[0.080s] Level 1:colcon.colcon_core.package_identification:_identify(src) by extensions ['colcon_meta']
[0.080s] Level 1:colcon.colcon_core.package_identification:_identify(src) by extension 'colcon_meta'
[0.080s] Level 1:colcon.colcon_core.package_identification:_identify(src) by extensions ['ros']
[0.080s] Level 1:colcon.colcon_core.package_identification:_identify(src) by extension 'ros'
[0.080s] Level 1:colcon.colcon_core.package_identification:_identify(src) by extensions ['cmake', 'python']
[0.080s] Level 1:colcon.colcon_core.package_identification:_identify(src) by extension 'cmake'
[0.080s] Level 1:colcon.colcon_core.package_identification:_identify(src) by extension 'python'
[0.080s] Level 1:colcon.colcon_core.package_identification:_identify(src) by extensions ['python_setup_py']
[0.080s] Level 1:colcon.colcon_core.package_identification:_identify(src) by extension 'python_setup_py'
[0.080s] Level 1:colcon.colcon_core.package_identification:_identify(src/fb_collector) by extensions ['ignore', 'ignore_ament_install']
[0.080s] Level 1:colcon.colcon_core.package_identification:_identify(src/fb_collector) by extension 'ignore'
[0.080s] Level 1:colcon.colcon_core.package_identification:_identify(src/fb_collector) by extension 'ignore_ament_install'
[0.080s] Level 1:colcon.colcon_core.package_identification:_identify(src/fb_collector) by extensions ['colcon_pkg']
[0.080s] Level 1:colcon.colcon_core.package_identification:_identify(src/fb_collector) by extension 'colcon_pkg'
[0.080s] Level 1:colcon.colcon_core.package_identification:_identify(src/fb_collector) by extensions ['colcon_meta']
[0.080s] Level 1:colcon.colcon_core.package_identification:_identify(src/fb_collector) by extension 'colcon_meta'
[0.080s] Level 1:colcon.colcon_core.package_identification:_identify(src/fb_collector) by extensions ['ros']
[0.080s] Level 1:colcon.colcon_core.package_identification:_identify(src/fb_collector) by extension 'ros'
[0.081s] DEBUG:colcon.colcon_core.package_identification:Package 'src/fb_collector' with type 'ros.ament_python' and name 'fb_collector'
[0.081s] Level 1:colcon.colcon_core.package_identification:_identify(src/fb_launcher) by extensions ['ignore', 'ignore_ament_install']
[0.081s] Level 1:colcon.colcon_core.package_identification:_identify(src/fb_launcher) by extension 'ignore'
[0.081s] Level 1:colcon.colcon_core.package_identification:_identify(src/fb_launcher) by extension 'ignore_ament_install'
[0.081s] Level 1:colcon.colcon_core.package_identification:_identify(src/fb_launcher) by extensions ['colcon_pkg']
[0.081s] Level 1:colcon.colcon_core.package_identification:_identify(src/fb_launcher) by extension 'colcon_pkg'
[0.081s] Level 1:colcon.colcon_core.package_identification:_identify(src/fb_launcher) by extensions ['colcon_meta']
[0.081s] Level 1:colcon.colcon_core.package_identification:_identify(src/fb_launcher) by extension 'colcon_meta'
[0.081s] Level 1:colcon.colcon_core.package_identification:_identify(src/fb_launcher) by extensions ['ros']
[0.081s] Level 1:colcon.colcon_core.package_identification:_identify(src/fb_launcher) by extension 'ros'
[0.081s] DEBUG:colcon.colcon_core.package_identification:Package 'src/fb_launcher' with type 'ros.ament_python' and name 'fb_launcher'
[0.082s] Level 1:colcon.colcon_core.package_identification:_identify(src/fb_mobility) by extensions ['ignore', 'ignore_ament_install']
[0.082s] Level 1:colcon.colcon_core.package_identification:_identify(src/fb_mobility) by extension 'ignore'
[0.082s] Level 1:colcon.colcon_core.package_identification:_identify(src/fb_mobility) by extension 'ignore_ament_install'
[0.082s] Level 1:colcon.colcon_core.package_identification:_identify(src/fb_mobility) by extensions ['colcon_pkg']
[0.082s] Level 1:colcon.colcon_core.package_identification:_identify(src/fb_mobility) by extension 'colcon_pkg'
[0.082s] Level 1:colcon.colcon_core.package_identification:_identify(src/fb_mobility) by extensions ['colcon_meta']
[0.082s] Level 1:colcon.colcon_core.package_identification:_identify(src/fb_mobility) by extension 'colcon_meta'
[0.082s] Level 1:colcon.colcon_core.package_identification:_identify(src/fb_mobility) by extensions ['ros']
[0.082s] Level 1:colcon.colcon_core.package_identification:_identify(src/fb_mobility) by extension 'ros'
[0.082s] DEBUG:colcon.colcon_core.package_identification:Package 'src/fb_mobility' with type 'ros.ament_python' and name 'fb_mobility'
[0.082s] Level 1:colcon.colcon_core.package_identification:_identify(src/fb_planning) by extensions ['ignore', 'ignore_ament_install']
[0.082s] Level 1:colcon.colcon_core.package_identification:_identify(src/fb_planning) by extension 'ignore'
[0.082s] Level 1:colcon.colcon_core.package_identification:_identify(src/fb_planning) by extension 'ignore_ament_install'
[0.082s] Level 1:colcon.colcon_core.package_identification:_identify(src/fb_planning) by extensions ['colcon_pkg']
[0.082s] Level 1:colcon.colcon_core.package_identification:_identify(src/fb_planning) by extension 'colcon_pkg'
[0.082s] Level 1:colcon.colcon_core.package_identification:_identify(src/fb_planning) by extensions ['colcon_meta']
[0.082s] Level 1:colcon.colcon_core.package_identification:_identify(src/fb_planning) by extension 'colcon_meta'
[0.082s] Level 1:colcon.colcon_core.package_identification:_identify(src/fb_planning) by extensions ['ros']
[0.082s] Level 1:colcon.colcon_core.package_identification:_identify(src/fb_planning) by extension 'ros'
[0.082s] DEBUG:colcon.colcon_core.package_identification:Package 'src/fb_planning' with type 'ros.ament_python' and name 'fb_planning'
[0.082s] Level 1:colcon.colcon_core.package_identification:_identify(src/fb_utils) by extensions ['ignore', 'ignore_ament_install']
[0.082s] Level 1:colcon.colcon_core.package_identification:_identify(src/fb_utils) by extension 'ignore'
[0.082s] Level 1:colcon.colcon_core.package_identification:_identify(src/fb_utils) by extension 'ignore_ament_install'
[0.082s] Level 1:colcon.colcon_core.package_identification:_identify(src/fb_utils) by extensions ['colcon_pkg']
[0.082s] Level 1:colcon.colcon_core.package_identification:_identify(src/fb_utils) by extension 'colcon_pkg'
[0.082s] Level 1:colcon.colcon_core.package_identification:_identify(src/fb_utils) by extensions ['colcon_meta']
[0.082s] Level 1:colcon.colcon_core.package_identification:_identify(src/fb_utils) by extension 'colcon_meta'
[0.082s] Level 1:colcon.colcon_core.package_identification:_identify(src/fb_utils) by extensions ['ros']
[0.082s] Level 1:colcon.colcon_core.package_identification:_identify(src/fb_utils) by extension 'ros'
[0.083s] DEBUG:colcon.colcon_core.package_identification:Package 'src/fb_utils' with type 'ros.ament_python' and name 'fb_utils'
[0.083s] Level 1:colcon.colcon_core.package_identification:_identify(src/fb_vision) by extensions ['ignore', 'ignore_ament_install']
[0.083s] Level 1:colcon.colcon_core.package_identification:_identify(src/fb_vision) by extension 'ignore'
[0.083s] Level 1:colcon.colcon_core.package_identification:_identify(src/fb_vision) by extension 'ignore_ament_install'
[0.083s] Level 1:colcon.colcon_core.package_identification:_identify(src/fb_vision) by extensions ['colcon_pkg']
[0.083s] Level 1:colcon.colcon_core.package_identification:_identify(src/fb_vision) by extension 'colcon_pkg'
[0.083s] Level 1:colcon.colcon_core.package_identification:_identify(src/fb_vision) by extensions ['colcon_meta']
[0.083s] Level 1:colcon.colcon_core.package_identification:_identify(src/fb_vision) by extension 'colcon_meta'
[0.083s] Level 1:colcon.colcon_core.package_identification:_identify(src/fb_vision) by extensions ['ros']
[0.083s] Level 1:colcon.colcon_core.package_identification:_identify(src/fb_vision) by extension 'ros'
[0.083s] DEBUG:colcon.colcon_core.package_identification:Package 'src/fb_vision' with type 'ros.ament_python' and name 'fb_vision'
[0.083s] Level 1:colcon.colcon_core.package_discovery:discover_packages(recursive) using defaults
[0.083s] Level 1:colcon.colcon_core.package_discovery:discover_packages(ignore) discover
[0.083s] Level 1:colcon.colcon_core.package_discovery:discover_packages(ignore) using defaults
[0.083s] Level 1:colcon.colcon_core.package_discovery:discover_packages(path) discover
[0.083s] Level 1:colcon.colcon_core.package_discovery:discover_packages(path) using defaults
[0.091s] Level 5:colcon.colcon_core.verb:set package 'fb_collector' build argument 'cmake_args' from command line to 'None'
[0.091s] Level 5:colcon.colcon_core.verb:set package 'fb_collector' build argument 'cmake_target' from command line to 'None'
[0.091s] Level 5:colcon.colcon_core.verb:set package 'fb_collector' build argument 'cmake_target_skip_unavailable' from command line to 'False'
[0.091s] Level 5:colcon.colcon_core.verb:set package 'fb_collector' build argument 'cmake_clean_cache' from command line to 'False'
[0.091s] Level 5:colcon.colcon_core.verb:set package 'fb_collector' build argument 'cmake_clean_first' from command line to 'False'
[0.091s] Level 5:colcon.colcon_core.verb:set package 'fb_collector' build argument 'cmake_force_configure' from command line to 'False'
[0.091s] Level 5:colcon.colcon_core.verb:set package 'fb_collector' build argument 'ament_cmake_args' from command line to 'None'
[0.091s] Level 5:colcon.colcon_core.verb:set package 'fb_collector' build argument 'catkin_cmake_args' from command line to 'None'
[0.091s] Level 5:colcon.colcon_core.verb:set package 'fb_collector' build argument 'catkin_skip_building_tests' from command line to 'False'
[0.091s] DEBUG:colcon.colcon_core.verb:Building package 'fb_collector' with the following arguments: {'ament_cmake_args': None, 'build_base': '/home/mmliu/Documents/cmu/16450-Capstone/frisbee-software/build/fb_collector', 'catkin_cmake_args': None, 'catkin_skip_building_tests': False, 'cmake_args': None, 'cmake_clean_cache': False, 'cmake_clean_first': False, 'cmake_force_configure': False, 'cmake_target': None, 'cmake_target_skip_unavailable': False, 'install_base': '/home/mmliu/Documents/cmu/16450-Capstone/frisbee-software/install/fb_collector', 'merge_install': False, 'path': '/home/mmliu/Documents/cmu/16450-Capstone/frisbee-software/src/fb_collector', 'symlink_install': True, 'test_result_base': None}
[0.092s] Level 5:colcon.colcon_core.verb:set package 'fb_launcher' build argument 'cmake_args' from command line to 'None'
[0.092s] Level 5:colcon.colcon_core.verb:set package 'fb_launcher' build argument 'cmake_target' from command line to 'None'
[0.092s] Level 5:colcon.colcon_core.verb:set package 'fb_launcher' build argument 'cmake_target_skip_unavailable' from command line to 'False'
[0.092s] Level 5:colcon.colcon_core.verb:set package 'fb_launcher' build argument 'cmake_clean_cache' from command line to 'False'
[0.092s] Level 5:colcon.colcon_core.verb:set package 'fb_launcher' build argument 'cmake_clean_first' from command line to 'False'
[0.092s] Level 5:colcon.colcon_core.verb:set package 'fb_launcher' build argument 'cmake_force_configure' from command line to 'False'
[0.092s] Level 5:colcon.colcon_core.verb:set package 'fb_launcher' build argument 'ament_cmake_args' from command line to 'None'
[0.092s] Level 5:colcon.colcon_core.verb:set package 'fb_launcher' build argument 'catkin_cmake_args' from command line to 'None'
[0.092s] Level 5:colcon.colcon_core.verb:set package 'fb_launcher' build argument 'catkin_skip_building_tests' from command line to 'False'
[0.092s] DEBUG:colcon.colcon_core.verb:Building package 'fb_launcher' with the following arguments: {'ament_cmake_args': None, 'build_base': '/home/mmliu/Documents/cmu/16450-Capstone/frisbee-software/build/fb_launcher', 'catkin_cmake_args': None, 'catkin_skip_building_tests': False, 'cmake_args': None, 'cmake_clean_cache': False, 'cmake_clean_first': False, 'cmake_force_configure': False, 'cmake_target': None, 'cmake_target_skip_unavailable': False, 'install_base': '/home/mmliu/Documents/cmu/16450-Capstone/frisbee-software/install/fb_launcher', 'merge_install': False, 'path': '/home/mmliu/Documents/cmu/16450-Capstone/frisbee-software/src/fb_launcher', 'symlink_install': True, 'test_result_base': None}
[0.092s] Level 5:colcon.colcon_core.verb:set package 'fb_mobility' build argument 'cmake_args' from command line to 'None'
[0.092s] Level 5:colcon.colcon_core.verb:set package 'fb_mobility' build argument 'cmake_target' from command line to 'None'
[0.092s] Level 5:colcon.colcon_core.verb:set package 'fb_mobility' build argument 'cmake_target_skip_unavailable' from command line to 'False'
[0.092s] Level 5:colcon.colcon_core.verb:set package 'fb_mobility' build argument 'cmake_clean_cache' from command line to 'False'
[0.092s] Level 5:colcon.colcon_core.verb:set package 'fb_mobility' build argument 'cmake_clean_first' from command line to 'False'
[0.092s] Level 5:colcon.colcon_core.verb:set package 'fb_mobility' build argument 'cmake_force_configure' from command line to 'False'
[0.092s] Level 5:colcon.colcon_core.verb:set package 'fb_mobility' build argument 'ament_cmake_args' from command line to 'None'
[0.092s] Level 5:colcon.colcon_core.verb:set package 'fb_mobility' build argument 'catkin_cmake_args' from command line to 'None'
[0.092s] Level 5:colcon.colcon_core.verb:set package 'fb_mobility' build argument 'catkin_skip_building_tests' from command line to 'False'
[0.092s] DEBUG:colcon.colcon_core.verb:Building package 'fb_mobility' with the following arguments: {'ament_cmake_args': None, 'build_base': '/home/mmliu/Documents/cmu/16450-Capstone/frisbee-software/build/fb_mobility', 'catkin_cmake_args': None, 'catkin_skip_building_tests': False, 'cmake_args': None, 'cmake_clean_cache': False, 'cmake_clean_first': False, 'cmake_force_configure': False, 'cmake_target': None, 'cmake_target_skip_unavailable': False, 'install_base': '/home/mmliu/Documents/cmu/16450-Capstone/frisbee-software/install/fb_mobility', 'merge_install': False, 'path': '/home/mmliu/Documents/cmu/16450-Capstone/frisbee-software/src/fb_mobility', 'symlink_install': True, 'test_result_base': None}
[0.092s] Level 5:colcon.colcon_core.verb:set package 'fb_planning' build argument 'cmake_args' from command line to 'None'
[0.092s] Level 5:colcon.colcon_core.verb:set package 'fb_planning' build argument 'cmake_target' from command line to 'None'
[0.092s] Level 5:colcon.colcon_core.verb:set package 'fb_planning' build argument 'cmake_target_skip_unavailable' from command line to 'False'
[0.092s] Level 5:colcon.colcon_core.verb:set package 'fb_planning' build argument 'cmake_clean_cache' from command line to 'False'
[0.092s] Level 5:colcon.colcon_core.verb:set package 'fb_planning' build argument 'cmake_clean_first' from command line to 'False'
[0.092s] Level 5:colcon.colcon_core.verb:set package 'fb_planning' build argument 'cmake_force_configure' from command line to 'False'
[0.092s] Level 5:colcon.colcon_core.verb:set package 'fb_planning' build argument 'ament_cmake_args' from command line to 'None'
[0.092s] Level 5:colcon.colcon_core.verb:set package 'fb_planning' build argument 'catkin_cmake_args' from command line to 'None'
[0.092s] Level 5:colcon.colcon_core.verb:set package 'fb_planning' build argument 'catkin_skip_building_tests' from command line to 'False'
[0.092s] DEBUG:colcon.colcon_core.verb:Building package 'fb_planning' with the following arguments: {'ament_cmake_args': None, 'build_base': '/home/mmliu/Documents/cmu/16450-Capstone/frisbee-software/build/fb_planning', 'catkin_cmake_args': None, 'catkin_skip_building_tests': False, 'cmake_args': None, 'cmake_clean_cache': False, 'cmake_clean_first': False, 'cmake_force_configure': False, 'cmake_target': None, 'cmake_target_skip_unavailable': False, 'install_base': '/home/mmliu/Documents/cmu/16450-Capstone/frisbee-software/install/fb_planning', 'merge_install': False, 'path': '/home/mmliu/Documents/cmu/16450-Capstone/frisbee-software/src/fb_planning', 'symlink_install': True, 'test_result_base': None}
[0.092s] Level 5:colcon.colcon_core.verb:set package 'fb_utils' build argument 'cmake_args' from command line to 'None'
[0.092s] Level 5:colcon.colcon_core.verb:set package 'fb_utils' build argument 'cmake_target' from command line to 'None'
[0.092s] Level 5:colcon.colcon_core.verb:set package 'fb_utils' build argument 'cmake_target_skip_unavailable' from command line to 'False'
[0.092s] Level 5:colcon.colcon_core.verb:set package 'fb_utils' build argument 'cmake_clean_cache' from command line to 'False'
[0.092s] Level 5:colcon.colcon_core.verb:set package 'fb_utils' build argument 'cmake_clean_first' from command line to 'False'
[0.092s] Level 5:colcon.colcon_core.verb:set package 'fb_utils' build argument 'cmake_force_configure' from command line to 'False'
[0.092s] Level 5:colcon.colcon_core.verb:set package 'fb_utils' build argument 'ament_cmake_args' from command line to 'None'
[0.092s] Level 5:colcon.colcon_core.verb:set package 'fb_utils' build argument 'catkin_cmake_args' from command line to 'None'
[0.092s] Level 5:colcon.colcon_core.verb:set package 'fb_utils' build argument 'catkin_skip_building_tests' from command line to 'False'
[0.092s] DEBUG:colcon.colcon_core.verb:Building package 'fb_utils' with the following arguments: {'ament_cmake_args': None, 'build_base': '/home/mmliu/Documents/cmu/16450-Capstone/frisbee-software/build/fb_utils', 'catkin_cmake_args': None, 'catkin_skip_building_tests': False, 'cmake_args': None, 'cmake_clean_cache': False, 'cmake_clean_first': False, 'cmake_force_configure': False, 'cmake_target': None, 'cmake_target_skip_unavailable': False, 'install_base': '/home/mmliu/Documents/cmu/16450-Capstone/frisbee-software/install/fb_utils', 'merge_install': False, 'path': '/home/mmliu/Documents/cmu/16450-Capstone/frisbee-software/src/fb_utils', 'symlink_install': True, 'test_result_base': None}
[0.092s] Level 5:colcon.colcon_core.verb:set package 'fb_vision' build argument 'cmake_args' from command line to 'None'
[0.092s] Level 5:colcon.colcon_core.verb:set package 'fb_vision' build argument 'cmake_target' from command line to 'None'
[0.092s] Level 5:colcon.colcon_core.verb:set package 'fb_vision' build argument 'cmake_target_skip_unavailable' from command line to 'False'
[0.092s] Level 5:colcon.colcon_core.verb:set package 'fb_vision' build argument 'cmake_clean_cache' from command line to 'False'
[0.092s] Level 5:colcon.colcon_core.verb:set package 'fb_vision' build argument 'cmake_clean_first' from command line to 'False'
[0.092s] Level 5:colcon.colcon_core.verb:set package 'fb_vision' build argument 'cmake_force_configure' from command line to 'False'
[0.092s] Level 5:colcon.colcon_core.verb:set package 'fb_vision' build argument 'ament_cmake_args' from command line to 'None'
[0.092s] Level 5:colcon.colcon_core.verb:set package 'fb_vision' build argument 'catkin_cmake_args' from command line to 'None'
[0.092s] Level 5:colcon.colcon_core.verb:set package 'fb_vision' build argument 'catkin_skip_building_tests' from command line to 'False'
[0.092s] DEBUG:colcon.colcon_core.verb:Building package 'fb_vision' with the following arguments: {'ament_cmake_args': None, 'build_base': '/home/mmliu/Documents/cmu/16450-Capstone/frisbee-software/build/fb_vision', 'catkin_cmake_args': None, 'catkin_skip_building_tests': False, 'cmake_args': None, 'cmake_clean_cache': False, 'cmake_clean_first': False, 'cmake_force_configure': False, 'cmake_target': None, 'cmake_target_skip_unavailable': False, 'install_base': '/home/mmliu/Documents/cmu/16450-Capstone/frisbee-software/install/fb_vision', 'merge_install': False, 'path': '/home/mmliu/Documents/cmu/16450-Capstone/frisbee-software/src/fb_vision', 'symlink_install': True, 'test_result_base': None}
[0.092s] INFO:colcon.colcon_core.executor:Executing jobs using 'parallel' executor
[0.093s] DEBUG:colcon.colcon_parallel_executor.executor.parallel:run_until_complete
[0.093s] INFO:colcon.colcon_ros.task.ament_python.build:Building ROS package in '/home/mmliu/Documents/cmu/16450-Capstone/frisbee-software/src/fb_collector' with build type 'ament_python'
[0.094s] Level 1:colcon.colcon_core.shell:create_environment_hook('fb_collector', 'ament_prefix_path')
[0.094s] INFO:colcon.colcon_core.plugin_system:Skipping extension 'colcon_core.shell.bat': Not used on non-Windows systems
[0.094s] INFO:colcon.colcon_core.shell:Creating environment hook '/home/mmliu/Documents/cmu/16450-Capstone/frisbee-software/install/fb_collector/share/fb_collector/hook/ament_prefix_path.ps1'
[0.095s] INFO:colcon.colcon_core.shell:Creating environment descriptor '/home/mmliu/Documents/cmu/16450-Capstone/frisbee-software/install/fb_collector/share/fb_collector/hook/ament_prefix_path.dsv'
[0.095s] INFO:colcon.colcon_core.shell:Creating environment hook '/home/mmliu/Documents/cmu/16450-Capstone/frisbee-software/install/fb_collector/share/fb_collector/hook/ament_prefix_path.sh'
[0.096s] INFO:colcon.colcon_core.shell:Skip shell extension 'powershell' for command environment: Not usable outside of PowerShell
[0.096s] DEBUG:colcon.colcon_core.shell:Skip shell extension 'dsv' for command environment
[0.097s] INFO:colcon.colcon_ros.task.ament_python.build:Building ROS package in '/home/mmliu/Documents/cmu/16450-Capstone/frisbee-software/src/fb_launcher' with build type 'ament_python'
[0.097s] Level 1:colcon.colcon_core.shell:create_environment_hook('fb_launcher', 'ament_prefix_path')
[0.097s] INFO:colcon.colcon_core.shell:Creating environment hook '/home/mmliu/Documents/cmu/16450-Capstone/frisbee-software/install/fb_launcher/share/fb_launcher/hook/ament_prefix_path.ps1'
[0.097s] INFO:colcon.colcon_core.shell:Creating environment descriptor '/home/mmliu/Documents/cmu/16450-Capstone/frisbee-software/install/fb_launcher/share/fb_launcher/hook/ament_prefix_path.dsv'
[0.098s] INFO:colcon.colcon_core.shell:Creating environment hook '/home/mmliu/Documents/cmu/16450-Capstone/frisbee-software/install/fb_launcher/share/fb_launcher/hook/ament_prefix_path.sh'
[0.098s] INFO:colcon.colcon_core.shell:Skip shell extension 'powershell' for command environment: Not usable outside of PowerShell
[0.098s] DEBUG:colcon.colcon_core.shell:Skip shell extension 'dsv' for command environment
[0.099s] INFO:colcon.colcon_ros.task.ament_python.build:Building ROS package in '/home/mmliu/Documents/cmu/16450-Capstone/frisbee-software/src/fb_mobility' with build type 'ament_python'
[0.099s] Level 1:colcon.colcon_core.shell:create_environment_hook('fb_mobility', 'ament_prefix_path')
[0.099s] INFO:colcon.colcon_core.shell:Creating environment hook '/home/mmliu/Documents/cmu/16450-Capstone/frisbee-software/install/fb_mobility/share/fb_mobility/hook/ament_prefix_path.ps1'
[0.099s] INFO:colcon.colcon_core.shell:Creating environment descriptor '/home/mmliu/Documents/cmu/16450-Capstone/frisbee-software/install/fb_mobility/share/fb_mobility/hook/ament_prefix_path.dsv'
[0.099s] INFO:colcon.colcon_core.shell:Creating environment hook '/home/mmliu/Documents/cmu/16450-Capstone/frisbee-software/install/fb_mobility/share/fb_mobility/hook/ament_prefix_path.sh'
[0.100s] INFO:colcon.colcon_core.shell:Skip shell extension 'powershell' for command environment: Not usable outside of PowerShell
[0.100s] DEBUG:colcon.colcon_core.shell:Skip shell extension 'dsv' for command environment
[0.101s] INFO:colcon.colcon_ros.task.ament_python.build:Building ROS package in '/home/mmliu/Documents/cmu/16450-Capstone/frisbee-software/src/fb_planning' with build type 'ament_python'
[0.102s] Level 1:colcon.colcon_core.shell:create_environment_hook('fb_planning', 'ament_prefix_path')
[0.102s] INFO:colcon.colcon_core.shell:Creating environment hook '/home/mmliu/Documents/cmu/16450-Capstone/frisbee-software/install/fb_planning/share/fb_planning/hook/ament_prefix_path.ps1'
[0.102s] INFO:colcon.colcon_core.shell:Creating environment descriptor '/home/mmliu/Documents/cmu/16450-Capstone/frisbee-software/install/fb_planning/share/fb_planning/hook/ament_prefix_path.dsv'
[0.102s] INFO:colcon.colcon_core.shell:Creating environment hook '/home/mmliu/Documents/cmu/16450-Capstone/frisbee-software/install/fb_planning/share/fb_planning/hook/ament_prefix_path.sh'
[0.103s] INFO:colcon.colcon_core.shell:Skip shell extension 'powershell' for command environment: Not usable outside of PowerShell
[0.103s] DEBUG:colcon.colcon_core.shell:Skip shell extension 'dsv' for command environment
[0.103s] INFO:colcon.colcon_ros.task.ament_python.build:Building ROS package in '/home/mmliu/Documents/cmu/16450-Capstone/frisbee-software/src/fb_utils' with build type 'ament_python'
[0.104s] Level 1:colcon.colcon_core.shell:create_environment_hook('fb_utils', 'ament_prefix_path')
[0.104s] INFO:colcon.colcon_core.shell:Creating environment hook '/home/mmliu/Documents/cmu/16450-Capstone/frisbee-software/install/fb_utils/share/fb_utils/hook/ament_prefix_path.ps1'
[0.104s] INFO:colcon.colcon_core.shell:Creating environment descriptor '/home/mmliu/Documents/cmu/16450-Capstone/frisbee-software/install/fb_utils/share/fb_utils/hook/ament_prefix_path.dsv'
[0.104s] INFO:colcon.colcon_core.shell:Creating environment hook '/home/mmliu/Documents/cmu/16450-Capstone/frisbee-software/install/fb_utils/share/fb_utils/hook/ament_prefix_path.sh'
[0.105s] INFO:colcon.colcon_core.shell:Skip shell extension 'powershell' for command environment: Not usable outside of PowerShell
[0.105s] DEBUG:colcon.colcon_core.shell:Skip shell extension 'dsv' for command environment
[0.105s] INFO:colcon.colcon_ros.task.ament_python.build:Building ROS package in '/home/mmliu/Documents/cmu/16450-Capstone/frisbee-software/src/fb_vision' with build type 'ament_python'
[0.105s] Level 1:colcon.colcon_core.shell:create_environment_hook('fb_vision', 'ament_prefix_path')
[0.106s] INFO:colcon.colcon_core.shell:Creating environment hook '/home/mmliu/Documents/cmu/16450-Capstone/frisbee-software/install/fb_vision/share/fb_vision/hook/ament_prefix_path.ps1'
[0.106s] INFO:colcon.colcon_core.shell:Creating environment descriptor '/home/mmliu/Documents/cmu/16450-Capstone/frisbee-software/install/fb_vision/share/fb_vision/hook/ament_prefix_path.dsv'
[0.106s] INFO:colcon.colcon_core.shell:Creating environment hook '/home/mmliu/Documents/cmu/16450-Capstone/frisbee-software/install/fb_vision/share/fb_vision/hook/ament_prefix_path.sh'
[0.107s] INFO:colcon.colcon_core.shell:Skip shell extension 'powershell' for command environment: Not usable outside of PowerShell
[0.107s] DEBUG:colcon.colcon_core.shell:Skip shell extension 'dsv' for command environment
[0.204s] INFO:colcon.colcon_core.task.python.build:Building Python package in '/home/mmliu/Documents/cmu/16450-Capstone/frisbee-software/src/fb_collector'
[0.204s] INFO:colcon.colcon_core.shell:Skip shell extension 'powershell' for command environment: Not usable outside of PowerShell
[0.204s] DEBUG:colcon.colcon_core.shell:Skip shell extension 'dsv' for command environment
[0.289s] INFO:colcon.colcon_core.task.python.build:Building Python package in '/home/mmliu/Documents/cmu/16450-Capstone/frisbee-software/src/fb_launcher'
[0.290s] INFO:colcon.colcon_core.shell:Skip shell extension 'powershell' for command environment: Not usable outside of PowerShell
[0.290s] DEBUG:colcon.colcon_core.shell:Skip shell extension 'dsv' for command environment
[0.381s] INFO:colcon.colcon_core.task.python.build:Building Python package in '/home/mmliu/Documents/cmu/16450-Capstone/frisbee-software/src/fb_mobility'
[0.381s] INFO:colcon.colcon_core.shell:Skip shell extension 'powershell' for command environment: Not usable outside of PowerShell
[0.381s] DEBUG:colcon.colcon_core.shell:Skip shell extension 'dsv' for command environment
[0.473s] INFO:colcon.colcon_core.task.python.build:Building Python package in '/home/mmliu/Documents/cmu/16450-Capstone/frisbee-software/src/fb_planning'
[0.473s] INFO:colcon.colcon_core.shell:Skip shell extension 'powershell' for command environment: Not usable outside of PowerShell
[0.473s] DEBUG:colcon.colcon_core.shell:Skip shell extension 'dsv' for command environment
[0.557s] INFO:colcon.colcon_core.task.python.build:Building Python package in '/home/mmliu/Documents/cmu/16450-Capstone/frisbee-software/src/fb_utils'
[0.558s] INFO:colcon.colcon_core.shell:Skip shell extension 'powershell' for command environment: Not usable outside of PowerShell
[0.558s] DEBUG:colcon.colcon_core.shell:Skip shell extension 'dsv' for command environment
[0.657s] INFO:colcon.colcon_core.task.python.build:Building Python package in '/home/mmliu/Documents/cmu/16450-Capstone/frisbee-software/src/fb_vision'
[0.657s] INFO:colcon.colcon_core.shell:Skip shell extension 'powershell' for command environment: Not usable outside of PowerShell
[0.657s] DEBUG:colcon.colcon_core.shell:Skip shell extension 'dsv' for command environment
[0.931s] DEBUG:colcon.colcon_core.event_handler.log_command:Invoking command in '/home/mmliu/Documents/cmu/16450-Capstone/frisbee-software/build/fb_vision': CONDA_PROMPT_MODIFIER=(frisbee_env) PYTHONPATH=/home/mmliu/Documents/cmu/16450-Capstone/frisbee-software/build/fb_vision/prefix_override:/home/mmliu/miniconda3/envs/frisbee_env/lib/python3.10/site-packages/colcon_core/task/python/colcon_distutils_commands:/home/mmliu/Documents/cmu/16450-Capstone/frisbee-software/install/fb_vision/lib/python3.10/site-packages:${PYTHONPATH} /home/mmliu/miniconda3/envs/frisbee_env/bin/python3.10 -W ignore:setup.py install is deprecated -W ignore:easy_install command is deprecated setup.py develop --editable --build-directory /home/mmliu/Documents/cmu/16450-Capstone/frisbee-software/build/fb_vision/build --no-deps symlink_data
[0.938s] DEBUG:colcon.colcon_core.event_handler.log_command:Invoking command in '/home/mmliu/Documents/cmu/16450-Capstone/frisbee-software/build/fb_mobility': CONDA_PROMPT_MODIFIER=(frisbee_env) PYTHONPATH=/home/mmliu/Documents/cmu/16450-Capstone/frisbee-software/build/fb_mobility/prefix_override:/home/mmliu/miniconda3/envs/frisbee_env/lib/python3.10/site-packages/colcon_core/task/python/colcon_distutils_commands:/home/mmliu/Documents/cmu/16450-Capstone/frisbee-software/install/fb_mobility/lib/python3.10/site-packages:${PYTHONPATH} /home/mmliu/miniconda3/envs/frisbee_env/bin/python3.10 -W ignore:setup.py install is deprecated -W ignore:easy_install command is deprecated setup.py develop --editable --build-directory /home/mmliu/Documents/cmu/16450-Capstone/frisbee-software/build/fb_mobility/build --no-deps symlink_data
[0.947s] DEBUG:colcon.colcon_core.event_handler.log_command:Invoking command in '/home/mmliu/Documents/cmu/16450-Capstone/frisbee-software/build/fb_launcher': CONDA_PROMPT_MODIFIER=(frisbee_env) PYTHONPATH=/home/mmliu/Documents/cmu/16450-Capstone/frisbee-software/build/fb_launcher/prefix_override:/home/mmliu/miniconda3/envs/frisbee_env/lib/python3.10/site-packages/colcon_core/task/python/colcon_distutils_commands:/home/mmliu/Documents/cmu/16450-Capstone/frisbee-software/install/fb_launcher/lib/python3.10/site-packages:${PYTHONPATH} /home/mmliu/miniconda3/envs/frisbee_env/bin/python3.10 -W ignore:setup.py install is deprecated -W ignore:easy_install command is deprecated setup.py develop --editable --build-directory /home/mmliu/Documents/cmu/16450-Capstone/frisbee-software/build/fb_launcher/build --no-deps symlink_data
[0.954s] DEBUG:colcon.colcon_core.event_handler.log_command:Invoking command in '/home/mmliu/Documents/cmu/16450-Capstone/frisbee-software/build/fb_planning': CONDA_PROMPT_MODIFIER=(frisbee_env) PYTHONPATH=/home/mmliu/Documents/cmu/16450-Capstone/frisbee-software/build/fb_planning/prefix_override:/home/mmliu/miniconda3/envs/frisbee_env/lib/python3.10/site-packages/colcon_core/task/python/colcon_distutils_commands:/home/mmliu/Documents/cmu/16450-Capstone/frisbee-software/install/fb_planning/lib/python3.10/site-packages:${PYTHONPATH} /home/mmliu/miniconda3/envs/frisbee_env/bin/python3.10 -W ignore:setup.py install is deprecated -W ignore:easy_install command is deprecated setup.py develop --editable --build-directory /home/mmliu/Documents/cmu/16450-Capstone/frisbee-software/build/fb_planning/build --no-deps symlink_data
[0.960s] DEBUG:colcon.colcon_core.event_handler.log_command:Invoking command in '/home/mmliu/Documents/cmu/16450-Capstone/frisbee-software/build/fb_utils': CONDA_PROMPT_MODIFIER=(frisbee_env) PYTHONPATH=/home/mmliu/Documents/cmu/16450-Capstone/frisbee-software/build/fb_utils/prefix_override:/home/mmliu/miniconda3/envs/frisbee_env/lib/python3.10/site-packages/colcon_core/task/python/colcon_distutils_commands:/home/mmliu/Documents/cmu/16450-Capstone/frisbee-software/install/fb_utils/lib/python3.10/site-packages:${PYTHONPATH} /home/mmliu/miniconda3/envs/frisbee_env/bin/python3.10 -W ignore:setup.py install is deprecated -W ignore:easy_install command is deprecated setup.py develop --editable --build-directory /home/mmliu/Documents/cmu/16450-Capstone/frisbee-software/build/fb_utils/build --no-deps symlink_data
[0.966s] DEBUG:colcon.colcon_core.event_handler.log_command:Invoking command in '/home/mmliu/Documents/cmu/16450-Capstone/frisbee-software/build/fb_collector': CONDA_PROMPT_MODIFIER=(frisbee_env) PYTHONPATH=/home/mmliu/Documents/cmu/16450-Capstone/frisbee-software/build/fb_collector/prefix_override:/home/mmliu/miniconda3/envs/frisbee_env/lib/python3.10/site-packages/colcon_core/task/python/colcon_distutils_commands:/home/mmliu/Documents/cmu/16450-Capstone/frisbee-software/install/fb_collector/lib/python3.10/site-packages:${PYTHONPATH} /home/mmliu/miniconda3/envs/frisbee_env/bin/python3.10 -W ignore:setup.py install is deprecated -W ignore:easy_install command is deprecated setup.py develop --editable --build-directory /home/mmliu/Documents/cmu/16450-Capstone/frisbee-software/build/fb_collector/build --no-deps symlink_data
[1.278s] Level 1:colcon.colcon_core.shell:create_environment_hook('fb_mobility', 'pythonpath_develop')
[1.279s] DEBUG:colcon.colcon_core.event_handler.log_command:Invoked command in '/home/mmliu/Documents/cmu/16450-Capstone/frisbee-software/build/fb_mobility' returned '0': CONDA_PROMPT_MODIFIER=(frisbee_env) PYTHONPATH=/home/mmliu/Documents/cmu/16450-Capstone/frisbee-software/build/fb_mobility/prefix_override:/home/mmliu/miniconda3/envs/frisbee_env/lib/python3.10/site-packages/colcon_core/task/python/colcon_distutils_commands:/home/mmliu/Documents/cmu/16450-Capstone/frisbee-software/install/fb_mobility/lib/python3.10/site-packages:${PYTHONPATH} /home/mmliu/miniconda3/envs/frisbee_env/bin/python3.10 -W ignore:setup.py install is deprecated -W ignore:easy_install command is deprecated setup.py develop --editable --build-directory /home/mmliu/Documents/cmu/16450-Capstone/frisbee-software/build/fb_mobility/build --no-deps symlink_data
[1.279s] INFO:colcon.colcon_core.shell:Creating environment hook '/home/mmliu/Documents/cmu/16450-Capstone/frisbee-software/build/fb_mobility/share/fb_mobility/hook/pythonpath_develop.ps1'
[1.280s] INFO:colcon.colcon_core.shell:Creating environment descriptor '/home/mmliu/Documents/cmu/16450-Capstone/frisbee-software/build/fb_mobility/share/fb_mobility/hook/pythonpath_develop.dsv'
[1.281s] INFO:colcon.colcon_core.shell:Creating environment hook '/home/mmliu/Documents/cmu/16450-Capstone/frisbee-software/build/fb_mobility/share/fb_mobility/hook/pythonpath_develop.sh'
[1.284s] Level 1:colcon.colcon_core.environment:checking '/home/mmliu/Documents/cmu/16450-Capstone/frisbee-software/install/fb_mobility' for CMake module files
[1.284s] Level 1:colcon.colcon_core.environment:checking '/home/mmliu/Documents/cmu/16450-Capstone/frisbee-software/install/fb_mobility' for CMake config files
[1.285s] Level 1:colcon.colcon_core.environment:checking '/home/mmliu/Documents/cmu/16450-Capstone/frisbee-software/install/fb_mobility/lib'
[1.285s] Level 1:colcon.colcon_core.environment:checking '/home/mmliu/Documents/cmu/16450-Capstone/frisbee-software/install/fb_mobility/bin'
[1.285s] Level 1:colcon.colcon_core.environment:checking '/home/mmliu/Documents/cmu/16450-Capstone/frisbee-software/install/fb_mobility/lib/pkgconfig/fb_mobility.pc'
[1.285s] Level 1:colcon.colcon_core.environment:checking '/home/mmliu/Documents/cmu/16450-Capstone/frisbee-software/install/fb_mobility/lib/python3.10/site-packages'
[1.285s] Level 1:colcon.colcon_core.shell:create_environment_hook('fb_mobility', 'pythonpath')
[1.286s] INFO:colcon.colcon_core.shell:Creating environment hook '/home/mmliu/Documents/cmu/16450-Capstone/frisbee-software/install/fb_mobility/share/fb_mobility/hook/pythonpath.ps1'
[1.286s] INFO:colcon.colcon_core.shell:Creating environment descriptor '/home/mmliu/Documents/cmu/16450-Capstone/frisbee-software/install/fb_mobility/share/fb_mobility/hook/pythonpath.dsv'
[1.287s] INFO:colcon.colcon_core.shell:Creating environment hook '/home/mmliu/Documents/cmu/16450-Capstone/frisbee-software/install/fb_mobility/share/fb_mobility/hook/pythonpath.sh'
[1.288s] Level 1:colcon.colcon_core.environment:checking '/home/mmliu/Documents/cmu/16450-Capstone/frisbee-software/install/fb_mobility/bin'
[1.288s] Level 1:colcon.colcon_core.environment:create_environment_scripts_only(fb_mobility)
[1.289s] INFO:colcon.colcon_core.shell:Creating package script '/home/mmliu/Documents/cmu/16450-Capstone/frisbee-software/install/fb_mobility/share/fb_mobility/package.ps1'
[1.291s] INFO:colcon.colcon_core.shell:Creating package descriptor '/home/mmliu/Documents/cmu/16450-Capstone/frisbee-software/install/fb_mobility/share/fb_mobility/package.dsv'
[1.292s] INFO:colcon.colcon_core.shell:Creating package script '/home/mmliu/Documents/cmu/16450-Capstone/frisbee-software/install/fb_mobility/share/fb_mobility/package.sh'
[1.293s] INFO:colcon.colcon_core.shell:Creating package script '/home/mmliu/Documents/cmu/16450-Capstone/frisbee-software/install/fb_mobility/share/fb_mobility/package.bash'
[1.294s] INFO:colcon.colcon_core.shell:Creating package script '/home/mmliu/Documents/cmu/16450-Capstone/frisbee-software/install/fb_mobility/share/fb_mobility/package.zsh'
[1.295s] Level 1:colcon.colcon_core.environment:create_file_with_runtime_dependencies(/home/mmliu/Documents/cmu/16450-Capstone/frisbee-software/install/fb_mobility/share/colcon-core/packages/fb_mobility)
[1.296s] Level 1:colcon.colcon_core.shell:create_environment_hook('fb_vision', 'pythonpath_develop')
[1.297s] DEBUG:colcon.colcon_core.event_handler.log_command:Invoked command in '/home/mmliu/Documents/cmu/16450-Capstone/frisbee-software/build/fb_vision' returned '0': CONDA_PROMPT_MODIFIER=(frisbee_env) PYTHONPATH=/home/mmliu/Documents/cmu/16450-Capstone/frisbee-software/build/fb_vision/prefix_override:/home/mmliu/miniconda3/envs/frisbee_env/lib/python3.10/site-packages/colcon_core/task/python/colcon_distutils_commands:/home/mmliu/Documents/cmu/16450-Capstone/frisbee-software/install/fb_vision/lib/python3.10/site-packages:${PYTHONPATH} /home/mmliu/miniconda3/envs/frisbee_env/bin/python3.10 -W ignore:setup.py install is deprecated -W ignore:easy_install command is deprecated setup.py develop --editable --build-directory /home/mmliu/Documents/cmu/16450-Capstone/frisbee-software/build/fb_vision/build --no-deps symlink_data
[1.297s] INFO:colcon.colcon_core.shell:Creating environment hook '/home/mmliu/Documents/cmu/16450-Capstone/frisbee-software/build/fb_vision/share/fb_vision/hook/pythonpath_develop.ps1'
[1.300s] INFO:colcon.colcon_core.shell:Creating environment descriptor '/home/mmliu/Documents/cmu/16450-Capstone/frisbee-software/build/fb_vision/share/fb_vision/hook/pythonpath_develop.dsv'
[1.300s] INFO:colcon.colcon_core.shell:Creating environment hook '/home/mmliu/Documents/cmu/16450-Capstone/frisbee-software/build/fb_vision/share/fb_vision/hook/pythonpath_develop.sh'
[1.301s] Level 1:colcon.colcon_core.environment:checking '/home/mmliu/Documents/cmu/16450-Capstone/frisbee-software/install/fb_vision' for CMake module files
[1.302s] Level 1:colcon.colcon_core.environment:checking '/home/mmliu/Documents/cmu/16450-Capstone/frisbee-software/install/fb_vision' for CMake config files
[1.303s] Level 1:colcon.colcon_core.environment:checking '/home/mmliu/Documents/cmu/16450-Capstone/frisbee-software/install/fb_vision/lib'
[1.303s] Level 1:colcon.colcon_core.environment:checking '/home/mmliu/Documents/cmu/16450-Capstone/frisbee-software/install/fb_vision/bin'
[1.303s] Level 1:colcon.colcon_core.environment:checking '/home/mmliu/Documents/cmu/16450-Capstone/frisbee-software/install/fb_vision/lib/pkgconfig/fb_vision.pc'
[1.303s] Level 1:colcon.colcon_core.environment:checking '/home/mmliu/Documents/cmu/16450-Capstone/frisbee-software/install/fb_vision/lib/python3.10/site-packages'
[1.303s] Level 1:colcon.colcon_core.shell:create_environment_hook('fb_vision', 'pythonpath')
[1.303s] INFO:colcon.colcon_core.shell:Creating environment hook '/home/mmliu/Documents/cmu/16450-Capstone/frisbee-software/install/fb_vision/share/fb_vision/hook/pythonpath.ps1'
[1.304s] INFO:colcon.colcon_core.shell:Creating environment descriptor '/home/mmliu/Documents/cmu/16450-Capstone/frisbee-software/install/fb_vision/share/fb_vision/hook/pythonpath.dsv'
[1.304s] INFO:colcon.colcon_core.shell:Creating environment hook '/home/mmliu/Documents/cmu/16450-Capstone/frisbee-software/install/fb_vision/share/fb_vision/hook/pythonpath.sh'
[1.305s] Level 1:colcon.colcon_core.environment:checking '/home/mmliu/Documents/cmu/16450-Capstone/frisbee-software/install/fb_vision/bin'
[1.305s] Level 1:colcon.colcon_core.environment:create_environment_scripts_only(fb_vision)
[1.305s] INFO:colcon.colcon_core.shell:Creating package script '/home/mmliu/Documents/cmu/16450-Capstone/frisbee-software/install/fb_vision/share/fb_vision/package.ps1'
[1.306s] INFO:colcon.colcon_core.shell:Creating package descriptor '/home/mmliu/Documents/cmu/16450-Capstone/frisbee-software/install/fb_vision/share/fb_vision/package.dsv'
[1.306s] INFO:colcon.colcon_core.shell:Creating package script '/home/mmliu/Documents/cmu/16450-Capstone/frisbee-software/install/fb_vision/share/fb_vision/package.sh'
[1.307s] INFO:colcon.colcon_core.shell:Creating package script '/home/mmliu/Documents/cmu/16450-Capstone/frisbee-software/install/fb_vision/share/fb_vision/package.bash'
[1.307s] INFO:colcon.colcon_core.shell:Creating package script '/home/mmliu/Documents/cmu/16450-Capstone/frisbee-software/install/fb_vision/share/fb_vision/package.zsh'
[1.308s] Level 1:colcon.colcon_core.environment:create_file_with_runtime_dependencies(/home/mmliu/Documents/cmu/16450-Capstone/frisbee-software/install/fb_vision/share/colcon-core/packages/fb_vision)
[1.309s] Level 1:colcon.colcon_core.shell:create_environment_hook('fb_collector', 'pythonpath_develop')
[1.310s] INFO:colcon.colcon_core.shell:Creating environment hook '/home/mmliu/Documents/cmu/16450-Capstone/frisbee-software/build/fb_collector/share/fb_collector/hook/pythonpath_develop.ps1'
[1.311s] DEBUG:colcon.colcon_core.event_handler.log_command:Invoked command in '/home/mmliu/Documents/cmu/16450-Capstone/frisbee-software/build/fb_collector' returned '0': CONDA_PROMPT_MODIFIER=(frisbee_env) PYTHONPATH=/home/mmliu/Documents/cmu/16450-Capstone/frisbee-software/build/fb_collector/prefix_override:/home/mmliu/miniconda3/envs/frisbee_env/lib/python3.10/site-packages/colcon_core/task/python/colcon_distutils_commands:/home/mmliu/Documents/cmu/16450-Capstone/frisbee-software/install/fb_collector/lib/python3.10/site-packages:${PYTHONPATH} /home/mmliu/miniconda3/envs/frisbee_env/bin/python3.10 -W ignore:setup.py install is deprecated -W ignore:easy_install command is deprecated setup.py develop --editable --build-directory /home/mmliu/Documents/cmu/16450-Capstone/frisbee-software/build/fb_collector/build --no-deps symlink_data
[1.312s] INFO:colcon.colcon_core.shell:Creating environment descriptor '/home/mmliu/Documents/cmu/16450-Capstone/frisbee-software/build/fb_collector/share/fb_collector/hook/pythonpath_develop.dsv'
[1.313s] INFO:colcon.colcon_core.shell:Creating environment hook '/home/mmliu/Documents/cmu/16450-Capstone/frisbee-software/build/fb_collector/share/fb_collector/hook/pythonpath_develop.sh'
[1.313s] Level 1:colcon.colcon_core.environment:checking '/home/mmliu/Documents/cmu/16450-Capstone/frisbee-software/install/fb_collector' for CMake module files
[1.313s] Level 1:colcon.colcon_core.environment:checking '/home/mmliu/Documents/cmu/16450-Capstone/frisbee-software/install/fb_collector' for CMake config files
[1.314s] Level 1:colcon.colcon_core.environment:checking '/home/mmliu/Documents/cmu/16450-Capstone/frisbee-software/install/fb_collector/lib'
[1.314s] Level 1:colcon.colcon_core.environment:checking '/home/mmliu/Documents/cmu/16450-Capstone/frisbee-software/install/fb_collector/bin'
[1.314s] Level 1:colcon.colcon_core.environment:checking '/home/mmliu/Documents/cmu/16450-Capstone/frisbee-software/install/fb_collector/lib/pkgconfig/fb_collector.pc'
[1.314s] Level 1:colcon.colcon_core.environment:checking '/home/mmliu/Documents/cmu/16450-Capstone/frisbee-software/install/fb_collector/lib/python3.10/site-packages'
[1.314s] Level 1:colcon.colcon_core.shell:create_environment_hook('fb_collector', 'pythonpath')
[1.314s] INFO:colcon.colcon_core.shell:Creating environment hook '/home/mmliu/Documents/cmu/16450-Capstone/frisbee-software/install/fb_collector/share/fb_collector/hook/pythonpath.ps1'
[1.315s] INFO:colcon.colcon_core.shell:Creating environment descriptor '/home/mmliu/Documents/cmu/16450-Capstone/frisbee-software/install/fb_collector/share/fb_collector/hook/pythonpath.dsv'
[1.316s] INFO:colcon.colcon_core.shell:Creating environment hook '/home/mmliu/Documents/cmu/16450-Capstone/frisbee-software/install/fb_collector/share/fb_collector/hook/pythonpath.sh'
[1.317s] Level 1:colcon.colcon_core.environment:checking '/home/mmliu/Documents/cmu/16450-Capstone/frisbee-software/install/fb_collector/bin'
[1.317s] Level 1:colcon.colcon_core.environment:create_environment_scripts_only(fb_collector)
[1.318s] INFO:colcon.colcon_core.shell:Creating package script '/home/mmliu/Documents/cmu/16450-Capstone/frisbee-software/install/fb_collector/share/fb_collector/package.ps1'
[1.318s] INFO:colcon.colcon_core.shell:Creating package descriptor '/home/mmliu/Documents/cmu/16450-Capstone/frisbee-software/install/fb_collector/share/fb_collector/package.dsv'
[1.319s] INFO:colcon.colcon_core.shell:Creating package script '/home/mmliu/Documents/cmu/16450-Capstone/frisbee-software/install/fb_collector/share/fb_collector/package.sh'
[1.319s] INFO:colcon.colcon_core.shell:Creating package script '/home/mmliu/Documents/cmu/16450-Capstone/frisbee-software/install/fb_collector/share/fb_collector/package.bash'
[1.320s] INFO:colcon.colcon_core.shell:Creating package script '/home/mmliu/Documents/cmu/16450-Capstone/frisbee-software/install/fb_collector/share/fb_collector/package.zsh'
[1.320s] Level 1:colcon.colcon_core.environment:create_file_with_runtime_dependencies(/home/mmliu/Documents/cmu/16450-Capstone/frisbee-software/install/fb_collector/share/colcon-core/packages/fb_collector)
[1.320s] Level 1:colcon.colcon_core.shell:create_environment_hook('fb_utils', 'pythonpath_develop')
[1.320s] INFO:colcon.colcon_core.shell:Creating environment hook '/home/mmliu/Documents/cmu/16450-Capstone/frisbee-software/build/fb_utils/share/fb_utils/hook/pythonpath_develop.ps1'
[1.321s] DEBUG:colcon.colcon_core.event_handler.log_command:Invoked command in '/home/mmliu/Documents/cmu/16450-Capstone/frisbee-software/build/fb_utils' returned '0': CONDA_PROMPT_MODIFIER=(frisbee_env) PYTHONPATH=/home/mmliu/Documents/cmu/16450-Capstone/frisbee-software/build/fb_utils/prefix_override:/home/mmliu/miniconda3/envs/frisbee_env/lib/python3.10/site-packages/colcon_core/task/python/colcon_distutils_commands:/home/mmliu/Documents/cmu/16450-Capstone/frisbee-software/install/fb_utils/lib/python3.10/site-packages:${PYTHONPATH} /home/mmliu/miniconda3/envs/frisbee_env/bin/python3.10 -W ignore:setup.py install is deprecated -W ignore:easy_install command is deprecated setup.py develop --editable --build-directory /home/mmliu/Documents/cmu/16450-Capstone/frisbee-software/build/fb_utils/build --no-deps symlink_data
[1.322s] INFO:colcon.colcon_core.shell:Creating environment descriptor '/home/mmliu/Documents/cmu/16450-Capstone/frisbee-software/build/fb_utils/share/fb_utils/hook/pythonpath_develop.dsv'
[1.322s] INFO:colcon.colcon_core.shell:Creating environment hook '/home/mmliu/Documents/cmu/16450-Capstone/frisbee-software/build/fb_utils/share/fb_utils/hook/pythonpath_develop.sh'
[1.324s] Level 1:colcon.colcon_core.environment:checking '/home/mmliu/Documents/cmu/16450-Capstone/frisbee-software/install/fb_utils' for CMake module files
[1.324s] Level 1:colcon.colcon_core.environment:checking '/home/mmliu/Documents/cmu/16450-Capstone/frisbee-software/install/fb_utils' for CMake config files
[1.324s] Level 1:colcon.colcon_core.environment:checking '/home/mmliu/Documents/cmu/16450-Capstone/frisbee-software/install/fb_utils/lib'
[1.324s] Level 1:colcon.colcon_core.environment:checking '/home/mmliu/Documents/cmu/16450-Capstone/frisbee-software/install/fb_utils/bin'
[1.324s] Level 1:colcon.colcon_core.environment:checking '/home/mmliu/Documents/cmu/16450-Capstone/frisbee-software/install/fb_utils/lib/pkgconfig/fb_utils.pc'
[1.325s] Level 1:colcon.colcon_core.environment:checking '/home/mmliu/Documents/cmu/16450-Capstone/frisbee-software/install/fb_utils/lib/python3.10/site-packages'
[1.325s] Level 1:colcon.colcon_core.shell:create_environment_hook('fb_utils', 'pythonpath')
[1.325s] INFO:colcon.colcon_core.shell:Creating environment hook '/home/mmliu/Documents/cmu/16450-Capstone/frisbee-software/install/fb_utils/share/fb_utils/hook/pythonpath.ps1'
[1.326s] INFO:colcon.colcon_core.shell:Creating environment descriptor '/home/mmliu/Documents/cmu/16450-Capstone/frisbee-software/install/fb_utils/share/fb_utils/hook/pythonpath.dsv'
[1.326s] INFO:colcon.colcon_core.shell:Creating environment hook '/home/mmliu/Documents/cmu/16450-Capstone/frisbee-software/install/fb_utils/share/fb_utils/hook/pythonpath.sh'
[1.327s] Level 1:colcon.colcon_core.environment:checking '/home/mmliu/Documents/cmu/16450-Capstone/frisbee-software/install/fb_utils/bin'
[1.327s] Level 1:colcon.colcon_core.environment:create_environment_scripts_only(fb_utils)
[1.328s] INFO:colcon.colcon_core.shell:Creating package script '/home/mmliu/Documents/cmu/16450-Capstone/frisbee-software/install/fb_utils/share/fb_utils/package.ps1'
[1.329s] INFO:colcon.colcon_core.shell:Creating package descriptor '/home/mmliu/Documents/cmu/16450-Capstone/frisbee-software/install/fb_utils/share/fb_utils/package.dsv'
[1.330s] INFO:colcon.colcon_core.shell:Creating package script '/home/mmliu/Documents/cmu/16450-Capstone/frisbee-software/install/fb_utils/share/fb_utils/package.sh'
[1.331s] INFO:colcon.colcon_core.shell:Creating package script '/home/mmliu/Documents/cmu/16450-Capstone/frisbee-software/install/fb_utils/share/fb_utils/package.bash'
[1.331s] INFO:colcon.colcon_core.shell:Creating package script '/home/mmliu/Documents/cmu/16450-Capstone/frisbee-software/install/fb_utils/share/fb_utils/package.zsh'
[1.332s] Level 1:colcon.colcon_core.environment:create_file_with_runtime_dependencies(/home/mmliu/Documents/cmu/16450-Capstone/frisbee-software/install/fb_utils/share/colcon-core/packages/fb_utils)
[1.335s] Level 1:colcon.colcon_core.shell:create_environment_hook('fb_launcher', 'pythonpath_develop')
[1.335s] INFO:colcon.colcon_core.shell:Creating environment hook '/home/mmliu/Documents/cmu/16450-Capstone/frisbee-software/build/fb_launcher/share/fb_launcher/hook/pythonpath_develop.ps1'
[1.337s] DEBUG:colcon.colcon_core.event_handler.log_command:Invoked command in '/home/mmliu/Documents/cmu/16450-Capstone/frisbee-software/build/fb_launcher' returned '0': CONDA_PROMPT_MODIFIER=(frisbee_env) PYTHONPATH=/home/mmliu/Documents/cmu/16450-Capstone/frisbee-software/build/fb_launcher/prefix_override:/home/mmliu/miniconda3/envs/frisbee_env/lib/python3.10/site-packages/colcon_core/task/python/colcon_distutils_commands:/home/mmliu/Documents/cmu/16450-Capstone/frisbee-software/install/fb_launcher/lib/python3.10/site-packages:${PYTHONPATH} /home/mmliu/miniconda3/envs/frisbee_env/bin/python3.10 -W ignore:setup.py install is deprecated -W ignore:easy_install command is deprecated setup.py develop --editable --build-directory /home/mmliu/Documents/cmu/16450-Capstone/frisbee-software/build/fb_launcher/build --no-deps symlink_data
[1.337s] INFO:colcon.colcon_core.shell:Creating environment descriptor '/home/mmliu/Documents/cmu/16450-Capstone/frisbee-software/build/fb_launcher/share/fb_launcher/hook/pythonpath_develop.dsv'
[1.338s] INFO:colcon.colcon_core.shell:Creating environment hook '/home/mmliu/Documents/cmu/16450-Capstone/frisbee-software/build/fb_launcher/share/fb_launcher/hook/pythonpath_develop.sh'
[1.339s] Level 1:colcon.colcon_core.environment:checking '/home/mmliu/Documents/cmu/16450-Capstone/frisbee-software/install/fb_launcher' for CMake module files
[1.339s] Level 1:colcon.colcon_core.environment:checking '/home/mmliu/Documents/cmu/16450-Capstone/frisbee-software/install/fb_launcher' for CMake config files
[1.339s] Level 1:colcon.colcon_core.environment:checking '/home/mmliu/Documents/cmu/16450-Capstone/frisbee-software/install/fb_launcher/lib'
[1.339s] Level 1:colcon.colcon_core.environment:checking '/home/mmliu/Documents/cmu/16450-Capstone/frisbee-software/install/fb_launcher/bin'
[1.339s] Level 1:colcon.colcon_core.environment:checking '/home/mmliu/Documents/cmu/16450-Capstone/frisbee-software/install/fb_launcher/lib/pkgconfig/fb_launcher.pc'
[1.340s] Level 1:colcon.colcon_core.environment:checking '/home/mmliu/Documents/cmu/16450-Capstone/frisbee-software/install/fb_launcher/lib/python3.10/site-packages'
[1.340s] Level 1:colcon.colcon_core.shell:create_environment_hook('fb_launcher', 'pythonpath')
[1.340s] INFO:colcon.colcon_core.shell:Creating environment hook '/home/mmliu/Documents/cmu/16450-Capstone/frisbee-software/install/fb_launcher/share/fb_launcher/hook/pythonpath.ps1'
[1.341s] INFO:colcon.colcon_core.shell:Creating environment descriptor '/home/mmliu/Documents/cmu/16450-Capstone/frisbee-software/install/fb_launcher/share/fb_launcher/hook/pythonpath.dsv'
[1.341s] INFO:colcon.colcon_core.shell:Creating environment hook '/home/mmliu/Documents/cmu/16450-Capstone/frisbee-software/install/fb_launcher/share/fb_launcher/hook/pythonpath.sh'
[1.342s] Level 1:colcon.colcon_core.environment:checking '/home/mmliu/Documents/cmu/16450-Capstone/frisbee-software/install/fb_launcher/bin'
[1.342s] Level 1:colcon.colcon_core.environment:create_environment_scripts_only(fb_launcher)
[1.343s] INFO:colcon.colcon_core.shell:Creating package script '/home/mmliu/Documents/cmu/16450-Capstone/frisbee-software/install/fb_launcher/share/fb_launcher/package.ps1'
[1.343s] INFO:colcon.colcon_core.shell:Creating package descriptor '/home/mmliu/Documents/cmu/16450-Capstone/frisbee-software/install/fb_launcher/share/fb_launcher/package.dsv'
[1.344s] INFO:colcon.colcon_core.shell:Creating package script '/home/mmliu/Documents/cmu/16450-Capstone/frisbee-software/install/fb_launcher/share/fb_launcher/package.sh'
[1.345s] INFO:colcon.colcon_core.shell:Creating package script '/home/mmliu/Documents/cmu/16450-Capstone/frisbee-software/install/fb_launcher/share/fb_launcher/package.bash'
[1.345s] INFO:colcon.colcon_core.shell:Creating package script '/home/mmliu/Documents/cmu/16450-Capstone/frisbee-software/install/fb_launcher/share/fb_launcher/package.zsh'
[1.346s] Level 1:colcon.colcon_core.environment:create_file_with_runtime_dependencies(/home/mmliu/Documents/cmu/16450-Capstone/frisbee-software/install/fb_launcher/share/colcon-core/packages/fb_launcher)
[1.346s] Level 1:colcon.colcon_core.shell:create_environment_hook('fb_planning', 'pythonpath_develop')
[1.346s] INFO:colcon.colcon_core.shell:Creating environment hook '/home/mmliu/Documents/cmu/16450-Capstone/frisbee-software/build/fb_planning/share/fb_planning/hook/pythonpath_develop.ps1'
[1.347s] INFO:colcon.colcon_core.shell:Creating environment descriptor '/home/mmliu/Documents/cmu/16450-Capstone/frisbee-software/build/fb_planning/share/fb_planning/hook/pythonpath_develop.dsv'
[1.348s] INFO:colcon.colcon_core.shell:Creating environment hook '/home/mmliu/Documents/cmu/16450-Capstone/frisbee-software/build/fb_planning/share/fb_planning/hook/pythonpath_develop.sh'
[1.349s] DEBUG:colcon.colcon_core.event_handler.log_command:Invoked command in '/home/mmliu/Documents/cmu/16450-Capstone/frisbee-software/build/fb_planning' returned '0': CONDA_PROMPT_MODIFIER=(frisbee_env) PYTHONPATH=/home/mmliu/Documents/cmu/16450-Capstone/frisbee-software/build/fb_planning/prefix_override:/home/mmliu/miniconda3/envs/frisbee_env/lib/python3.10/site-packages/colcon_core/task/python/colcon_distutils_commands:/home/mmliu/Documents/cmu/16450-Capstone/frisbee-software/install/fb_planning/lib/python3.10/site-packages:${PYTHONPATH} /home/mmliu/miniconda3/envs/frisbee_env/bin/python3.10 -W ignore:setup.py install is deprecated -W ignore:easy_install command is deprecated setup.py develop --editable --build-directory /home/mmliu/Documents/cmu/16450-Capstone/frisbee-software/build/fb_planning/build --no-deps symlink_data
[1.349s] Level 1:colcon.colcon_core.environment:checking '/home/mmliu/Documents/cmu/16450-Capstone/frisbee-software/install/fb_planning' for CMake module files
[1.350s] Level 1:colcon.colcon_core.environment:checking '/home/mmliu/Documents/cmu/16450-Capstone/frisbee-software/install/fb_planning' for CMake config files
[1.350s] Level 1:colcon.colcon_core.environment:checking '/home/mmliu/Documents/cmu/16450-Capstone/frisbee-software/install/fb_planning/lib'
[1.350s] Level 1:colcon.colcon_core.environment:checking '/home/mmliu/Documents/cmu/16450-Capstone/frisbee-software/install/fb_planning/bin'
[1.350s] Level 1:colcon.colcon_core.environment:checking '/home/mmliu/Documents/cmu/16450-Capstone/frisbee-software/install/fb_planning/lib/pkgconfig/fb_planning.pc'
[1.350s] Level 1:colcon.colcon_core.environment:checking '/home/mmliu/Documents/cmu/16450-Capstone/frisbee-software/install/fb_planning/lib/python3.10/site-packages'
[1.350s] Level 1:colcon.colcon_core.shell:create_environment_hook('fb_planning', 'pythonpath')
[1.351s] INFO:colcon.colcon_core.shell:Creating environment hook '/home/mmliu/Documents/cmu/16450-Capstone/frisbee-software/install/fb_planning/share/fb_planning/hook/pythonpath.ps1'
[1.351s] INFO:colcon.colcon_core.shell:Creating environment descriptor '/home/mmliu/Documents/cmu/16450-Capstone/frisbee-software/install/fb_planning/share/fb_planning/hook/pythonpath.dsv'
[1.352s] INFO:colcon.colcon_core.shell:Creating environment hook '/home/mmliu/Documents/cmu/16450-Capstone/frisbee-software/install/fb_planning/share/fb_planning/hook/pythonpath.sh'
[1.352s] Level 1:colcon.colcon_core.environment:checking '/home/mmliu/Documents/cmu/16450-Capstone/frisbee-software/install/fb_planning/bin'
[1.352s] Level 1:colcon.colcon_core.environment:create_environment_scripts_only(fb_planning)
[1.353s] INFO:colcon.colcon_core.shell:Creating package script '/home/mmliu/Documents/cmu/16450-Capstone/frisbee-software/install/fb_planning/share/fb_planning/package.ps1'
[1.354s] INFO:colcon.colcon_core.shell:Creating package descriptor '/home/mmliu/Documents/cmu/16450-Capstone/frisbee-software/install/fb_planning/share/fb_planning/package.dsv'
[1.354s] INFO:colcon.colcon_core.shell:Creating package script '/home/mmliu/Documents/cmu/16450-Capstone/frisbee-software/install/fb_planning/share/fb_planning/package.sh'
[1.355s] INFO:colcon.colcon_core.shell:Creating package script '/home/mmliu/Documents/cmu/16450-Capstone/frisbee-software/install/fb_planning/share/fb_planning/package.bash'
[1.355s] INFO:colcon.colcon_core.shell:Creating package script '/home/mmliu/Documents/cmu/16450-Capstone/frisbee-software/install/fb_planning/share/fb_planning/package.zsh'
[1.356s] Level 1:colcon.colcon_core.environment:create_file_with_runtime_dependencies(/home/mmliu/Documents/cmu/16450-Capstone/frisbee-software/install/fb_planning/share/colcon-core/packages/fb_planning)
[1.356s] DEBUG:colcon.colcon_parallel_executor.executor.parallel:closing loop
[1.356s] DEBUG:colcon.colcon_parallel_executor.executor.parallel:loop closed
[1.356s] DEBUG:colcon.colcon_parallel_executor.executor.parallel:run_until_complete finished with '0'
[1.356s] DEBUG:colcon.colcon_core.event_reactor:joining thread
[1.359s] INFO:colcon.colcon_core.plugin_system:Skipping extension 'colcon_notification.desktop_notification.notify2': 'notify2' not found
[1.360s] INFO:colcon.colcon_core.plugin_system:Skipping extension 'colcon_notification.desktop_notification.terminal_notifier': Not used on non-Darwin systems
[1.360s] INFO:colcon.colcon_core.plugin_system:Skipping extension 'colcon_notification.desktop_notification.win32': Not used on non-Windows systems
[1.360s] INFO:colcon.colcon_notification.desktop_notification:Sending desktop notification using 'notify_send'
[1.408s] DEBUG:colcon.colcon_core.event_reactor:joined thread
[1.408s] INFO:colcon.colcon_core.shell:Creating prefix script '/home/mmliu/Documents/cmu/16450-Capstone/frisbee-software/install/local_setup.ps1'
[1.409s] INFO:colcon.colcon_core.shell:Creating prefix util module '/home/mmliu/Documents/cmu/16450-Capstone/frisbee-software/install/_local_setup_util_ps1.py'
[1.410s] INFO:colcon.colcon_core.shell:Creating prefix chain script '/home/mmliu/Documents/cmu/16450-Capstone/frisbee-software/install/setup.ps1'
[1.411s] INFO:colcon.colcon_core.shell:Creating prefix script '/home/mmliu/Documents/cmu/16450-Capstone/frisbee-software/install/local_setup.sh'
[1.411s] INFO:colcon.colcon_core.shell:Creating prefix util module '/home/mmliu/Documents/cmu/16450-Capstone/frisbee-software/install/_local_setup_util_sh.py'
[1.412s] INFO:colcon.colcon_core.shell:Creating prefix chain script '/home/mmliu/Documents/cmu/16450-Capstone/frisbee-software/install/setup.sh'
[1.413s] INFO:colcon.colcon_core.shell:Creating prefix script '/home/mmliu/Documents/cmu/16450-Capstone/frisbee-software/install/local_setup.bash'
[1.413s] INFO:colcon.colcon_core.shell:Creating prefix chain script '/home/mmliu/Documents/cmu/16450-Capstone/frisbee-software/install/setup.bash'
[1.414s] INFO:colcon.colcon_core.shell:Creating prefix script '/home/mmliu/Documents/cmu/16450-Capstone/frisbee-software/install/local_setup.zsh'
[1.414s] INFO:colcon.colcon_core.shell:Creating prefix chain script '/home/mmliu/Documents/cmu/16450-Capstone/frisbee-software/install/setup.zsh'
