[0.044s] DEBUG:colcon:Command line arguments: ['/usr/bin/colcon', 'build', '--packages-select', 'fb_drivers', '--symlink-install']
[0.044s] DEBUG:colcon:Parsed command line arguments: Namespace(log_base=None, log_level=None, verb_name='build', build_base='build', install_base='install', merge_install=False, symlink_install=True, test_result_base=None, continue_on_error=False, executor='parallel', parallel_workers=24, event_handlers=None, ignore_user_meta=False, metas=['./colcon.meta'], base_paths=['.'], packages_ignore=None, packages_ignore_regex=None, paths=None, packages_up_to=None, packages_up_to_regex=None, packages_above=None, packages_above_and_dependencies=None, packages_above_depth=None, packages_select_by_dep=None, packages_skip_by_dep=None, packages_skip_up_to=None, packages_select_build_failed=False, packages_skip_build_finished=False, packages_select_test_failures=False, packages_skip_test_passed=False, packages_select=['fb_drivers'], packages_skip=None, packages_select_regex=None, packages_skip_regex=None, packages_start=None, packages_end=None, cmake_args=None, cmake_target=None, cmake_target_skip_unavailable=False, cmake_clean_cache=False, cmake_clean_first=False, cmake_force_configure=False, ament_cmake_args=None, catkin_cmake_args=None, catkin_skip_building_tests=False, mixin_files=None, mixin=None, verb_parser=<colcon_mixin.mixin.mixin_argument.MixinArgumentDecorator object at 0x71a88641afb0>, verb_extension=<colcon_core.verb.build.BuildVerb object at 0x71a88641a110>, main=<bound method BuildVerb.main of <colcon_core.verb.build.BuildVerb object at 0x71a88641a110>>, mixin_verb=('build',))
[0.091s] Level 1:colcon.colcon_core.package_discovery:discover_packages(colcon_meta) check parameters
[0.091s] Level 1:colcon.colcon_core.package_discovery:discover_packages(recursive) check parameters
[0.091s] Level 1:colcon.colcon_core.package_discovery:discover_packages(ignore) check parameters
[0.091s] Level 1:colcon.colcon_core.package_discovery:discover_packages(path) check parameters
[0.091s] Level 1:colcon.colcon_core.package_discovery:discover_packages(colcon_meta) discover
[0.091s] Level 1:colcon.colcon_core.package_discovery:discover_packages(recursive) discover
[0.091s] INFO:colcon.colcon_core.package_discovery:Crawling recursively for packages in '/ros2_ws'
[0.091s] Level 1:colcon.colcon_core.package_identification:_identify(.) by extensions ['ignore', 'ignore_ament_install']
[0.091s] Level 1:colcon.colcon_core.package_identification:_identify(.) by extension 'ignore'
[0.091s] Level 1:colcon.colcon_core.package_identification:_identify(.) by extension 'ignore_ament_install'
[0.091s] Level 1:colcon.colcon_core.package_identification:_identify(.) by extensions ['colcon_pkg']
[0.091s] Level 1:colcon.colcon_core.package_identification:_identify(.) by extension 'colcon_pkg'
[0.092s] Level 1:colcon.colcon_core.package_identification:_identify(.) by extensions ['colcon_meta']
[0.092s] Level 1:colcon.colcon_core.package_identification:_identify(.) by extension 'colcon_meta'
[0.092s] Level 1:colcon.colcon_core.package_identification:_identify(.) by extensions ['ros']
[0.092s] Level 1:colcon.colcon_core.package_identification:_identify(.) by extension 'ros'
[0.096s] Level 1:colcon.colcon_core.package_identification:_identify(.) by extensions ['cmake', 'python']
[0.096s] Level 1:colcon.colcon_core.package_identification:_identify(.) by extension 'cmake'
[0.096s] Level 1:colcon.colcon_core.package_identification:_identify(.) by extension 'python'
[0.096s] Level 1:colcon.colcon_core.package_identification:_identify(.) by extensions ['python_setup_py']
[0.096s] Level 1:colcon.colcon_core.package_identification:_identify(.) by extension 'python_setup_py'
[0.096s] Level 1:colcon.colcon_core.package_identification:_identify(build) by extensions ['ignore', 'ignore_ament_install']
[0.096s] Level 1:colcon.colcon_core.package_identification:_identify(build) by extension 'ignore'
[0.096s] Level 1:colcon.colcon_core.package_identification:_identify(build) ignored
[0.096s] Level 1:colcon.colcon_core.package_identification:_identify(docker) by extensions ['ignore', 'ignore_ament_install']
[0.097s] Level 1:colcon.colcon_core.package_identification:_identify(docker) by extension 'ignore'
[0.097s] Level 1:colcon.colcon_core.package_identification:_identify(docker) by extension 'ignore_ament_install'
[0.097s] Level 1:colcon.colcon_core.package_identification:_identify(docker) by extensions ['colcon_pkg']
[0.097s] Level 1:colcon.colcon_core.package_identification:_identify(docker) by extension 'colcon_pkg'
[0.097s] Level 1:colcon.colcon_core.package_identification:_identify(docker) by extensions ['colcon_meta']
[0.097s] Level 1:colcon.colcon_core.package_identification:_identify(docker) by extension 'colcon_meta'
[0.097s] Level 1:colcon.colcon_core.package_identification:_identify(docker) by extensions ['ros']
[0.097s] Level 1:colcon.colcon_core.package_identification:_identify(docker) by extension 'ros'
[0.097s] Level 1:colcon.colcon_core.package_identification:_identify(docker) by extensions ['cmake', 'python']
[0.097s] Level 1:colcon.colcon_core.package_identification:_identify(docker) by extension 'cmake'
[0.097s] Level 1:colcon.colcon_core.package_identification:_identify(docker) by extension 'python'
[0.097s] Level 1:colcon.colcon_core.package_identification:_identify(docker) by extensions ['python_setup_py']
[0.097s] Level 1:colcon.colcon_core.package_identification:_identify(docker) by extension 'python_setup_py'
[0.097s] Level 1:colcon.colcon_core.package_identification:_identify(docker/dockerfiles) by extensions ['ignore', 'ignore_ament_install']
[0.097s] Level 1:colcon.colcon_core.package_identification:_identify(docker/dockerfiles) by extension 'ignore'
[0.097s] Level 1:colcon.colcon_core.package_identification:_identify(docker/dockerfiles) by extension 'ignore_ament_install'
[0.097s] Level 1:colcon.colcon_core.package_identification:_identify(docker/dockerfiles) by extensions ['colcon_pkg']
[0.097s] Level 1:colcon.colcon_core.package_identification:_identify(docker/dockerfiles) by extension 'colcon_pkg'
[0.097s] Level 1:colcon.colcon_core.package_identification:_identify(docker/dockerfiles) by extensions ['colcon_meta']
[0.097s] Level 1:colcon.colcon_core.package_identification:_identify(docker/dockerfiles) by extension 'colcon_meta'
[0.097s] Level 1:colcon.colcon_core.package_identification:_identify(docker/dockerfiles) by extensions ['ros']
[0.097s] Level 1:colcon.colcon_core.package_identification:_identify(docker/dockerfiles) by extension 'ros'
[0.097s] Level 1:colcon.colcon_core.package_identification:_identify(docker/dockerfiles) by extensions ['cmake', 'python']
[0.097s] Level 1:colcon.colcon_core.package_identification:_identify(docker/dockerfiles) by extension 'cmake'
[0.097s] Level 1:colcon.colcon_core.package_identification:_identify(docker/dockerfiles) by extension 'python'
[0.097s] Level 1:colcon.colcon_core.package_identification:_identify(docker/dockerfiles) by extensions ['python_setup_py']
[0.097s] Level 1:colcon.colcon_core.package_identification:_identify(docker/dockerfiles) by extension 'python_setup_py'
[0.097s] Level 1:colcon.colcon_core.package_identification:_identify(docker/dockerfiles/laptop) by extensions ['ignore', 'ignore_ament_install']
[0.097s] Level 1:colcon.colcon_core.package_identification:_identify(docker/dockerfiles/laptop) by extension 'ignore'
[0.097s] Level 1:colcon.colcon_core.package_identification:_identify(docker/dockerfiles/laptop) by extension 'ignore_ament_install'
[0.097s] Level 1:colcon.colcon_core.package_identification:_identify(docker/dockerfiles/laptop) by extensions ['colcon_pkg']
[0.097s] Level 1:colcon.colcon_core.package_identification:_identify(docker/dockerfiles/laptop) by extension 'colcon_pkg'
[0.097s] Level 1:colcon.colcon_core.package_identification:_identify(docker/dockerfiles/laptop) by extensions ['colcon_meta']
[0.097s] Level 1:colcon.colcon_core.package_identification:_identify(docker/dockerfiles/laptop) by extension 'colcon_meta'
[0.097s] Level 1:colcon.colcon_core.package_identification:_identify(docker/dockerfiles/laptop) by extensions ['ros']
[0.097s] Level 1:colcon.colcon_core.package_identification:_identify(docker/dockerfiles/laptop) by extension 'ros'
[0.097s] Level 1:colcon.colcon_core.package_identification:_identify(docker/dockerfiles/laptop) by extensions ['cmake', 'python']
[0.097s] Level 1:colcon.colcon_core.package_identification:_identify(docker/dockerfiles/laptop) by extension 'cmake'
[0.097s] Level 1:colcon.colcon_core.package_identification:_identify(docker/dockerfiles/laptop) by extension 'python'
[0.097s] Level 1:colcon.colcon_core.package_identification:_identify(docker/dockerfiles/laptop) by extensions ['python_setup_py']
[0.097s] Level 1:colcon.colcon_core.package_identification:_identify(docker/dockerfiles/laptop) by extension 'python_setup_py'
[0.097s] Level 1:colcon.colcon_core.package_identification:_identify(docker/dockerfiles/robot) by extensions ['ignore', 'ignore_ament_install']
[0.097s] Level 1:colcon.colcon_core.package_identification:_identify(docker/dockerfiles/robot) by extension 'ignore'
[0.097s] Level 1:colcon.colcon_core.package_identification:_identify(docker/dockerfiles/robot) by extension 'ignore_ament_install'
[0.097s] Level 1:colcon.colcon_core.package_identification:_identify(docker/dockerfiles/robot) by extensions ['colcon_pkg']
[0.097s] Level 1:colcon.colcon_core.package_identification:_identify(docker/dockerfiles/robot) by extension 'colcon_pkg'
[0.097s] Level 1:colcon.colcon_core.package_identification:_identify(docker/dockerfiles/robot) by extensions ['colcon_meta']
[0.097s] Level 1:colcon.colcon_core.package_identification:_identify(docker/dockerfiles/robot) by extension 'colcon_meta'
[0.098s] Level 1:colcon.colcon_core.package_identification:_identify(docker/dockerfiles/robot) by extensions ['ros']
[0.098s] Level 1:colcon.colcon_core.package_identification:_identify(docker/dockerfiles/robot) by extension 'ros'
[0.098s] Level 1:colcon.colcon_core.package_identification:_identify(docker/dockerfiles/robot) by extensions ['cmake', 'python']
[0.098s] Level 1:colcon.colcon_core.package_identification:_identify(docker/dockerfiles/robot) by extension 'cmake'
[0.098s] Level 1:colcon.colcon_core.package_identification:_identify(docker/dockerfiles/robot) by extension 'python'
[0.098s] Level 1:colcon.colcon_core.package_identification:_identify(docker/dockerfiles/robot) by extensions ['python_setup_py']
[0.098s] Level 1:colcon.colcon_core.package_identification:_identify(docker/dockerfiles/robot) by extension 'python_setup_py'
[0.098s] Level 1:colcon.colcon_core.package_identification:_identify(install) by extensions ['ignore', 'ignore_ament_install']
[0.098s] Level 1:colcon.colcon_core.package_identification:_identify(install) by extension 'ignore'
[0.098s] Level 1:colcon.colcon_core.package_identification:_identify(install) ignored
[0.098s] Level 1:colcon.colcon_core.package_identification:_identify(log) by extensions ['ignore', 'ignore_ament_install']
[0.098s] Level 1:colcon.colcon_core.package_identification:_identify(log) by extension 'ignore'
[0.098s] Level 1:colcon.colcon_core.package_identification:_identify(log) ignored
[0.098s] Level 1:colcon.colcon_core.package_identification:_identify(scripts) by extensions ['ignore', 'ignore_ament_install']
[0.098s] Level 1:colcon.colcon_core.package_identification:_identify(scripts) by extension 'ignore'
[0.098s] Level 1:colcon.colcon_core.package_identification:_identify(scripts) by extension 'ignore_ament_install'
[0.098s] Level 1:colcon.colcon_core.package_identification:_identify(scripts) by extensions ['colcon_pkg']
[0.098s] Level 1:colcon.colcon_core.package_identification:_identify(scripts) by extension 'colcon_pkg'
[0.098s] Level 1:colcon.colcon_core.package_identification:_identify(scripts) by extensions ['colcon_meta']
[0.098s] Level 1:colcon.colcon_core.package_identification:_identify(scripts) by extension 'colcon_meta'
[0.098s] Level 1:colcon.colcon_core.package_identification:_identify(scripts) by extensions ['ros']
[0.098s] Level 1:colcon.colcon_core.package_identification:_identify(scripts) by extension 'ros'
[0.098s] Level 1:colcon.colcon_core.package_identification:_identify(scripts) by extensions ['cmake', 'python']
[0.098s] Level 1:colcon.colcon_core.package_identification:_identify(scripts) by extension 'cmake'
[0.098s] Level 1:colcon.colcon_core.package_identification:_identify(scripts) by extension 'python'
[0.098s] Level 1:colcon.colcon_core.package_identification:_identify(scripts) by extensions ['python_setup_py']
[0.098s] Level 1:colcon.colcon_core.package_identification:_identify(scripts) by extension 'python_setup_py'
[0.098s] Level 1:colcon.colcon_core.package_identification:_identify(scripts/sessions_laptop) by extensions ['ignore', 'ignore_ament_install']
[0.098s] Level 1:colcon.colcon_core.package_identification:_identify(scripts/sessions_laptop) by extension 'ignore'
[0.098s] Level 1:colcon.colcon_core.package_identification:_identify(scripts/sessions_laptop) by extension 'ignore_ament_install'
[0.098s] Level 1:colcon.colcon_core.package_identification:_identify(scripts/sessions_laptop) by extensions ['colcon_pkg']
[0.098s] Level 1:colcon.colcon_core.package_identification:_identify(scripts/sessions_laptop) by extension 'colcon_pkg'
[0.098s] Level 1:colcon.colcon_core.package_identification:_identify(scripts/sessions_laptop) by extensions ['colcon_meta']
[0.098s] Level 1:colcon.colcon_core.package_identification:_identify(scripts/sessions_laptop) by extension 'colcon_meta'
[0.098s] Level 1:colcon.colcon_core.package_identification:_identify(scripts/sessions_laptop) by extensions ['ros']
[0.098s] Level 1:colcon.colcon_core.package_identification:_identify(scripts/sessions_laptop) by extension 'ros'
[0.098s] Level 1:colcon.colcon_core.package_identification:_identify(scripts/sessions_laptop) by extensions ['cmake', 'python']
[0.098s] Level 1:colcon.colcon_core.package_identification:_identify(scripts/sessions_laptop) by extension 'cmake'
[0.098s] Level 1:colcon.colcon_core.package_identification:_identify(scripts/sessions_laptop) by extension 'python'
[0.098s] Level 1:colcon.colcon_core.package_identification:_identify(scripts/sessions_laptop) by extensions ['python_setup_py']
[0.098s] Level 1:colcon.colcon_core.package_identification:_identify(scripts/sessions_laptop) by extension 'python_setup_py'
[0.098s] Level 1:colcon.colcon_core.package_identification:_identify(scripts/sessions_laptop/utils) by extensions ['ignore', 'ignore_ament_install']
[0.098s] Level 1:colcon.colcon_core.package_identification:_identify(scripts/sessions_laptop/utils) by extension 'ignore'
[0.099s] Level 1:colcon.colcon_core.package_identification:_identify(scripts/sessions_laptop/utils) by extension 'ignore_ament_install'
[0.099s] Level 1:colcon.colcon_core.package_identification:_identify(scripts/sessions_laptop/utils) by extensions ['colcon_pkg']
[0.099s] Level 1:colcon.colcon_core.package_identification:_identify(scripts/sessions_laptop/utils) by extension 'colcon_pkg'
[0.099s] Level 1:colcon.colcon_core.package_identification:_identify(scripts/sessions_laptop/utils) by extensions ['colcon_meta']
[0.099s] Level 1:colcon.colcon_core.package_identification:_identify(scripts/sessions_laptop/utils) by extension 'colcon_meta'
[0.099s] Level 1:colcon.colcon_core.package_identification:_identify(scripts/sessions_laptop/utils) by extensions ['ros']
[0.099s] Level 1:colcon.colcon_core.package_identification:_identify(scripts/sessions_laptop/utils) by extension 'ros'
[0.099s] Level 1:colcon.colcon_core.package_identification:_identify(scripts/sessions_laptop/utils) by extensions ['cmake', 'python']
[0.099s] Level 1:colcon.colcon_core.package_identification:_identify(scripts/sessions_laptop/utils) by extension 'cmake'
[0.099s] Level 1:colcon.colcon_core.package_identification:_identify(scripts/sessions_laptop/utils) by extension 'python'
[0.099s] Level 1:colcon.colcon_core.package_identification:_identify(scripts/sessions_laptop/utils) by extensions ['python_setup_py']
[0.099s] Level 1:colcon.colcon_core.package_identification:_identify(scripts/sessions_laptop/utils) by extension 'python_setup_py'
[0.099s] Level 1:colcon.colcon_core.package_identification:_identify(scripts/sessions_robot) by extensions ['ignore', 'ignore_ament_install']
[0.099s] Level 1:colcon.colcon_core.package_identification:_identify(scripts/sessions_robot) by extension 'ignore'
[0.099s] Level 1:colcon.colcon_core.package_identification:_identify(scripts/sessions_robot) by extension 'ignore_ament_install'
[0.099s] Level 1:colcon.colcon_core.package_identification:_identify(scripts/sessions_robot) by extensions ['colcon_pkg']
[0.099s] Level 1:colcon.colcon_core.package_identification:_identify(scripts/sessions_robot) by extension 'colcon_pkg'
[0.099s] Level 1:colcon.colcon_core.package_identification:_identify(scripts/sessions_robot) by extensions ['colcon_meta']
[0.099s] Level 1:colcon.colcon_core.package_identification:_identify(scripts/sessions_robot) by extension 'colcon_meta'
[0.099s] Level 1:colcon.colcon_core.package_identification:_identify(scripts/sessions_robot) by extensions ['ros']
[0.099s] Level 1:colcon.colcon_core.package_identification:_identify(scripts/sessions_robot) by extension 'ros'
[0.099s] Level 1:colcon.colcon_core.package_identification:_identify(scripts/sessions_robot) by extensions ['cmake', 'python']
[0.099s] Level 1:colcon.colcon_core.package_identification:_identify(scripts/sessions_robot) by extension 'cmake'
[0.099s] Level 1:colcon.colcon_core.package_identification:_identify(scripts/sessions_robot) by extension 'python'
[0.099s] Level 1:colcon.colcon_core.package_identification:_identify(scripts/sessions_robot) by extensions ['python_setup_py']
[0.099s] Level 1:colcon.colcon_core.package_identification:_identify(scripts/sessions_robot) by extension 'python_setup_py'
[0.099s] Level 1:colcon.colcon_core.package_identification:_identify(scripts/sessions_robot/utils) by extensions ['ignore', 'ignore_ament_install']
[0.099s] Level 1:colcon.colcon_core.package_identification:_identify(scripts/sessions_robot/utils) by extension 'ignore'
[0.099s] Level 1:colcon.colcon_core.package_identification:_identify(scripts/sessions_robot/utils) by extension 'ignore_ament_install'
[0.099s] Level 1:colcon.colcon_core.package_identification:_identify(scripts/sessions_robot/utils) by extensions ['colcon_pkg']
[0.099s] Level 1:colcon.colcon_core.package_identification:_identify(scripts/sessions_robot/utils) by extension 'colcon_pkg'
[0.099s] Level 1:colcon.colcon_core.package_identification:_identify(scripts/sessions_robot/utils) by extensions ['colcon_meta']
[0.099s] Level 1:colcon.colcon_core.package_identification:_identify(scripts/sessions_robot/utils) by extension 'colcon_meta'
[0.099s] Level 1:colcon.colcon_core.package_identification:_identify(scripts/sessions_robot/utils) by extensions ['ros']
[0.099s] Level 1:colcon.colcon_core.package_identification:_identify(scripts/sessions_robot/utils) by extension 'ros'
[0.099s] Level 1:colcon.colcon_core.package_identification:_identify(scripts/sessions_robot/utils) by extensions ['cmake', 'python']
[0.099s] Level 1:colcon.colcon_core.package_identification:_identify(scripts/sessions_robot/utils) by extension 'cmake'
[0.099s] Level 1:colcon.colcon_core.package_identification:_identify(scripts/sessions_robot/utils) by extension 'python'
[0.099s] Level 1:colcon.colcon_core.package_identification:_identify(scripts/sessions_robot/utils) by extensions ['python_setup_py']
[0.099s] Level 1:colcon.colcon_core.package_identification:_identify(scripts/sessions_robot/utils) by extension 'python_setup_py'
[0.099s] Level 1:colcon.colcon_core.package_identification:_identify(src) by extensions ['ignore', 'ignore_ament_install']
[0.099s] Level 1:colcon.colcon_core.package_identification:_identify(src) by extension 'ignore'
[0.099s] Level 1:colcon.colcon_core.package_identification:_identify(src) by extension 'ignore_ament_install'
[0.099s] Level 1:colcon.colcon_core.package_identification:_identify(src) by extensions ['colcon_pkg']
[0.099s] Level 1:colcon.colcon_core.package_identification:_identify(src) by extension 'colcon_pkg'
[0.099s] Level 1:colcon.colcon_core.package_identification:_identify(src) by extensions ['colcon_meta']
[0.099s] Level 1:colcon.colcon_core.package_identification:_identify(src) by extension 'colcon_meta'
[0.099s] Level 1:colcon.colcon_core.package_identification:_identify(src) by extensions ['ros']
[0.099s] Level 1:colcon.colcon_core.package_identification:_identify(src) by extension 'ros'
[0.099s] Level 1:colcon.colcon_core.package_identification:_identify(src) by extensions ['cmake', 'python']
[0.099s] Level 1:colcon.colcon_core.package_identification:_identify(src) by extension 'cmake'
[0.099s] Level 1:colcon.colcon_core.package_identification:_identify(src) by extension 'python'
[0.100s] Level 1:colcon.colcon_core.package_identification:_identify(src) by extensions ['python_setup_py']
[0.100s] Level 1:colcon.colcon_core.package_identification:_identify(src) by extension 'python_setup_py'
[0.100s] Level 1:colcon.colcon_core.package_identification:_identify(src/fb_drivers) by extensions ['ignore', 'ignore_ament_install']
[0.100s] Level 1:colcon.colcon_core.package_identification:_identify(src/fb_drivers) by extension 'ignore'
[0.100s] Level 1:colcon.colcon_core.package_identification:_identify(src/fb_drivers) by extension 'ignore_ament_install'
[0.100s] Level 1:colcon.colcon_core.package_identification:_identify(src/fb_drivers) by extensions ['colcon_pkg']
[0.100s] Level 1:colcon.colcon_core.package_identification:_identify(src/fb_drivers) by extension 'colcon_pkg'
[0.100s] Level 1:colcon.colcon_core.package_identification:_identify(src/fb_drivers) by extensions ['colcon_meta']
[0.100s] Level 1:colcon.colcon_core.package_identification:_identify(src/fb_drivers) by extension 'colcon_meta'
[0.100s] Level 1:colcon.colcon_core.package_identification:_identify(src/fb_drivers) by extensions ['ros']
[0.100s] Level 1:colcon.colcon_core.package_identification:_identify(src/fb_drivers) by extension 'ros'
