running develop
running egg_info
creating fb_utils.egg-info
writing fb_utils.egg-info/PKG-INFO
writing dependency_links to fb_utils.egg-info/dependency_links.txt
writing entry points to fb_utils.egg-info/entry_points.txt
writing requirements to fb_utils.egg-info/requires.txt
writing top-level names to fb_utils.egg-info/top_level.txt
writing manifest file 'fb_utils.egg-info/SOURCES.txt'
reading manifest file 'fb_utils.egg-info/SOURCES.txt'
writing manifest file 'fb_utils.egg-info/SOURCES.txt'
running build_ext
Creating /ros2_ws/install/fb_utils/lib/python3.10/site-packages/fb-utils.egg-link (link to .)

Installed /ros2_ws/build/fb_utils
running symlink_data
creating /ros2_ws/install/fb_utils/share/ament_index
creating /ros2_ws/install/fb_utils/share/ament_index/resource_index
creating /ros2_ws/install/fb_utils/share/ament_index/resource_index/packages
symbolically linking /ros2_ws/build/fb_utils/resource/fb_utils -> /ros2_ws/install/fb_utils/share/ament_index/resource_index/packages
symbolically linking /ros2_ws/build/fb_utils/package.xml -> /ros2_ws/install/fb_utils/share/fb_utils
creating /ros2_ws/install/fb_utils/share/fb_utils/launch
