[0.301s] Invoking command in '/ros2_ws/build/fb_utils': PYTHONPATH=/ros2_ws/build/fb_utils/prefix_override:/usr/lib/python3/dist-packages/colcon_core/task/python/colcon_distutils_commands:/ros2_ws/install/fb_utils/lib/python3.10/site-packages:${PYTHONPATH} /usr/bin/python3 -W ignore:setup.py install is deprecated -W ignore:easy_install command is deprecated setup.py develop --editable --build-directory /ros2_ws/build/fb_utils/build --no-deps symlink_data
[0.407s] running develop
[0.444s] running egg_info
[0.444s] creating fb_utils.egg-info
[0.444s] writing fb_utils.egg-info/PKG-INFO
[0.445s] writing dependency_links to fb_utils.egg-info/dependency_links.txt
[0.445s] writing entry points to fb_utils.egg-info/entry_points.txt
[0.445s] writing requirements to fb_utils.egg-info/requires.txt
[0.445s] writing top-level names to fb_utils.egg-info/top_level.txt
[0.446s] writing manifest file 'fb_utils.egg-info/SOURCES.txt'
[0.446s] reading manifest file 'fb_utils.egg-info/SOURCES.txt'
[0.446s] writing manifest file 'fb_utils.egg-info/SOURCES.txt'
[0.446s] running build_ext
[0.446s] Creating /ros2_ws/install/fb_utils/lib/python3.10/site-packages/fb-utils.egg-link (link to .)
[0.447s] 
[0.447s] Installed /ros2_ws/build/fb_utils
[0.447s] running symlink_data
[0.447s] creating /ros2_ws/install/fb_utils/share/ament_index
[0.447s] creating /ros2_ws/install/fb_utils/share/ament_index/resource_index
[0.447s] creating /ros2_ws/install/fb_utils/share/ament_index/resource_index/packages
[0.447s] symbolically linking /ros2_ws/build/fb_utils/resource/fb_utils -> /ros2_ws/install/fb_utils/share/ament_index/resource_index/packages
[0.447s] symbolically linking /ros2_ws/build/fb_utils/package.xml -> /ros2_ws/install/fb_utils/share/fb_utils
[0.448s] creating /ros2_ws/install/fb_utils/share/fb_utils/launch
[0.463s] Invoked command in '/ros2_ws/build/fb_utils' returned '0': PYTHONPATH=/ros2_ws/build/fb_utils/prefix_override:/usr/lib/python3/dist-packages/colcon_core/task/python/colcon_distutils_commands:/ros2_ws/install/fb_utils/lib/python3.10/site-packages:${PYTHONPATH} /usr/bin/python3 -W ignore:setup.py install is deprecated -W ignore:easy_install command is deprecated setup.py develop --editable --build-directory /ros2_ws/build/fb_utils/build --no-deps symlink_data
